[ 2017-11-28T09:43:13+08:00 ] 1.192.166.103 /sns.php?m=sns.php&c=forum&a=bbs
INFO: [ app_init ] --START--
INFO: Run Behavior\BuildLiteBehavior [ RunTime:0.000015s ]
INFO: [ app_init ] --END-- [ RunTime:0.000358s ]
INFO: [ app_begin ] --START--
INFO: Run Behavior\ReadHtmlCacheBehavior [ RunTime:0.000450s ]
INFO: Run Behavior\CheckLangBehavior [ RunTime:0.000386s ]
INFO: [ app_begin ] --END-- [ RunTime:0.000921s ]
SQL: SHOW COLUMNS FROM `fh_students_parent` [ RunTime:0.0007s ]
SQL: SELECT * FROM `fh_students_parent` WHERE ( parent_id = 2328 ) LIMIT 1   [ RunTime:0.0003s ]
SQL: SHOW COLUMNS FROM `fh_students` [ RunTime:0.0006s ]
SQL: SELECT `school_id` FROM `fh_students` WHERE ( student_id = 1616 ) LIMIT 1   [ RunTime:0.0002s ]
SQL: SHOW COLUMNS FROM `fh_forum` [ RunTime:0.0005s ]
SQL: SELECT * FROM `fh_forum` WHERE `school_id` = 2 AND `audit_status` = 1 ORDER BY add_time desc LIMIT 15   [ RunTime:0.0006s ]
SQL: SELECT `parent_avatar` FROM `fh_students_parent` WHERE `parent_id` = 666 LIMIT 1   [ RunTime:0.0001s ]
SQL: SELECT `parent_name` FROM `fh_students_parent` WHERE `parent_id` = 666 LIMIT 1   [ RunTime:0.0002s ]
SQL: SHOW COLUMNS FROM `fh_forum_comment` [ RunTime:0.0004s ]
SQL: SELECT COUNT(*) AS tp_count FROM `fh_forum_comment` WHERE `forum_id` = 97 LIMIT 1   [ RunTime:0.0002s ]
SQL: SELECT `parent_avatar` FROM `fh_students_parent` WHERE `parent_id` = 1797 LIMIT 1   [ RunTime:0.0002s ]
SQL: SELECT `parent_name` FROM `fh_students_parent` WHERE `parent_id` = 1797 LIMIT 1   [ RunTime:0.0001s ]
SQL: SELECT COUNT(*) AS tp_count FROM `fh_forum_comment` WHERE `forum_id` = 93 LIMIT 1   [ RunTime:0.0002s ]
SQL: SELECT COUNT(*) AS tp_count FROM `fh_forum_comment` WHERE `forum_id` = 85 LIMIT 1   [ RunTime:0.0002s ]
SQL: SHOW COLUMNS FROM `fh_teacher` [ RunTime:0.0005s ]
SQL: SELECT `teacher_avatar` FROM `fh_teacher` WHERE `teacher_id` = 16 LIMIT 1   [ RunTime:0.0002s ]
SQL: SELECT `teacher_name` FROM `fh_teacher` WHERE `teacher_id` = 16 LIMIT 1   [ RunTime:0.0002s ]
SQL: SELECT COUNT(*) AS tp_count FROM `fh_forum_comment` WHERE `forum_id` = 83 LIMIT 1   [ RunTime:0.0002s ]
SQL: SELECT `teacher_avatar` FROM `fh_teacher` WHERE `teacher_id` = 16 LIMIT 1   [ RunTime:0.0001s ]
SQL: SELECT `teacher_name` FROM `fh_teacher` WHERE `teacher_id` = 16 LIMIT 1   [ RunTime:0.0001s ]
SQL: SELECT COUNT(*) AS tp_count FROM `fh_forum_comment` WHERE `forum_id` = 80 LIMIT 1   [ RunTime:0.0002s ]
SQL: SELECT `teacher_avatar` FROM `fh_teacher` WHERE `teacher_id` = 16 LIMIT 1   [ RunTime:0.0001s ]
SQL: SELECT `teacher_name` FROM `fh_teacher` WHERE `teacher_id` = 16 LIMIT 1   [ RunTime:0.0001s ]
SQL: SELECT COUNT(*) AS tp_count FROM `fh_forum_comment` WHERE `forum_id` = 79 LIMIT 1   [ RunTime:0.0002s ]
SQL: SELECT `parent_avatar` FROM `fh_students_parent` WHERE `parent_id` = 666 LIMIT 1   [ RunTime:0.0001s ]
SQL: SELECT `parent_name` FROM `fh_students_parent` WHERE `parent_id` = 666 LIMIT 1   [ RunTime:0.0001s ]
SQL: SELECT COUNT(*) AS tp_count FROM `fh_forum_comment` WHERE `forum_id` = 78 LIMIT 1   [ RunTime:0.0002s ]
SQL: SHOW COLUMNS FROM `fh_schools` [ RunTime:0.0006s ]
SQL: SELECT `teacher_avatar` FROM `fh_schools` WHERE `school_id` = 2 LIMIT 1   [ RunTime:0.0002s ]
SQL: SELECT `school_leader` FROM `fh_schools` WHERE `school_id` = 2 LIMIT 1   [ RunTime:0.0002s ]
SQL: SELECT COUNT(*) AS tp_count FROM `fh_forum_comment` WHERE `forum_id` = 77 LIMIT 1   [ RunTime:0.0002s ]
SQL: SELECT `parent_avatar` FROM `fh_students_parent` WHERE `parent_id` = 666 LIMIT 1   [ RunTime:0.0001s ]
SQL: SELECT `parent_name` FROM `fh_students_parent` WHERE `parent_id` = 666 LIMIT 1   [ RunTime:0.0001s ]
SQL: SELECT COUNT(*) AS tp_count FROM `fh_forum_comment` WHERE `forum_id` = 74 LIMIT 1   [ RunTime:0.0001s ]
SQL: SELECT COUNT(*) AS tp_count FROM `fh_forum_comment` WHERE `forum_id` = 67 LIMIT 1   [ RunTime:0.0001s ]
SQL: SELECT `teacher_avatar` FROM `fh_teacher` WHERE `teacher_id` = 16 LIMIT 1   [ RunTime:0.0001s ]
SQL: SELECT `teacher_name` FROM `fh_teacher` WHERE `teacher_id` = 16 LIMIT 1   [ RunTime:0.0001s ]
SQL: SELECT COUNT(*) AS tp_count FROM `fh_forum_comment` WHERE `forum_id` = 65 LIMIT 1   [ RunTime:0.0001s ]
SQL: SELECT `teacher_avatar` FROM `fh_teacher` WHERE `teacher_id` = 16 LIMIT 1   [ RunTime:0.0001s ]
SQL: SELECT `teacher_name` FROM `fh_teacher` WHERE `teacher_id` = 16 LIMIT 1   [ RunTime:0.0001s ]
SQL: SELECT COUNT(*) AS tp_count FROM `fh_forum_comment` WHERE `forum_id` = 64 LIMIT 1   [ RunTime:0.0001s ]
SQL: SELECT `parent_avatar` FROM `fh_students_parent` WHERE `parent_id` = 666 LIMIT 1   [ RunTime:0.0001s ]
SQL: SELECT `parent_name` FROM `fh_students_parent` WHERE `parent_id` = 666 LIMIT 1   [ RunTime:0.0001s ]
SQL: SELECT COUNT(*) AS tp_count FROM `fh_forum_comment` WHERE `forum_id` = 63 LIMIT 1   [ RunTime:0.0002s ]
SQL: SELECT COUNT(*) AS tp_count FROM `fh_forum_comment` WHERE `forum_id` = 62 LIMIT 1   [ RunTime:0.0001s ]
SQL: SELECT COUNT(*) AS tp_count FROM `fh_forum_comment` WHERE `forum_id` = 48 LIMIT 1   [ RunTime:0.0001s ]
SQL: SELECT `school_name` FROM `fh_schools` WHERE `school_id` = 2 LIMIT 1   [ RunTime:0.0001s ]
SQL: SELECT COUNT(*) AS tp_count FROM `fh_students` WHERE `school_id` = 2 AND `is_paid` > 0 LIMIT 1   [ RunTime:0.0003s ]
SQL: SELECT `hit` FROM `fh_forum` WHERE `school_id` = 2  [ RunTime:0.0002s ]
INFO: [ view_parse ] --START--
INFO: [ template_filter ] --START--
INFO: Run Behavior\ContentReplaceBehavior [ RunTime:0.000101s ]
INFO: [ template_filter ] --END-- [ RunTime:0.000154s ]
NOTIC: [8] Undefined variable: fake_id /data/wwwroot/www.qihangbus.com/Application/Runtime/Cache/community/6220d5157c6cd6705003c05cee4c9462.php 第 49 行.
NOTIC: [8] Undefined variable: fake_id /data/wwwroot/www.qihangbus.com/Application/Runtime/Cache/community/6220d5157c6cd6705003c05cee4c9462.php 第 54 行.
NOTIC: [8] Undefined variable: fake_id /data/wwwroot/www.qihangbus.com/Application/Runtime/Cache/community/6220d5157c6cd6705003c05cee4c9462.php 第 66 行.
NOTIC: [8] Undefined variable: fake_id /data/wwwroot/www.qihangbus.com/Application/Runtime/Cache/community/6220d5157c6cd6705003c05cee4c9462.php 第 49 行.
NOTIC: [8] Undefined variable: fake_id /data/wwwroot/www.qihangbus.com/Application/Runtime/Cache/community/6220d5157c6cd6705003c05cee4c9462.php 第 54 行.
NOTIC: [8] Undefined variable: fake_id /data/wwwroot/www.qihangbus.com/Application/Runtime/Cache/community/6220d5157c6cd6705003c05cee4c9462.php 第 66 行.
NOTIC: [8] Undefined variable: fake_id /data/wwwroot/www.qihangbus.com/Application/Runtime/Cache/community/6220d5157c6cd6705003c05cee4c9462.php 第 49 行.
NOTIC: [8] Undefined variable: fake_id /data/wwwroot/www.qihangbus.com/Application/Runtime/Cache/community/6220d5157c6cd6705003c05cee4c9462.php 第 54 行.
NOTIC: [8] Undefined variable: fake_id /data/wwwroot/www.qihangbus.com/Application/Runtime/Cache/community/6220d5157c6cd6705003c05cee4c9462.php 第 66 行.
NOTIC: [8] Undefined variable: fake_id /data/wwwroot/www.qihangbus.com/Application/Runtime/Cache/community/6220d5157c6cd6705003c05cee4c9462.php 第 49 行.
NOTIC: [8] Undefined variable: fake_id /data/wwwroot/www.qihangbus.com/Application/Runtime/Cache/community/6220d5157c6cd6705003c05cee4c9462.php 第 54 行.
NOTIC: [8] Undefined variable: fake_id /data/wwwroot/www.qihangbus.com/Application/Runtime/Cache/community/6220d5157c6cd6705003c05cee4c9462.php 第 66 行.
NOTIC: [8] Undefined variable: fake_id /data/wwwroot/www.qihangbus.com/Application/Runtime/Cache/community/6220d5157c6cd6705003c05cee4c9462.php 第 49 行.
NOTIC: [8] Undefined variable: fake_id /data/wwwroot/www.qihangbus.com/Application/Runtime/Cache/community/6220d5157c6cd6705003c05cee4c9462.php 第 54 行.
NOTIC: [8] Undefined variable: fake_id /data/wwwroot/www.qihangbus.com/Application/Runtime/Cache/community/6220d5157c6cd6705003c05cee4c9462.php 第 66 行.
NOTIC: [8] Undefined variable: fake_id /data/wwwroot/www.qihangbus.com/Application/Runtime/Cache/community/6220d5157c6cd6705003c05cee4c9462.php 第 49 行.
NOTIC: [8] Undefined variable: fake_id /data/wwwroot/www.qihangbus.com/Application/Runtime/Cache/community/6220d5157c6cd6705003c05cee4c9462.php 第 54 行.
NOTIC: [8] Undefined variable: fake_id /data/wwwroot/www.qihangbus.com/Application/Runtime/Cache/community/6220d5157c6cd6705003c05cee4c9462.php 第 66 行.
NOTIC: [8] Undefined variable: fake_id /data/wwwroot/www.qihangbus.com/Application/Runtime/Cache/community/6220d5157c6cd6705003c05cee4c9462.php 第 49 行.
NOTIC: [8] Undefined variable: fake_id /data/wwwroot/www.qihangbus.com/Application/Runtime/Cache/community/6220d5157c6cd6705003c05cee4c9462.php 第 54 行.
NOTIC: [8] Undefined variable: fake_id /data/wwwroot/www.qihangbus.com/Application/Runtime/Cache/community/6220d5157c6cd6705003c05cee4c9462.php 第 66 行.
NOTIC: [8] Undefined variable: fake_id /data/wwwroot/www.qihangbus.com/Application/Runtime/Cache/community/6220d5157c6cd6705003c05cee4c9462.php 第 49 行.
NOTIC: [8] Undefined variable: fake_id /data/wwwroot/www.qihangbus.com/Application/Runtime/Cache/community/6220d5157c6cd6705003c05cee4c9462.php 第 54 行.
NOTIC: [8] Undefined variable: fake_id /data/wwwroot/www.qihangbus.com/Application/Runtime/Cache/community/6220d5157c6cd6705003c05cee4c9462.php 第 66 行.
NOTIC: [8] Undefined variable: fake_id /data/wwwroot/www.qihangbus.com/Application/Runtime/Cache/community/6220d5157c6cd6705003c05cee4c9462.php 第 49 行.
NOTIC: [8] Undefined variable: fake_id /data/wwwroot/www.qihangbus.com/Application/Runtime/Cache/community/6220d5157c6cd6705003c05cee4c9462.php 第 54 行.
NOTIC: [8] Undefined variable: fake_id /data/wwwroot/www.qihangbus.com/Application/Runtime/Cache/community/6220d5157c6cd6705003c05cee4c9462.php 第 66 行.
NOTIC: [8] Undefined variable: fake_id /data/wwwroot/www.qihangbus.com/Application/Runtime/Cache/community/6220d5157c6cd6705003c05cee4c9462.php 第 49 行.
NOTIC: [8] Undefined variable: fake_id /data/wwwroot/www.qihangbus.com/Application/Runtime/Cache/community/6220d5157c6cd6705003c05cee4c9462.php 第 54 行.
NOTIC: [8] Undefined variable: fake_id /data/wwwroot/www.qihangbus.com/Application/Runtime/Cache/community/6220d5157c6cd6705003c05cee4c9462.php 第 66 行.
NOTIC: [8] Undefined variable: fake_id /data/wwwroot/www.qihangbus.com/Application/Runtime/Cache/community/6220d5157c6cd6705003c05cee4c9462.php 第 49 行.
NOTIC: [8] Undefined variable: fake_id /data/wwwroot/www.qihangbus.com/Application/Runtime/Cache/community/6220d5157c6cd6705003c05cee4c9462.php 第 54 行.
NOTIC: [8] Undefined variable: fake_id /data/wwwroot/www.qihangbus.com/Application/Runtime/Cache/community/6220d5157c6cd6705003c05cee4c9462.php 第 66 行.
NOTIC: [8] Undefined variable: fake_id /data/wwwroot/www.qihangbus.com/Application/Runtime/Cache/community/6220d5157c6cd6705003c05cee4c9462.php 第 49 行.
NOTIC: [8] Undefined variable: fake_id /data/wwwroot/www.qihangbus.com/Application/Runtime/Cache/community/6220d5157c6cd6705003c05cee4c9462.php 第 54 行.
NOTIC: [8] Undefined variable: fake_id /data/wwwroot/www.qihangbus.com/Application/Runtime/Cache/community/6220d5157c6cd6705003c05cee4c9462.php 第 66 行.
NOTIC: [8] Undefined variable: fake_id /data/wwwroot/www.qihangbus.com/Application/Runtime/Cache/community/6220d5157c6cd6705003c05cee4c9462.php 第 49 行.
NOTIC: [8] Undefined variable: fake_id /data/wwwroot/www.qihangbus.com/Application/Runtime/Cache/community/6220d5157c6cd6705003c05cee4c9462.php 第 54 行.
NOTIC: [8] Undefined variable: fake_id /data/wwwroot/www.qihangbus.com/Application/Runtime/Cache/community/6220d5157c6cd6705003c05cee4c9462.php 第 66 行.
NOTIC: [8] Undefined variable: fake_id /data/wwwroot/www.qihangbus.com/Application/Runtime/Cache/community/6220d5157c6cd6705003c05cee4c9462.php 第 49 行.
NOTIC: [8] Undefined variable: fake_id /data/wwwroot/www.qihangbus.com/Application/Runtime/Cache/community/6220d5157c6cd6705003c05cee4c9462.php 第 54 行.
NOTIC: [8] Undefined variable: fake_id /data/wwwroot/www.qihangbus.com/Application/Runtime/Cache/community/6220d5157c6cd6705003c05cee4c9462.php 第 66 行.
NOTIC: [8] Undefined variable: fake_id /data/wwwroot/www.qihangbus.com/Application/Runtime/Cache/community/6220d5157c6cd6705003c05cee4c9462.php 第 49 行.
NOTIC: [8] Undefined variable: fake_id /data/wwwroot/www.qihangbus.com/Application/Runtime/Cache/community/6220d5157c6cd6705003c05cee4c9462.php 第 54 行.
NOTIC: [8] Undefined variable: fake_id /data/wwwroot/www.qihangbus.com/Application/Runtime/Cache/community/6220d5157c6cd6705003c05cee4c9462.php 第 66 行.
NOTIC: [8] Undefined variable: fake_id /data/wwwroot/www.qihangbus.com/Application/Runtime/Cache/community/6220d5157c6cd6705003c05cee4c9462.php 第 96 行.
NOTIC: [8] Undefined variable: cate /data/wwwroot/www.qihangbus.com/Application/Runtime/Cache/community/6220d5157c6cd6705003c05cee4c9462.php 第 169 行.
NOTIC: [8] Undefined variable: number /data/wwwroot/www.qihangbus.com/Application/Runtime/Cache/community/6220d5157c6cd6705003c05cee4c9462.php 第 170 行.
INFO: Run Behavior\ParseTemplateBehavior [ RunTime:0.012628s ]
INFO: [ view_parse ] --END-- [ RunTime:0.012672s ]
INFO: [ view_filter ] --START--
INFO: Run Behavior\WriteHtmlCacheBehavior [ RunTime:0.000107s ]
INFO: [ view_filter ] --END-- [ RunTime:0.000133s ]
INFO: [ app_end ] --START--
INFO: Run Behavior\ShowPageTraceBehavior [ RunTime:0.000352s ]
INFO: [ app_end ] --END-- [ RunTime:0.000385s ]

[ 2017-11-28T09:45:46+08:00 ] 1.192.166.103 /sns.php?m=sns.php&c=forum&a=bbs
INFO: [ app_init ] --START--
INFO: Run Behavior\BuildLiteBehavior [ RunTime:0.000013s ]
INFO: [ app_init ] --END-- [ RunTime:0.000242s ]
INFO: [ app_begin ] --START--
INFO: Run Behavior\ReadHtmlCacheBehavior [ RunTime:0.000310s ]
INFO: Run Behavior\CheckLangBehavior [ RunTime:0.000253s ]
INFO: [ app_begin ] --END-- [ RunTime:0.000616s ]
SQL: SHOW COLUMNS FROM `fh_teacher` [ RunTime:0.0009s ]
SQL: SELECT * FROM `fh_teacher` WHERE `teacher_id` = 16 LIMIT 1   [ RunTime:0.0003s ]
SQL: SHOW COLUMNS FROM `fh_forum` [ RunTime:0.0004s ]
SQL: SELECT * FROM `fh_forum` WHERE `school_id` = 2 AND `audit_status` = 1 ORDER BY add_time desc LIMIT 15   [ RunTime:0.0002s ]
SQL: SHOW COLUMNS FROM `fh_students_parent` [ RunTime:0.0004s ]
SQL: SELECT `parent_avatar` FROM `fh_students_parent` WHERE `parent_id` = 666 LIMIT 1   [ RunTime:0.0002s ]
SQL: SELECT `parent_name` FROM `fh_students_parent` WHERE `parent_id` = 666 LIMIT 1   [ RunTime:0.0001s ]
SQL: SHOW COLUMNS FROM `fh_forum_comment` [ RunTime:0.0004s ]
SQL: SELECT COUNT(*) AS tp_count FROM `fh_forum_comment` WHERE `forum_id` = 97 LIMIT 1   [ RunTime:0.0001s ]
SQL: SELECT `parent_avatar` FROM `fh_students_parent` WHERE `parent_id` = 1797 LIMIT 1   [ RunTime:0.0001s ]
SQL: SELECT `parent_name` FROM `fh_students_parent` WHERE `parent_id` = 1797 LIMIT 1   [ RunTime:0.0001s ]
SQL: SELECT COUNT(*) AS tp_count FROM `fh_forum_comment` WHERE `forum_id` = 93 LIMIT 1   [ RunTime:0.0001s ]
SQL: SELECT COUNT(*) AS tp_count FROM `fh_forum_comment` WHERE `forum_id` = 85 LIMIT 1   [ RunTime:0.0001s ]
SQL: SELECT `teacher_avatar` FROM `fh_teacher` WHERE `teacher_id` = 16 LIMIT 1   [ RunTime:0.0001s ]
SQL: SELECT `teacher_name` FROM `fh_teacher` WHERE `teacher_id` = 16 LIMIT 1   [ RunTime:0.0001s ]
SQL: SELECT COUNT(*) AS tp_count FROM `fh_forum_comment` WHERE `forum_id` = 83 LIMIT 1   [ RunTime:0.0001s ]
SQL: SELECT `teacher_avatar` FROM `fh_teacher` WHERE `teacher_id` = 16 LIMIT 1   [ RunTime:0.0001s ]
SQL: SELECT `teacher_name` FROM `fh_teacher` WHERE `teacher_id` = 16 LIMIT 1   [ RunTime:0.0001s ]
SQL: SELECT COUNT(*) AS tp_count FROM `fh_forum_comment` WHERE `forum_id` = 80 LIMIT 1   [ RunTime:0.0001s ]
SQL: SELECT `teacher_avatar` FROM `fh_teacher` WHERE `teacher_id` = 16 LIMIT 1   [ RunTime:0.0001s ]
SQL: SELECT `teacher_name` FROM `fh_teacher` WHERE `teacher_id` = 16 LIMIT 1   [ RunTime:0.0001s ]
SQL: SELECT COUNT(*) AS tp_count FROM `fh_forum_comment` WHERE `forum_id` = 79 LIMIT 1   [ RunTime:0.0001s ]
SQL: SELECT `parent_avatar` FROM `fh_students_parent` WHERE `parent_id` = 666 LIMIT 1   [ RunTime:0.0001s ]
SQL: SELECT `parent_name` FROM `fh_students_parent` WHERE `parent_id` = 666 LIMIT 1   [ RunTime:0.0001s ]
SQL: SELECT COUNT(*) AS tp_count FROM `fh_forum_comment` WHERE `forum_id` = 78 LIMIT 1   [ RunTime:0.0001s ]
SQL: SHOW COLUMNS FROM `fh_schools` [ RunTime:0.0006s ]
SQL: SELECT `teacher_avatar` FROM `fh_schools` WHERE `school_id` = 2 LIMIT 1   [ RunTime:0.0001s ]
SQL: SELECT `school_leader` FROM `fh_schools` WHERE `school_id` = 2 LIMIT 1   [ RunTime:0.0001s ]
SQL: SELECT COUNT(*) AS tp_count FROM `fh_forum_comment` WHERE `forum_id` = 77 LIMIT 1   [ RunTime:0.0001s ]
SQL: SELECT `parent_avatar` FROM `fh_students_parent` WHERE `parent_id` = 666 LIMIT 1   [ RunTime:0.0001s ]
SQL: SELECT `parent_name` FROM `fh_students_parent` WHERE `parent_id` = 666 LIMIT 1   [ RunTime:0.0001s ]
SQL: SELECT COUNT(*) AS tp_count FROM `fh_forum_comment` WHERE `forum_id` = 74 LIMIT 1   [ RunTime:0.0001s ]
SQL: SELECT COUNT(*) AS tp_count FROM `fh_forum_comment` WHERE `forum_id` = 67 LIMIT 1   [ RunTime:0.0001s ]
SQL: SELECT `teacher_avatar` FROM `fh_teacher` WHERE `teacher_id` = 16 LIMIT 1   [ RunTime:0.0001s ]
SQL: SELECT `teacher_name` FROM `fh_teacher` WHERE `teacher_id` = 16 LIMIT 1   [ RunTime:0.0001s ]
SQL: SELECT COUNT(*) AS tp_count FROM `fh_forum_comment` WHERE `forum_id` = 65 LIMIT 1   [ RunTime:0.0001s ]
SQL: SELECT `teacher_avatar` FROM `fh_teacher` WHERE `teacher_id` = 16 LIMIT 1   [ RunTime:0.0001s ]
SQL: SELECT `teacher_name` FROM `fh_teacher` WHERE `teacher_id` = 16 LIMIT 1   [ RunTime:0.0001s ]
SQL: SELECT COUNT(*) AS tp_count FROM `fh_forum_comment` WHERE `forum_id` = 64 LIMIT 1   [ RunTime:0.0001s ]
SQL: SELECT `parent_avatar` FROM `fh_students_parent` WHERE `parent_id` = 666 LIMIT 1   [ RunTime:0.0001s ]
SQL: SELECT `parent_name` FROM `fh_students_parent` WHERE `parent_id` = 666 LIMIT 1   [ RunTime:0.0001s ]
SQL: SELECT COUNT(*) AS tp_count FROM `fh_forum_comment` WHERE `forum_id` = 63 LIMIT 1   [ RunTime:0.0001s ]
SQL: SELECT COUNT(*) AS tp_count FROM `fh_forum_comment` WHERE `forum_id` = 62 LIMIT 1   [ RunTime:0.0001s ]
SQL: SELECT COUNT(*) AS tp_count FROM `fh_forum_comment` WHERE `forum_id` = 48 LIMIT 1   [ RunTime:0.0001s ]
SQL: SELECT `school_name` FROM `fh_schools` WHERE `school_id` = 2 LIMIT 1   [ RunTime:0.0001s ]
SQL: SHOW COLUMNS FROM `fh_students` [ RunTime:0.0006s ]
SQL: SELECT COUNT(*) AS tp_count FROM `fh_students` WHERE `school_id` = 2 AND `is_paid` > 0 LIMIT 1   [ RunTime:0.0001s ]
SQL: SELECT `hit` FROM `fh_forum` WHERE `school_id` = 2  [ RunTime:0.0001s ]
INFO: [ view_parse ] --START--
INFO: [ template_filter ] --START--
INFO: Run Behavior\ContentReplaceBehavior [ RunTime:0.000065s ]
INFO: [ template_filter ] --END-- [ RunTime:0.000116s ]
NOTIC: [8] Undefined variable: fake_id /data/wwwroot/www.qihangbus.com/Application/Runtime/Cache/community/6220d5157c6cd6705003c05cee4c9462.php 第 49 行.
NOTIC: [8] Undefined variable: fake_id /data/wwwroot/www.qihangbus.com/Application/Runtime/Cache/community/6220d5157c6cd6705003c05cee4c9462.php 第 54 行.
NOTIC: [8] Undefined variable: fake_id /data/wwwroot/www.qihangbus.com/Application/Runtime/Cache/community/6220d5157c6cd6705003c05cee4c9462.php 第 66 行.
NOTIC: [8] Undefined variable: fake_id /data/wwwroot/www.qihangbus.com/Application/Runtime/Cache/community/6220d5157c6cd6705003c05cee4c9462.php 第 49 行.
NOTIC: [8] Undefined variable: fake_id /data/wwwroot/www.qihangbus.com/Application/Runtime/Cache/community/6220d5157c6cd6705003c05cee4c9462.php 第 54 行.
NOTIC: [8] Undefined variable: fake_id /data/wwwroot/www.qihangbus.com/Application/Runtime/Cache/community/6220d5157c6cd6705003c05cee4c9462.php 第 66 行.
NOTIC: [8] Undefined variable: fake_id /data/wwwroot/www.qihangbus.com/Application/Runtime/Cache/community/6220d5157c6cd6705003c05cee4c9462.php 第 49 行.
NOTIC: [8] Undefined variable: fake_id /data/wwwroot/www.qihangbus.com/Application/Runtime/Cache/community/6220d5157c6cd6705003c05cee4c9462.php 第 54 行.
NOTIC: [8] Undefined variable: fake_id /data/wwwroot/www.qihangbus.com/Application/Runtime/Cache/community/6220d5157c6cd6705003c05cee4c9462.php 第 66 行.
NOTIC: [8] Undefined variable: fake_id /data/wwwroot/www.qihangbus.com/Application/Runtime/Cache/community/6220d5157c6cd6705003c05cee4c9462.php 第 49 行.
NOTIC: [8] Undefined variable: fake_id /data/wwwroot/www.qihangbus.com/Application/Runtime/Cache/community/6220d5157c6cd6705003c05cee4c9462.php 第 54 行.
NOTIC: [8] Undefined variable: fake_id /data/wwwroot/www.qihangbus.com/Application/Runtime/Cache/community/6220d5157c6cd6705003c05cee4c9462.php 第 66 行.
NOTIC: [8] Undefined variable: fake_id /data/wwwroot/www.qihangbus.com/Application/Runtime/Cache/community/6220d5157c6cd6705003c05cee4c9462.php 第 49 行.
NOTIC: [8] Undefined variable: fake_id /data/wwwroot/www.qihangbus.com/Application/Runtime/Cache/community/6220d5157c6cd6705003c05cee4c9462.php 第 54 行.
NOTIC: [8] Undefined variable: fake_id /data/wwwroot/www.qihangbus.com/Application/Runtime/Cache/community/6220d5157c6cd6705003c05cee4c9462.php 第 66 行.
NOTIC: [8] Undefined variable: fake_id /data/wwwroot/www.qihangbus.com/Application/Runtime/Cache/community/6220d5157c6cd6705003c05cee4c9462.php 第 49 行.
NOTIC: [8] Undefined variable: fake_id /data/wwwroot/www.qihangbus.com/Application/Runtime/Cache/community/6220d5157c6cd6705003c05cee4c9462.php 第 54 行.
NOTIC: [8] Undefined variable: fake_id /data/wwwroot/www.qihangbus.com/Application/Runtime/Cache/community/6220d5157c6cd6705003c05cee4c9462.php 第 66 行.
NOTIC: [8] Undefined variable: fake_id /data/wwwroot/www.qihangbus.com/Application/Runtime/Cache/community/6220d5157c6cd6705003c05cee4c9462.php 第 49 行.
NOTIC: [8] Undefined variable: fake_id /data/wwwroot/www.qihangbus.com/Application/Runtime/Cache/community/6220d5157c6cd6705003c05cee4c9462.php 第 54 行.
NOTIC: [8] Undefined variable: fake_id /data/wwwroot/www.qihangbus.com/Application/Runtime/Cache/community/6220d5157c6cd6705003c05cee4c9462.php 第 66 行.
NOTIC: [8] Undefined variable: fake_id /data/wwwroot/www.qihangbus.com/Application/Runtime/Cache/community/6220d5157c6cd6705003c05cee4c9462.php 第 49 行.
NOTIC: [8] Undefined variable: fake_id /data/wwwroot/www.qihangbus.com/Application/Runtime/Cache/community/6220d5157c6cd6705003c05cee4c9462.php 第 54 行.
NOTIC: [8] Undefined variable: fake_id /data/wwwroot/www.qihangbus.com/Application/Runtime/Cache/community/6220d5157c6cd6705003c05cee4c9462.php 第 66 行.
NOTIC: [8] Undefined variable: fake_id /data/wwwroot/www.qihangbus.com/Application/Runtime/Cache/community/6220d5157c6cd6705003c05cee4c9462.php 第 49 行.
NOTIC: [8] Undefined variable: fake_id /data/wwwroot/www.qihangbus.com/Application/Runtime/Cache/community/6220d5157c6cd6705003c05cee4c9462.php 第 54 行.
NOTIC: [8] Undefined variable: fake_id /data/wwwroot/www.qihangbus.com/Application/Runtime/Cache/community/6220d5157c6cd6705003c05cee4c9462.php 第 66 行.
NOTIC: [8] Undefined variable: fake_id /data/wwwroot/www.qihangbus.com/Application/Runtime/Cache/community/6220d5157c6cd6705003c05cee4c9462.php 第 49 行.
NOTIC: [8] Undefined variable: fake_id /data/wwwroot/www.qihangbus.com/Application/Runtime/Cache/community/6220d5157c6cd6705003c05cee4c9462.php 第 54 行.
NOTIC: [8] Undefined variable: fake_id /data/wwwroot/www.qihangbus.com/Application/Runtime/Cache/community/6220d5157c6cd6705003c05cee4c9462.php 第 66 行.
NOTIC: [8] Undefined variable: fake_id /data/wwwroot/www.qihangbus.com/Application/Runtime/Cache/community/6220d5157c6cd6705003c05cee4c9462.php 第 49 行.
NOTIC: [8] Undefined variable: fake_id /data/wwwroot/www.qihangbus.com/Application/Runtime/Cache/community/6220d5157c6cd6705003c05cee4c9462.php 第 54 行.
NOTIC: [8] Undefined variable: fake_id /data/wwwroot/www.qihangbus.com/Application/Runtime/Cache/community/6220d5157c6cd6705003c05cee4c9462.php 第 66 行.
NOTIC: [8] Undefined variable: fake_id /data/wwwroot/www.qihangbus.com/Application/Runtime/Cache/community/6220d5157c6cd6705003c05cee4c9462.php 第 49 行.
NOTIC: [8] Undefined variable: fake_id /data/wwwroot/www.qihangbus.com/Application/Runtime/Cache/community/6220d5157c6cd6705003c05cee4c9462.php 第 54 行.
NOTIC: [8] Undefined variable: fake_id /data/wwwroot/www.qihangbus.com/Application/Runtime/Cache/community/6220d5157c6cd6705003c05cee4c9462.php 第 66 行.
NOTIC: [8] Undefined variable: fake_id /data/wwwroot/www.qihangbus.com/Application/Runtime/Cache/community/6220d5157c6cd6705003c05cee4c9462.php 第 49 行.
NOTIC: [8] Undefined variable: fake_id /data/wwwroot/www.qihangbus.com/Application/Runtime/Cache/community/6220d5157c6cd6705003c05cee4c9462.php 第 54 行.
NOTIC: [8] Undefined variable: fake_id /data/wwwroot/www.qihangbus.com/Application/Runtime/Cache/community/6220d5157c6cd6705003c05cee4c9462.php 第 66 行.
NOTIC: [8] Undefined variable: fake_id /data/wwwroot/www.qihangbus.com/Application/Runtime/Cache/community/6220d5157c6cd6705003c05cee4c9462.php 第 49 行.
NOTIC: [8] Undefined variable: fake_id /data/wwwroot/www.qihangbus.com/Application/Runtime/Cache/community/6220d5157c6cd6705003c05cee4c9462.php 第 54 行.
NOTIC: [8] Undefined variable: fake_id /data/wwwroot/www.qihangbus.com/Application/Runtime/Cache/community/6220d5157c6cd6705003c05cee4c9462.php 第 66 行.
NOTIC: [8] Undefined variable: fake_id /data/wwwroot/www.qihangbus.com/Application/Runtime/Cache/community/6220d5157c6cd6705003c05cee4c9462.php 第 49 行.
NOTIC: [8] Undefined variable: fake_id /data/wwwroot/www.qihangbus.com/Application/Runtime/Cache/community/6220d5157c6cd6705003c05cee4c9462.php 第 54 行.
NOTIC: [8] Undefined variable: fake_id /data/wwwroot/www.qihangbus.com/Application/Runtime/Cache/community/6220d5157c6cd6705003c05cee4c9462.php 第 66 行.
NOTIC: [8] Undefined variable: fake_id /data/wwwroot/www.qihangbus.com/Application/Runtime/Cache/community/6220d5157c6cd6705003c05cee4c9462.php 第 96 行.
NOTIC: [8] Undefined variable: cate /data/wwwroot/www.qihangbus.com/Application/Runtime/Cache/community/6220d5157c6cd6705003c05cee4c9462.php 第 169 行.
NOTIC: [8] Undefined variable: number /data/wwwroot/www.qihangbus.com/Application/Runtime/Cache/community/6220d5157c6cd6705003c05cee4c9462.php 第 170 行.
INFO: Run Behavior\ParseTemplateBehavior [ RunTime:0.009254s ]
INFO: [ view_parse ] --END-- [ RunTime:0.009284s ]
INFO: [ view_filter ] --START--
INFO: Run Behavior\WriteHtmlCacheBehavior [ RunTime:0.000118s ]
INFO: [ view_filter ] --END-- [ RunTime:0.000146s ]
INFO: [ app_end ] --START--
INFO: Run Behavior\ShowPageTraceBehavior [ RunTime:0.000395s ]
INFO: [ app_end ] --END-- [ RunTime:0.000446s ]

[ 2017-11-28T15:37:52+08:00 ] 111.7.229.56 /sns.php?m=sns.php&c=forum&a=bbs
INFO: [ app_init ] --START--
INFO: Run Behavior\BuildLiteBehavior [ RunTime:0.000011s ]
INFO: [ app_init ] --END-- [ RunTime:0.000234s ]
INFO: [ app_begin ] --START--
INFO: Run Behavior\ReadHtmlCacheBehavior [ RunTime:0.000306s ]
INFO: Run Behavior\CheckLangBehavior [ RunTime:0.000261s ]
INFO: [ app_begin ] --END-- [ RunTime:0.000619s ]
SQL: SHOW COLUMNS FROM `fh_students_parent` [ RunTime:0.0005s ]
SQL: SELECT * FROM `fh_students_parent` WHERE ( parent_id = 2448 ) LIMIT 1   [ RunTime:0.0002s ]
SQL: SHOW COLUMNS FROM `fh_students` [ RunTime:0.0005s ]
SQL: SELECT `school_id` FROM `fh_students` WHERE ( student_id = 3845 ) LIMIT 1   [ RunTime:0.0002s ]
SQL: SHOW COLUMNS FROM `fh_forum` [ RunTime:0.0004s ]
SQL: SELECT * FROM `fh_forum` WHERE `school_id` = 18 AND `audit_status` = 1 ORDER BY add_time desc LIMIT 15   [ RunTime:0.0003s ]
SQL: SHOW COLUMNS FROM `fh_schools` [ RunTime:0.0006s ]
SQL: SELECT `school_name` FROM `fh_schools` WHERE `school_id` = 18 LIMIT 1   [ RunTime:0.0002s ]
SQL: SELECT COUNT(*) AS tp_count FROM `fh_students` WHERE `school_id` = 18 AND `is_paid` > 0 LIMIT 1   [ RunTime:0.0007s ]
SQL: SELECT `hit` FROM `fh_forum` WHERE `school_id` = 18  [ RunTime:0.0002s ]
INFO: [ view_parse ] --START--
INFO: [ template_filter ] --START--
INFO: Run Behavior\ContentReplaceBehavior [ RunTime:0.000081s ]
INFO: [ template_filter ] --END-- [ RunTime:0.000146s ]
NOTIC: [8] Undefined variable: fake_id /data/wwwroot/www.qihangbus.com/Application/Runtime/Cache/community/6220d5157c6cd6705003c05cee4c9462.php 第 96 行.
NOTIC: [8] Undefined variable: cate /data/wwwroot/www.qihangbus.com/Application/Runtime/Cache/community/6220d5157c6cd6705003c05cee4c9462.php 第 169 行.
NOTIC: [8] Undefined variable: number /data/wwwroot/www.qihangbus.com/Application/Runtime/Cache/community/6220d5157c6cd6705003c05cee4c9462.php 第 170 行.
INFO: Run Behavior\ParseTemplateBehavior [ RunTime:0.011699s ]
INFO: [ view_parse ] --END-- [ RunTime:0.011742s ]
INFO: [ view_filter ] --START--
INFO: Run Behavior\WriteHtmlCacheBehavior [ RunTime:0.000147s ]
INFO: [ view_filter ] --END-- [ RunTime:0.000184s ]
INFO: [ app_end ] --START--
INFO: Run Behavior\ShowPageTraceBehavior [ RunTime:0.000503s ]
INFO: [ app_end ] --END-- [ RunTime:0.000547s ]

[ 2017-11-28T17:55:42+08:00 ] 123.151.77.81 /sns.php?m=sns.php&c=forum&a=bbs
INFO: [ app_init ] --START--
INFO: Run Behavior\BuildLiteBehavior [ RunTime:0.000011s ]
INFO: [ app_init ] --END-- [ RunTime:0.000230s ]
INFO: [ app_begin ] --START--
INFO: Run Behavior\ReadHtmlCacheBehavior [ RunTime:0.000292s ]
INFO: Run Behavior\CheckLangBehavior [ RunTime:0.000247s ]
INFO: [ app_begin ] --END-- [ RunTime:0.000591s ]
SQL: SHOW COLUMNS FROM `fh_students_parent` [ RunTime:0.0005s ]
SQL: SELECT * FROM `fh_students_parent` WHERE ( parent_id = 2720 ) LIMIT 1   [ RunTime:0.0002s ]
SQL: SHOW COLUMNS FROM `fh_students` [ RunTime:0.0004s ]
SQL: SELECT `school_id` FROM `fh_students` WHERE ( student_id = 3968 ) LIMIT 1   [ RunTime:0.0002s ]
SQL: SHOW COLUMNS FROM `fh_forum` [ RunTime:0.0003s ]
SQL: SELECT * FROM `fh_forum` WHERE `school_id` = 18 AND `audit_status` = 1 ORDER BY add_time desc LIMIT 15   [ RunTime:0.0001s ]
SQL: SHOW COLUMNS FROM `fh_schools` [ RunTime:0.0005s ]
SQL: SELECT `school_name` FROM `fh_schools` WHERE `school_id` = 18 LIMIT 1   [ RunTime:0.0001s ]
SQL: SELECT COUNT(*) AS tp_count FROM `fh_students` WHERE `school_id` = 18 AND `is_paid` > 0 LIMIT 1   [ RunTime:0.0007s ]
SQL: SELECT `hit` FROM `fh_forum` WHERE `school_id` = 18  [ RunTime:0.0001s ]
INFO: [ view_parse ] --START--
INFO: [ template_filter ] --START--
INFO: Run Behavior\ContentReplaceBehavior [ RunTime:0.000055s ]
INFO: [ template_filter ] --END-- [ RunTime:0.000090s ]
NOTIC: [8] Undefined variable: fake_id /data/wwwroot/www.qihangbus.com/Application/Runtime/Cache/community/6220d5157c6cd6705003c05cee4c9462.php 第 96 行.
NOTIC: [8] Undefined variable: cate /data/wwwroot/www.qihangbus.com/Application/Runtime/Cache/community/6220d5157c6cd6705003c05cee4c9462.php 第 169 行.
NOTIC: [8] Undefined variable: number /data/wwwroot/www.qihangbus.com/Application/Runtime/Cache/community/6220d5157c6cd6705003c05cee4c9462.php 第 170 行.
INFO: Run Behavior\ParseTemplateBehavior [ RunTime:0.007488s ]
INFO: [ view_parse ] --END-- [ RunTime:0.007516s ]
INFO: [ view_filter ] --START--
INFO: Run Behavior\WriteHtmlCacheBehavior [ RunTime:0.000093s ]
INFO: [ view_filter ] --END-- [ RunTime:0.000116s ]
INFO: [ app_end ] --START--
INFO: Run Behavior\ShowPageTraceBehavior [ RunTime:0.000362s ]
INFO: [ app_end ] --END-- [ RunTime:0.000397s ]

[ 2017-11-28T18:01:27+08:00 ] 123.151.77.81 /sns.php?m=sns.php&c=forum&a=bbs
INFO: [ app_init ] --START--
INFO: Run Behavior\BuildLiteBehavior [ RunTime:0.000013s ]
INFO: [ app_init ] --END-- [ RunTime:0.000237s ]
INFO: [ app_begin ] --START--
INFO: Run Behavior\ReadHtmlCacheBehavior [ RunTime:0.000304s ]
INFO: Run Behavior\CheckLangBehavior [ RunTime:0.000260s ]
INFO: [ app_begin ] --END-- [ RunTime:0.000616s ]
SQL: SHOW COLUMNS FROM `fh_students_parent` [ RunTime:0.0007s ]
SQL: SELECT * FROM `fh_students_parent` WHERE ( parent_id = 2720 ) LIMIT 1   [ RunTime:0.0001s ]
SQL: SHOW COLUMNS FROM `fh_students` [ RunTime:0.0007s ]
SQL: SELECT `school_id` FROM `fh_students` WHERE ( student_id = 3968 ) LIMIT 1   [ RunTime:0.0003s ]
SQL: SHOW COLUMNS FROM `fh_forum` [ RunTime:0.0005s ]
SQL: SELECT * FROM `fh_forum` WHERE `school_id` = 18 AND `audit_status` = 1 ORDER BY add_time desc LIMIT 15   [ RunTime:0.0001s ]
SQL: SHOW COLUMNS FROM `fh_schools` [ RunTime:0.0008s ]
SQL: SELECT `school_name` FROM `fh_schools` WHERE `school_id` = 18 LIMIT 1   [ RunTime:0.0001s ]
SQL: SELECT COUNT(*) AS tp_count FROM `fh_students` WHERE `school_id` = 18 AND `is_paid` > 0 LIMIT 1   [ RunTime:0.0008s ]
SQL: SELECT `hit` FROM `fh_forum` WHERE `school_id` = 18  [ RunTime:0.0001s ]
INFO: [ view_parse ] --START--
INFO: [ template_filter ] --START--
INFO: Run Behavior\ContentReplaceBehavior [ RunTime:0.000057s ]
INFO: [ template_filter ] --END-- [ RunTime:0.000096s ]
NOTIC: [8] Undefined variable: fake_id /data/wwwroot/www.qihangbus.com/Application/Runtime/Cache/community/6220d5157c6cd6705003c05cee4c9462.php 第 96 行.
NOTIC: [8] Undefined variable: cate /data/wwwroot/www.qihangbus.com/Application/Runtime/Cache/community/6220d5157c6cd6705003c05cee4c9462.php 第 169 行.
NOTIC: [8] Undefined variable: number /data/wwwroot/www.qihangbus.com/Application/Runtime/Cache/community/6220d5157c6cd6705003c05cee4c9462.php 第 170 行.
INFO: Run Behavior\ParseTemplateBehavior [ RunTime:0.007435s ]
INFO: [ view_parse ] --END-- [ RunTime:0.007466s ]
INFO: [ view_filter ] --START--
INFO: Run Behavior\WriteHtmlCacheBehavior [ RunTime:0.000097s ]
INFO: [ view_filter ] --END-- [ RunTime:0.000119s ]
INFO: [ app_end ] --START--
INFO: Run Behavior\ShowPageTraceBehavior [ RunTime:0.000413s ]
INFO: [ app_end ] --END-- [ RunTime:0.000450s ]

[ 2017-11-28T18:35:58+08:00 ] 42.236.186.30 /sns.php?m=sns.php&c=forum&a=bbs
INFO: [ app_init ] --START--
INFO: Run Behavior\BuildLiteBehavior [ RunTime:0.000013s ]
INFO: [ app_init ] --END-- [ RunTime:0.000245s ]
INFO: [ app_begin ] --START--
INFO: Run Behavior\ReadHtmlCacheBehavior [ RunTime:0.000311s ]
INFO: Run Behavior\CheckLangBehavior [ RunTime:0.000252s ]
INFO: [ app_begin ] --END-- [ RunTime:0.000618s ]
SQL: SHOW COLUMNS FROM `fh_students_parent` [ RunTime:0.0006s ]
SQL: SELECT * FROM `fh_students_parent` WHERE ( parent_id = 1801 ) LIMIT 1   [ RunTime:0.0002s ]
SQL: SHOW COLUMNS FROM `fh_students` [ RunTime:0.0005s ]
SQL: SELECT `school_id` FROM `fh_students` WHERE ( student_id = 3075 ) LIMIT 1   [ RunTime:0.0002s ]
SQL: SHOW COLUMNS FROM `fh_forum` [ RunTime:0.0004s ]
SQL: SELECT * FROM `fh_forum` WHERE `school_id` = 14 AND `audit_status` = 1 ORDER BY add_time desc LIMIT 15   [ RunTime:0.0003s ]
SQL: SHOW COLUMNS FROM `fh_forum_comment` [ RunTime:0.0004s ]
SQL: SELECT COUNT(*) AS tp_count FROM `fh_forum_comment` WHERE `forum_id` = 92 LIMIT 1   [ RunTime:0.0002s ]
SQL: SHOW COLUMNS FROM `fh_schools` [ RunTime:0.0006s ]
SQL: SELECT `school_name` FROM `fh_schools` WHERE `school_id` = 14 LIMIT 1   [ RunTime:0.0002s ]
SQL: SELECT COUNT(*) AS tp_count FROM `fh_students` WHERE `school_id` = 14 AND `is_paid` > 0 LIMIT 1   [ RunTime:0.0008s ]
SQL: SELECT `hit` FROM `fh_forum` WHERE `school_id` = 14  [ RunTime:0.0002s ]
INFO: [ view_parse ] --START--
INFO: [ template_filter ] --START--
INFO: Run Behavior\ContentReplaceBehavior [ RunTime:0.000059s ]
INFO: [ template_filter ] --END-- [ RunTime:0.000098s ]
NOTIC: [8] Undefined variable: fake_id /data/wwwroot/www.qihangbus.com/Application/Runtime/Cache/community/6220d5157c6cd6705003c05cee4c9462.php 第 49 行.
NOTIC: [8] Undefined variable: fake_id /data/wwwroot/www.qihangbus.com/Application/Runtime/Cache/community/6220d5157c6cd6705003c05cee4c9462.php 第 54 行.
NOTIC: [8] Undefined variable: fake_id /data/wwwroot/www.qihangbus.com/Application/Runtime/Cache/community/6220d5157c6cd6705003c05cee4c9462.php 第 66 行.
NOTIC: [8] Undefined variable: fake_id /data/wwwroot/www.qihangbus.com/Application/Runtime/Cache/community/6220d5157c6cd6705003c05cee4c9462.php 第 96 行.
NOTIC: [8] Undefined variable: cate /data/wwwroot/www.qihangbus.com/Application/Runtime/Cache/community/6220d5157c6cd6705003c05cee4c9462.php 第 169 行.
NOTIC: [8] Undefined variable: number /data/wwwroot/www.qihangbus.com/Application/Runtime/Cache/community/6220d5157c6cd6705003c05cee4c9462.php 第 170 行.
INFO: Run Behavior\ParseTemplateBehavior [ RunTime:0.007424s ]
INFO: [ view_parse ] --END-- [ RunTime:0.007453s ]
INFO: [ view_filter ] --START--
INFO: Run Behavior\WriteHtmlCacheBehavior [ RunTime:0.000103s ]
INFO: [ view_filter ] --END-- [ RunTime:0.000130s ]
INFO: [ app_end ] --START--
INFO: Run Behavior\ShowPageTraceBehavior [ RunTime:0.000353s ]
INFO: [ app_end ] --END-- [ RunTime:0.000389s ]

[ 2017-11-28T19:05:22+08:00 ] 101.107.23.95 /sns.php?m=sns.php&c=forum&a=bbs
INFO: [ app_init ] --START--
INFO: Run Behavior\BuildLiteBehavior [ RunTime:0.000012s ]
INFO: [ app_init ] --END-- [ RunTime:0.000231s ]
INFO: [ app_begin ] --START--
INFO: Run Behavior\ReadHtmlCacheBehavior [ RunTime:0.000303s ]
INFO: Run Behavior\CheckLangBehavior [ RunTime:0.000267s ]
INFO: [ app_begin ] --END-- [ RunTime:0.000622s ]
SQL: SHOW COLUMNS FROM `fh_students_parent` [ RunTime:0.0006s ]
SQL: SELECT * FROM `fh_students_parent` WHERE ( parent_id = 2688 ) LIMIT 1   [ RunTime:0.0002s ]
SQL: SHOW COLUMNS FROM `fh_students` [ RunTime:0.0005s ]
SQL: SELECT `school_id` FROM `fh_students` WHERE ( student_id = 3541 ) LIMIT 1   [ RunTime:0.0002s ]
SQL: SHOW COLUMNS FROM `fh_forum` [ RunTime:0.0003s ]
SQL: SELECT * FROM `fh_forum` WHERE `school_id` = 16 AND `audit_status` = 1 ORDER BY add_time desc LIMIT 15   [ RunTime:0.0003s ]
SQL: SELECT `parent_avatar` FROM `fh_students_parent` WHERE `parent_id` = 2717 LIMIT 1   [ RunTime:0.0002s ]
SQL: SELECT `parent_name` FROM `fh_students_parent` WHERE `parent_id` = 2717 LIMIT 1   [ RunTime:0.0001s ]
SQL: SHOW COLUMNS FROM `fh_forum_comment` [ RunTime:0.0003s ]
SQL: SELECT COUNT(*) AS tp_count FROM `fh_forum_comment` WHERE `forum_id` = 98 LIMIT 1   [ RunTime:0.0002s ]
SQL: SHOW COLUMNS FROM `fh_schools` [ RunTime:0.0006s ]
SQL: SELECT `school_name` FROM `fh_schools` WHERE `school_id` = 16 LIMIT 1   [ RunTime:0.0001s ]
SQL: SELECT COUNT(*) AS tp_count FROM `fh_students` WHERE `school_id` = 16 AND `is_paid` > 0 LIMIT 1   [ RunTime:0.0004s ]
SQL: SELECT `hit` FROM `fh_forum` WHERE `school_id` = 16  [ RunTime:0.0002s ]
INFO: [ view_parse ] --START--
INFO: [ template_filter ] --START--
INFO: Run Behavior\ContentReplaceBehavior [ RunTime:0.000057s ]
INFO: [ template_filter ] --END-- [ RunTime:0.000105s ]
NOTIC: [8] Undefined variable: fake_id /data/wwwroot/www.qihangbus.com/Application/Runtime/Cache/community/6220d5157c6cd6705003c05cee4c9462.php 第 49 行.
NOTIC: [8] Undefined variable: fake_id /data/wwwroot/www.qihangbus.com/Application/Runtime/Cache/community/6220d5157c6cd6705003c05cee4c9462.php 第 54 行.
NOTIC: [8] Undefined variable: fake_id /data/wwwroot/www.qihangbus.com/Application/Runtime/Cache/community/6220d5157c6cd6705003c05cee4c9462.php 第 66 行.
NOTIC: [8] Undefined variable: fake_id /data/wwwroot/www.qihangbus.com/Application/Runtime/Cache/community/6220d5157c6cd6705003c05cee4c9462.php 第 96 行.
NOTIC: [8] Undefined variable: cate /data/wwwroot/www.qihangbus.com/Application/Runtime/Cache/community/6220d5157c6cd6705003c05cee4c9462.php 第 169 行.
NOTIC: [8] Undefined variable: number /data/wwwroot/www.qihangbus.com/Application/Runtime/Cache/community/6220d5157c6cd6705003c05cee4c9462.php 第 170 行.
INFO: Run Behavior\ParseTemplateBehavior [ RunTime:0.007367s ]
INFO: [ view_parse ] --END-- [ RunTime:0.007396s ]
INFO: [ view_filter ] --START--
INFO: Run Behavior\WriteHtmlCacheBehavior [ RunTime:0.000100s ]
INFO: [ view_filter ] --END-- [ RunTime:0.000125s ]
INFO: [ app_end ] --START--
INFO: Run Behavior\ShowPageTraceBehavior [ RunTime:0.000342s ]
INFO: [ app_end ] --END-- [ RunTime:0.000372s ]

[ 2017-11-28T20:43:53+08:00 ] 123.151.76.158 /sns.php?m=sns.php&c=forum&a=bbs
INFO: [ app_init ] --START--
INFO: Run Behavior\BuildLiteBehavior [ RunTime:0.000012s ]
INFO: [ app_init ] --END-- [ RunTime:0.000260s ]
INFO: [ app_begin ] --START--
INFO: Run Behavior\ReadHtmlCacheBehavior [ RunTime:0.000310s ]
INFO: Run Behavior\CheckLangBehavior [ RunTime:0.000263s ]
INFO: [ app_begin ] --END-- [ RunTime:0.000626s ]
SQL: SHOW COLUMNS FROM `fh_students_parent` [ RunTime:0.0006s ]
SQL: SELECT * FROM `fh_students_parent` WHERE ( parent_id = 2511 ) LIMIT 1   [ RunTime:0.0003s ]
SQL: SHOW COLUMNS FROM `fh_students` [ RunTime:0.0005s ]
SQL: SELECT `school_id` FROM `fh_students` WHERE ( student_id = 3757 ) LIMIT 1   [ RunTime:0.0002s ]
SQL: SHOW COLUMNS FROM `fh_forum` [ RunTime:0.0004s ]
SQL: SELECT * FROM `fh_forum` WHERE `school_id` = 18 AND `audit_status` = 1 ORDER BY add_time desc LIMIT 15   [ RunTime:0.0001s ]
SQL: SHOW COLUMNS FROM `fh_schools` [ RunTime:0.0005s ]
SQL: SELECT `school_name` FROM `fh_schools` WHERE `school_id` = 18 LIMIT 1   [ RunTime:0.0001s ]
SQL: SELECT COUNT(*) AS tp_count FROM `fh_students` WHERE `school_id` = 18 AND `is_paid` > 0 LIMIT 1   [ RunTime:0.0007s ]
SQL: SELECT `hit` FROM `fh_forum` WHERE `school_id` = 18  [ RunTime:0.0001s ]
INFO: [ view_parse ] --START--
INFO: [ template_filter ] --START--
INFO: Run Behavior\ContentReplaceBehavior [ RunTime:0.000062s ]
INFO: [ template_filter ] --END-- [ RunTime:0.000103s ]
NOTIC: [8] Undefined variable: fake_id /data/wwwroot/www.qihangbus.com/Application/Runtime/Cache/community/6220d5157c6cd6705003c05cee4c9462.php 第 96 行.
NOTIC: [8] Undefined variable: cate /data/wwwroot/www.qihangbus.com/Application/Runtime/Cache/community/6220d5157c6cd6705003c05cee4c9462.php 第 169 行.
NOTIC: [8] Undefined variable: number /data/wwwroot/www.qihangbus.com/Application/Runtime/Cache/community/6220d5157c6cd6705003c05cee4c9462.php 第 170 行.
INFO: Run Behavior\ParseTemplateBehavior [ RunTime:0.009638s ]
INFO: [ view_parse ] --END-- [ RunTime:0.009684s ]
INFO: [ view_filter ] --START--
INFO: Run Behavior\WriteHtmlCacheBehavior [ RunTime:0.000130s ]
INFO: [ view_filter ] --END-- [ RunTime:0.000155s ]
INFO: [ app_end ] --START--
INFO: Run Behavior\ShowPageTraceBehavior [ RunTime:0.000385s ]
INFO: [ app_end ] --END-- [ RunTime:0.000430s ]

[ 2017-11-28T21:10:54+08:00 ] 123.151.77.74 /sns.php?m=sns.php&c=forum&a=bbs
INFO: [ app_init ] --START--
INFO: Run Behavior\BuildLiteBehavior [ RunTime:0.000010s ]
INFO: [ app_init ] --END-- [ RunTime:0.000228s ]
INFO: [ app_begin ] --START--
INFO: Run Behavior\ReadHtmlCacheBehavior [ RunTime:0.000300s ]
INFO: Run Behavior\CheckLangBehavior [ RunTime:0.000251s ]
INFO: [ app_begin ] --END-- [ RunTime:0.000603s ]
SQL: SHOW COLUMNS FROM `fh_students_parent` [ RunTime:0.0005s ]
SQL: SELECT * FROM `fh_students_parent` WHERE ( parent_id = 2318 ) LIMIT 1   [ RunTime:0.0002s ]
SQL: SHOW COLUMNS FROM `fh_students` [ RunTime:0.0004s ]
SQL: SELECT `school_id` FROM `fh_students` WHERE ( student_id = 4015 ) LIMIT 1   [ RunTime:0.0001s ]
SQL: SHOW COLUMNS FROM `fh_forum` [ RunTime:0.0003s ]
SQL: SELECT * FROM `fh_forum` WHERE `school_id` = 18 AND `audit_status` = 1 ORDER BY add_time desc LIMIT 15   [ RunTime:0.0001s ]
SQL: SHOW COLUMNS FROM `fh_schools` [ RunTime:0.0005s ]
SQL: SELECT `school_name` FROM `fh_schools` WHERE `school_id` = 18 LIMIT 1   [ RunTime:0.0001s ]
SQL: SELECT COUNT(*) AS tp_count FROM `fh_students` WHERE `school_id` = 18 AND `is_paid` > 0 LIMIT 1   [ RunTime:0.0007s ]
SQL: SELECT `hit` FROM `fh_forum` WHERE `school_id` = 18  [ RunTime:0.0001s ]
INFO: [ view_parse ] --START--
INFO: [ template_filter ] --START--
INFO: Run Behavior\ContentReplaceBehavior [ RunTime:0.000054s ]
INFO: [ template_filter ] --END-- [ RunTime:0.000089s ]
NOTIC: [8] Undefined variable: fake_id /data/wwwroot/www.qihangbus.com/Application/Runtime/Cache/community/6220d5157c6cd6705003c05cee4c9462.php 第 96 行.
NOTIC: [8] Undefined variable: cate /data/wwwroot/www.qihangbus.com/Application/Runtime/Cache/community/6220d5157c6cd6705003c05cee4c9462.php 第 169 行.
NOTIC: [8] Undefined variable: number /data/wwwroot/www.qihangbus.com/Application/Runtime/Cache/community/6220d5157c6cd6705003c05cee4c9462.php 第 170 行.
INFO: Run Behavior\ParseTemplateBehavior [ RunTime:0.007106s ]
INFO: [ view_parse ] --END-- [ RunTime:0.007134s ]
INFO: [ view_filter ] --START--
INFO: Run Behavior\WriteHtmlCacheBehavior [ RunTime:0.000097s ]
INFO: [ view_filter ] --END-- [ RunTime:0.000122s ]
INFO: [ app_end ] --START--
INFO: Run Behavior\ShowPageTraceBehavior [ RunTime:0.000317s ]
INFO: [ app_end ] --END-- [ RunTime:0.000345s ]

