[ 2017-12-15T10:01:36+08:00 ] 111.30.142.252 /sns.php?m=sns.php&c=forum&a=bbs
INFO: [ app_init ] --START--
INFO: Run Behavior\BuildLiteBehavior [ RunTime:0.000011s ]
INFO: [ app_init ] --END-- [ RunTime:0.000240s ]
INFO: [ app_begin ] --START--
INFO: Run Behavior\ReadHtmlCacheBehavior [ RunTime:0.000286s ]
INFO: Run Behavior\CheckLangBehavior [ RunTime:0.000262s ]
INFO: [ app_begin ] --END-- [ RunTime:0.000600s ]
SQL: SHOW COLUMNS FROM `fh_students_parent` [ RunTime:0.0005s ]
SQL: SELECT * FROM `fh_students_parent` WHERE ( parent_id = 2429 ) LIMIT 1   [ RunTime:0.0002s ]
SQL: SHOW COLUMNS FROM `fh_students` [ RunTime:0.0005s ]
SQL: SELECT `school_id` FROM `fh_students` WHERE ( student_id = 3734 ) LIMIT 1   [ RunTime:0.0002s ]
SQL: SHOW COLUMNS FROM `fh_forum` [ RunTime:0.0004s ]
SQL: SELECT * FROM `fh_forum` WHERE `school_id` = 17 AND `audit_status` = 1 ORDER BY add_time desc LIMIT 15   [ RunTime:0.0001s ]
SQL: SELECT `parent_avatar` FROM `fh_students_parent` WHERE `parent_id` = 2630 LIMIT 1   [ RunTime:0.0001s ]
SQL: SELECT `parent_name` FROM `fh_students_parent` WHERE `parent_id` = 2630 LIMIT 1   [ RunTime:0.0002s ]
SQL: SHOW COLUMNS FROM `fh_forum_comment` [ RunTime:0.0003s ]
SQL: SELECT COUNT(*) AS tp_count FROM `fh_forum_comment` WHERE `forum_id` = 100 LIMIT 1   [ RunTime:0.0001s ]
SQL: SELECT `parent_avatar` FROM `fh_students_parent` WHERE `parent_id` = 2630 LIMIT 1   [ RunTime:0.0001s ]
SQL: SELECT `parent_name` FROM `fh_students_parent` WHERE `parent_id` = 2630 LIMIT 1   [ RunTime:0.0001s ]
SQL: SELECT COUNT(*) AS tp_count FROM `fh_forum_comment` WHERE `forum_id` = 99 LIMIT 1   [ RunTime:0.0001s ]
SQL: SHOW COLUMNS FROM `fh_schools` [ RunTime:0.0006s ]
SQL: SELECT `school_name` FROM `fh_schools` WHERE `school_id` = 17 LIMIT 1   [ RunTime:0.0001s ]
SQL: SELECT COUNT(*) AS tp_count FROM `fh_students` WHERE `school_id` = 17 AND `is_paid` > 0 LIMIT 1   [ RunTime:0.0005s ]
SQL: SELECT `hit` FROM `fh_forum` WHERE `school_id` = 17  [ RunTime:0.0001s ]
INFO: [ view_parse ] --START--
INFO: [ template_filter ] --START--
INFO: Run Behavior\ContentReplaceBehavior [ RunTime:0.000048s ]
INFO: [ template_filter ] --END-- [ RunTime:0.000079s ]
NOTIC: [8] Undefined variable: fake_id /data/wwwroot/www.qihangbus.com/Application/Runtime/Cache/community/6220d5157c6cd6705003c05cee4c9462.php 第 49 行.
NOTIC: [8] Undefined variable: fake_id /data/wwwroot/www.qihangbus.com/Application/Runtime/Cache/community/6220d5157c6cd6705003c05cee4c9462.php 第 54 行.
NOTIC: [8] Undefined variable: fake_id /data/wwwroot/www.qihangbus.com/Application/Runtime/Cache/community/6220d5157c6cd6705003c05cee4c9462.php 第 66 行.
NOTIC: [8] Undefined variable: fake_id /data/wwwroot/www.qihangbus.com/Application/Runtime/Cache/community/6220d5157c6cd6705003c05cee4c9462.php 第 49 行.
NOTIC: [8] Undefined variable: fake_id /data/wwwroot/www.qihangbus.com/Application/Runtime/Cache/community/6220d5157c6cd6705003c05cee4c9462.php 第 54 行.
NOTIC: [8] Undefined variable: fake_id /data/wwwroot/www.qihangbus.com/Application/Runtime/Cache/community/6220d5157c6cd6705003c05cee4c9462.php 第 66 行.
NOTIC: [8] Undefined variable: fake_id /data/wwwroot/www.qihangbus.com/Application/Runtime/Cache/community/6220d5157c6cd6705003c05cee4c9462.php 第 96 行.
NOTIC: [8] Undefined variable: cate /data/wwwroot/www.qihangbus.com/Application/Runtime/Cache/community/6220d5157c6cd6705003c05cee4c9462.php 第 169 行.
NOTIC: [8] Undefined variable: number /data/wwwroot/www.qihangbus.com/Application/Runtime/Cache/community/6220d5157c6cd6705003c05cee4c9462.php 第 170 行.
INFO: Run Behavior\ParseTemplateBehavior [ RunTime:0.007056s ]
INFO: [ view_parse ] --END-- [ RunTime:0.007082s ]
INFO: [ view_filter ] --START--
INFO: Run Behavior\WriteHtmlCacheBehavior [ RunTime:0.000088s ]
INFO: [ view_filter ] --END-- [ RunTime:0.000112s ]
INFO: [ app_end ] --START--
INFO: Run Behavior\ShowPageTraceBehavior [ RunTime:0.000301s ]
INFO: [ app_end ] --END-- [ RunTime:0.000328s ]

[ 2017-12-15T11:32:23+08:00 ] 111.30.142.252 /sns.php?m=sns.php&c=forum&a=bbs
INFO: [ app_init ] --START--
INFO: Run Behavior\BuildLiteBehavior [ RunTime:0.000011s ]
INFO: [ app_init ] --END-- [ RunTime:0.000264s ]
INFO: [ app_begin ] --START--
INFO: Run Behavior\ReadHtmlCacheBehavior [ RunTime:0.000313s ]
INFO: Run Behavior\CheckLangBehavior [ RunTime:0.000268s ]
INFO: [ app_begin ] --END-- [ RunTime:0.000634s ]
SQL: SHOW COLUMNS FROM `fh_students_parent` [ RunTime:0.0005s ]
SQL: SELECT * FROM `fh_students_parent` WHERE ( parent_id = 2745 ) LIMIT 1   [ RunTime:0.0002s ]
SQL: SHOW COLUMNS FROM `fh_students` [ RunTime:0.0005s ]
SQL: SELECT `school_id` FROM `fh_students` WHERE ( student_id = 3969 ) LIMIT 1   [ RunTime:0.0002s ]
SQL: SHOW COLUMNS FROM `fh_forum` [ RunTime:0.0003s ]
SQL: SELECT * FROM `fh_forum` WHERE `school_id` = 18 AND `audit_status` = 1 ORDER BY add_time desc LIMIT 15   [ RunTime:0.0001s ]
SQL: SHOW COLUMNS FROM `fh_schools` [ RunTime:0.0005s ]
SQL: SELECT `school_name` FROM `fh_schools` WHERE `school_id` = 18 LIMIT 1   [ RunTime:0.0001s ]
SQL: SELECT COUNT(*) AS tp_count FROM `fh_students` WHERE `school_id` = 18 AND `is_paid` > 0 LIMIT 1   [ RunTime:0.0006s ]
SQL: SELECT `hit` FROM `fh_forum` WHERE `school_id` = 18  [ RunTime:0.0001s ]
INFO: [ view_parse ] --START--
INFO: [ template_filter ] --START--
INFO: Run Behavior\ContentReplaceBehavior [ RunTime:0.000057s ]
INFO: [ template_filter ] --END-- [ RunTime:0.000090s ]
NOTIC: [8] Undefined variable: fake_id /data/wwwroot/www.qihangbus.com/Application/Runtime/Cache/community/6220d5157c6cd6705003c05cee4c9462.php 第 96 行.
NOTIC: [8] Undefined variable: cate /data/wwwroot/www.qihangbus.com/Application/Runtime/Cache/community/6220d5157c6cd6705003c05cee4c9462.php 第 169 行.
NOTIC: [8] Undefined variable: number /data/wwwroot/www.qihangbus.com/Application/Runtime/Cache/community/6220d5157c6cd6705003c05cee4c9462.php 第 170 行.
INFO: Run Behavior\ParseTemplateBehavior [ RunTime:0.007254s ]
INFO: [ view_parse ] --END-- [ RunTime:0.007284s ]
INFO: [ view_filter ] --START--
INFO: Run Behavior\WriteHtmlCacheBehavior [ RunTime:0.000091s ]
INFO: [ view_filter ] --END-- [ RunTime:0.000128s ]
INFO: [ app_end ] --START--
INFO: Run Behavior\ShowPageTraceBehavior [ RunTime:0.000291s ]
INFO: [ app_end ] --END-- [ RunTime:0.000318s ]

[ 2017-12-15T11:32:56+08:00 ] 123.151.77.123 /sns.php?m=sns.php&c=forum&a=bbs
INFO: [ app_init ] --START--
INFO: Run Behavior\BuildLiteBehavior [ RunTime:0.000011s ]
INFO: [ app_init ] --END-- [ RunTime:0.000225s ]
INFO: [ app_begin ] --START--
INFO: Run Behavior\ReadHtmlCacheBehavior [ RunTime:0.000312s ]
INFO: Run Behavior\CheckLangBehavior [ RunTime:0.000247s ]
INFO: [ app_begin ] --END-- [ RunTime:0.000612s ]
SQL: SHOW COLUMNS FROM `fh_students_parent` [ RunTime:0.0005s ]
SQL: SELECT * FROM `fh_students_parent` WHERE ( parent_id = 2745 ) LIMIT 1   [ RunTime:0.0001s ]
SQL: SHOW COLUMNS FROM `fh_students` [ RunTime:0.0005s ]
SQL: SELECT `school_id` FROM `fh_students` WHERE ( student_id = 3969 ) LIMIT 1   [ RunTime:0.0001s ]
SQL: SHOW COLUMNS FROM `fh_forum` [ RunTime:0.0004s ]
SQL: SELECT * FROM `fh_forum` WHERE `school_id` = 18 AND `audit_status` = 1 ORDER BY add_time desc LIMIT 15   [ RunTime:0.0001s ]
SQL: SHOW COLUMNS FROM `fh_schools` [ RunTime:0.0006s ]
SQL: SELECT `school_name` FROM `fh_schools` WHERE `school_id` = 18 LIMIT 1   [ RunTime:0.0001s ]
SQL: SELECT COUNT(*) AS tp_count FROM `fh_students` WHERE `school_id` = 18 AND `is_paid` > 0 LIMIT 1   [ RunTime:0.0001s ]
SQL: SELECT `hit` FROM `fh_forum` WHERE `school_id` = 18  [ RunTime:0.0001s ]
INFO: [ view_parse ] --START--
INFO: [ template_filter ] --START--
INFO: Run Behavior\ContentReplaceBehavior [ RunTime:0.000051s ]
INFO: [ template_filter ] --END-- [ RunTime:0.000082s ]
NOTIC: [8] Undefined variable: fake_id /data/wwwroot/www.qihangbus.com/Application/Runtime/Cache/community/6220d5157c6cd6705003c05cee4c9462.php 第 96 行.
NOTIC: [8] Undefined variable: cate /data/wwwroot/www.qihangbus.com/Application/Runtime/Cache/community/6220d5157c6cd6705003c05cee4c9462.php 第 169 行.
NOTIC: [8] Undefined variable: number /data/wwwroot/www.qihangbus.com/Application/Runtime/Cache/community/6220d5157c6cd6705003c05cee4c9462.php 第 170 行.
INFO: Run Behavior\ParseTemplateBehavior [ RunTime:0.006915s ]
INFO: [ view_parse ] --END-- [ RunTime:0.006940s ]
INFO: [ view_filter ] --START--
INFO: Run Behavior\WriteHtmlCacheBehavior [ RunTime:0.000088s ]
INFO: [ view_filter ] --END-- [ RunTime:0.000111s ]
INFO: [ app_end ] --START--
INFO: Run Behavior\ShowPageTraceBehavior [ RunTime:0.000296s ]
INFO: [ app_end ] --END-- [ RunTime:0.000345s ]

[ 2017-12-15T12:24:08+08:00 ] 111.30.142.233 /sns.php?m=sns.php&c=forum&a=bbs
INFO: [ app_init ] --START--
INFO: Run Behavior\BuildLiteBehavior [ RunTime:0.000011s ]
INFO: [ app_init ] --END-- [ RunTime:0.000235s ]
INFO: [ app_begin ] --START--
INFO: Run Behavior\ReadHtmlCacheBehavior [ RunTime:0.000285s ]
INFO: Run Behavior\CheckLangBehavior [ RunTime:0.000272s ]
INFO: [ app_begin ] --END-- [ RunTime:0.000610s ]
SQL: SHOW COLUMNS FROM `fh_students_parent` [ RunTime:0.0006s ]
SQL: SELECT * FROM `fh_students_parent` WHERE ( parent_id = 2399 ) LIMIT 1   [ RunTime:0.0003s ]
SQL: SHOW COLUMNS FROM `fh_students` [ RunTime:0.0005s ]
SQL: SELECT `school_id` FROM `fh_students` WHERE ( student_id = 3588 ) LIMIT 1   [ RunTime:0.0002s ]
SQL: SHOW COLUMNS FROM `fh_forum` [ RunTime:0.0004s ]
SQL: SELECT * FROM `fh_forum` WHERE `school_id` = 17 AND `audit_status` = 1 ORDER BY add_time desc LIMIT 15   [ RunTime:0.0001s ]
SQL: SELECT `parent_avatar` FROM `fh_students_parent` WHERE `parent_id` = 2630 LIMIT 1   [ RunTime:0.0002s ]
SQL: SELECT `parent_name` FROM `fh_students_parent` WHERE `parent_id` = 2630 LIMIT 1   [ RunTime:0.0001s ]
SQL: SHOW COLUMNS FROM `fh_forum_comment` [ RunTime:0.0003s ]
SQL: SELECT COUNT(*) AS tp_count FROM `fh_forum_comment` WHERE `forum_id` = 100 LIMIT 1   [ RunTime:0.0001s ]
SQL: SELECT `parent_avatar` FROM `fh_students_parent` WHERE `parent_id` = 2630 LIMIT 1   [ RunTime:0.0001s ]
SQL: SELECT `parent_name` FROM `fh_students_parent` WHERE `parent_id` = 2630 LIMIT 1   [ RunTime:0.0001s ]
SQL: SELECT COUNT(*) AS tp_count FROM `fh_forum_comment` WHERE `forum_id` = 99 LIMIT 1   [ RunTime:0.0001s ]
SQL: SHOW COLUMNS FROM `fh_schools` [ RunTime:0.0006s ]
SQL: SELECT `school_name` FROM `fh_schools` WHERE `school_id` = 17 LIMIT 1   [ RunTime:0.0001s ]
SQL: SELECT COUNT(*) AS tp_count FROM `fh_students` WHERE `school_id` = 17 AND `is_paid` > 0 LIMIT 1   [ RunTime:0.0005s ]
SQL: SELECT `hit` FROM `fh_forum` WHERE `school_id` = 17  [ RunTime:0.0001s ]
INFO: [ view_parse ] --START--
INFO: [ template_filter ] --START--
INFO: Run Behavior\ContentReplaceBehavior [ RunTime:0.000095s ]
INFO: [ template_filter ] --END-- [ RunTime:0.000155s ]
NOTIC: [8] Undefined variable: fake_id /data/wwwroot/www.qihangbus.com/Application/Runtime/Cache/community/6220d5157c6cd6705003c05cee4c9462.php 第 49 行.
NOTIC: [8] Undefined variable: fake_id /data/wwwroot/www.qihangbus.com/Application/Runtime/Cache/community/6220d5157c6cd6705003c05cee4c9462.php 第 54 行.
NOTIC: [8] Undefined variable: fake_id /data/wwwroot/www.qihangbus.com/Application/Runtime/Cache/community/6220d5157c6cd6705003c05cee4c9462.php 第 66 行.
NOTIC: [8] Undefined variable: fake_id /data/wwwroot/www.qihangbus.com/Application/Runtime/Cache/community/6220d5157c6cd6705003c05cee4c9462.php 第 49 行.
NOTIC: [8] Undefined variable: fake_id /data/wwwroot/www.qihangbus.com/Application/Runtime/Cache/community/6220d5157c6cd6705003c05cee4c9462.php 第 54 行.
NOTIC: [8] Undefined variable: fake_id /data/wwwroot/www.qihangbus.com/Application/Runtime/Cache/community/6220d5157c6cd6705003c05cee4c9462.php 第 66 行.
NOTIC: [8] Undefined variable: fake_id /data/wwwroot/www.qihangbus.com/Application/Runtime/Cache/community/6220d5157c6cd6705003c05cee4c9462.php 第 96 行.
NOTIC: [8] Undefined variable: cate /data/wwwroot/www.qihangbus.com/Application/Runtime/Cache/community/6220d5157c6cd6705003c05cee4c9462.php 第 169 行.
NOTIC: [8] Undefined variable: number /data/wwwroot/www.qihangbus.com/Application/Runtime/Cache/community/6220d5157c6cd6705003c05cee4c9462.php 第 170 行.
INFO: Run Behavior\ParseTemplateBehavior [ RunTime:0.012556s ]
INFO: [ view_parse ] --END-- [ RunTime:0.012600s ]
INFO: [ view_filter ] --START--
INFO: Run Behavior\WriteHtmlCacheBehavior [ RunTime:0.000196s ]
INFO: [ view_filter ] --END-- [ RunTime:0.000238s ]
INFO: [ app_end ] --START--
INFO: Run Behavior\ShowPageTraceBehavior [ RunTime:0.000505s ]
INFO: [ app_end ] --END-- [ RunTime:0.000555s ]

[ 2017-12-15T12:47:07+08:00 ] 111.30.142.227 /sns.php?m=sns.php&c=forum&a=bbs
INFO: [ app_init ] --START--
INFO: Run Behavior\BuildLiteBehavior [ RunTime:0.000012s ]
INFO: [ app_init ] --END-- [ RunTime:0.000245s ]
INFO: [ app_begin ] --START--
INFO: Run Behavior\ReadHtmlCacheBehavior [ RunTime:0.000303s ]
INFO: Run Behavior\CheckLangBehavior [ RunTime:0.000247s ]
INFO: [ app_begin ] --END-- [ RunTime:0.000599s ]
SQL: SHOW COLUMNS FROM `fh_students_parent` [ RunTime:0.0005s ]
SQL: SELECT * FROM `fh_students_parent` WHERE ( parent_id = 2282 ) LIMIT 1   [ RunTime:0.0002s ]
SQL: SHOW COLUMNS FROM `fh_students` [ RunTime:0.0004s ]
SQL: SELECT `school_id` FROM `fh_students` WHERE ( student_id = 3554 ) LIMIT 1   [ RunTime:0.0002s ]
SQL: SHOW COLUMNS FROM `fh_forum` [ RunTime:0.0003s ]
SQL: SELECT * FROM `fh_forum` WHERE `school_id` = 17 AND `audit_status` = 1 ORDER BY add_time desc LIMIT 15   [ RunTime:0.0001s ]
SQL: SELECT `parent_avatar` FROM `fh_students_parent` WHERE `parent_id` = 2630 LIMIT 1   [ RunTime:0.0002s ]
SQL: SELECT `parent_name` FROM `fh_students_parent` WHERE `parent_id` = 2630 LIMIT 1   [ RunTime:0.0002s ]
SQL: SHOW COLUMNS FROM `fh_forum_comment` [ RunTime:0.0003s ]
SQL: SELECT COUNT(*) AS tp_count FROM `fh_forum_comment` WHERE `forum_id` = 100 LIMIT 1   [ RunTime:0.0001s ]
SQL: SELECT `parent_avatar` FROM `fh_students_parent` WHERE `parent_id` = 2630 LIMIT 1   [ RunTime:0.0001s ]
SQL: SELECT `parent_name` FROM `fh_students_parent` WHERE `parent_id` = 2630 LIMIT 1   [ RunTime:0.0001s ]
SQL: SELECT COUNT(*) AS tp_count FROM `fh_forum_comment` WHERE `forum_id` = 99 LIMIT 1   [ RunTime:0.0001s ]
SQL: SHOW COLUMNS FROM `fh_schools` [ RunTime:0.0006s ]
SQL: SELECT `school_name` FROM `fh_schools` WHERE `school_id` = 17 LIMIT 1   [ RunTime:0.0001s ]
SQL: SELECT COUNT(*) AS tp_count FROM `fh_students` WHERE `school_id` = 17 AND `is_paid` > 0 LIMIT 1   [ RunTime:0.0005s ]
SQL: SELECT `hit` FROM `fh_forum` WHERE `school_id` = 17  [ RunTime:0.0001s ]
INFO: [ view_parse ] --START--
INFO: [ template_filter ] --START--
INFO: Run Behavior\ContentReplaceBehavior [ RunTime:0.000058s ]
INFO: [ template_filter ] --END-- [ RunTime:0.000129s ]
NOTIC: [8] Undefined variable: fake_id /data/wwwroot/www.qihangbus.com/Application/Runtime/Cache/community/6220d5157c6cd6705003c05cee4c9462.php 第 49 行.
NOTIC: [8] Undefined variable: fake_id /data/wwwroot/www.qihangbus.com/Application/Runtime/Cache/community/6220d5157c6cd6705003c05cee4c9462.php 第 54 行.
NOTIC: [8] Undefined variable: fake_id /data/wwwroot/www.qihangbus.com/Application/Runtime/Cache/community/6220d5157c6cd6705003c05cee4c9462.php 第 66 行.
NOTIC: [8] Undefined variable: fake_id /data/wwwroot/www.qihangbus.com/Application/Runtime/Cache/community/6220d5157c6cd6705003c05cee4c9462.php 第 49 行.
NOTIC: [8] Undefined variable: fake_id /data/wwwroot/www.qihangbus.com/Application/Runtime/Cache/community/6220d5157c6cd6705003c05cee4c9462.php 第 54 行.
NOTIC: [8] Undefined variable: fake_id /data/wwwroot/www.qihangbus.com/Application/Runtime/Cache/community/6220d5157c6cd6705003c05cee4c9462.php 第 66 行.
NOTIC: [8] Undefined variable: fake_id /data/wwwroot/www.qihangbus.com/Application/Runtime/Cache/community/6220d5157c6cd6705003c05cee4c9462.php 第 96 行.
NOTIC: [8] Undefined variable: cate /data/wwwroot/www.qihangbus.com/Application/Runtime/Cache/community/6220d5157c6cd6705003c05cee4c9462.php 第 169 行.
NOTIC: [8] Undefined variable: number /data/wwwroot/www.qihangbus.com/Application/Runtime/Cache/community/6220d5157c6cd6705003c05cee4c9462.php 第 170 行.
INFO: Run Behavior\ParseTemplateBehavior [ RunTime:0.007559s ]
INFO: [ view_parse ] --END-- [ RunTime:0.007586s ]
INFO: [ view_filter ] --START--
INFO: Run Behavior\WriteHtmlCacheBehavior [ RunTime:0.000106s ]
INFO: [ view_filter ] --END-- [ RunTime:0.000131s ]
INFO: [ app_end ] --START--
INFO: Run Behavior\ShowPageTraceBehavior [ RunTime:0.000326s ]
INFO: [ app_end ] --END-- [ RunTime:0.000354s ]

[ 2017-12-15T12:59:51+08:00 ] 1.196.181.132 /sns.php?m=sns.php&c=forum&a=bbs
INFO: [ app_init ] --START--
INFO: Run Behavior\BuildLiteBehavior [ RunTime:0.000011s ]
INFO: [ app_init ] --END-- [ RunTime:0.000229s ]
INFO: [ app_begin ] --START--
INFO: Run Behavior\ReadHtmlCacheBehavior [ RunTime:0.000299s ]
INFO: Run Behavior\CheckLangBehavior [ RunTime:0.000268s ]
INFO: [ app_begin ] --END-- [ RunTime:0.000619s ]
SQL: SHOW COLUMNS FROM `fh_students_parent` [ RunTime:0.0005s ]
SQL: SELECT * FROM `fh_students_parent` WHERE ( parent_id = 2353 ) LIMIT 1   [ RunTime:0.0002s ]
SQL: SHOW COLUMNS FROM `fh_students` [ RunTime:0.0005s ]
SQL: SELECT `school_id` FROM `fh_students` WHERE ( student_id = 3899 ) LIMIT 1   [ RunTime:0.0001s ]
SQL: SHOW COLUMNS FROM `fh_forum` [ RunTime:0.0004s ]
SQL: SELECT * FROM `fh_forum` WHERE `school_id` = 18 AND `audit_status` = 1 ORDER BY add_time desc LIMIT 15   [ RunTime:0.0001s ]
SQL: SHOW COLUMNS FROM `fh_schools` [ RunTime:0.0005s ]
SQL: SELECT `school_name` FROM `fh_schools` WHERE `school_id` = 18 LIMIT 1   [ RunTime:0.0001s ]
SQL: SELECT COUNT(*) AS tp_count FROM `fh_students` WHERE `school_id` = 18 AND `is_paid` > 0 LIMIT 1   [ RunTime:0.0005s ]
SQL: SELECT `hit` FROM `fh_forum` WHERE `school_id` = 18  [ RunTime:0.0001s ]
INFO: [ view_parse ] --START--
INFO: [ template_filter ] --START--
INFO: Run Behavior\ContentReplaceBehavior [ RunTime:0.000057s ]
INFO: [ template_filter ] --END-- [ RunTime:0.000089s ]
NOTIC: [8] Undefined variable: fake_id /data/wwwroot/www.qihangbus.com/Application/Runtime/Cache/community/6220d5157c6cd6705003c05cee4c9462.php 第 96 行.
NOTIC: [8] Undefined variable: cate /data/wwwroot/www.qihangbus.com/Application/Runtime/Cache/community/6220d5157c6cd6705003c05cee4c9462.php 第 169 行.
NOTIC: [8] Undefined variable: number /data/wwwroot/www.qihangbus.com/Application/Runtime/Cache/community/6220d5157c6cd6705003c05cee4c9462.php 第 170 行.
INFO: Run Behavior\ParseTemplateBehavior [ RunTime:0.007141s ]
INFO: [ view_parse ] --END-- [ RunTime:0.007167s ]
INFO: [ view_filter ] --START--
INFO: Run Behavior\WriteHtmlCacheBehavior [ RunTime:0.000092s ]
INFO: [ view_filter ] --END-- [ RunTime:0.000116s ]
INFO: [ app_end ] --START--
INFO: Run Behavior\ShowPageTraceBehavior [ RunTime:0.000303s ]
INFO: [ app_end ] --END-- [ RunTime:0.000330s ]

[ 2017-12-15T23:29:58+08:00 ] 123.151.77.70 /sns.php?m=sns.php&c=forum&a=bbs
INFO: [ app_init ] --START--
INFO: Run Behavior\BuildLiteBehavior [ RunTime:0.000010s ]
INFO: [ app_init ] --END-- [ RunTime:0.000227s ]
INFO: [ app_begin ] --START--
INFO: Run Behavior\ReadHtmlCacheBehavior [ RunTime:0.000297s ]
INFO: Run Behavior\CheckLangBehavior [ RunTime:0.000259s ]
INFO: [ app_begin ] --END-- [ RunTime:0.000609s ]
SQL: SHOW COLUMNS FROM `fh_students_parent` [ RunTime:0.0006s ]
SQL: SELECT * FROM `fh_students_parent` WHERE ( parent_id = 2630 ) LIMIT 1   [ RunTime:0.0002s ]
SQL: SHOW COLUMNS FROM `fh_students` [ RunTime:0.0005s ]
SQL: SELECT `school_id` FROM `fh_students` WHERE ( student_id = 3693 ) LIMIT 1   [ RunTime:0.0002s ]
SQL: SHOW COLUMNS FROM `fh_forum` [ RunTime:0.0003s ]
SQL: SELECT * FROM `fh_forum` WHERE `school_id` = 17 AND `audit_status` = 1 ORDER BY add_time desc LIMIT 15   [ RunTime:0.0001s ]
SQL: SELECT `parent_avatar` FROM `fh_students_parent` WHERE `parent_id` = 2630 LIMIT 1   [ RunTime:0.0001s ]
SQL: SELECT `parent_name` FROM `fh_students_parent` WHERE `parent_id` = 2630 LIMIT 1   [ RunTime:0.0001s ]
SQL: SHOW COLUMNS FROM `fh_forum_comment` [ RunTime:0.0003s ]
SQL: SELECT COUNT(*) AS tp_count FROM `fh_forum_comment` WHERE `forum_id` = 100 LIMIT 1   [ RunTime:0.0001s ]
SQL: SELECT `parent_avatar` FROM `fh_students_parent` WHERE `parent_id` = 2630 LIMIT 1   [ RunTime:0.0001s ]
SQL: SELECT `parent_name` FROM `fh_students_parent` WHERE `parent_id` = 2630 LIMIT 1   [ RunTime:0.0001s ]
SQL: SELECT COUNT(*) AS tp_count FROM `fh_forum_comment` WHERE `forum_id` = 99 LIMIT 1   [ RunTime:0.0001s ]
SQL: SHOW COLUMNS FROM `fh_schools` [ RunTime:0.0005s ]
SQL: SELECT `school_name` FROM `fh_schools` WHERE `school_id` = 17 LIMIT 1   [ RunTime:0.0001s ]
SQL: SELECT COUNT(*) AS tp_count FROM `fh_students` WHERE `school_id` = 17 AND `is_paid` > 0 LIMIT 1   [ RunTime:0.0005s ]
SQL: SELECT `hit` FROM `fh_forum` WHERE `school_id` = 17  [ RunTime:0.0001s ]
INFO: [ view_parse ] --START--
INFO: [ template_filter ] --START--
INFO: Run Behavior\ContentReplaceBehavior [ RunTime:0.000052s ]
INFO: [ template_filter ] --END-- [ RunTime:0.000085s ]
NOTIC: [8] Undefined variable: fake_id /data/wwwroot/www.qihangbus.com/Application/Runtime/Cache/community/6220d5157c6cd6705003c05cee4c9462.php 第 49 行.
NOTIC: [8] Undefined variable: fake_id /data/wwwroot/www.qihangbus.com/Application/Runtime/Cache/community/6220d5157c6cd6705003c05cee4c9462.php 第 54 行.
NOTIC: [8] Undefined variable: fake_id /data/wwwroot/www.qihangbus.com/Application/Runtime/Cache/community/6220d5157c6cd6705003c05cee4c9462.php 第 66 行.
NOTIC: [8] Undefined variable: fake_id /data/wwwroot/www.qihangbus.com/Application/Runtime/Cache/community/6220d5157c6cd6705003c05cee4c9462.php 第 49 行.
NOTIC: [8] Undefined variable: fake_id /data/wwwroot/www.qihangbus.com/Application/Runtime/Cache/community/6220d5157c6cd6705003c05cee4c9462.php 第 54 行.
NOTIC: [8] Undefined variable: fake_id /data/wwwroot/www.qihangbus.com/Application/Runtime/Cache/community/6220d5157c6cd6705003c05cee4c9462.php 第 66 行.
NOTIC: [8] Undefined variable: fake_id /data/wwwroot/www.qihangbus.com/Application/Runtime/Cache/community/6220d5157c6cd6705003c05cee4c9462.php 第 96 行.
NOTIC: [8] Undefined variable: cate /data/wwwroot/www.qihangbus.com/Application/Runtime/Cache/community/6220d5157c6cd6705003c05cee4c9462.php 第 169 行.
NOTIC: [8] Undefined variable: number /data/wwwroot/www.qihangbus.com/Application/Runtime/Cache/community/6220d5157c6cd6705003c05cee4c9462.php 第 170 行.
INFO: Run Behavior\ParseTemplateBehavior [ RunTime:0.007233s ]
INFO: [ view_parse ] --END-- [ RunTime:0.007259s ]
INFO: [ view_filter ] --START--
INFO: Run Behavior\WriteHtmlCacheBehavior [ RunTime:0.000107s ]
INFO: [ view_filter ] --END-- [ RunTime:0.000132s ]
INFO: [ app_end ] --START--
INFO: Run Behavior\ShowPageTraceBehavior [ RunTime:0.000300s ]
INFO: [ app_end ] --END-- [ RunTime:0.000328s ]

