[ 2017-12-24T14:59:36+08:00 ] 123.151.77.71 /sns.php?m=sns.php&c=forum&a=bbs
INFO: [ app_init ] --START--
INFO: Run Behavior\BuildLiteBehavior [ RunTime:0.000019s ]
INFO: [ app_init ] --END-- [ RunTime:0.000375s ]
INFO: [ app_begin ] --START--
INFO: Run Behavior\ReadHtmlCacheBehavior [ RunTime:0.000502s ]
INFO: Run Behavior\CheckLangBehavior [ RunTime:0.000398s ]
INFO: [ app_begin ] --END-- [ RunTime:0.000982s ]
SQL: SHOW COLUMNS FROM `fh_students_parent` [ RunTime:0.0007s ]
SQL: SELECT * FROM `fh_students_parent` WHERE ( parent_id = 2282 ) LIMIT 1   [ RunTime:0.0003s ]
SQL: SHOW COLUMNS FROM `fh_students` [ RunTime:0.0007s ]
SQL: SELECT `school_id` FROM `fh_students` WHERE ( student_id = 3554 ) LIMIT 1   [ RunTime:0.0002s ]
SQL: SHOW COLUMNS FROM `fh_forum` [ RunTime:0.0005s ]
SQL: SELECT * FROM `fh_forum` WHERE `school_id` = 17 AND `audit_status` = 1 ORDER BY add_time desc LIMIT 15   [ RunTime:0.0003s ]
SQL: SELECT `parent_avatar` FROM `fh_students_parent` WHERE `parent_id` = 2630 LIMIT 1   [ RunTime:0.0002s ]
SQL: SELECT `parent_name` FROM `fh_students_parent` WHERE `parent_id` = 2630 LIMIT 1   [ RunTime:0.0002s ]
SQL: SHOW COLUMNS FROM `fh_forum_comment` [ RunTime:0.0004s ]
SQL: SELECT COUNT(*) AS tp_count FROM `fh_forum_comment` WHERE `forum_id` = 100 LIMIT 1   [ RunTime:0.0001s ]
SQL: SELECT `parent_avatar` FROM `fh_students_parent` WHERE `parent_id` = 2630 LIMIT 1   [ RunTime:0.0001s ]
SQL: SELECT `parent_name` FROM `fh_students_parent` WHERE `parent_id` = 2630 LIMIT 1   [ RunTime:0.0001s ]
SQL: SELECT COUNT(*) AS tp_count FROM `fh_forum_comment` WHERE `forum_id` = 99 LIMIT 1   [ RunTime:0.0001s ]
SQL: SHOW COLUMNS FROM `fh_schools` [ RunTime:0.0008s ]
SQL: SELECT `school_name` FROM `fh_schools` WHERE `school_id` = 17 LIMIT 1   [ RunTime:0.0002s ]
SQL: SELECT COUNT(*) AS tp_count FROM `fh_students` WHERE `school_id` = 17 AND `is_paid` > 0 LIMIT 1   [ RunTime:0.0007s ]
SQL: SELECT `hit` FROM `fh_forum` WHERE `school_id` = 17  [ RunTime:0.0002s ]
INFO: [ view_parse ] --START--
INFO: [ template_filter ] --START--
INFO: Run Behavior\ContentReplaceBehavior [ RunTime:0.000057s ]
INFO: [ template_filter ] --END-- [ RunTime:0.000096s ]
NOTIC: [8] Undefined variable: fake_id /data/wwwroot/www.qihangbus.com/Application/Runtime/Cache/community/6220d5157c6cd6705003c05cee4c9462.php 第 49 行.
NOTIC: [8] Undefined variable: fake_id /data/wwwroot/www.qihangbus.com/Application/Runtime/Cache/community/6220d5157c6cd6705003c05cee4c9462.php 第 54 行.
NOTIC: [8] Undefined variable: fake_id /data/wwwroot/www.qihangbus.com/Application/Runtime/Cache/community/6220d5157c6cd6705003c05cee4c9462.php 第 66 行.
NOTIC: [8] Undefined variable: fake_id /data/wwwroot/www.qihangbus.com/Application/Runtime/Cache/community/6220d5157c6cd6705003c05cee4c9462.php 第 49 行.
NOTIC: [8] Undefined variable: fake_id /data/wwwroot/www.qihangbus.com/Application/Runtime/Cache/community/6220d5157c6cd6705003c05cee4c9462.php 第 54 行.
NOTIC: [8] Undefined variable: fake_id /data/wwwroot/www.qihangbus.com/Application/Runtime/Cache/community/6220d5157c6cd6705003c05cee4c9462.php 第 66 行.
NOTIC: [8] Undefined variable: fake_id /data/wwwroot/www.qihangbus.com/Application/Runtime/Cache/community/6220d5157c6cd6705003c05cee4c9462.php 第 96 行.
NOTIC: [8] Undefined variable: cate /data/wwwroot/www.qihangbus.com/Application/Runtime/Cache/community/6220d5157c6cd6705003c05cee4c9462.php 第 169 行.
NOTIC: [8] Undefined variable: number /data/wwwroot/www.qihangbus.com/Application/Runtime/Cache/community/6220d5157c6cd6705003c05cee4c9462.php 第 170 行.
INFO: Run Behavior\ParseTemplateBehavior [ RunTime:0.007447s ]
INFO: [ view_parse ] --END-- [ RunTime:0.007476s ]
INFO: [ view_filter ] --START--
INFO: Run Behavior\WriteHtmlCacheBehavior [ RunTime:0.000112s ]
INFO: [ view_filter ] --END-- [ RunTime:0.000137s ]
INFO: [ app_end ] --START--
INFO: Run Behavior\ShowPageTraceBehavior [ RunTime:0.000318s ]
INFO: [ app_end ] --END-- [ RunTime:0.000348s ]

[ 2017-12-24T21:56:36+08:00 ] 223.104.19.84 /sns.php?m=sns.php&c=forum&a=bbs
INFO: [ app_init ] --START--
INFO: Run Behavior\BuildLiteBehavior [ RunTime:0.000011s ]
INFO: [ app_init ] --END-- [ RunTime:0.000239s ]
INFO: [ app_begin ] --START--
INFO: Run Behavior\ReadHtmlCacheBehavior [ RunTime:0.000325s ]
INFO: Run Behavior\CheckLangBehavior [ RunTime:0.000316s ]
INFO: [ app_begin ] --END-- [ RunTime:0.000704s ]
SQL: SHOW COLUMNS FROM `fh_students_parent` [ RunTime:0.0005s ]
SQL: SELECT * FROM `fh_students_parent` WHERE ( parent_id = 2379 ) LIMIT 1   [ RunTime:0.0002s ]
SQL: SHOW COLUMNS FROM `fh_students` [ RunTime:0.0005s ]
SQL: SELECT `school_id` FROM `fh_students` WHERE ( student_id = 3565 ) LIMIT 1   [ RunTime:0.0002s ]
SQL: SHOW COLUMNS FROM `fh_forum` [ RunTime:0.0004s ]
SQL: SELECT * FROM `fh_forum` WHERE `school_id` = 17 AND `audit_status` = 1 ORDER BY add_time desc LIMIT 15   [ RunTime:0.0002s ]
SQL: SELECT `parent_avatar` FROM `fh_students_parent` WHERE `parent_id` = 2630 LIMIT 1   [ RunTime:0.0001s ]
SQL: SELECT `parent_name` FROM `fh_students_parent` WHERE `parent_id` = 2630 LIMIT 1   [ RunTime:0.0001s ]
SQL: SHOW COLUMNS FROM `fh_forum_comment` [ RunTime:0.0003s ]
SQL: SELECT COUNT(*) AS tp_count FROM `fh_forum_comment` WHERE `forum_id` = 100 LIMIT 1   [ RunTime:0.0002s ]
SQL: SELECT `parent_avatar` FROM `fh_students_parent` WHERE `parent_id` = 2630 LIMIT 1   [ RunTime:0.0001s ]
SQL: SELECT `parent_name` FROM `fh_students_parent` WHERE `parent_id` = 2630 LIMIT 1   [ RunTime:0.0001s ]
SQL: SELECT COUNT(*) AS tp_count FROM `fh_forum_comment` WHERE `forum_id` = 99 LIMIT 1   [ RunTime:0.0002s ]
SQL: SHOW COLUMNS FROM `fh_schools` [ RunTime:0.0008s ]
SQL: SELECT `school_name` FROM `fh_schools` WHERE `school_id` = 17 LIMIT 1   [ RunTime:0.0002s ]
SQL: SELECT COUNT(*) AS tp_count FROM `fh_students` WHERE `school_id` = 17 AND `is_paid` > 0 LIMIT 1   [ RunTime:0.0005s ]
SQL: SELECT `hit` FROM `fh_forum` WHERE `school_id` = 17  [ RunTime:0.0002s ]
INFO: [ view_parse ] --START--
INFO: [ template_filter ] --START--
INFO: Run Behavior\ContentReplaceBehavior [ RunTime:0.000052s ]
INFO: [ template_filter ] --END-- [ RunTime:0.000084s ]
NOTIC: [8] Undefined variable: fake_id /data/wwwroot/www.qihangbus.com/Application/Runtime/Cache/community/6220d5157c6cd6705003c05cee4c9462.php 第 49 行.
NOTIC: [8] Undefined variable: fake_id /data/wwwroot/www.qihangbus.com/Application/Runtime/Cache/community/6220d5157c6cd6705003c05cee4c9462.php 第 54 行.
NOTIC: [8] Undefined variable: fake_id /data/wwwroot/www.qihangbus.com/Application/Runtime/Cache/community/6220d5157c6cd6705003c05cee4c9462.php 第 66 行.
NOTIC: [8] Undefined variable: fake_id /data/wwwroot/www.qihangbus.com/Application/Runtime/Cache/community/6220d5157c6cd6705003c05cee4c9462.php 第 49 行.
NOTIC: [8] Undefined variable: fake_id /data/wwwroot/www.qihangbus.com/Application/Runtime/Cache/community/6220d5157c6cd6705003c05cee4c9462.php 第 54 行.
NOTIC: [8] Undefined variable: fake_id /data/wwwroot/www.qihangbus.com/Application/Runtime/Cache/community/6220d5157c6cd6705003c05cee4c9462.php 第 66 行.
NOTIC: [8] Undefined variable: fake_id /data/wwwroot/www.qihangbus.com/Application/Runtime/Cache/community/6220d5157c6cd6705003c05cee4c9462.php 第 96 行.
NOTIC: [8] Undefined variable: cate /data/wwwroot/www.qihangbus.com/Application/Runtime/Cache/community/6220d5157c6cd6705003c05cee4c9462.php 第 169 行.
NOTIC: [8] Undefined variable: number /data/wwwroot/www.qihangbus.com/Application/Runtime/Cache/community/6220d5157c6cd6705003c05cee4c9462.php 第 170 行.
INFO: Run Behavior\ParseTemplateBehavior [ RunTime:0.007297s ]
INFO: [ view_parse ] --END-- [ RunTime:0.007334s ]
INFO: [ view_filter ] --START--
INFO: Run Behavior\WriteHtmlCacheBehavior [ RunTime:0.000096s ]
INFO: [ view_filter ] --END-- [ RunTime:0.000121s ]
INFO: [ app_end ] --START--
INFO: Run Behavior\ShowPageTraceBehavior [ RunTime:0.000308s ]
INFO: [ app_end ] --END-- [ RunTime:0.000335s ]

[ 2017-12-24T21:58:02+08:00 ] 223.104.19.84 /sns.php?m=sns.php&c=forum&a=bbs
INFO: [ app_init ] --START--
INFO: Run Behavior\BuildLiteBehavior [ RunTime:0.000012s ]
INFO: [ app_init ] --END-- [ RunTime:0.000238s ]
INFO: [ app_begin ] --START--
INFO: Run Behavior\ReadHtmlCacheBehavior [ RunTime:0.000304s ]
INFO: Run Behavior\CheckLangBehavior [ RunTime:0.000250s ]
INFO: [ app_begin ] --END-- [ RunTime:0.000606s ]
SQL: SHOW COLUMNS FROM `fh_students_parent` [ RunTime:0.0005s ]
SQL: SELECT * FROM `fh_students_parent` WHERE ( parent_id = 2379 ) LIMIT 1   [ RunTime:0.0001s ]
SQL: SHOW COLUMNS FROM `fh_students` [ RunTime:0.0005s ]
SQL: SELECT `school_id` FROM `fh_students` WHERE ( student_id = 3565 ) LIMIT 1   [ RunTime:0.0002s ]
SQL: SHOW COLUMNS FROM `fh_forum` [ RunTime:0.0004s ]
SQL: SELECT * FROM `fh_forum` WHERE `school_id` = 17 AND `audit_status` = 1 ORDER BY add_time desc LIMIT 15   [ RunTime:0.0001s ]
SQL: SELECT `parent_avatar` FROM `fh_students_parent` WHERE `parent_id` = 2630 LIMIT 1   [ RunTime:0.0001s ]
SQL: SELECT `parent_name` FROM `fh_students_parent` WHERE `parent_id` = 2630 LIMIT 1   [ RunTime:0.0001s ]
SQL: SHOW COLUMNS FROM `fh_forum_comment` [ RunTime:0.0003s ]
SQL: SELECT COUNT(*) AS tp_count FROM `fh_forum_comment` WHERE `forum_id` = 100 LIMIT 1   [ RunTime:0.0001s ]
SQL: SELECT `parent_avatar` FROM `fh_students_parent` WHERE `parent_id` = 2630 LIMIT 1   [ RunTime:0.0001s ]
SQL: SELECT `parent_name` FROM `fh_students_parent` WHERE `parent_id` = 2630 LIMIT 1   [ RunTime:0.0001s ]
SQL: SELECT COUNT(*) AS tp_count FROM `fh_forum_comment` WHERE `forum_id` = 99 LIMIT 1   [ RunTime:0.0001s ]
SQL: SHOW COLUMNS FROM `fh_schools` [ RunTime:0.0006s ]
SQL: SELECT `school_name` FROM `fh_schools` WHERE `school_id` = 17 LIMIT 1   [ RunTime:0.0001s ]
SQL: SELECT COUNT(*) AS tp_count FROM `fh_students` WHERE `school_id` = 17 AND `is_paid` > 0 LIMIT 1   [ RunTime:0.0005s ]
SQL: SELECT `hit` FROM `fh_forum` WHERE `school_id` = 17  [ RunTime:0.0001s ]
INFO: [ view_parse ] --START--
INFO: [ template_filter ] --START--
INFO: Run Behavior\ContentReplaceBehavior [ RunTime:0.000052s ]
INFO: [ template_filter ] --END-- [ RunTime:0.000083s ]
NOTIC: [8] Undefined variable: fake_id /data/wwwroot/www.qihangbus.com/Application/Runtime/Cache/community/6220d5157c6cd6705003c05cee4c9462.php 第 49 行.
NOTIC: [8] Undefined variable: fake_id /data/wwwroot/www.qihangbus.com/Application/Runtime/Cache/community/6220d5157c6cd6705003c05cee4c9462.php 第 54 行.
NOTIC: [8] Undefined variable: fake_id /data/wwwroot/www.qihangbus.com/Application/Runtime/Cache/community/6220d5157c6cd6705003c05cee4c9462.php 第 66 行.
NOTIC: [8] Undefined variable: fake_id /data/wwwroot/www.qihangbus.com/Application/Runtime/Cache/community/6220d5157c6cd6705003c05cee4c9462.php 第 49 行.
NOTIC: [8] Undefined variable: fake_id /data/wwwroot/www.qihangbus.com/Application/Runtime/Cache/community/6220d5157c6cd6705003c05cee4c9462.php 第 54 行.
NOTIC: [8] Undefined variable: fake_id /data/wwwroot/www.qihangbus.com/Application/Runtime/Cache/community/6220d5157c6cd6705003c05cee4c9462.php 第 66 行.
NOTIC: [8] Undefined variable: fake_id /data/wwwroot/www.qihangbus.com/Application/Runtime/Cache/community/6220d5157c6cd6705003c05cee4c9462.php 第 96 行.
NOTIC: [8] Undefined variable: cate /data/wwwroot/www.qihangbus.com/Application/Runtime/Cache/community/6220d5157c6cd6705003c05cee4c9462.php 第 169 行.
NOTIC: [8] Undefined variable: number /data/wwwroot/www.qihangbus.com/Application/Runtime/Cache/community/6220d5157c6cd6705003c05cee4c9462.php 第 170 行.
INFO: Run Behavior\ParseTemplateBehavior [ RunTime:0.007177s ]
INFO: [ view_parse ] --END-- [ RunTime:0.007202s ]
INFO: [ view_filter ] --START--
INFO: Run Behavior\WriteHtmlCacheBehavior [ RunTime:0.000093s ]
INFO: [ view_filter ] --END-- [ RunTime:0.000116s ]
INFO: [ app_end ] --START--
INFO: Run Behavior\ShowPageTraceBehavior [ RunTime:0.000308s ]
INFO: [ app_end ] --END-- [ RunTime:0.000336s ]

[ 2017-12-24T21:58:15+08:00 ] 223.104.19.84 /sns.php?m=sns.php&c=Forum&a=bbs_info&id=99&school_id=17&user_id=2379&user_flag=1
INFO: [ app_init ] --START--
INFO: Run Behavior\BuildLiteBehavior [ RunTime:0.000011s ]
INFO: [ app_init ] --END-- [ RunTime:0.000257s ]
INFO: [ app_begin ] --START--
INFO: Run Behavior\ReadHtmlCacheBehavior [ RunTime:0.000304s ]
INFO: Run Behavior\CheckLangBehavior [ RunTime:0.000271s ]
INFO: [ app_begin ] --END-- [ RunTime:0.000629s ]
SQL: SHOW COLUMNS FROM `fh_forum` [ RunTime:0.0005s ]
SQL: UPDATE `fh_forum` SET `hit`=hit+1 WHERE `forum_id` = 99 [ RunTime:0.0003s ]
SQL: SHOW COLUMNS FROM `fh_forum_comment` [ RunTime:0.0004s ]
SQL: SELECT * FROM `fh_forum_comment` WHERE `forum_id` = 99 ORDER BY add_time desc  [ RunTime:0.0002s ]
NOTIC: [8] Undefined variable: data /data/wwwroot/www.qihangbus.com/Application/community/Controller/ForumController.class.php 第 152 行.
SQL: SELECT * FROM `fh_forum` WHERE `forum_id` = 99 LIMIT 1   [ RunTime:0.0002s ]
SQL: SHOW COLUMNS FROM `fh_forum` [ RunTime:0.0004s ]
SQL: SELECT f.*,p.parent_avatar as avatar,p.parent_name as name FROM fh_forum f left join fh_students_parent p on p.parent_id = f.user_id  WHERE `forum_id` = '99' LIMIT 1   [ RunTime:0.0002s ]
SQL: SHOW COLUMNS FROM `fh_forum_pic` [ RunTime:0.0003s ]
SQL: SELECT * FROM `fh_forum_pic` WHERE `forum_id` = 99  [ RunTime:0.0002s ]
INFO: [ view_parse ] --START--
INFO: [ template_filter ] --START--
INFO: Run Behavior\ContentReplaceBehavior [ RunTime:0.000048s ]
INFO: [ template_filter ] --END-- [ RunTime:0.000080s ]
INFO: Run Behavior\ParseTemplateBehavior [ RunTime:0.006321s ]
INFO: [ view_parse ] --END-- [ RunTime:0.006350s ]
INFO: [ view_filter ] --START--
INFO: Run Behavior\WriteHtmlCacheBehavior [ RunTime:0.000099s ]
INFO: [ view_filter ] --END-- [ RunTime:0.000122s ]
INFO: [ app_end ] --START--
INFO: Run Behavior\ShowPageTraceBehavior [ RunTime:0.000293s ]
INFO: [ app_end ] --END-- [ RunTime:0.000320s ]

[ 2017-12-24T21:58:23+08:00 ] 223.104.19.84 /sns.php?m=sns.php/forum.php&c=Forum&a=ajax_zan&forum_id=99
INFO: [ app_init ] --START--
INFO: Run Behavior\BuildLiteBehavior [ RunTime:0.000011s ]
INFO: [ app_init ] --END-- [ RunTime:0.000241s ]
INFO: [ app_begin ] --START--
INFO: Run Behavior\ReadHtmlCacheBehavior [ RunTime:0.000287s ]
INFO: Run Behavior\CheckLangBehavior [ RunTime:0.000250s ]
INFO: [ app_begin ] --END-- [ RunTime:0.000585s ]
SQL: SHOW COLUMNS FROM `fh_forum` [ RunTime:0.0005s ]
SQL: UPDATE `fh_forum` SET `zan`=zan+1 WHERE `forum_id` = 99 [ RunTime:0.0003s ]
INFO: [ app_end ] --START--
INFO: Run Behavior\ShowPageTraceBehavior [ RunTime:0.000370s ]
INFO: [ app_end ] --END-- [ RunTime:0.000402s ]

[ 2017-12-24T21:58:24+08:00 ] 223.104.19.84 /sns.php?m=sns.php/forum.php&c=Forum&a=ajax_zan&forum_id=99
INFO: [ app_init ] --START--
INFO: Run Behavior\BuildLiteBehavior [ RunTime:0.000010s ]
INFO: [ app_init ] --END-- [ RunTime:0.000249s ]
INFO: [ app_begin ] --START--
INFO: Run Behavior\ReadHtmlCacheBehavior [ RunTime:0.000292s ]
INFO: Run Behavior\CheckLangBehavior [ RunTime:0.000268s ]
INFO: [ app_begin ] --END-- [ RunTime:0.000609s ]
SQL: SHOW COLUMNS FROM `fh_forum` [ RunTime:0.0005s ]
SQL: UPDATE `fh_forum` SET `zan`=zan+1 WHERE `forum_id` = 99 [ RunTime:0.0002s ]
INFO: [ app_end ] --START--
INFO: Run Behavior\ShowPageTraceBehavior [ RunTime:0.000363s ]
INFO: [ app_end ] --END-- [ RunTime:0.000395s ]

[ 2017-12-24T21:58:24+08:00 ] 223.104.19.84 /sns.php?m=sns.php&c=Forum&a=bbs_info&id=99&school_id=17&user_id=2379&user_flag=1
INFO: [ app_init ] --START--
INFO: Run Behavior\BuildLiteBehavior [ RunTime:0.000010s ]
INFO: [ app_init ] --END-- [ RunTime:0.000232s ]
INFO: [ app_begin ] --START--
INFO: Run Behavior\ReadHtmlCacheBehavior [ RunTime:0.000310s ]
INFO: Run Behavior\CheckLangBehavior [ RunTime:0.000252s ]
INFO: [ app_begin ] --END-- [ RunTime:0.000618s ]
SQL: SHOW COLUMNS FROM `fh_forum` [ RunTime:0.0005s ]
SQL: UPDATE `fh_forum` SET `hit`=hit+1 WHERE `forum_id` = 99 [ RunTime:0.0003s ]
SQL: SHOW COLUMNS FROM `fh_forum_comment` [ RunTime:0.0003s ]
SQL: SELECT * FROM `fh_forum_comment` WHERE `forum_id` = 99 ORDER BY add_time desc  [ RunTime:0.0001s ]
NOTIC: [8] Undefined variable: data /data/wwwroot/www.qihangbus.com/Application/community/Controller/ForumController.class.php 第 152 行.
SQL: SELECT * FROM `fh_forum` WHERE `forum_id` = 99 LIMIT 1   [ RunTime:0.0002s ]
SQL: SHOW COLUMNS FROM `fh_forum` [ RunTime:0.0003s ]
SQL: SELECT f.*,p.parent_avatar as avatar,p.parent_name as name FROM fh_forum f left join fh_students_parent p on p.parent_id = f.user_id  WHERE `forum_id` = '99' LIMIT 1   [ RunTime:0.0002s ]
SQL: SHOW COLUMNS FROM `fh_forum_pic` [ RunTime:0.0003s ]
SQL: SELECT * FROM `fh_forum_pic` WHERE `forum_id` = 99  [ RunTime:0.0001s ]
INFO: [ view_parse ] --START--
INFO: [ template_filter ] --START--
INFO: Run Behavior\ContentReplaceBehavior [ RunTime:0.000043s ]
INFO: [ template_filter ] --END-- [ RunTime:0.000074s ]
INFO: Run Behavior\ParseTemplateBehavior [ RunTime:0.006448s ]
INFO: [ view_parse ] --END-- [ RunTime:0.006479s ]
INFO: [ view_filter ] --START--
INFO: Run Behavior\WriteHtmlCacheBehavior [ RunTime:0.000088s ]
INFO: [ view_filter ] --END-- [ RunTime:0.000112s ]
INFO: [ app_end ] --START--
INFO: Run Behavior\ShowPageTraceBehavior [ RunTime:0.000293s ]
INFO: [ app_end ] --END-- [ RunTime:0.000318s ]

[ 2017-12-24T22:02:45+08:00 ] 223.104.19.84 /sns.php?m=sns.php&c=forum&a=bbs
INFO: [ app_init ] --START--
INFO: Run Behavior\BuildLiteBehavior [ RunTime:0.000010s ]
INFO: [ app_init ] --END-- [ RunTime:0.000247s ]
INFO: [ app_begin ] --START--
INFO: Run Behavior\ReadHtmlCacheBehavior [ RunTime:0.000313s ]
INFO: Run Behavior\CheckLangBehavior [ RunTime:0.000249s ]
INFO: [ app_begin ] --END-- [ RunTime:0.000614s ]
SQL: SHOW COLUMNS FROM `fh_students_parent` [ RunTime:0.0007s ]
SQL: SELECT * FROM `fh_students_parent` WHERE ( parent_id = 2379 ) LIMIT 1   [ RunTime:0.0001s ]
SQL: SHOW COLUMNS FROM `fh_students` [ RunTime:0.0007s ]
SQL: SELECT `school_id` FROM `fh_students` WHERE ( student_id = 3565 ) LIMIT 1   [ RunTime:0.0001s ]
SQL: SHOW COLUMNS FROM `fh_forum` [ RunTime:0.0005s ]
SQL: SELECT * FROM `fh_forum` WHERE `school_id` = 17 AND `audit_status` = 1 ORDER BY add_time desc LIMIT 15   [ RunTime:0.0004s ]
SQL: SELECT `parent_avatar` FROM `fh_students_parent` WHERE `parent_id` = 2630 LIMIT 1   [ RunTime:0.0001s ]
SQL: SELECT `parent_name` FROM `fh_students_parent` WHERE `parent_id` = 2630 LIMIT 1   [ RunTime:0.0001s ]
SQL: SHOW COLUMNS FROM `fh_forum_comment` [ RunTime:0.0004s ]
SQL: SELECT COUNT(*) AS tp_count FROM `fh_forum_comment` WHERE `forum_id` = 100 LIMIT 1   [ RunTime:0.0001s ]
SQL: SELECT `parent_avatar` FROM `fh_students_parent` WHERE `parent_id` = 2630 LIMIT 1   [ RunTime:0.0001s ]
SQL: SELECT `parent_name` FROM `fh_students_parent` WHERE `parent_id` = 2630 LIMIT 1   [ RunTime:0.0001s ]
SQL: SELECT COUNT(*) AS tp_count FROM `fh_forum_comment` WHERE `forum_id` = 99 LIMIT 1   [ RunTime:0.0001s ]
SQL: SHOW COLUMNS FROM `fh_schools` [ RunTime:0.0008s ]
SQL: SELECT `school_name` FROM `fh_schools` WHERE `school_id` = 17 LIMIT 1   [ RunTime:0.0001s ]
SQL: SELECT COUNT(*) AS tp_count FROM `fh_students` WHERE `school_id` = 17 AND `is_paid` > 0 LIMIT 1   [ RunTime:0.0001s ]
SQL: SELECT `hit` FROM `fh_forum` WHERE `school_id` = 17  [ RunTime:0.0002s ]
INFO: [ view_parse ] --START--
INFO: [ template_filter ] --START--
INFO: Run Behavior\ContentReplaceBehavior [ RunTime:0.000052s ]
INFO: [ template_filter ] --END-- [ RunTime:0.000083s ]
NOTIC: [8] Undefined variable: fake_id /data/wwwroot/www.qihangbus.com/Application/Runtime/Cache/community/6220d5157c6cd6705003c05cee4c9462.php 第 49 行.
NOTIC: [8] Undefined variable: fake_id /data/wwwroot/www.qihangbus.com/Application/Runtime/Cache/community/6220d5157c6cd6705003c05cee4c9462.php 第 54 行.
NOTIC: [8] Undefined variable: fake_id /data/wwwroot/www.qihangbus.com/Application/Runtime/Cache/community/6220d5157c6cd6705003c05cee4c9462.php 第 66 行.
NOTIC: [8] Undefined variable: fake_id /data/wwwroot/www.qihangbus.com/Application/Runtime/Cache/community/6220d5157c6cd6705003c05cee4c9462.php 第 49 行.
NOTIC: [8] Undefined variable: fake_id /data/wwwroot/www.qihangbus.com/Application/Runtime/Cache/community/6220d5157c6cd6705003c05cee4c9462.php 第 54 行.
NOTIC: [8] Undefined variable: fake_id /data/wwwroot/www.qihangbus.com/Application/Runtime/Cache/community/6220d5157c6cd6705003c05cee4c9462.php 第 66 行.
NOTIC: [8] Undefined variable: fake_id /data/wwwroot/www.qihangbus.com/Application/Runtime/Cache/community/6220d5157c6cd6705003c05cee4c9462.php 第 96 行.
NOTIC: [8] Undefined variable: cate /data/wwwroot/www.qihangbus.com/Application/Runtime/Cache/community/6220d5157c6cd6705003c05cee4c9462.php 第 169 行.
NOTIC: [8] Undefined variable: number /data/wwwroot/www.qihangbus.com/Application/Runtime/Cache/community/6220d5157c6cd6705003c05cee4c9462.php 第 170 行.
INFO: Run Behavior\ParseTemplateBehavior [ RunTime:0.007196s ]
INFO: [ view_parse ] --END-- [ RunTime:0.007224s ]
INFO: [ view_filter ] --START--
INFO: Run Behavior\WriteHtmlCacheBehavior [ RunTime:0.000094s ]
INFO: [ view_filter ] --END-- [ RunTime:0.000117s ]
INFO: [ app_end ] --START--
INFO: Run Behavior\ShowPageTraceBehavior [ RunTime:0.000308s ]
INFO: [ app_end ] --END-- [ RunTime:0.000338s ]

