[ 2018-03-08T09:54:57+08:00 ] 127.0.0.1 /sns.php?m=sns.php&c=forum&a=bbs
INFO: [ app_init ] --START--
INFO: Run Behavior\BuildLiteBehavior [ RunTime:0.000000s ]
INFO: [ app_init ] --END-- [ RunTime:0.001000s ]
INFO: [ app_begin ] --START--
INFO: Run Behavior\ReadHtmlCacheBehavior [ RunTime:0.000000s ]
INFO: Run Behavior\CheckLangBehavior [ RunTime:0.001000s ]
INFO: [ app_begin ] --END-- [ RunTime:0.001000s ]
SQL: SHOW COLUMNS FROM `fh_students_parent` [ RunTime:0.0100s ]
SQL: SELECT * FROM `fh_students_parent` WHERE ( parent_id = 2328 ) LIMIT 1   [ RunTime:0.0000s ]
SQL: SHOW COLUMNS FROM `fh_students` [ RunTime:0.0090s ]
SQL: SELECT `school_id` FROM `fh_students` WHERE ( student_id = 1616 ) LIMIT 1   [ RunTime:0.0000s ]
SQL: SHOW COLUMNS FROM `fh_forum` [ RunTime:0.0300s ]
SQL: SELECT * FROM `fh_forum` WHERE `school_id` = 2 AND `audit_status` = 1 ORDER BY add_time desc LIMIT 15   [ RunTime:0.0130s ]
SQL: SELECT `parent_avatar` FROM `fh_students_parent` WHERE `parent_id` = 666 LIMIT 1   [ RunTime:0.0000s ]
SQL: SELECT `parent_name` FROM `fh_students_parent` WHERE `parent_id` = 666 LIMIT 1   [ RunTime:0.0000s ]
SQL: SHOW COLUMNS FROM `fh_forum_comment` [ RunTime:0.0100s ]
SQL: SELECT COUNT(*) AS tp_count FROM `fh_forum_comment` WHERE `forum_id` = 97 LIMIT 1   [ RunTime:0.0010s ]
SQL: SELECT `parent_avatar` FROM `fh_students_parent` WHERE `parent_id` = 1797 LIMIT 1   [ RunTime:0.0000s ]
SQL: SELECT `parent_name` FROM `fh_students_parent` WHERE `parent_id` = 1797 LIMIT 1   [ RunTime:0.0000s ]
SQL: SELECT COUNT(*) AS tp_count FROM `fh_forum_comment` WHERE `forum_id` = 93 LIMIT 1   [ RunTime:0.0010s ]
SQL: SELECT COUNT(*) AS tp_count FROM `fh_forum_comment` WHERE `forum_id` = 85 LIMIT 1   [ RunTime:0.0000s ]
SQL: SHOW COLUMNS FROM `fh_teacher` [ RunTime:0.0070s ]
SQL: SELECT `teacher_avatar` FROM `fh_teacher` WHERE `teacher_id` = 16 LIMIT 1   [ RunTime:0.0000s ]
SQL: SELECT `teacher_name` FROM `fh_teacher` WHERE `teacher_id` = 16 LIMIT 1   [ RunTime:0.0000s ]
SQL: SELECT COUNT(*) AS tp_count FROM `fh_forum_comment` WHERE `forum_id` = 83 LIMIT 1   [ RunTime:0.0000s ]
SQL: SELECT `teacher_avatar` FROM `fh_teacher` WHERE `teacher_id` = 16 LIMIT 1   [ RunTime:0.0010s ]
SQL: SELECT `teacher_name` FROM `fh_teacher` WHERE `teacher_id` = 16 LIMIT 1   [ RunTime:0.0000s ]
SQL: SELECT COUNT(*) AS tp_count FROM `fh_forum_comment` WHERE `forum_id` = 80 LIMIT 1   [ RunTime:0.0010s ]
SQL: SELECT `teacher_avatar` FROM `fh_teacher` WHERE `teacher_id` = 16 LIMIT 1   [ RunTime:0.0000s ]
SQL: SELECT `teacher_name` FROM `fh_teacher` WHERE `teacher_id` = 16 LIMIT 1   [ RunTime:0.0010s ]
SQL: SELECT COUNT(*) AS tp_count FROM `fh_forum_comment` WHERE `forum_id` = 79 LIMIT 1   [ RunTime:0.0000s ]
SQL: SELECT `parent_avatar` FROM `fh_students_parent` WHERE `parent_id` = 666 LIMIT 1   [ RunTime:0.0000s ]
SQL: SELECT `parent_name` FROM `fh_students_parent` WHERE `parent_id` = 666 LIMIT 1   [ RunTime:0.0010s ]
SQL: SELECT COUNT(*) AS tp_count FROM `fh_forum_comment` WHERE `forum_id` = 78 LIMIT 1   [ RunTime:0.0000s ]
SQL: SHOW COLUMNS FROM `fh_schools` [ RunTime:0.0070s ]
SQL: SELECT `teacher_avatar` FROM `fh_schools` WHERE `school_id` = 2 LIMIT 1   [ RunTime:0.0000s ]
SQL: SELECT `school_leader` FROM `fh_schools` WHERE `school_id` = 2 LIMIT 1   [ RunTime:0.0010s ]
SQL: SELECT COUNT(*) AS tp_count FROM `fh_forum_comment` WHERE `forum_id` = 77 LIMIT 1   [ RunTime:0.0000s ]
SQL: SELECT `parent_avatar` FROM `fh_students_parent` WHERE `parent_id` = 666 LIMIT 1   [ RunTime:0.0000s ]
SQL: SELECT `parent_name` FROM `fh_students_parent` WHERE `parent_id` = 666 LIMIT 1   [ RunTime:0.0000s ]
SQL: SELECT COUNT(*) AS tp_count FROM `fh_forum_comment` WHERE `forum_id` = 74 LIMIT 1   [ RunTime:0.0000s ]
SQL: SELECT COUNT(*) AS tp_count FROM `fh_forum_comment` WHERE `forum_id` = 67 LIMIT 1   [ RunTime:0.0010s ]
SQL: SELECT `teacher_avatar` FROM `fh_teacher` WHERE `teacher_id` = 16 LIMIT 1   [ RunTime:0.0000s ]
SQL: SELECT `teacher_name` FROM `fh_teacher` WHERE `teacher_id` = 16 LIMIT 1   [ RunTime:0.0000s ]
SQL: SELECT COUNT(*) AS tp_count FROM `fh_forum_comment` WHERE `forum_id` = 65 LIMIT 1   [ RunTime:0.0000s ]
SQL: SELECT `teacher_avatar` FROM `fh_teacher` WHERE `teacher_id` = 16 LIMIT 1   [ RunTime:0.0000s ]
SQL: SELECT `teacher_name` FROM `fh_teacher` WHERE `teacher_id` = 16 LIMIT 1   [ RunTime:0.0010s ]
SQL: SELECT COUNT(*) AS tp_count FROM `fh_forum_comment` WHERE `forum_id` = 64 LIMIT 1   [ RunTime:0.0000s ]
SQL: SELECT `parent_avatar` FROM `fh_students_parent` WHERE `parent_id` = 666 LIMIT 1   [ RunTime:0.0010s ]
SQL: SELECT `parent_name` FROM `fh_students_parent` WHERE `parent_id` = 666 LIMIT 1   [ RunTime:0.0000s ]
SQL: SELECT COUNT(*) AS tp_count FROM `fh_forum_comment` WHERE `forum_id` = 63 LIMIT 1   [ RunTime:0.0010s ]
SQL: SELECT COUNT(*) AS tp_count FROM `fh_forum_comment` WHERE `forum_id` = 62 LIMIT 1   [ RunTime:0.0000s ]
SQL: SELECT COUNT(*) AS tp_count FROM `fh_forum_comment` WHERE `forum_id` = 48 LIMIT 1   [ RunTime:0.0000s ]
SQL: SELECT `school_name` FROM `fh_schools` WHERE `school_id` = 2 LIMIT 1   [ RunTime:0.0000s ]
SQL: SELECT COUNT(*) AS tp_count FROM `fh_students` WHERE `school_id` = 2 AND `is_paid` > 0 LIMIT 1   [ RunTime:0.0100s ]
SQL: SELECT `hit` FROM `fh_forum` WHERE `school_id` = 2  [ RunTime:0.0010s ]
INFO: [ view_parse ] --START--
INFO: [ template_filter ] --START--
INFO: Run Behavior\ContentReplaceBehavior [ RunTime:0.000000s ]
INFO: [ template_filter ] --END-- [ RunTime:0.000000s ]
NOTIC: [8] Undefined variable: fake_id E:\Long\Code\www.qihangbus.com\Application\Runtime\Cache\community\6220d5157c6cd6705003c05cee4c9462.php 第 49 行.
NOTIC: [8] Undefined variable: fake_id E:\Long\Code\www.qihangbus.com\Application\Runtime\Cache\community\6220d5157c6cd6705003c05cee4c9462.php 第 54 行.
NOTIC: [8] Undefined variable: fake_id E:\Long\Code\www.qihangbus.com\Application\Runtime\Cache\community\6220d5157c6cd6705003c05cee4c9462.php 第 66 行.
NOTIC: [8] Undefined variable: fake_id E:\Long\Code\www.qihangbus.com\Application\Runtime\Cache\community\6220d5157c6cd6705003c05cee4c9462.php 第 49 行.
NOTIC: [8] Undefined variable: fake_id E:\Long\Code\www.qihangbus.com\Application\Runtime\Cache\community\6220d5157c6cd6705003c05cee4c9462.php 第 54 行.
NOTIC: [8] Undefined variable: fake_id E:\Long\Code\www.qihangbus.com\Application\Runtime\Cache\community\6220d5157c6cd6705003c05cee4c9462.php 第 66 行.
NOTIC: [8] Undefined variable: fake_id E:\Long\Code\www.qihangbus.com\Application\Runtime\Cache\community\6220d5157c6cd6705003c05cee4c9462.php 第 49 行.
NOTIC: [8] Undefined variable: fake_id E:\Long\Code\www.qihangbus.com\Application\Runtime\Cache\community\6220d5157c6cd6705003c05cee4c9462.php 第 54 行.
NOTIC: [8] Undefined variable: fake_id E:\Long\Code\www.qihangbus.com\Application\Runtime\Cache\community\6220d5157c6cd6705003c05cee4c9462.php 第 66 行.
NOTIC: [8] Undefined variable: fake_id E:\Long\Code\www.qihangbus.com\Application\Runtime\Cache\community\6220d5157c6cd6705003c05cee4c9462.php 第 49 行.
NOTIC: [8] Undefined variable: fake_id E:\Long\Code\www.qihangbus.com\Application\Runtime\Cache\community\6220d5157c6cd6705003c05cee4c9462.php 第 54 行.
NOTIC: [8] Undefined variable: fake_id E:\Long\Code\www.qihangbus.com\Application\Runtime\Cache\community\6220d5157c6cd6705003c05cee4c9462.php 第 66 行.
NOTIC: [8] Undefined variable: fake_id E:\Long\Code\www.qihangbus.com\Application\Runtime\Cache\community\6220d5157c6cd6705003c05cee4c9462.php 第 49 行.
NOTIC: [8] Undefined variable: fake_id E:\Long\Code\www.qihangbus.com\Application\Runtime\Cache\community\6220d5157c6cd6705003c05cee4c9462.php 第 54 行.
NOTIC: [8] Undefined variable: fake_id E:\Long\Code\www.qihangbus.com\Application\Runtime\Cache\community\6220d5157c6cd6705003c05cee4c9462.php 第 66 行.
NOTIC: [8] Undefined variable: fake_id E:\Long\Code\www.qihangbus.com\Application\Runtime\Cache\community\6220d5157c6cd6705003c05cee4c9462.php 第 49 行.
NOTIC: [8] Undefined variable: fake_id E:\Long\Code\www.qihangbus.com\Application\Runtime\Cache\community\6220d5157c6cd6705003c05cee4c9462.php 第 54 行.
NOTIC: [8] Undefined variable: fake_id E:\Long\Code\www.qihangbus.com\Application\Runtime\Cache\community\6220d5157c6cd6705003c05cee4c9462.php 第 66 行.
NOTIC: [8] Undefined variable: fake_id E:\Long\Code\www.qihangbus.com\Application\Runtime\Cache\community\6220d5157c6cd6705003c05cee4c9462.php 第 49 行.
NOTIC: [8] Undefined variable: fake_id E:\Long\Code\www.qihangbus.com\Application\Runtime\Cache\community\6220d5157c6cd6705003c05cee4c9462.php 第 54 行.
NOTIC: [8] Undefined variable: fake_id E:\Long\Code\www.qihangbus.com\Application\Runtime\Cache\community\6220d5157c6cd6705003c05cee4c9462.php 第 66 行.
NOTIC: [8] Undefined variable: fake_id E:\Long\Code\www.qihangbus.com\Application\Runtime\Cache\community\6220d5157c6cd6705003c05cee4c9462.php 第 49 行.
NOTIC: [8] Undefined variable: fake_id E:\Long\Code\www.qihangbus.com\Application\Runtime\Cache\community\6220d5157c6cd6705003c05cee4c9462.php 第 54 行.
NOTIC: [8] Undefined variable: fake_id E:\Long\Code\www.qihangbus.com\Application\Runtime\Cache\community\6220d5157c6cd6705003c05cee4c9462.php 第 66 行.
NOTIC: [8] Undefined variable: fake_id E:\Long\Code\www.qihangbus.com\Application\Runtime\Cache\community\6220d5157c6cd6705003c05cee4c9462.php 第 49 行.
NOTIC: [8] Undefined variable: fake_id E:\Long\Code\www.qihangbus.com\Application\Runtime\Cache\community\6220d5157c6cd6705003c05cee4c9462.php 第 54 行.
NOTIC: [8] Undefined variable: fake_id E:\Long\Code\www.qihangbus.com\Application\Runtime\Cache\community\6220d5157c6cd6705003c05cee4c9462.php 第 66 行.
NOTIC: [8] Undefined variable: fake_id E:\Long\Code\www.qihangbus.com\Application\Runtime\Cache\community\6220d5157c6cd6705003c05cee4c9462.php 第 49 行.
NOTIC: [8] Undefined variable: fake_id E:\Long\Code\www.qihangbus.com\Application\Runtime\Cache\community\6220d5157c6cd6705003c05cee4c9462.php 第 54 行.
NOTIC: [8] Undefined variable: fake_id E:\Long\Code\www.qihangbus.com\Application\Runtime\Cache\community\6220d5157c6cd6705003c05cee4c9462.php 第 66 行.
NOTIC: [8] Undefined variable: fake_id E:\Long\Code\www.qihangbus.com\Application\Runtime\Cache\community\6220d5157c6cd6705003c05cee4c9462.php 第 49 行.
NOTIC: [8] Undefined variable: fake_id E:\Long\Code\www.qihangbus.com\Application\Runtime\Cache\community\6220d5157c6cd6705003c05cee4c9462.php 第 54 行.
NOTIC: [8] Undefined variable: fake_id E:\Long\Code\www.qihangbus.com\Application\Runtime\Cache\community\6220d5157c6cd6705003c05cee4c9462.php 第 66 行.
NOTIC: [8] Undefined variable: fake_id E:\Long\Code\www.qihangbus.com\Application\Runtime\Cache\community\6220d5157c6cd6705003c05cee4c9462.php 第 49 行.
NOTIC: [8] Undefined variable: fake_id E:\Long\Code\www.qihangbus.com\Application\Runtime\Cache\community\6220d5157c6cd6705003c05cee4c9462.php 第 54 行.
NOTIC: [8] Undefined variable: fake_id E:\Long\Code\www.qihangbus.com\Application\Runtime\Cache\community\6220d5157c6cd6705003c05cee4c9462.php 第 66 行.
NOTIC: [8] Undefined variable: fake_id E:\Long\Code\www.qihangbus.com\Application\Runtime\Cache\community\6220d5157c6cd6705003c05cee4c9462.php 第 49 行.
NOTIC: [8] Undefined variable: fake_id E:\Long\Code\www.qihangbus.com\Application\Runtime\Cache\community\6220d5157c6cd6705003c05cee4c9462.php 第 54 行.
NOTIC: [8] Undefined variable: fake_id E:\Long\Code\www.qihangbus.com\Application\Runtime\Cache\community\6220d5157c6cd6705003c05cee4c9462.php 第 66 行.
NOTIC: [8] Undefined variable: fake_id E:\Long\Code\www.qihangbus.com\Application\Runtime\Cache\community\6220d5157c6cd6705003c05cee4c9462.php 第 49 行.
NOTIC: [8] Undefined variable: fake_id E:\Long\Code\www.qihangbus.com\Application\Runtime\Cache\community\6220d5157c6cd6705003c05cee4c9462.php 第 54 行.
NOTIC: [8] Undefined variable: fake_id E:\Long\Code\www.qihangbus.com\Application\Runtime\Cache\community\6220d5157c6cd6705003c05cee4c9462.php 第 66 行.
NOTIC: [8] Undefined variable: fake_id E:\Long\Code\www.qihangbus.com\Application\Runtime\Cache\community\6220d5157c6cd6705003c05cee4c9462.php 第 49 行.
NOTIC: [8] Undefined variable: fake_id E:\Long\Code\www.qihangbus.com\Application\Runtime\Cache\community\6220d5157c6cd6705003c05cee4c9462.php 第 54 行.
NOTIC: [8] Undefined variable: fake_id E:\Long\Code\www.qihangbus.com\Application\Runtime\Cache\community\6220d5157c6cd6705003c05cee4c9462.php 第 66 行.
NOTIC: [8] Undefined variable: fake_id E:\Long\Code\www.qihangbus.com\Application\Runtime\Cache\community\6220d5157c6cd6705003c05cee4c9462.php 第 96 行.
NOTIC: [8] Undefined variable: cate E:\Long\Code\www.qihangbus.com\Application\Runtime\Cache\community\6220d5157c6cd6705003c05cee4c9462.php 第 169 行.
NOTIC: [8] Undefined variable: number E:\Long\Code\www.qihangbus.com\Application\Runtime\Cache\community\6220d5157c6cd6705003c05cee4c9462.php 第 170 行.
INFO: Run Behavior\ParseTemplateBehavior [ RunTime:0.038002s ]
INFO: [ view_parse ] --END-- [ RunTime:0.038002s ]
INFO: [ view_filter ] --START--
INFO: Run Behavior\WriteHtmlCacheBehavior [ RunTime:0.000000s ]
INFO: [ view_filter ] --END-- [ RunTime:0.000000s ]
INFO: [ app_end ] --START--
INFO: Run Behavior\ShowPageTraceBehavior [ RunTime:0.000000s ]
INFO: [ app_end ] --END-- [ RunTime:0.000000s ]

[ 2018-03-08T10:02:23+08:00 ] 127.0.0.1 /sns.php?m=sns.php&c=Forum&a=bbs_info&id=97
INFO: [ app_init ] --START--
INFO: Run Behavior\BuildLiteBehavior [ RunTime:0.000000s ]
INFO: [ app_init ] --END-- [ RunTime:0.001000s ]
INFO: [ app_begin ] --START--
INFO: Run Behavior\ReadHtmlCacheBehavior [ RunTime:0.001000s ]
INFO: Run Behavior\CheckLangBehavior [ RunTime:0.001000s ]
INFO: [ app_begin ] --END-- [ RunTime:0.003000s ]
SQL: SHOW COLUMNS FROM `fh_forum` [ RunTime:0.0100s ]
SQL: UPDATE `fh_forum` SET `hit`=hit+1 WHERE `forum_id` = 97 [ RunTime:0.0010s ]
SQL: SHOW COLUMNS FROM `fh_forum_comment` [ RunTime:0.0090s ]
SQL: SELECT * FROM `fh_forum_comment` WHERE `forum_id` = 97 ORDER BY add_time desc  [ RunTime:0.0000s ]
NOTIC: [8] Undefined variable: data E:\Long\Code\www.qihangbus.com\Application\community\Controller\ForumController.class.php 第 152 行.
SQL: SELECT * FROM `fh_forum` WHERE `forum_id` = 97 LIMIT 1   [ RunTime:0.0010s ]
SQL: SHOW COLUMNS FROM `fh_forum` [ RunTime:0.0070s ]
SQL: SELECT f.*,p.parent_avatar as avatar,p.parent_name as name FROM fh_forum f left join fh_students_parent p on p.parent_id = f.user_id  WHERE `forum_id` = '97' LIMIT 1   [ RunTime:0.0010s ]
SQL: SHOW COLUMNS FROM `fh_forum_pic` [ RunTime:0.0270s ]
SQL: SELECT * FROM `fh_forum_pic` WHERE `forum_id` = 97  [ RunTime:0.0000s ]
INFO: [ view_parse ] --START--
INFO: [ template_filter ] --START--
INFO: Run Behavior\ContentReplaceBehavior [ RunTime:0.000000s ]
INFO: [ template_filter ] --END-- [ RunTime:0.000000s ]
INFO: Run Behavior\ParseTemplateBehavior [ RunTime:0.036003s ]
INFO: [ view_parse ] --END-- [ RunTime:0.037003s ]
INFO: [ view_filter ] --START--
INFO: Run Behavior\WriteHtmlCacheBehavior [ RunTime:0.000000s ]
INFO: [ view_filter ] --END-- [ RunTime:0.000000s ]
INFO: [ app_end ] --START--
INFO: Run Behavior\ShowPageTraceBehavior [ RunTime:0.002000s ]
INFO: [ app_end ] --END-- [ RunTime:0.002000s ]

[ 2018-03-08T10:02:32+08:00 ] 127.0.0.1 /sns.php?m=sns.php&c=Forum&a=send_forum&school_id=2&user_id=2328&user_flag=1
INFO: [ app_init ] --START--
INFO: Run Behavior\BuildLiteBehavior [ RunTime:0.000000s ]
INFO: [ app_init ] --END-- [ RunTime:0.000000s ]
INFO: [ app_begin ] --START--
INFO: Run Behavior\ReadHtmlCacheBehavior [ RunTime:0.001000s ]
INFO: Run Behavior\CheckLangBehavior [ RunTime:0.000000s ]
INFO: [ app_begin ] --END-- [ RunTime:0.001000s ]
INFO: [ view_parse ] --START--
INFO: [ template_filter ] --START--
INFO: Run Behavior\ContentReplaceBehavior [ RunTime:0.000000s ]
INFO: [ template_filter ] --END-- [ RunTime:0.000000s ]
NOTIC: [8] Undefined variable: fp_id E:\Long\Code\www.qihangbus.com\Application\Runtime\Cache\community\df04d838bcc975175d472c055981e7e5.php 第 111 行.
INFO: Run Behavior\ParseTemplateBehavior [ RunTime:0.006000s ]
INFO: [ view_parse ] --END-- [ RunTime:0.006000s ]
INFO: [ view_filter ] --START--
INFO: Run Behavior\WriteHtmlCacheBehavior [ RunTime:0.000000s ]
INFO: [ view_filter ] --END-- [ RunTime:0.000000s ]
INFO: [ app_end ] --START--
INFO: Run Behavior\ShowPageTraceBehavior [ RunTime:0.000000s ]
INFO: [ app_end ] --END-- [ RunTime:0.000000s ]

[ 2018-03-08T10:03:11+08:00 ] 127.0.0.1 /sns.php?m=sns.php&c=Forum&a=edit_handle
INFO: [ app_init ] --START--
INFO: Run Behavior\BuildLiteBehavior [ RunTime:0.000000s ]
INFO: [ app_init ] --END-- [ RunTime:0.000000s ]
INFO: [ app_begin ] --START--
INFO: Run Behavior\ReadHtmlCacheBehavior [ RunTime:0.000000s ]
INFO: Run Behavior\CheckLangBehavior [ RunTime:0.001000s ]
INFO: [ app_begin ] --END-- [ RunTime:0.001000s ]
SQL: SHOW COLUMNS FROM `fh_forum` [ RunTime:0.0090s ]
SQL: INSERT INTO `fh_forum` (`school_id`,`user_id`,`user_flag`,`title`,`add_time`,`description`,`content`,`audit_status`) VALUES ('2','2328','1','谁最帅','1520474591','我最帅','我最帅','1') [ RunTime:0.0120s ]
SQL: SHOW COLUMNS FROM `fh_forum_pic` [ RunTime:0.0090s ]
SQL: UPDATE `fh_forum_pic` SET `forum_id`='102' WHERE `fp_id` = 0 [ RunTime:0.0010s ]
NOTIC: [8] Undefined index: fake_id E:\Long\Code\www.qihangbus.com\Application\community\Controller\ForumController.class.php 第 230 行.
INFO: [ view_parse ] --START--
INFO: [ template_filter ] --START--
INFO: Run Behavior\ContentReplaceBehavior [ RunTime:0.000000s ]
INFO: [ template_filter ] --END-- [ RunTime:0.000000s ]
INFO: Run Behavior\ParseTemplateBehavior [ RunTime:0.024002s ]
INFO: [ view_parse ] --END-- [ RunTime:0.024002s ]
INFO: [ view_filter ] --START--
INFO: Run Behavior\WriteHtmlCacheBehavior [ RunTime:0.001000s ]
INFO: [ view_filter ] --END-- [ RunTime:0.001000s ]
INFO: [ app_end ] --START--
INFO: Run Behavior\ShowPageTraceBehavior [ RunTime:0.000000s ]
INFO: [ app_end ] --END-- [ RunTime:0.000000s ]

[ 2018-03-08T10:03:12+08:00 ] 127.0.0.1 /sns.php?m=sns.php&c=Forum&a=bbs&school_id=2&user_id=2328&user_flag=1
INFO: [ app_init ] --START--
INFO: Run Behavior\BuildLiteBehavior [ RunTime:0.000000s ]
INFO: [ app_init ] --END-- [ RunTime:0.000000s ]
INFO: [ app_begin ] --START--
INFO: Run Behavior\ReadHtmlCacheBehavior [ RunTime:0.001000s ]
INFO: Run Behavior\CheckLangBehavior [ RunTime:0.000000s ]
INFO: [ app_begin ] --END-- [ RunTime:0.001000s ]
SQL: SHOW COLUMNS FROM `fh_students_parent` [ RunTime:0.0080s ]
SQL: SELECT * FROM `fh_students_parent` WHERE ( parent_id = 2328 ) LIMIT 1   [ RunTime:0.0000s ]
SQL: SHOW COLUMNS FROM `fh_students` [ RunTime:0.0080s ]
SQL: SELECT `school_id` FROM `fh_students` WHERE ( student_id = 1616 ) LIMIT 1   [ RunTime:0.0010s ]
SQL: SHOW COLUMNS FROM `fh_forum` [ RunTime:0.0070s ]
SQL: SELECT * FROM `fh_forum` WHERE `school_id` = 2 AND `audit_status` = 1 ORDER BY add_time desc LIMIT 15   [ RunTime:0.0010s ]
SQL: SELECT `parent_avatar` FROM `fh_students_parent` WHERE `parent_id` = 2328 LIMIT 1   [ RunTime:0.0000s ]
SQL: SELECT `parent_name` FROM `fh_students_parent` WHERE `parent_id` = 2328 LIMIT 1   [ RunTime:0.0010s ]
SQL: SHOW COLUMNS FROM `fh_forum_comment` [ RunTime:0.0060s ]
SQL: SELECT COUNT(*) AS tp_count FROM `fh_forum_comment` WHERE `forum_id` = 102 LIMIT 1   [ RunTime:0.0010s ]
SQL: SELECT `parent_avatar` FROM `fh_students_parent` WHERE `parent_id` = 666 LIMIT 1   [ RunTime:0.0000s ]
SQL: SELECT `parent_name` FROM `fh_students_parent` WHERE `parent_id` = 666 LIMIT 1   [ RunTime:0.0010s ]
SQL: SELECT COUNT(*) AS tp_count FROM `fh_forum_comment` WHERE `forum_id` = 97 LIMIT 1   [ RunTime:0.0000s ]
SQL: SELECT `parent_avatar` FROM `fh_students_parent` WHERE `parent_id` = 1797 LIMIT 1   [ RunTime:0.0010s ]
SQL: SELECT `parent_name` FROM `fh_students_parent` WHERE `parent_id` = 1797 LIMIT 1   [ RunTime:0.0000s ]
SQL: SELECT COUNT(*) AS tp_count FROM `fh_forum_comment` WHERE `forum_id` = 93 LIMIT 1   [ RunTime:0.0000s ]
SQL: SELECT COUNT(*) AS tp_count FROM `fh_forum_comment` WHERE `forum_id` = 85 LIMIT 1   [ RunTime:0.0010s ]
SQL: SHOW COLUMNS FROM `fh_teacher` [ RunTime:0.0050s ]
SQL: SELECT `teacher_avatar` FROM `fh_teacher` WHERE `teacher_id` = 16 LIMIT 1   [ RunTime:0.0000s ]
SQL: SELECT `teacher_name` FROM `fh_teacher` WHERE `teacher_id` = 16 LIMIT 1   [ RunTime:0.0010s ]
SQL: SELECT COUNT(*) AS tp_count FROM `fh_forum_comment` WHERE `forum_id` = 83 LIMIT 1   [ RunTime:0.0000s ]
SQL: SELECT `teacher_avatar` FROM `fh_teacher` WHERE `teacher_id` = 16 LIMIT 1   [ RunTime:0.0010s ]
SQL: SELECT `teacher_name` FROM `fh_teacher` WHERE `teacher_id` = 16 LIMIT 1   [ RunTime:0.0000s ]
SQL: SELECT COUNT(*) AS tp_count FROM `fh_forum_comment` WHERE `forum_id` = 80 LIMIT 1   [ RunTime:0.0010s ]
SQL: SELECT `teacher_avatar` FROM `fh_teacher` WHERE `teacher_id` = 16 LIMIT 1   [ RunTime:0.0000s ]
SQL: SELECT `teacher_name` FROM `fh_teacher` WHERE `teacher_id` = 16 LIMIT 1   [ RunTime:0.0000s ]
SQL: SELECT COUNT(*) AS tp_count FROM `fh_forum_comment` WHERE `forum_id` = 79 LIMIT 1   [ RunTime:0.0010s ]
SQL: SELECT `parent_avatar` FROM `fh_students_parent` WHERE `parent_id` = 666 LIMIT 1   [ RunTime:0.0000s ]
SQL: SELECT `parent_name` FROM `fh_students_parent` WHERE `parent_id` = 666 LIMIT 1   [ RunTime:0.0010s ]
SQL: SELECT COUNT(*) AS tp_count FROM `fh_forum_comment` WHERE `forum_id` = 78 LIMIT 1   [ RunTime:0.0000s ]
SQL: SHOW COLUMNS FROM `fh_schools` [ RunTime:0.0070s ]
SQL: SELECT `teacher_avatar` FROM `fh_schools` WHERE `school_id` = 2 LIMIT 1   [ RunTime:0.0010s ]
SQL: SELECT `school_leader` FROM `fh_schools` WHERE `school_id` = 2 LIMIT 1   [ RunTime:0.0000s ]
SQL: SELECT COUNT(*) AS tp_count FROM `fh_forum_comment` WHERE `forum_id` = 77 LIMIT 1   [ RunTime:0.0000s ]
SQL: SELECT `parent_avatar` FROM `fh_students_parent` WHERE `parent_id` = 666 LIMIT 1   [ RunTime:0.0000s ]
SQL: SELECT `parent_name` FROM `fh_students_parent` WHERE `parent_id` = 666 LIMIT 1   [ RunTime:0.0000s ]
SQL: SELECT COUNT(*) AS tp_count FROM `fh_forum_comment` WHERE `forum_id` = 74 LIMIT 1   [ RunTime:0.0010s ]
SQL: SELECT COUNT(*) AS tp_count FROM `fh_forum_comment` WHERE `forum_id` = 67 LIMIT 1   [ RunTime:0.0000s ]
SQL: SELECT `teacher_avatar` FROM `fh_teacher` WHERE `teacher_id` = 16 LIMIT 1   [ RunTime:0.0000s ]
SQL: SELECT `teacher_name` FROM `fh_teacher` WHERE `teacher_id` = 16 LIMIT 1   [ RunTime:0.0010s ]
SQL: SELECT COUNT(*) AS tp_count FROM `fh_forum_comment` WHERE `forum_id` = 65 LIMIT 1   [ RunTime:0.0000s ]
SQL: SELECT `teacher_avatar` FROM `fh_teacher` WHERE `teacher_id` = 16 LIMIT 1   [ RunTime:0.0000s ]
SQL: SELECT `teacher_name` FROM `fh_teacher` WHERE `teacher_id` = 16 LIMIT 1   [ RunTime:0.0000s ]
SQL: SELECT COUNT(*) AS tp_count FROM `fh_forum_comment` WHERE `forum_id` = 64 LIMIT 1   [ RunTime:0.0000s ]
SQL: SELECT `parent_avatar` FROM `fh_students_parent` WHERE `parent_id` = 666 LIMIT 1   [ RunTime:0.0010s ]
SQL: SELECT `parent_name` FROM `fh_students_parent` WHERE `parent_id` = 666 LIMIT 1   [ RunTime:0.0000s ]
SQL: SELECT COUNT(*) AS tp_count FROM `fh_forum_comment` WHERE `forum_id` = 63 LIMIT 1   [ RunTime:0.0010s ]
SQL: SELECT COUNT(*) AS tp_count FROM `fh_forum_comment` WHERE `forum_id` = 62 LIMIT 1   [ RunTime:0.0000s ]
SQL: SELECT `school_name` FROM `fh_schools` WHERE `school_id` = 2 LIMIT 1   [ RunTime:0.0000s ]
SQL: SELECT COUNT(*) AS tp_count FROM `fh_students` WHERE `school_id` = 2 AND `is_paid` > 0 LIMIT 1   [ RunTime:0.0010s ]
SQL: SELECT `hit` FROM `fh_forum` WHERE `school_id` = 2  [ RunTime:0.0010s ]
INFO: [ view_parse ] --START--
INFO: [ template_filter ] --START--
INFO: Run Behavior\ContentReplaceBehavior [ RunTime:0.000000s ]
INFO: [ template_filter ] --END-- [ RunTime:0.000000s ]
NOTIC: [8] Undefined variable: fake_id E:\Long\Code\www.qihangbus.com\Application\Runtime\Cache\community\6220d5157c6cd6705003c05cee4c9462.php 第 49 行.
NOTIC: [8] Undefined variable: fake_id E:\Long\Code\www.qihangbus.com\Application\Runtime\Cache\community\6220d5157c6cd6705003c05cee4c9462.php 第 54 行.
NOTIC: [8] Undefined variable: fake_id E:\Long\Code\www.qihangbus.com\Application\Runtime\Cache\community\6220d5157c6cd6705003c05cee4c9462.php 第 66 行.
NOTIC: [8] Undefined variable: fake_id E:\Long\Code\www.qihangbus.com\Application\Runtime\Cache\community\6220d5157c6cd6705003c05cee4c9462.php 第 49 行.
NOTIC: [8] Undefined variable: fake_id E:\Long\Code\www.qihangbus.com\Application\Runtime\Cache\community\6220d5157c6cd6705003c05cee4c9462.php 第 54 行.
NOTIC: [8] Undefined variable: fake_id E:\Long\Code\www.qihangbus.com\Application\Runtime\Cache\community\6220d5157c6cd6705003c05cee4c9462.php 第 66 行.
NOTIC: [8] Undefined variable: fake_id E:\Long\Code\www.qihangbus.com\Application\Runtime\Cache\community\6220d5157c6cd6705003c05cee4c9462.php 第 49 行.
NOTIC: [8] Undefined variable: fake_id E:\Long\Code\www.qihangbus.com\Application\Runtime\Cache\community\6220d5157c6cd6705003c05cee4c9462.php 第 54 行.
NOTIC: [8] Undefined variable: fake_id E:\Long\Code\www.qihangbus.com\Application\Runtime\Cache\community\6220d5157c6cd6705003c05cee4c9462.php 第 66 行.
NOTIC: [8] Undefined variable: fake_id E:\Long\Code\www.qihangbus.com\Application\Runtime\Cache\community\6220d5157c6cd6705003c05cee4c9462.php 第 49 行.
NOTIC: [8] Undefined variable: fake_id E:\Long\Code\www.qihangbus.com\Application\Runtime\Cache\community\6220d5157c6cd6705003c05cee4c9462.php 第 54 行.
NOTIC: [8] Undefined variable: fake_id E:\Long\Code\www.qihangbus.com\Application\Runtime\Cache\community\6220d5157c6cd6705003c05cee4c9462.php 第 66 行.
NOTIC: [8] Undefined variable: fake_id E:\Long\Code\www.qihangbus.com\Application\Runtime\Cache\community\6220d5157c6cd6705003c05cee4c9462.php 第 49 行.
NOTIC: [8] Undefined variable: fake_id E:\Long\Code\www.qihangbus.com\Application\Runtime\Cache\community\6220d5157c6cd6705003c05cee4c9462.php 第 54 行.
NOTIC: [8] Undefined variable: fake_id E:\Long\Code\www.qihangbus.com\Application\Runtime\Cache\community\6220d5157c6cd6705003c05cee4c9462.php 第 66 行.
NOTIC: [8] Undefined variable: fake_id E:\Long\Code\www.qihangbus.com\Application\Runtime\Cache\community\6220d5157c6cd6705003c05cee4c9462.php 第 49 行.
NOTIC: [8] Undefined variable: fake_id E:\Long\Code\www.qihangbus.com\Application\Runtime\Cache\community\6220d5157c6cd6705003c05cee4c9462.php 第 54 行.
NOTIC: [8] Undefined variable: fake_id E:\Long\Code\www.qihangbus.com\Application\Runtime\Cache\community\6220d5157c6cd6705003c05cee4c9462.php 第 66 行.
NOTIC: [8] Undefined variable: fake_id E:\Long\Code\www.qihangbus.com\Application\Runtime\Cache\community\6220d5157c6cd6705003c05cee4c9462.php 第 49 行.
NOTIC: [8] Undefined variable: fake_id E:\Long\Code\www.qihangbus.com\Application\Runtime\Cache\community\6220d5157c6cd6705003c05cee4c9462.php 第 54 行.
NOTIC: [8] Undefined variable: fake_id E:\Long\Code\www.qihangbus.com\Application\Runtime\Cache\community\6220d5157c6cd6705003c05cee4c9462.php 第 66 行.
NOTIC: [8] Undefined variable: fake_id E:\Long\Code\www.qihangbus.com\Application\Runtime\Cache\community\6220d5157c6cd6705003c05cee4c9462.php 第 49 行.
NOTIC: [8] Undefined variable: fake_id E:\Long\Code\www.qihangbus.com\Application\Runtime\Cache\community\6220d5157c6cd6705003c05cee4c9462.php 第 54 行.
NOTIC: [8] Undefined variable: fake_id E:\Long\Code\www.qihangbus.com\Application\Runtime\Cache\community\6220d5157c6cd6705003c05cee4c9462.php 第 66 行.
NOTIC: [8] Undefined variable: fake_id E:\Long\Code\www.qihangbus.com\Application\Runtime\Cache\community\6220d5157c6cd6705003c05cee4c9462.php 第 49 行.
NOTIC: [8] Undefined variable: fake_id E:\Long\Code\www.qihangbus.com\Application\Runtime\Cache\community\6220d5157c6cd6705003c05cee4c9462.php 第 54 行.
NOTIC: [8] Undefined variable: fake_id E:\Long\Code\www.qihangbus.com\Application\Runtime\Cache\community\6220d5157c6cd6705003c05cee4c9462.php 第 66 行.
NOTIC: [8] Undefined variable: fake_id E:\Long\Code\www.qihangbus.com\Application\Runtime\Cache\community\6220d5157c6cd6705003c05cee4c9462.php 第 49 行.
NOTIC: [8] Undefined variable: fake_id E:\Long\Code\www.qihangbus.com\Application\Runtime\Cache\community\6220d5157c6cd6705003c05cee4c9462.php 第 54 行.
NOTIC: [8] Undefined variable: fake_id E:\Long\Code\www.qihangbus.com\Application\Runtime\Cache\community\6220d5157c6cd6705003c05cee4c9462.php 第 66 行.
NOTIC: [8] Undefined variable: fake_id E:\Long\Code\www.qihangbus.com\Application\Runtime\Cache\community\6220d5157c6cd6705003c05cee4c9462.php 第 49 行.
NOTIC: [8] Undefined variable: fake_id E:\Long\Code\www.qihangbus.com\Application\Runtime\Cache\community\6220d5157c6cd6705003c05cee4c9462.php 第 54 行.
NOTIC: [8] Undefined variable: fake_id E:\Long\Code\www.qihangbus.com\Application\Runtime\Cache\community\6220d5157c6cd6705003c05cee4c9462.php 第 66 行.
NOTIC: [8] Undefined variable: fake_id E:\Long\Code\www.qihangbus.com\Application\Runtime\Cache\community\6220d5157c6cd6705003c05cee4c9462.php 第 49 行.
NOTIC: [8] Undefined variable: fake_id E:\Long\Code\www.qihangbus.com\Application\Runtime\Cache\community\6220d5157c6cd6705003c05cee4c9462.php 第 54 行.
NOTIC: [8] Undefined variable: fake_id E:\Long\Code\www.qihangbus.com\Application\Runtime\Cache\community\6220d5157c6cd6705003c05cee4c9462.php 第 66 行.
NOTIC: [8] Undefined variable: fake_id E:\Long\Code\www.qihangbus.com\Application\Runtime\Cache\community\6220d5157c6cd6705003c05cee4c9462.php 第 49 行.
NOTIC: [8] Undefined variable: fake_id E:\Long\Code\www.qihangbus.com\Application\Runtime\Cache\community\6220d5157c6cd6705003c05cee4c9462.php 第 54 行.
NOTIC: [8] Undefined variable: fake_id E:\Long\Code\www.qihangbus.com\Application\Runtime\Cache\community\6220d5157c6cd6705003c05cee4c9462.php 第 66 行.
NOTIC: [8] Undefined variable: fake_id E:\Long\Code\www.qihangbus.com\Application\Runtime\Cache\community\6220d5157c6cd6705003c05cee4c9462.php 第 49 行.
NOTIC: [8] Undefined variable: fake_id E:\Long\Code\www.qihangbus.com\Application\Runtime\Cache\community\6220d5157c6cd6705003c05cee4c9462.php 第 54 行.
NOTIC: [8] Undefined variable: fake_id E:\Long\Code\www.qihangbus.com\Application\Runtime\Cache\community\6220d5157c6cd6705003c05cee4c9462.php 第 66 行.
NOTIC: [8] Undefined variable: fake_id E:\Long\Code\www.qihangbus.com\Application\Runtime\Cache\community\6220d5157c6cd6705003c05cee4c9462.php 第 49 行.
NOTIC: [8] Undefined variable: fake_id E:\Long\Code\www.qihangbus.com\Application\Runtime\Cache\community\6220d5157c6cd6705003c05cee4c9462.php 第 54 行.
NOTIC: [8] Undefined variable: fake_id E:\Long\Code\www.qihangbus.com\Application\Runtime\Cache\community\6220d5157c6cd6705003c05cee4c9462.php 第 66 行.
NOTIC: [8] Undefined variable: fake_id E:\Long\Code\www.qihangbus.com\Application\Runtime\Cache\community\6220d5157c6cd6705003c05cee4c9462.php 第 96 行.
NOTIC: [8] Undefined variable: cate E:\Long\Code\www.qihangbus.com\Application\Runtime\Cache\community\6220d5157c6cd6705003c05cee4c9462.php 第 169 行.
NOTIC: [8] Undefined variable: number E:\Long\Code\www.qihangbus.com\Application\Runtime\Cache\community\6220d5157c6cd6705003c05cee4c9462.php 第 170 行.
INFO: Run Behavior\ParseTemplateBehavior [ RunTime:0.016001s ]
INFO: [ view_parse ] --END-- [ RunTime:0.016001s ]
INFO: [ view_filter ] --START--
INFO: Run Behavior\WriteHtmlCacheBehavior [ RunTime:0.000000s ]
INFO: [ view_filter ] --END-- [ RunTime:0.000000s ]
INFO: [ app_end ] --START--
INFO: Run Behavior\ShowPageTraceBehavior [ RunTime:0.000000s ]
INFO: [ app_end ] --END-- [ RunTime:0.000000s ]

[ 2018-03-08T10:04:50+08:00 ] 127.0.0.1 /sns.php?m=sns.php&c=forum&a=bbs
INFO: [ app_init ] --START--
INFO: Run Behavior\BuildLiteBehavior [ RunTime:0.000000s ]
INFO: [ app_init ] --END-- [ RunTime:0.000000s ]
INFO: [ app_begin ] --START--
INFO: Run Behavior\ReadHtmlCacheBehavior [ RunTime:0.001000s ]
INFO: Run Behavior\CheckLangBehavior [ RunTime:0.000000s ]
INFO: [ app_begin ] --END-- [ RunTime:0.001000s ]
SQL: SHOW COLUMNS FROM `fh_teacher` [ RunTime:0.0080s ]
SQL: SELECT * FROM `fh_teacher` WHERE `teacher_id` = 16 LIMIT 1   [ RunTime:0.0010s ]
SQL: SHOW COLUMNS FROM `fh_forum` [ RunTime:0.0080s ]
SQL: SELECT * FROM `fh_forum` WHERE `school_id` = 2 AND `audit_status` = 1 ORDER BY add_time desc LIMIT 15   [ RunTime:0.0020s ]
SQL: SHOW COLUMNS FROM `fh_students_parent` [ RunTime:0.0080s ]
SQL: SELECT `parent_avatar` FROM `fh_students_parent` WHERE `parent_id` = 2328 LIMIT 1   [ RunTime:0.0010s ]
SQL: SELECT `parent_name` FROM `fh_students_parent` WHERE `parent_id` = 2328 LIMIT 1   [ RunTime:0.0000s ]
SQL: SHOW COLUMNS FROM `fh_forum_comment` [ RunTime:0.0080s ]
SQL: SELECT COUNT(*) AS tp_count FROM `fh_forum_comment` WHERE `forum_id` = 102 LIMIT 1   [ RunTime:0.0010s ]
SQL: SELECT `parent_avatar` FROM `fh_students_parent` WHERE `parent_id` = 666 LIMIT 1   [ RunTime:0.0000s ]
SQL: SELECT `parent_name` FROM `fh_students_parent` WHERE `parent_id` = 666 LIMIT 1   [ RunTime:0.0010s ]
SQL: SELECT COUNT(*) AS tp_count FROM `fh_forum_comment` WHERE `forum_id` = 97 LIMIT 1   [ RunTime:0.0010s ]
SQL: SELECT `parent_avatar` FROM `fh_students_parent` WHERE `parent_id` = 1797 LIMIT 1   [ RunTime:0.0000s ]
SQL: SELECT `parent_name` FROM `fh_students_parent` WHERE `parent_id` = 1797 LIMIT 1   [ RunTime:0.0010s ]
SQL: SELECT COUNT(*) AS tp_count FROM `fh_forum_comment` WHERE `forum_id` = 93 LIMIT 1   [ RunTime:0.0000s ]
SQL: SELECT COUNT(*) AS tp_count FROM `fh_forum_comment` WHERE `forum_id` = 85 LIMIT 1   [ RunTime:0.0000s ]
SQL: SELECT `teacher_avatar` FROM `fh_teacher` WHERE `teacher_id` = 16 LIMIT 1   [ RunTime:0.0010s ]
SQL: SELECT `teacher_name` FROM `fh_teacher` WHERE `teacher_id` = 16 LIMIT 1   [ RunTime:0.0000s ]
SQL: SELECT COUNT(*) AS tp_count FROM `fh_forum_comment` WHERE `forum_id` = 83 LIMIT 1   [ RunTime:0.0010s ]
SQL: SELECT `teacher_avatar` FROM `fh_teacher` WHERE `teacher_id` = 16 LIMIT 1   [ RunTime:0.0000s ]
SQL: SELECT `teacher_name` FROM `fh_teacher` WHERE `teacher_id` = 16 LIMIT 1   [ RunTime:0.0010s ]
SQL: SELECT COUNT(*) AS tp_count FROM `fh_forum_comment` WHERE `forum_id` = 80 LIMIT 1   [ RunTime:0.0000s ]
SQL: SELECT `teacher_avatar` FROM `fh_teacher` WHERE `teacher_id` = 16 LIMIT 1   [ RunTime:0.0000s ]
SQL: SELECT `teacher_name` FROM `fh_teacher` WHERE `teacher_id` = 16 LIMIT 1   [ RunTime:0.0010s ]
SQL: SELECT COUNT(*) AS tp_count FROM `fh_forum_comment` WHERE `forum_id` = 79 LIMIT 1   [ RunTime:0.0000s ]
SQL: SELECT `parent_avatar` FROM `fh_students_parent` WHERE `parent_id` = 666 LIMIT 1   [ RunTime:0.0010s ]
SQL: SELECT `parent_name` FROM `fh_students_parent` WHERE `parent_id` = 666 LIMIT 1   [ RunTime:0.0000s ]
SQL: SELECT COUNT(*) AS tp_count FROM `fh_forum_comment` WHERE `forum_id` = 78 LIMIT 1   [ RunTime:0.0000s ]
SQL: SHOW COLUMNS FROM `fh_schools` [ RunTime:0.0060s ]
SQL: SELECT `teacher_avatar` FROM `fh_schools` WHERE `school_id` = 2 LIMIT 1   [ RunTime:0.0000s ]
SQL: SELECT `school_leader` FROM `fh_schools` WHERE `school_id` = 2 LIMIT 1   [ RunTime:0.0000s ]
SQL: SELECT COUNT(*) AS tp_count FROM `fh_forum_comment` WHERE `forum_id` = 77 LIMIT 1   [ RunTime:0.0010s ]
SQL: SELECT `parent_avatar` FROM `fh_students_parent` WHERE `parent_id` = 666 LIMIT 1   [ RunTime:0.0000s ]
SQL: SELECT `parent_name` FROM `fh_students_parent` WHERE `parent_id` = 666 LIMIT 1   [ RunTime:0.0010s ]
SQL: SELECT COUNT(*) AS tp_count FROM `fh_forum_comment` WHERE `forum_id` = 74 LIMIT 1   [ RunTime:0.0000s ]
SQL: SELECT COUNT(*) AS tp_count FROM `fh_forum_comment` WHERE `forum_id` = 67 LIMIT 1   [ RunTime:0.0000s ]
SQL: SELECT `teacher_avatar` FROM `fh_teacher` WHERE `teacher_id` = 16 LIMIT 1   [ RunTime:0.0010s ]
SQL: SELECT `teacher_name` FROM `fh_teacher` WHERE `teacher_id` = 16 LIMIT 1   [ RunTime:0.0000s ]
SQL: SELECT COUNT(*) AS tp_count FROM `fh_forum_comment` WHERE `forum_id` = 65 LIMIT 1   [ RunTime:0.0010s ]
SQL: SELECT `teacher_avatar` FROM `fh_teacher` WHERE `teacher_id` = 16 LIMIT 1   [ RunTime:0.0000s ]
SQL: SELECT `teacher_name` FROM `fh_teacher` WHERE `teacher_id` = 16 LIMIT 1   [ RunTime:0.0000s ]
SQL: SELECT COUNT(*) AS tp_count FROM `fh_forum_comment` WHERE `forum_id` = 64 LIMIT 1   [ RunTime:0.0010s ]
SQL: SELECT `parent_avatar` FROM `fh_students_parent` WHERE `parent_id` = 666 LIMIT 1   [ RunTime:0.0000s ]
SQL: SELECT `parent_name` FROM `fh_students_parent` WHERE `parent_id` = 666 LIMIT 1   [ RunTime:0.0010s ]
SQL: SELECT COUNT(*) AS tp_count FROM `fh_forum_comment` WHERE `forum_id` = 63 LIMIT 1   [ RunTime:0.0000s ]
SQL: SELECT COUNT(*) AS tp_count FROM `fh_forum_comment` WHERE `forum_id` = 62 LIMIT 1   [ RunTime:0.0000s ]
SQL: SELECT `school_name` FROM `fh_schools` WHERE `school_id` = 2 LIMIT 1   [ RunTime:0.0010s ]
SQL: SHOW COLUMNS FROM `fh_students` [ RunTime:0.0060s ]
SQL: SELECT COUNT(*) AS tp_count FROM `fh_students` WHERE `school_id` = 2 AND `is_paid` > 0 LIMIT 1   [ RunTime:0.0010s ]
SQL: SELECT `hit` FROM `fh_forum` WHERE `school_id` = 2  [ RunTime:0.0010s ]
INFO: [ view_parse ] --START--
INFO: [ template_filter ] --START--
INFO: Run Behavior\ContentReplaceBehavior [ RunTime:0.000000s ]
INFO: [ template_filter ] --END-- [ RunTime:0.001000s ]
NOTIC: [8] Undefined variable: fake_id E:\Long\Code\www.qihangbus.com\Application\Runtime\Cache\community\6220d5157c6cd6705003c05cee4c9462.php 第 49 行.
NOTIC: [8] Undefined variable: fake_id E:\Long\Code\www.qihangbus.com\Application\Runtime\Cache\community\6220d5157c6cd6705003c05cee4c9462.php 第 54 行.
NOTIC: [8] Undefined variable: fake_id E:\Long\Code\www.qihangbus.com\Application\Runtime\Cache\community\6220d5157c6cd6705003c05cee4c9462.php 第 66 行.
NOTIC: [8] Undefined variable: fake_id E:\Long\Code\www.qihangbus.com\Application\Runtime\Cache\community\6220d5157c6cd6705003c05cee4c9462.php 第 49 行.
NOTIC: [8] Undefined variable: fake_id E:\Long\Code\www.qihangbus.com\Application\Runtime\Cache\community\6220d5157c6cd6705003c05cee4c9462.php 第 54 行.
NOTIC: [8] Undefined variable: fake_id E:\Long\Code\www.qihangbus.com\Application\Runtime\Cache\community\6220d5157c6cd6705003c05cee4c9462.php 第 66 行.
NOTIC: [8] Undefined variable: fake_id E:\Long\Code\www.qihangbus.com\Application\Runtime\Cache\community\6220d5157c6cd6705003c05cee4c9462.php 第 49 行.
NOTIC: [8] Undefined variable: fake_id E:\Long\Code\www.qihangbus.com\Application\Runtime\Cache\community\6220d5157c6cd6705003c05cee4c9462.php 第 54 行.
NOTIC: [8] Undefined variable: fake_id E:\Long\Code\www.qihangbus.com\Application\Runtime\Cache\community\6220d5157c6cd6705003c05cee4c9462.php 第 66 行.
NOTIC: [8] Undefined variable: fake_id E:\Long\Code\www.qihangbus.com\Application\Runtime\Cache\community\6220d5157c6cd6705003c05cee4c9462.php 第 49 行.
NOTIC: [8] Undefined variable: fake_id E:\Long\Code\www.qihangbus.com\Application\Runtime\Cache\community\6220d5157c6cd6705003c05cee4c9462.php 第 54 行.
NOTIC: [8] Undefined variable: fake_id E:\Long\Code\www.qihangbus.com\Application\Runtime\Cache\community\6220d5157c6cd6705003c05cee4c9462.php 第 66 行.
NOTIC: [8] Undefined variable: fake_id E:\Long\Code\www.qihangbus.com\Application\Runtime\Cache\community\6220d5157c6cd6705003c05cee4c9462.php 第 49 行.
NOTIC: [8] Undefined variable: fake_id E:\Long\Code\www.qihangbus.com\Application\Runtime\Cache\community\6220d5157c6cd6705003c05cee4c9462.php 第 54 行.
NOTIC: [8] Undefined variable: fake_id E:\Long\Code\www.qihangbus.com\Application\Runtime\Cache\community\6220d5157c6cd6705003c05cee4c9462.php 第 66 行.
NOTIC: [8] Undefined variable: fake_id E:\Long\Code\www.qihangbus.com\Application\Runtime\Cache\community\6220d5157c6cd6705003c05cee4c9462.php 第 49 行.
NOTIC: [8] Undefined variable: fake_id E:\Long\Code\www.qihangbus.com\Application\Runtime\Cache\community\6220d5157c6cd6705003c05cee4c9462.php 第 54 行.
NOTIC: [8] Undefined variable: fake_id E:\Long\Code\www.qihangbus.com\Application\Runtime\Cache\community\6220d5157c6cd6705003c05cee4c9462.php 第 66 行.
NOTIC: [8] Undefined variable: fake_id E:\Long\Code\www.qihangbus.com\Application\Runtime\Cache\community\6220d5157c6cd6705003c05cee4c9462.php 第 49 行.
NOTIC: [8] Undefined variable: fake_id E:\Long\Code\www.qihangbus.com\Application\Runtime\Cache\community\6220d5157c6cd6705003c05cee4c9462.php 第 54 行.
NOTIC: [8] Undefined variable: fake_id E:\Long\Code\www.qihangbus.com\Application\Runtime\Cache\community\6220d5157c6cd6705003c05cee4c9462.php 第 66 行.
NOTIC: [8] Undefined variable: fake_id E:\Long\Code\www.qihangbus.com\Application\Runtime\Cache\community\6220d5157c6cd6705003c05cee4c9462.php 第 49 行.
NOTIC: [8] Undefined variable: fake_id E:\Long\Code\www.qihangbus.com\Application\Runtime\Cache\community\6220d5157c6cd6705003c05cee4c9462.php 第 54 行.
NOTIC: [8] Undefined variable: fake_id E:\Long\Code\www.qihangbus.com\Application\Runtime\Cache\community\6220d5157c6cd6705003c05cee4c9462.php 第 66 行.
NOTIC: [8] Undefined variable: fake_id E:\Long\Code\www.qihangbus.com\Application\Runtime\Cache\community\6220d5157c6cd6705003c05cee4c9462.php 第 49 行.
NOTIC: [8] Undefined variable: fake_id E:\Long\Code\www.qihangbus.com\Application\Runtime\Cache\community\6220d5157c6cd6705003c05cee4c9462.php 第 54 行.
NOTIC: [8] Undefined variable: fake_id E:\Long\Code\www.qihangbus.com\Application\Runtime\Cache\community\6220d5157c6cd6705003c05cee4c9462.php 第 66 行.
NOTIC: [8] Undefined variable: fake_id E:\Long\Code\www.qihangbus.com\Application\Runtime\Cache\community\6220d5157c6cd6705003c05cee4c9462.php 第 49 行.
NOTIC: [8] Undefined variable: fake_id E:\Long\Code\www.qihangbus.com\Application\Runtime\Cache\community\6220d5157c6cd6705003c05cee4c9462.php 第 54 行.
NOTIC: [8] Undefined variable: fake_id E:\Long\Code\www.qihangbus.com\Application\Runtime\Cache\community\6220d5157c6cd6705003c05cee4c9462.php 第 66 行.
NOTIC: [8] Undefined variable: fake_id E:\Long\Code\www.qihangbus.com\Application\Runtime\Cache\community\6220d5157c6cd6705003c05cee4c9462.php 第 49 行.
NOTIC: [8] Undefined variable: fake_id E:\Long\Code\www.qihangbus.com\Application\Runtime\Cache\community\6220d5157c6cd6705003c05cee4c9462.php 第 54 行.
NOTIC: [8] Undefined variable: fake_id E:\Long\Code\www.qihangbus.com\Application\Runtime\Cache\community\6220d5157c6cd6705003c05cee4c9462.php 第 66 行.
NOTIC: [8] Undefined variable: fake_id E:\Long\Code\www.qihangbus.com\Application\Runtime\Cache\community\6220d5157c6cd6705003c05cee4c9462.php 第 49 行.
NOTIC: [8] Undefined variable: fake_id E:\Long\Code\www.qihangbus.com\Application\Runtime\Cache\community\6220d5157c6cd6705003c05cee4c9462.php 第 54 行.
NOTIC: [8] Undefined variable: fake_id E:\Long\Code\www.qihangbus.com\Application\Runtime\Cache\community\6220d5157c6cd6705003c05cee4c9462.php 第 66 行.
NOTIC: [8] Undefined variable: fake_id E:\Long\Code\www.qihangbus.com\Application\Runtime\Cache\community\6220d5157c6cd6705003c05cee4c9462.php 第 49 行.
NOTIC: [8] Undefined variable: fake_id E:\Long\Code\www.qihangbus.com\Application\Runtime\Cache\community\6220d5157c6cd6705003c05cee4c9462.php 第 54 行.
NOTIC: [8] Undefined variable: fake_id E:\Long\Code\www.qihangbus.com\Application\Runtime\Cache\community\6220d5157c6cd6705003c05cee4c9462.php 第 66 行.
NOTIC: [8] Undefined variable: fake_id E:\Long\Code\www.qihangbus.com\Application\Runtime\Cache\community\6220d5157c6cd6705003c05cee4c9462.php 第 49 行.
NOTIC: [8] Undefined variable: fake_id E:\Long\Code\www.qihangbus.com\Application\Runtime\Cache\community\6220d5157c6cd6705003c05cee4c9462.php 第 54 行.
NOTIC: [8] Undefined variable: fake_id E:\Long\Code\www.qihangbus.com\Application\Runtime\Cache\community\6220d5157c6cd6705003c05cee4c9462.php 第 66 行.
NOTIC: [8] Undefined variable: fake_id E:\Long\Code\www.qihangbus.com\Application\Runtime\Cache\community\6220d5157c6cd6705003c05cee4c9462.php 第 49 行.
NOTIC: [8] Undefined variable: fake_id E:\Long\Code\www.qihangbus.com\Application\Runtime\Cache\community\6220d5157c6cd6705003c05cee4c9462.php 第 54 行.
NOTIC: [8] Undefined variable: fake_id E:\Long\Code\www.qihangbus.com\Application\Runtime\Cache\community\6220d5157c6cd6705003c05cee4c9462.php 第 66 行.
NOTIC: [8] Undefined variable: fake_id E:\Long\Code\www.qihangbus.com\Application\Runtime\Cache\community\6220d5157c6cd6705003c05cee4c9462.php 第 96 行.
NOTIC: [8] Undefined variable: cate E:\Long\Code\www.qihangbus.com\Application\Runtime\Cache\community\6220d5157c6cd6705003c05cee4c9462.php 第 169 行.
NOTIC: [8] Undefined variable: number E:\Long\Code\www.qihangbus.com\Application\Runtime\Cache\community\6220d5157c6cd6705003c05cee4c9462.php 第 170 行.
INFO: Run Behavior\ParseTemplateBehavior [ RunTime:0.015001s ]
INFO: [ view_parse ] --END-- [ RunTime:0.015001s ]
INFO: [ view_filter ] --START--
INFO: Run Behavior\WriteHtmlCacheBehavior [ RunTime:0.001000s ]
INFO: [ view_filter ] --END-- [ RunTime:0.001000s ]
INFO: [ app_end ] --START--
INFO: Run Behavior\ShowPageTraceBehavior [ RunTime:0.000000s ]
INFO: [ app_end ] --END-- [ RunTime:0.000000s ]

[ 2018-03-08T10:04:56+08:00 ] 127.0.0.1 /sns.php?m=sns.php&c=Forum&a=bbs_info&id=102&school_id=2&user_id=16&user_flag=2
INFO: [ app_init ] --START--
INFO: Run Behavior\BuildLiteBehavior [ RunTime:0.000000s ]
INFO: [ app_init ] --END-- [ RunTime:0.000000s ]
INFO: [ app_begin ] --START--
INFO: Run Behavior\ReadHtmlCacheBehavior [ RunTime:0.000000s ]
INFO: Run Behavior\CheckLangBehavior [ RunTime:0.001000s ]
INFO: [ app_begin ] --END-- [ RunTime:0.001000s ]
SQL: SHOW COLUMNS FROM `fh_forum` [ RunTime:0.0090s ]
SQL: UPDATE `fh_forum` SET `hit`=hit+1 WHERE `forum_id` = 102 [ RunTime:0.0010s ]
SQL: SHOW COLUMNS FROM `fh_forum_comment` [ RunTime:0.0090s ]
SQL: SELECT * FROM `fh_forum_comment` WHERE `forum_id` = 102 ORDER BY add_time desc  [ RunTime:0.0000s ]
NOTIC: [8] Undefined variable: data E:\Long\Code\www.qihangbus.com\Application\community\Controller\ForumController.class.php 第 152 行.
SQL: SELECT * FROM `fh_forum` WHERE `forum_id` = 102 LIMIT 1   [ RunTime:0.0000s ]
SQL: SHOW COLUMNS FROM `fh_forum` [ RunTime:0.0090s ]
SQL: SELECT f.*,p.parent_avatar as avatar,p.parent_name as name FROM fh_forum f left join fh_students_parent p on p.parent_id = f.user_id  WHERE `forum_id` = '102' LIMIT 1   [ RunTime:0.0000s ]
SQL: SHOW COLUMNS FROM `fh_forum_pic` [ RunTime:0.0060s ]
SQL: SELECT * FROM `fh_forum_pic` WHERE `forum_id` = 102  [ RunTime:0.0010s ]
INFO: [ view_parse ] --START--
INFO: [ template_filter ] --START--
INFO: Run Behavior\ContentReplaceBehavior [ RunTime:0.000000s ]
INFO: [ template_filter ] --END-- [ RunTime:0.000000s ]
INFO: Run Behavior\ParseTemplateBehavior [ RunTime:0.008000s ]
INFO: [ view_parse ] --END-- [ RunTime:0.008000s ]
INFO: [ view_filter ] --START--
INFO: Run Behavior\WriteHtmlCacheBehavior [ RunTime:0.000000s ]
INFO: [ view_filter ] --END-- [ RunTime:0.000000s ]
INFO: [ app_end ] --START--
INFO: Run Behavior\ShowPageTraceBehavior [ RunTime:0.000000s ]
INFO: [ app_end ] --END-- [ RunTime:0.000000s ]

[ 2018-03-08T10:04:58+08:00 ] 127.0.0.1 /sns.php?m=sns.php&c=Forum&a=show_comments&id=102&user_id=16&user_flag=2&school_id=2&fake_id=
INFO: [ app_init ] --START--
INFO: Run Behavior\BuildLiteBehavior [ RunTime:0.000000s ]
INFO: [ app_init ] --END-- [ RunTime:0.000000s ]
INFO: [ app_begin ] --START--
INFO: Run Behavior\ReadHtmlCacheBehavior [ RunTime:0.000000s ]
INFO: Run Behavior\CheckLangBehavior [ RunTime:0.000000s ]
INFO: [ app_begin ] --END-- [ RunTime:0.000000s ]
SQL: SHOW COLUMNS FROM `fh_forum` [ RunTime:0.0080s ]
SQL: SELECT `user_flag` FROM `fh_forum` WHERE `forum_id` = 102 LIMIT 1   [ RunTime:0.0000s ]
SQL: SELECT `user_id` FROM `fh_forum` WHERE `forum_id` = 102 LIMIT 1   [ RunTime:0.0000s ]
SQL: SHOW COLUMNS FROM `fh_schools` [ RunTime:0.0080s ]
SQL: SELECT `school_teacher` FROM `fh_schools` WHERE `school_id` = 2328 LIMIT 1   [ RunTime:0.0000s ]
SQL: SELECT `school_name` FROM `fh_schools` WHERE `school_id` = 2 LIMIT 1   [ RunTime:0.0000s ]
INFO: [ view_parse ] --START--
INFO: [ template_filter ] --START--
INFO: Run Behavior\ContentReplaceBehavior [ RunTime:0.000000s ]
INFO: [ template_filter ] --END-- [ RunTime:0.000000s ]
INFO: Run Behavior\ParseTemplateBehavior [ RunTime:0.032002s ]
INFO: [ view_parse ] --END-- [ RunTime:0.032002s ]
INFO: [ view_filter ] --START--
INFO: Run Behavior\WriteHtmlCacheBehavior [ RunTime:0.000000s ]
INFO: [ view_filter ] --END-- [ RunTime:0.000000s ]
INFO: [ app_end ] --START--
INFO: Run Behavior\ShowPageTraceBehavior [ RunTime:0.000000s ]
INFO: [ app_end ] --END-- [ RunTime:0.000000s ]

[ 2018-03-08T10:05:09+08:00 ] 127.0.0.1 /sns.php?m=sns.php&c=Forum&a=comments_handle
INFO: [ app_init ] --START--
INFO: Run Behavior\BuildLiteBehavior [ RunTime:0.000000s ]
INFO: [ app_init ] --END-- [ RunTime:0.000000s ]
INFO: [ app_begin ] --START--
INFO: Run Behavior\ReadHtmlCacheBehavior [ RunTime:0.000000s ]
INFO: Run Behavior\CheckLangBehavior [ RunTime:0.001000s ]
INFO: [ app_begin ] --END-- [ RunTime:0.001000s ]
SQL: SHOW COLUMNS FROM `fh_forum_comment` [ RunTime:0.0090s ]
SQL: INSERT INTO `fh_forum_comment` (`forum_id`,`user_id`,`user_flag`,`add_time`,`content`) VALUES ('102','16','2','1520474709','你真的好帅') [ RunTime:0.0120s ]
NOTIC: [8] Undefined index: fake_id E:\Long\Code\www.qihangbus.com\Application\community\Controller\ForumController.class.php 第 296 行.
INFO: [ view_parse ] --START--
INFO: [ template_filter ] --START--
INFO: Run Behavior\ContentReplaceBehavior [ RunTime:0.000000s ]
INFO: [ template_filter ] --END-- [ RunTime:0.000000s ]
INFO: Run Behavior\ParseTemplateBehavior [ RunTime:0.005000s ]
INFO: [ view_parse ] --END-- [ RunTime:0.005000s ]
INFO: [ view_filter ] --START--
INFO: Run Behavior\WriteHtmlCacheBehavior [ RunTime:0.000000s ]
INFO: [ view_filter ] --END-- [ RunTime:0.000000s ]
INFO: [ app_end ] --START--
INFO: Run Behavior\ShowPageTraceBehavior [ RunTime:0.000000s ]
INFO: [ app_end ] --END-- [ RunTime:0.001000s ]

[ 2018-03-08T10:05:11+08:00 ] 127.0.0.1 /sns.php?m=sns.php&c=Forum&a=bbs_info&id=102&school_id=2&user_id=16&user_flag=2
INFO: [ app_init ] --START--
INFO: Run Behavior\BuildLiteBehavior [ RunTime:0.000000s ]
INFO: [ app_init ] --END-- [ RunTime:0.000000s ]
INFO: [ app_begin ] --START--
INFO: Run Behavior\ReadHtmlCacheBehavior [ RunTime:0.000000s ]
INFO: Run Behavior\CheckLangBehavior [ RunTime:0.000000s ]
INFO: [ app_begin ] --END-- [ RunTime:0.000000s ]
SQL: SHOW COLUMNS FROM `fh_forum` [ RunTime:0.0080s ]
SQL: UPDATE `fh_forum` SET `hit`=hit+1 WHERE `forum_id` = 102 [ RunTime:0.0010s ]
SQL: SHOW COLUMNS FROM `fh_forum_comment` [ RunTime:0.0070s ]
SQL: SELECT * FROM `fh_forum_comment` WHERE `forum_id` = 102 ORDER BY add_time desc  [ RunTime:0.0000s ]
SQL: SHOW COLUMNS FROM `fh_forum_comment` [ RunTime:0.0080s ]
SQL: SELECT fc.*,t.teacher_name as name,t.teacher_avatar as avatar FROM fh_forum_comment fc left join fh_teacher t on t.teacher_id = fc.user_id  WHERE `fc_id` = '40' LIMIT 1   [ RunTime:0.0010s ]
SQL: SELECT * FROM `fh_forum` WHERE `forum_id` = 102 LIMIT 1   [ RunTime:0.0010s ]
SQL: SHOW COLUMNS FROM `fh_forum` [ RunTime:0.0070s ]
SQL: SELECT f.*,p.parent_avatar as avatar,p.parent_name as name FROM fh_forum f left join fh_students_parent p on p.parent_id = f.user_id  WHERE `forum_id` = '102' LIMIT 1   [ RunTime:0.0000s ]
SQL: SHOW COLUMNS FROM `fh_forum_pic` [ RunTime:0.0070s ]
SQL: SELECT * FROM `fh_forum_pic` WHERE `forum_id` = 102  [ RunTime:0.0010s ]
INFO: [ view_parse ] --START--
INFO: [ template_filter ] --START--
INFO: Run Behavior\ContentReplaceBehavior [ RunTime:0.000000s ]
INFO: [ template_filter ] --END-- [ RunTime:0.000000s ]
NOTIC: [8] Undefined index: title E:\Long\Code\www.qihangbus.com\Application\Runtime\Cache\community\bf04a05843e69df84545330ab6c188b9.php 第 80 行.
NOTIC: [8] Undefined index: cate_name E:\Long\Code\www.qihangbus.com\Application\Runtime\Cache\community\bf04a05843e69df84545330ab6c188b9.php 第 85 行.
INFO: Run Behavior\ParseTemplateBehavior [ RunTime:0.010001s ]
INFO: [ view_parse ] --END-- [ RunTime:0.011001s ]
INFO: [ view_filter ] --START--
INFO: Run Behavior\WriteHtmlCacheBehavior [ RunTime:0.000000s ]
INFO: [ view_filter ] --END-- [ RunTime:0.000000s ]
INFO: [ app_end ] --START--
INFO: Run Behavior\ShowPageTraceBehavior [ RunTime:0.000000s ]
INFO: [ app_end ] --END-- [ RunTime:0.000000s ]

[ 2018-03-08T10:48:13+08:00 ] 127.0.0.1 /sns.php?m=sns.php&c=Forum&a=bbs&user_id=16&user_flag=2&school_id=2&fake_id=
INFO: [ app_init ] --START--
INFO: Run Behavior\BuildLiteBehavior [ RunTime:0.000000s ]
INFO: [ app_init ] --END-- [ RunTime:0.001000s ]
INFO: [ app_begin ] --START--
INFO: Run Behavior\ReadHtmlCacheBehavior [ RunTime:0.001000s ]
INFO: Run Behavior\CheckLangBehavior [ RunTime:0.001000s ]
INFO: [ app_begin ] --END-- [ RunTime:0.002000s ]
SQL: SHOW COLUMNS FROM `fh_teacher` [ RunTime:0.0090s ]
SQL: SELECT * FROM `fh_teacher` WHERE `teacher_id` = 16 LIMIT 1   [ RunTime:0.0010s ]
SQL: SHOW COLUMNS FROM `fh_forum` [ RunTime:0.0100s ]
SQL: SELECT * FROM `fh_forum` WHERE `school_id` = 2 AND `audit_status` = 1 ORDER BY add_time desc LIMIT 15   [ RunTime:0.0010s ]
SQL: SHOW COLUMNS FROM `fh_students_parent` [ RunTime:0.0070s ]
SQL: SELECT `parent_avatar` FROM `fh_students_parent` WHERE `parent_id` = 2328 LIMIT 1   [ RunTime:0.0010s ]
SQL: SELECT `parent_name` FROM `fh_students_parent` WHERE `parent_id` = 2328 LIMIT 1   [ RunTime:0.0000s ]
SQL: SHOW COLUMNS FROM `fh_forum_comment` [ RunTime:0.0080s ]
SQL: SELECT COUNT(*) AS tp_count FROM `fh_forum_comment` WHERE `forum_id` = 102 LIMIT 1   [ RunTime:0.0000s ]
SQL: SELECT `parent_avatar` FROM `fh_students_parent` WHERE `parent_id` = 666 LIMIT 1   [ RunTime:0.0000s ]
SQL: SELECT `parent_name` FROM `fh_students_parent` WHERE `parent_id` = 666 LIMIT 1   [ RunTime:0.0000s ]
SQL: SELECT COUNT(*) AS tp_count FROM `fh_forum_comment` WHERE `forum_id` = 97 LIMIT 1   [ RunTime:0.0000s ]
SQL: SELECT `parent_avatar` FROM `fh_students_parent` WHERE `parent_id` = 1797 LIMIT 1   [ RunTime:0.0000s ]
SQL: SELECT `parent_name` FROM `fh_students_parent` WHERE `parent_id` = 1797 LIMIT 1   [ RunTime:0.0000s ]
SQL: SELECT COUNT(*) AS tp_count FROM `fh_forum_comment` WHERE `forum_id` = 93 LIMIT 1   [ RunTime:0.0000s ]
SQL: SELECT COUNT(*) AS tp_count FROM `fh_forum_comment` WHERE `forum_id` = 85 LIMIT 1   [ RunTime:0.0000s ]
SQL: SELECT `teacher_avatar` FROM `fh_teacher` WHERE `teacher_id` = 16 LIMIT 1   [ RunTime:0.0010s ]
SQL: SELECT `teacher_name` FROM `fh_teacher` WHERE `teacher_id` = 16 LIMIT 1   [ RunTime:0.0000s ]
SQL: SELECT COUNT(*) AS tp_count FROM `fh_forum_comment` WHERE `forum_id` = 83 LIMIT 1   [ RunTime:0.0010s ]
SQL: SELECT `teacher_avatar` FROM `fh_teacher` WHERE `teacher_id` = 16 LIMIT 1   [ RunTime:0.0000s ]
SQL: SELECT `teacher_name` FROM `fh_teacher` WHERE `teacher_id` = 16 LIMIT 1   [ RunTime:0.0010s ]
SQL: SELECT COUNT(*) AS tp_count FROM `fh_forum_comment` WHERE `forum_id` = 80 LIMIT 1   [ RunTime:0.0000s ]
SQL: SELECT `teacher_avatar` FROM `fh_teacher` WHERE `teacher_id` = 16 LIMIT 1   [ RunTime:0.0000s ]
SQL: SELECT `teacher_name` FROM `fh_teacher` WHERE `teacher_id` = 16 LIMIT 1   [ RunTime:0.0000s ]
SQL: SELECT COUNT(*) AS tp_count FROM `fh_forum_comment` WHERE `forum_id` = 79 LIMIT 1   [ RunTime:0.0000s ]
SQL: SELECT `parent_avatar` FROM `fh_students_parent` WHERE `parent_id` = 666 LIMIT 1   [ RunTime:0.0000s ]
SQL: SELECT `parent_name` FROM `fh_students_parent` WHERE `parent_id` = 666 LIMIT 1   [ RunTime:0.0000s ]
SQL: SELECT COUNT(*) AS tp_count FROM `fh_forum_comment` WHERE `forum_id` = 78 LIMIT 1   [ RunTime:0.0010s ]
SQL: SHOW COLUMNS FROM `fh_schools` [ RunTime:0.0080s ]
SQL: SELECT `teacher_avatar` FROM `fh_schools` WHERE `school_id` = 2 LIMIT 1   [ RunTime:0.0010s ]
SQL: SELECT `school_leader` FROM `fh_schools` WHERE `school_id` = 2 LIMIT 1   [ RunTime:0.0000s ]
SQL: SELECT COUNT(*) AS tp_count FROM `fh_forum_comment` WHERE `forum_id` = 77 LIMIT 1   [ RunTime:0.0000s ]
SQL: SELECT `parent_avatar` FROM `fh_students_parent` WHERE `parent_id` = 666 LIMIT 1   [ RunTime:0.0000s ]
SQL: SELECT `parent_name` FROM `fh_students_parent` WHERE `parent_id` = 666 LIMIT 1   [ RunTime:0.0010s ]
SQL: SELECT COUNT(*) AS tp_count FROM `fh_forum_comment` WHERE `forum_id` = 74 LIMIT 1   [ RunTime:0.0000s ]
SQL: SELECT COUNT(*) AS tp_count FROM `fh_forum_comment` WHERE `forum_id` = 67 LIMIT 1   [ RunTime:0.0010s ]
SQL: SELECT `teacher_avatar` FROM `fh_teacher` WHERE `teacher_id` = 16 LIMIT 1   [ RunTime:0.0000s ]
SQL: SELECT `teacher_name` FROM `fh_teacher` WHERE `teacher_id` = 16 LIMIT 1   [ RunTime:0.0010s ]
SQL: SELECT COUNT(*) AS tp_count FROM `fh_forum_comment` WHERE `forum_id` = 65 LIMIT 1   [ RunTime:0.0000s ]
SQL: SELECT `teacher_avatar` FROM `fh_teacher` WHERE `teacher_id` = 16 LIMIT 1   [ RunTime:0.0010s ]
SQL: SELECT `teacher_name` FROM `fh_teacher` WHERE `teacher_id` = 16 LIMIT 1   [ RunTime:0.0000s ]
SQL: SELECT COUNT(*) AS tp_count FROM `fh_forum_comment` WHERE `forum_id` = 64 LIMIT 1   [ RunTime:0.0010s ]
SQL: SELECT `parent_avatar` FROM `fh_students_parent` WHERE `parent_id` = 666 LIMIT 1   [ RunTime:0.0000s ]
SQL: SELECT `parent_name` FROM `fh_students_parent` WHERE `parent_id` = 666 LIMIT 1   [ RunTime:0.0010s ]
SQL: SELECT COUNT(*) AS tp_count FROM `fh_forum_comment` WHERE `forum_id` = 63 LIMIT 1   [ RunTime:0.0000s ]
SQL: SELECT COUNT(*) AS tp_count FROM `fh_forum_comment` WHERE `forum_id` = 62 LIMIT 1   [ RunTime:0.0010s ]
SQL: SELECT `school_name` FROM `fh_schools` WHERE `school_id` = 2 LIMIT 1   [ RunTime:0.0000s ]
SQL: SHOW COLUMNS FROM `fh_students` [ RunTime:0.0080s ]
SQL: SELECT COUNT(*) AS tp_count FROM `fh_students` WHERE `school_id` = 2 AND `is_paid` > 0 LIMIT 1   [ RunTime:0.0010s ]
SQL: SELECT `hit` FROM `fh_forum` WHERE `school_id` = 2  [ RunTime:0.0010s ]
INFO: [ view_parse ] --START--
INFO: [ template_filter ] --START--
INFO: Run Behavior\ContentReplaceBehavior [ RunTime:0.000000s ]
INFO: [ template_filter ] --END-- [ RunTime:0.000000s ]
NOTIC: [8] Undefined variable: fake_id E:\Long\Code\www.qihangbus.com\Application\Runtime\Cache\community\6220d5157c6cd6705003c05cee4c9462.php 第 49 行.
NOTIC: [8] Undefined variable: fake_id E:\Long\Code\www.qihangbus.com\Application\Runtime\Cache\community\6220d5157c6cd6705003c05cee4c9462.php 第 54 行.
NOTIC: [8] Undefined variable: fake_id E:\Long\Code\www.qihangbus.com\Application\Runtime\Cache\community\6220d5157c6cd6705003c05cee4c9462.php 第 66 行.
NOTIC: [8] Undefined variable: fake_id E:\Long\Code\www.qihangbus.com\Application\Runtime\Cache\community\6220d5157c6cd6705003c05cee4c9462.php 第 49 行.
NOTIC: [8] Undefined variable: fake_id E:\Long\Code\www.qihangbus.com\Application\Runtime\Cache\community\6220d5157c6cd6705003c05cee4c9462.php 第 54 行.
NOTIC: [8] Undefined variable: fake_id E:\Long\Code\www.qihangbus.com\Application\Runtime\Cache\community\6220d5157c6cd6705003c05cee4c9462.php 第 66 行.
NOTIC: [8] Undefined variable: fake_id E:\Long\Code\www.qihangbus.com\Application\Runtime\Cache\community\6220d5157c6cd6705003c05cee4c9462.php 第 49 行.
NOTIC: [8] Undefined variable: fake_id E:\Long\Code\www.qihangbus.com\Application\Runtime\Cache\community\6220d5157c6cd6705003c05cee4c9462.php 第 54 行.
NOTIC: [8] Undefined variable: fake_id E:\Long\Code\www.qihangbus.com\Application\Runtime\Cache\community\6220d5157c6cd6705003c05cee4c9462.php 第 66 行.
NOTIC: [8] Undefined variable: fake_id E:\Long\Code\www.qihangbus.com\Application\Runtime\Cache\community\6220d5157c6cd6705003c05cee4c9462.php 第 49 行.
NOTIC: [8] Undefined variable: fake_id E:\Long\Code\www.qihangbus.com\Application\Runtime\Cache\community\6220d5157c6cd6705003c05cee4c9462.php 第 54 行.
NOTIC: [8] Undefined variable: fake_id E:\Long\Code\www.qihangbus.com\Application\Runtime\Cache\community\6220d5157c6cd6705003c05cee4c9462.php 第 66 行.
NOTIC: [8] Undefined variable: fake_id E:\Long\Code\www.qihangbus.com\Application\Runtime\Cache\community\6220d5157c6cd6705003c05cee4c9462.php 第 49 行.
NOTIC: [8] Undefined variable: fake_id E:\Long\Code\www.qihangbus.com\Application\Runtime\Cache\community\6220d5157c6cd6705003c05cee4c9462.php 第 54 行.
NOTIC: [8] Undefined variable: fake_id E:\Long\Code\www.qihangbus.com\Application\Runtime\Cache\community\6220d5157c6cd6705003c05cee4c9462.php 第 66 行.
NOTIC: [8] Undefined variable: fake_id E:\Long\Code\www.qihangbus.com\Application\Runtime\Cache\community\6220d5157c6cd6705003c05cee4c9462.php 第 49 行.
NOTIC: [8] Undefined variable: fake_id E:\Long\Code\www.qihangbus.com\Application\Runtime\Cache\community\6220d5157c6cd6705003c05cee4c9462.php 第 54 行.
NOTIC: [8] Undefined variable: fake_id E:\Long\Code\www.qihangbus.com\Application\Runtime\Cache\community\6220d5157c6cd6705003c05cee4c9462.php 第 66 行.
NOTIC: [8] Undefined variable: fake_id E:\Long\Code\www.qihangbus.com\Application\Runtime\Cache\community\6220d5157c6cd6705003c05cee4c9462.php 第 49 行.
NOTIC: [8] Undefined variable: fake_id E:\Long\Code\www.qihangbus.com\Application\Runtime\Cache\community\6220d5157c6cd6705003c05cee4c9462.php 第 54 行.
NOTIC: [8] Undefined variable: fake_id E:\Long\Code\www.qihangbus.com\Application\Runtime\Cache\community\6220d5157c6cd6705003c05cee4c9462.php 第 66 行.
NOTIC: [8] Undefined variable: fake_id E:\Long\Code\www.qihangbus.com\Application\Runtime\Cache\community\6220d5157c6cd6705003c05cee4c9462.php 第 49 行.
NOTIC: [8] Undefined variable: fake_id E:\Long\Code\www.qihangbus.com\Application\Runtime\Cache\community\6220d5157c6cd6705003c05cee4c9462.php 第 54 行.
NOTIC: [8] Undefined variable: fake_id E:\Long\Code\www.qihangbus.com\Application\Runtime\Cache\community\6220d5157c6cd6705003c05cee4c9462.php 第 66 行.
NOTIC: [8] Undefined variable: fake_id E:\Long\Code\www.qihangbus.com\Application\Runtime\Cache\community\6220d5157c6cd6705003c05cee4c9462.php 第 49 行.
NOTIC: [8] Undefined variable: fake_id E:\Long\Code\www.qihangbus.com\Application\Runtime\Cache\community\6220d5157c6cd6705003c05cee4c9462.php 第 54 行.
NOTIC: [8] Undefined variable: fake_id E:\Long\Code\www.qihangbus.com\Application\Runtime\Cache\community\6220d5157c6cd6705003c05cee4c9462.php 第 66 行.
NOTIC: [8] Undefined variable: fake_id E:\Long\Code\www.qihangbus.com\Application\Runtime\Cache\community\6220d5157c6cd6705003c05cee4c9462.php 第 49 行.
NOTIC: [8] Undefined variable: fake_id E:\Long\Code\www.qihangbus.com\Application\Runtime\Cache\community\6220d5157c6cd6705003c05cee4c9462.php 第 54 行.
NOTIC: [8] Undefined variable: fake_id E:\Long\Code\www.qihangbus.com\Application\Runtime\Cache\community\6220d5157c6cd6705003c05cee4c9462.php 第 66 行.
NOTIC: [8] Undefined variable: fake_id E:\Long\Code\www.qihangbus.com\Application\Runtime\Cache\community\6220d5157c6cd6705003c05cee4c9462.php 第 49 行.
NOTIC: [8] Undefined variable: fake_id E:\Long\Code\www.qihangbus.com\Application\Runtime\Cache\community\6220d5157c6cd6705003c05cee4c9462.php 第 54 行.
NOTIC: [8] Undefined variable: fake_id E:\Long\Code\www.qihangbus.com\Application\Runtime\Cache\community\6220d5157c6cd6705003c05cee4c9462.php 第 66 行.
NOTIC: [8] Undefined variable: fake_id E:\Long\Code\www.qihangbus.com\Application\Runtime\Cache\community\6220d5157c6cd6705003c05cee4c9462.php 第 49 行.
NOTIC: [8] Undefined variable: fake_id E:\Long\Code\www.qihangbus.com\Application\Runtime\Cache\community\6220d5157c6cd6705003c05cee4c9462.php 第 54 行.
NOTIC: [8] Undefined variable: fake_id E:\Long\Code\www.qihangbus.com\Application\Runtime\Cache\community\6220d5157c6cd6705003c05cee4c9462.php 第 66 行.
NOTIC: [8] Undefined variable: fake_id E:\Long\Code\www.qihangbus.com\Application\Runtime\Cache\community\6220d5157c6cd6705003c05cee4c9462.php 第 49 行.
NOTIC: [8] Undefined variable: fake_id E:\Long\Code\www.qihangbus.com\Application\Runtime\Cache\community\6220d5157c6cd6705003c05cee4c9462.php 第 54 行.
NOTIC: [8] Undefined variable: fake_id E:\Long\Code\www.qihangbus.com\Application\Runtime\Cache\community\6220d5157c6cd6705003c05cee4c9462.php 第 66 行.
NOTIC: [8] Undefined variable: fake_id E:\Long\Code\www.qihangbus.com\Application\Runtime\Cache\community\6220d5157c6cd6705003c05cee4c9462.php 第 49 行.
NOTIC: [8] Undefined variable: fake_id E:\Long\Code\www.qihangbus.com\Application\Runtime\Cache\community\6220d5157c6cd6705003c05cee4c9462.php 第 54 行.
NOTIC: [8] Undefined variable: fake_id E:\Long\Code\www.qihangbus.com\Application\Runtime\Cache\community\6220d5157c6cd6705003c05cee4c9462.php 第 66 行.
NOTIC: [8] Undefined variable: fake_id E:\Long\Code\www.qihangbus.com\Application\Runtime\Cache\community\6220d5157c6cd6705003c05cee4c9462.php 第 49 行.
NOTIC: [8] Undefined variable: fake_id E:\Long\Code\www.qihangbus.com\Application\Runtime\Cache\community\6220d5157c6cd6705003c05cee4c9462.php 第 54 行.
NOTIC: [8] Undefined variable: fake_id E:\Long\Code\www.qihangbus.com\Application\Runtime\Cache\community\6220d5157c6cd6705003c05cee4c9462.php 第 66 行.
NOTIC: [8] Undefined variable: fake_id E:\Long\Code\www.qihangbus.com\Application\Runtime\Cache\community\6220d5157c6cd6705003c05cee4c9462.php 第 96 行.
NOTIC: [8] Undefined variable: cate E:\Long\Code\www.qihangbus.com\Application\Runtime\Cache\community\6220d5157c6cd6705003c05cee4c9462.php 第 169 行.
NOTIC: [8] Undefined variable: number E:\Long\Code\www.qihangbus.com\Application\Runtime\Cache\community\6220d5157c6cd6705003c05cee4c9462.php 第 170 行.
INFO: Run Behavior\ParseTemplateBehavior [ RunTime:0.027002s ]
INFO: [ view_parse ] --END-- [ RunTime:0.027002s ]
INFO: [ view_filter ] --START--
INFO: Run Behavior\WriteHtmlCacheBehavior [ RunTime:0.001000s ]
INFO: [ view_filter ] --END-- [ RunTime:0.001000s ]
INFO: [ app_end ] --START--
INFO: Run Behavior\ShowPageTraceBehavior [ RunTime:0.001000s ]
INFO: [ app_end ] --END-- [ RunTime:0.001000s ]

[ 2018-03-08T10:48:19+08:00 ] 127.0.0.1 /sns.php?m=sns.php&c=forum&a=bbs
INFO: [ app_init ] --START--
INFO: Run Behavior\BuildLiteBehavior [ RunTime:0.000000s ]
INFO: [ app_init ] --END-- [ RunTime:0.000000s ]
INFO: [ app_begin ] --START--
INFO: Run Behavior\ReadHtmlCacheBehavior [ RunTime:0.000000s ]
INFO: Run Behavior\CheckLangBehavior [ RunTime:0.001000s ]
INFO: [ app_begin ] --END-- [ RunTime:0.001000s ]
SQL: SHOW COLUMNS FROM `fh_teacher` [ RunTime:0.0090s ]
SQL: SELECT * FROM `fh_teacher` WHERE `teacher_id` = 16 LIMIT 1   [ RunTime:0.0010s ]
SQL: SHOW COLUMNS FROM `fh_forum` [ RunTime:0.0090s ]
SQL: SELECT * FROM `fh_forum` WHERE `school_id` = 2 AND `audit_status` = 1 ORDER BY add_time desc LIMIT 15   [ RunTime:0.0010s ]
SQL: SHOW COLUMNS FROM `fh_students_parent` [ RunTime:0.0080s ]
SQL: SELECT `parent_avatar` FROM `fh_students_parent` WHERE `parent_id` = 2328 LIMIT 1   [ RunTime:0.0010s ]
SQL: SELECT `parent_name` FROM `fh_students_parent` WHERE `parent_id` = 2328 LIMIT 1   [ RunTime:0.0000s ]
SQL: SHOW COLUMNS FROM `fh_forum_comment` [ RunTime:0.0090s ]
SQL: SELECT COUNT(*) AS tp_count FROM `fh_forum_comment` WHERE `forum_id` = 102 LIMIT 1   [ RunTime:0.0010s ]
SQL: SELECT `parent_avatar` FROM `fh_students_parent` WHERE `parent_id` = 666 LIMIT 1   [ RunTime:0.0000s ]
SQL: SELECT `parent_name` FROM `fh_students_parent` WHERE `parent_id` = 666 LIMIT 1   [ RunTime:0.0000s ]
SQL: SELECT COUNT(*) AS tp_count FROM `fh_forum_comment` WHERE `forum_id` = 97 LIMIT 1   [ RunTime:0.0000s ]
SQL: SELECT `parent_avatar` FROM `fh_students_parent` WHERE `parent_id` = 1797 LIMIT 1   [ RunTime:0.0000s ]
SQL: SELECT `parent_name` FROM `fh_students_parent` WHERE `parent_id` = 1797 LIMIT 1   [ RunTime:0.0010s ]
SQL: SELECT COUNT(*) AS tp_count FROM `fh_forum_comment` WHERE `forum_id` = 93 LIMIT 1   [ RunTime:0.0000s ]
SQL: SELECT COUNT(*) AS tp_count FROM `fh_forum_comment` WHERE `forum_id` = 85 LIMIT 1   [ RunTime:0.0000s ]
SQL: SELECT `teacher_avatar` FROM `fh_teacher` WHERE `teacher_id` = 16 LIMIT 1   [ RunTime:0.0010s ]
SQL: SELECT `teacher_name` FROM `fh_teacher` WHERE `teacher_id` = 16 LIMIT 1   [ RunTime:0.0000s ]
SQL: SELECT COUNT(*) AS tp_count FROM `fh_forum_comment` WHERE `forum_id` = 83 LIMIT 1   [ RunTime:0.0000s ]
SQL: SELECT `teacher_avatar` FROM `fh_teacher` WHERE `teacher_id` = 16 LIMIT 1   [ RunTime:0.0000s ]
SQL: SELECT `teacher_name` FROM `fh_teacher` WHERE `teacher_id` = 16 LIMIT 1   [ RunTime:0.0000s ]
SQL: SELECT COUNT(*) AS tp_count FROM `fh_forum_comment` WHERE `forum_id` = 80 LIMIT 1   [ RunTime:0.0010s ]
SQL: SELECT `teacher_avatar` FROM `fh_teacher` WHERE `teacher_id` = 16 LIMIT 1   [ RunTime:0.0000s ]
SQL: SELECT `teacher_name` FROM `fh_teacher` WHERE `teacher_id` = 16 LIMIT 1   [ RunTime:0.0010s ]
SQL: SELECT COUNT(*) AS tp_count FROM `fh_forum_comment` WHERE `forum_id` = 79 LIMIT 1   [ RunTime:0.0000s ]
SQL: SELECT `parent_avatar` FROM `fh_students_parent` WHERE `parent_id` = 666 LIMIT 1   [ RunTime:0.0000s ]
SQL: SELECT `parent_name` FROM `fh_students_parent` WHERE `parent_id` = 666 LIMIT 1   [ RunTime:0.0000s ]
SQL: SELECT COUNT(*) AS tp_count FROM `fh_forum_comment` WHERE `forum_id` = 78 LIMIT 1   [ RunTime:0.0000s ]
SQL: SHOW COLUMNS FROM `fh_schools` [ RunTime:0.0070s ]
SQL: SELECT `teacher_avatar` FROM `fh_schools` WHERE `school_id` = 2 LIMIT 1   [ RunTime:0.0000s ]
SQL: SELECT `school_leader` FROM `fh_schools` WHERE `school_id` = 2 LIMIT 1   [ RunTime:0.0010s ]
SQL: SELECT COUNT(*) AS tp_count FROM `fh_forum_comment` WHERE `forum_id` = 77 LIMIT 1   [ RunTime:0.0000s ]
SQL: SELECT `parent_avatar` FROM `fh_students_parent` WHERE `parent_id` = 666 LIMIT 1   [ RunTime:0.0000s ]
SQL: SELECT `parent_name` FROM `fh_students_parent` WHERE `parent_id` = 666 LIMIT 1   [ RunTime:0.0010s ]
SQL: SELECT COUNT(*) AS tp_count FROM `fh_forum_comment` WHERE `forum_id` = 74 LIMIT 1   [ RunTime:0.0000s ]
SQL: SELECT COUNT(*) AS tp_count FROM `fh_forum_comment` WHERE `forum_id` = 67 LIMIT 1   [ RunTime:0.0000s ]
SQL: SELECT `teacher_avatar` FROM `fh_teacher` WHERE `teacher_id` = 16 LIMIT 1   [ RunTime:0.0010s ]
SQL: SELECT `teacher_name` FROM `fh_teacher` WHERE `teacher_id` = 16 LIMIT 1   [ RunTime:0.0000s ]
SQL: SELECT COUNT(*) AS tp_count FROM `fh_forum_comment` WHERE `forum_id` = 65 LIMIT 1   [ RunTime:0.0010s ]
SQL: SELECT `teacher_avatar` FROM `fh_teacher` WHERE `teacher_id` = 16 LIMIT 1   [ RunTime:0.0000s ]
SQL: SELECT `teacher_name` FROM `fh_teacher` WHERE `teacher_id` = 16 LIMIT 1   [ RunTime:0.0000s ]
SQL: SELECT COUNT(*) AS tp_count FROM `fh_forum_comment` WHERE `forum_id` = 64 LIMIT 1   [ RunTime:0.0010s ]
SQL: SELECT `parent_avatar` FROM `fh_students_parent` WHERE `parent_id` = 666 LIMIT 1   [ RunTime:0.0000s ]
SQL: SELECT `parent_name` FROM `fh_students_parent` WHERE `parent_id` = 666 LIMIT 1   [ RunTime:0.0000s ]
SQL: SELECT COUNT(*) AS tp_count FROM `fh_forum_comment` WHERE `forum_id` = 63 LIMIT 1   [ RunTime:0.0000s ]
SQL: SELECT COUNT(*) AS tp_count FROM `fh_forum_comment` WHERE `forum_id` = 62 LIMIT 1   [ RunTime:0.0000s ]
SQL: SELECT `school_name` FROM `fh_schools` WHERE `school_id` = 2 LIMIT 1   [ RunTime:0.0010s ]
SQL: SHOW COLUMNS FROM `fh_students` [ RunTime:0.0060s ]
SQL: SELECT COUNT(*) AS tp_count FROM `fh_students` WHERE `school_id` = 2 AND `is_paid` > 0 LIMIT 1   [ RunTime:0.0010s ]
SQL: SELECT `hit` FROM `fh_forum` WHERE `school_id` = 2  [ RunTime:0.0000s ]
INFO: [ view_parse ] --START--
INFO: [ template_filter ] --START--
INFO: Run Behavior\ContentReplaceBehavior [ RunTime:0.000000s ]
INFO: [ template_filter ] --END-- [ RunTime:0.000000s ]
NOTIC: [8] Undefined variable: fake_id E:\Long\Code\www.qihangbus.com\Application\Runtime\Cache\community\6220d5157c6cd6705003c05cee4c9462.php 第 49 行.
NOTIC: [8] Undefined variable: fake_id E:\Long\Code\www.qihangbus.com\Application\Runtime\Cache\community\6220d5157c6cd6705003c05cee4c9462.php 第 54 行.
NOTIC: [8] Undefined variable: fake_id E:\Long\Code\www.qihangbus.com\Application\Runtime\Cache\community\6220d5157c6cd6705003c05cee4c9462.php 第 66 行.
NOTIC: [8] Undefined variable: fake_id E:\Long\Code\www.qihangbus.com\Application\Runtime\Cache\community\6220d5157c6cd6705003c05cee4c9462.php 第 49 行.
NOTIC: [8] Undefined variable: fake_id E:\Long\Code\www.qihangbus.com\Application\Runtime\Cache\community\6220d5157c6cd6705003c05cee4c9462.php 第 54 行.
NOTIC: [8] Undefined variable: fake_id E:\Long\Code\www.qihangbus.com\Application\Runtime\Cache\community\6220d5157c6cd6705003c05cee4c9462.php 第 66 行.
NOTIC: [8] Undefined variable: fake_id E:\Long\Code\www.qihangbus.com\Application\Runtime\Cache\community\6220d5157c6cd6705003c05cee4c9462.php 第 49 行.
NOTIC: [8] Undefined variable: fake_id E:\Long\Code\www.qihangbus.com\Application\Runtime\Cache\community\6220d5157c6cd6705003c05cee4c9462.php 第 54 行.
NOTIC: [8] Undefined variable: fake_id E:\Long\Code\www.qihangbus.com\Application\Runtime\Cache\community\6220d5157c6cd6705003c05cee4c9462.php 第 66 行.
NOTIC: [8] Undefined variable: fake_id E:\Long\Code\www.qihangbus.com\Application\Runtime\Cache\community\6220d5157c6cd6705003c05cee4c9462.php 第 49 行.
NOTIC: [8] Undefined variable: fake_id E:\Long\Code\www.qihangbus.com\Application\Runtime\Cache\community\6220d5157c6cd6705003c05cee4c9462.php 第 54 行.
NOTIC: [8] Undefined variable: fake_id E:\Long\Code\www.qihangbus.com\Application\Runtime\Cache\community\6220d5157c6cd6705003c05cee4c9462.php 第 66 行.
NOTIC: [8] Undefined variable: fake_id E:\Long\Code\www.qihangbus.com\Application\Runtime\Cache\community\6220d5157c6cd6705003c05cee4c9462.php 第 49 行.
NOTIC: [8] Undefined variable: fake_id E:\Long\Code\www.qihangbus.com\Application\Runtime\Cache\community\6220d5157c6cd6705003c05cee4c9462.php 第 54 行.
NOTIC: [8] Undefined variable: fake_id E:\Long\Code\www.qihangbus.com\Application\Runtime\Cache\community\6220d5157c6cd6705003c05cee4c9462.php 第 66 行.
NOTIC: [8] Undefined variable: fake_id E:\Long\Code\www.qihangbus.com\Application\Runtime\Cache\community\6220d5157c6cd6705003c05cee4c9462.php 第 49 行.
NOTIC: [8] Undefined variable: fake_id E:\Long\Code\www.qihangbus.com\Application\Runtime\Cache\community\6220d5157c6cd6705003c05cee4c9462.php 第 54 行.
NOTIC: [8] Undefined variable: fake_id E:\Long\Code\www.qihangbus.com\Application\Runtime\Cache\community\6220d5157c6cd6705003c05cee4c9462.php 第 66 行.
NOTIC: [8] Undefined variable: fake_id E:\Long\Code\www.qihangbus.com\Application\Runtime\Cache\community\6220d5157c6cd6705003c05cee4c9462.php 第 49 行.
NOTIC: [8] Undefined variable: fake_id E:\Long\Code\www.qihangbus.com\Application\Runtime\Cache\community\6220d5157c6cd6705003c05cee4c9462.php 第 54 行.
NOTIC: [8] Undefined variable: fake_id E:\Long\Code\www.qihangbus.com\Application\Runtime\Cache\community\6220d5157c6cd6705003c05cee4c9462.php 第 66 行.
NOTIC: [8] Undefined variable: fake_id E:\Long\Code\www.qihangbus.com\Application\Runtime\Cache\community\6220d5157c6cd6705003c05cee4c9462.php 第 49 行.
NOTIC: [8] Undefined variable: fake_id E:\Long\Code\www.qihangbus.com\Application\Runtime\Cache\community\6220d5157c6cd6705003c05cee4c9462.php 第 54 行.
NOTIC: [8] Undefined variable: fake_id E:\Long\Code\www.qihangbus.com\Application\Runtime\Cache\community\6220d5157c6cd6705003c05cee4c9462.php 第 66 行.
NOTIC: [8] Undefined variable: fake_id E:\Long\Code\www.qihangbus.com\Application\Runtime\Cache\community\6220d5157c6cd6705003c05cee4c9462.php 第 49 行.
NOTIC: [8] Undefined variable: fake_id E:\Long\Code\www.qihangbus.com\Application\Runtime\Cache\community\6220d5157c6cd6705003c05cee4c9462.php 第 54 行.
NOTIC: [8] Undefined variable: fake_id E:\Long\Code\www.qihangbus.com\Application\Runtime\Cache\community\6220d5157c6cd6705003c05cee4c9462.php 第 66 行.
NOTIC: [8] Undefined variable: fake_id E:\Long\Code\www.qihangbus.com\Application\Runtime\Cache\community\6220d5157c6cd6705003c05cee4c9462.php 第 49 行.
NOTIC: [8] Undefined variable: fake_id E:\Long\Code\www.qihangbus.com\Application\Runtime\Cache\community\6220d5157c6cd6705003c05cee4c9462.php 第 54 行.
NOTIC: [8] Undefined variable: fake_id E:\Long\Code\www.qihangbus.com\Application\Runtime\Cache\community\6220d5157c6cd6705003c05cee4c9462.php 第 66 行.
NOTIC: [8] Undefined variable: fake_id E:\Long\Code\www.qihangbus.com\Application\Runtime\Cache\community\6220d5157c6cd6705003c05cee4c9462.php 第 49 行.
NOTIC: [8] Undefined variable: fake_id E:\Long\Code\www.qihangbus.com\Application\Runtime\Cache\community\6220d5157c6cd6705003c05cee4c9462.php 第 54 行.
NOTIC: [8] Undefined variable: fake_id E:\Long\Code\www.qihangbus.com\Application\Runtime\Cache\community\6220d5157c6cd6705003c05cee4c9462.php 第 66 行.
NOTIC: [8] Undefined variable: fake_id E:\Long\Code\www.qihangbus.com\Application\Runtime\Cache\community\6220d5157c6cd6705003c05cee4c9462.php 第 49 行.
NOTIC: [8] Undefined variable: fake_id E:\Long\Code\www.qihangbus.com\Application\Runtime\Cache\community\6220d5157c6cd6705003c05cee4c9462.php 第 54 行.
NOTIC: [8] Undefined variable: fake_id E:\Long\Code\www.qihangbus.com\Application\Runtime\Cache\community\6220d5157c6cd6705003c05cee4c9462.php 第 66 行.
NOTIC: [8] Undefined variable: fake_id E:\Long\Code\www.qihangbus.com\Application\Runtime\Cache\community\6220d5157c6cd6705003c05cee4c9462.php 第 49 行.
NOTIC: [8] Undefined variable: fake_id E:\Long\Code\www.qihangbus.com\Application\Runtime\Cache\community\6220d5157c6cd6705003c05cee4c9462.php 第 54 行.
NOTIC: [8] Undefined variable: fake_id E:\Long\Code\www.qihangbus.com\Application\Runtime\Cache\community\6220d5157c6cd6705003c05cee4c9462.php 第 66 行.
NOTIC: [8] Undefined variable: fake_id E:\Long\Code\www.qihangbus.com\Application\Runtime\Cache\community\6220d5157c6cd6705003c05cee4c9462.php 第 49 行.
NOTIC: [8] Undefined variable: fake_id E:\Long\Code\www.qihangbus.com\Application\Runtime\Cache\community\6220d5157c6cd6705003c05cee4c9462.php 第 54 行.
NOTIC: [8] Undefined variable: fake_id E:\Long\Code\www.qihangbus.com\Application\Runtime\Cache\community\6220d5157c6cd6705003c05cee4c9462.php 第 66 行.
NOTIC: [8] Undefined variable: fake_id E:\Long\Code\www.qihangbus.com\Application\Runtime\Cache\community\6220d5157c6cd6705003c05cee4c9462.php 第 49 行.
NOTIC: [8] Undefined variable: fake_id E:\Long\Code\www.qihangbus.com\Application\Runtime\Cache\community\6220d5157c6cd6705003c05cee4c9462.php 第 54 行.
NOTIC: [8] Undefined variable: fake_id E:\Long\Code\www.qihangbus.com\Application\Runtime\Cache\community\6220d5157c6cd6705003c05cee4c9462.php 第 66 行.
NOTIC: [8] Undefined variable: fake_id E:\Long\Code\www.qihangbus.com\Application\Runtime\Cache\community\6220d5157c6cd6705003c05cee4c9462.php 第 96 行.
NOTIC: [8] Undefined variable: cate E:\Long\Code\www.qihangbus.com\Application\Runtime\Cache\community\6220d5157c6cd6705003c05cee4c9462.php 第 169 行.
NOTIC: [8] Undefined variable: number E:\Long\Code\www.qihangbus.com\Application\Runtime\Cache\community\6220d5157c6cd6705003c05cee4c9462.php 第 170 行.
INFO: Run Behavior\ParseTemplateBehavior [ RunTime:0.015001s ]
INFO: [ view_parse ] --END-- [ RunTime:0.015001s ]
INFO: [ view_filter ] --START--
INFO: Run Behavior\WriteHtmlCacheBehavior [ RunTime:0.000000s ]
INFO: [ view_filter ] --END-- [ RunTime:0.000000s ]
INFO: [ app_end ] --START--
INFO: Run Behavior\ShowPageTraceBehavior [ RunTime:0.000000s ]
INFO: [ app_end ] --END-- [ RunTime:0.000000s ]

