[ 2017-11-28T23:32:50+08:00 ] 117.136.61.117 /mobile.php?m=mobile.php&c=Borrowtoread&a=index&student_id=2979&flag=2&user_flag=3
INFO: [ app_init ] --START--
INFO: Run Behavior\BuildLiteBehavior [ RunTime:0.000013s ]
INFO: [ app_init ] --END-- [ RunTime:0.000260s ]
INFO: [ app_begin ] --START--
INFO: Run Behavior\ReadHtmlCacheBehavior [ RunTime:0.000288s ]
INFO: Run Behavior\CheckLangBehavior [ RunTime:0.000244s ]
INFO: [ app_begin ] --END-- [ RunTime:0.000581s ]
SQL: SHOW COLUMNS FROM `fh_circulation` [ RunTime:0.0005s ]
SQL: SELECT * FROM fh_circulation c left JOIN fh_books b ON c.book_id = b.book_id  WHERE `student_id` = '2979' AND `circul_status` = 2  [ RunTime:0.0004s ]
SQL: SHOW COLUMNS FROM `fh_students` [ RunTime:0.0005s ]
SQL: SELECT `book_rand_num` FROM `fh_students` WHERE `book_rand_time` > 1511798400 AND `student_id` = 2979 LIMIT 1   [ RunTime:0.0001s ]
INFO: [ view_parse ] --START--
INFO: [ template_filter ] --START--
INFO: Run Behavior\ContentReplaceBehavior [ RunTime:0.000055s ]
INFO: [ template_filter ] --END-- [ RunTime:0.000088s ]
NOTIC: [8] Use of undefined constant book_name - assumed 'book_name' /data/wwwroot/www.qihangbus.com/Application/Runtime/Cache/mobiles/a56d64b99ef2262ec302a22275c96f18.php 第 36 行.
NOTIC: [8] Array to string conversion /data/wwwroot/www.qihangbus.com/Application/Runtime/Cache/mobiles/a56d64b99ef2262ec302a22275c96f18.php 第 36 行.
INFO: Run Behavior\ParseTemplateBehavior [ RunTime:0.005876s ]
INFO: [ view_parse ] --END-- [ RunTime:0.005913s ]
INFO: [ view_filter ] --START--
INFO: Run Behavior\WriteHtmlCacheBehavior [ RunTime:0.000094s ]
INFO: [ view_filter ] --END-- [ RunTime:0.000118s ]
INFO: [ app_end ] --START--
INFO: Run Behavior\ShowPageTraceBehavior [ RunTime:0.000309s ]
INFO: [ app_end ] --END-- [ RunTime:0.000338s ]

