[ 2017-12-09T01:06:14+08:00 ] 123.151.76.248 /default.php
INFO: [ app_init ] --START--
INFO: Run Behavior\BuildLiteBehavior [ RunTime:0.000013s ]
INFO: [ app_init ] --END-- [ RunTime:0.000249s ]
INFO: [ app_begin ] --START--
INFO: Run Behavior\ReadHtmlCacheBehavior [ RunTime:0.000307s ]
INFO: [ app_begin ] --END-- [ RunTime:0.000341s ]
SQL: SHOW COLUMNS FROM `xs_column` [ RunTime:0.0006s ]
SQL: SELECT * FROM `xs_column` WHERE ( column_leftid = 0 ) ORDER BY sort  [ RunTime:0.0001s ]
SQL: SELECT * FROM `xs_column` WHERE ( column_leftid = 54 )  [ RunTime:0.0001s ]
SQL: SELECT * FROM `xs_column` WHERE ( column_leftid = 48 )  [ RunTime:0.0001s ]
SQL: SELECT * FROM `xs_column` WHERE ( column_leftid = 58 )  [ RunTime:0.0001s ]
SQL: SELECT * FROM `xs_column` WHERE ( column_leftid = 49 )  [ RunTime:0.0001s ]
SQL: SELECT * FROM `xs_column` WHERE ( column_leftid = 53 )  [ RunTime:0.0001s ]
SQL: SHOW COLUMNS FROM `xs_banner` [ RunTime:0.0003s ]
SQL: SELECT * FROM `xs_banner` ORDER BY sort  [ RunTime:0.0001s ]
SQL: SHOW COLUMNS FROM `xs_article` [ RunTime:0.0005s ]
SQL: SELECT * FROM `xs_article` WHERE ( columnid = 48 and image <> '' ) ORDER BY id desc LIMIT 6   [ RunTime:0.0001s ]
SQL: SELECT * FROM `xs_article` WHERE ( columnid = 49 ) ORDER BY id desc LIMIT 6   [ RunTime:0.0002s ]
SQL: SELECT `content` FROM `xs_column` WHERE ( id = 54 ) LIMIT 1   [ RunTime:0.0001s ]
INFO: [ view_parse ] --START--
INFO: [ template_filter ] --START--
INFO: Run Behavior\ContentReplaceBehavior [ RunTime:0.000059s ]
INFO: [ template_filter ] --END-- [ RunTime:0.000105s ]
INFO: Run Behavior\ParseTemplateBehavior [ RunTime:0.009356s ]
INFO: [ view_parse ] --END-- [ RunTime:0.009390s ]
INFO: [ view_filter ] --START--
INFO: Run Behavior\WriteHtmlCacheBehavior [ RunTime:0.000108s ]
INFO: [ view_filter ] --END-- [ RunTime:0.000147s ]
INFO: [ app_end ] --START--
INFO: Run Behavior\ShowPageTraceBehavior [ RunTime:0.000360s ]
INFO: [ app_end ] --END-- [ RunTime:0.000391s ]

[ 2017-12-09T01:06:15+08:00 ] 175.188.157.125 /default.php
INFO: [ app_init ] --START--
INFO: Run Behavior\BuildLiteBehavior [ RunTime:0.000013s ]
INFO: [ app_init ] --END-- [ RunTime:0.000238s ]
INFO: [ app_begin ] --START--
INFO: Run Behavior\ReadHtmlCacheBehavior [ RunTime:0.000304s ]
INFO: [ app_begin ] --END-- [ RunTime:0.000339s ]
SQL: SHOW COLUMNS FROM `xs_column` [ RunTime:0.0006s ]
SQL: SELECT * FROM `xs_column` WHERE ( column_leftid = 0 ) ORDER BY sort  [ RunTime:0.0001s ]
SQL: SELECT * FROM `xs_column` WHERE ( column_leftid = 54 )  [ RunTime:0.0001s ]
SQL: SELECT * FROM `xs_column` WHERE ( column_leftid = 48 )  [ RunTime:0.0001s ]
SQL: SELECT * FROM `xs_column` WHERE ( column_leftid = 58 )  [ RunTime:0.0001s ]
SQL: SELECT * FROM `xs_column` WHERE ( column_leftid = 49 )  [ RunTime:0.0001s ]
SQL: SELECT * FROM `xs_column` WHERE ( column_leftid = 53 )  [ RunTime:0.0001s ]
SQL: SHOW COLUMNS FROM `xs_banner` [ RunTime:0.0003s ]
SQL: SELECT * FROM `xs_banner` ORDER BY sort  [ RunTime:0.0001s ]
SQL: SHOW COLUMNS FROM `xs_article` [ RunTime:0.0003s ]
SQL: SELECT * FROM `xs_article` WHERE ( columnid = 48 and image <> '' ) ORDER BY id desc LIMIT 6   [ RunTime:0.0001s ]
SQL: SELECT * FROM `xs_article` WHERE ( columnid = 49 ) ORDER BY id desc LIMIT 6   [ RunTime:0.0002s ]
SQL: SELECT `content` FROM `xs_column` WHERE ( id = 54 ) LIMIT 1   [ RunTime:0.0001s ]
INFO: [ view_parse ] --START--
INFO: [ template_filter ] --START--
INFO: Run Behavior\ContentReplaceBehavior [ RunTime:0.000055s ]
INFO: [ template_filter ] --END-- [ RunTime:0.000094s ]
INFO: Run Behavior\ParseTemplateBehavior [ RunTime:0.009097s ]
INFO: [ view_parse ] --END-- [ RunTime:0.009131s ]
INFO: [ view_filter ] --START--
INFO: Run Behavior\WriteHtmlCacheBehavior [ RunTime:0.000100s ]
INFO: [ view_filter ] --END-- [ RunTime:0.000124s ]
INFO: [ app_end ] --START--
INFO: Run Behavior\ShowPageTraceBehavior [ RunTime:0.000333s ]
INFO: [ app_end ] --END-- [ RunTime:0.000363s ]

[ 2017-12-09T01:06:24+08:00 ] 111.30.142.233 /default.php/Home/List/view/id/41.html
INFO: [ app_init ] --START--
INFO: Run Behavior\BuildLiteBehavior [ RunTime:0.000012s ]
INFO: [ app_init ] --END-- [ RunTime:0.000258s ]
INFO: [ app_begin ] --START--
INFO: Run Behavior\ReadHtmlCacheBehavior [ RunTime:0.000294s ]
INFO: [ app_begin ] --END-- [ RunTime:0.000327s ]
SQL: SHOW COLUMNS FROM `xs_column` [ RunTime:0.0006s ]
SQL: SELECT * FROM `xs_column` WHERE ( column_leftid = 0 ) ORDER BY sort  [ RunTime:0.0001s ]
SQL: SELECT * FROM `xs_column` WHERE ( column_leftid = 54 )  [ RunTime:0.0001s ]
SQL: SELECT * FROM `xs_column` WHERE ( column_leftid = 48 )  [ RunTime:0.0001s ]
SQL: SELECT * FROM `xs_column` WHERE ( column_leftid = 58 )  [ RunTime:0.0001s ]
SQL: SELECT * FROM `xs_column` WHERE ( column_leftid = 49 )  [ RunTime:0.0001s ]
SQL: SELECT * FROM `xs_column` WHERE ( column_leftid = 53 )  [ RunTime:0.0001s ]
SQL: SHOW COLUMNS FROM `xs_article` [ RunTime:0.0004s ]
SQL: SELECT * FROM `xs_article` WHERE ( id = 41 ) LIMIT 1   [ RunTime:0.0001s ]
INFO: [ view_parse ] --START--
INFO: [ template_filter ] --START--
INFO: Run Behavior\ContentReplaceBehavior [ RunTime:0.000049s ]
INFO: [ template_filter ] --END-- [ RunTime:0.000106s ]
INFO: Run Behavior\ParseTemplateBehavior [ RunTime:0.006187s ]
INFO: [ view_parse ] --END-- [ RunTime:0.006219s ]
INFO: [ view_filter ] --START--
INFO: Run Behavior\WriteHtmlCacheBehavior [ RunTime:0.000094s ]
INFO: [ view_filter ] --END-- [ RunTime:0.000117s ]
INFO: [ app_end ] --START--
INFO: Run Behavior\ShowPageTraceBehavior [ RunTime:0.000342s ]
INFO: [ app_end ] --END-- [ RunTime:0.000371s ]

[ 2017-12-09T01:07:11+08:00 ] 123.151.76.248 /default.php
INFO: [ app_init ] --START--
INFO: Run Behavior\BuildLiteBehavior [ RunTime:0.000012s ]
INFO: [ app_init ] --END-- [ RunTime:0.000251s ]
INFO: [ app_begin ] --START--
INFO: Run Behavior\ReadHtmlCacheBehavior [ RunTime:0.000316s ]
INFO: [ app_begin ] --END-- [ RunTime:0.000357s ]
SQL: SHOW COLUMNS FROM `xs_column` [ RunTime:0.0006s ]
SQL: SELECT * FROM `xs_column` WHERE ( column_leftid = 0 ) ORDER BY sort  [ RunTime:0.0001s ]
SQL: SELECT * FROM `xs_column` WHERE ( column_leftid = 54 )  [ RunTime:0.0001s ]
SQL: SELECT * FROM `xs_column` WHERE ( column_leftid = 48 )  [ RunTime:0.0001s ]
SQL: SELECT * FROM `xs_column` WHERE ( column_leftid = 58 )  [ RunTime:0.0001s ]
SQL: SELECT * FROM `xs_column` WHERE ( column_leftid = 49 )  [ RunTime:0.0001s ]
SQL: SELECT * FROM `xs_column` WHERE ( column_leftid = 53 )  [ RunTime:0.0001s ]
SQL: SHOW COLUMNS FROM `xs_banner` [ RunTime:0.0003s ]
SQL: SELECT * FROM `xs_banner` ORDER BY sort  [ RunTime:0.0001s ]
SQL: SHOW COLUMNS FROM `xs_article` [ RunTime:0.0004s ]
SQL: SELECT * FROM `xs_article` WHERE ( columnid = 48 and image <> '' ) ORDER BY id desc LIMIT 6   [ RunTime:0.0001s ]
SQL: SELECT * FROM `xs_article` WHERE ( columnid = 49 ) ORDER BY id desc LIMIT 6   [ RunTime:0.0002s ]
SQL: SELECT `content` FROM `xs_column` WHERE ( id = 54 ) LIMIT 1   [ RunTime:0.0001s ]
INFO: [ view_parse ] --START--
INFO: [ template_filter ] --START--
INFO: Run Behavior\ContentReplaceBehavior [ RunTime:0.000062s ]
INFO: [ template_filter ] --END-- [ RunTime:0.000101s ]
INFO: Run Behavior\ParseTemplateBehavior [ RunTime:0.009486s ]
INFO: [ view_parse ] --END-- [ RunTime:0.009524s ]
INFO: [ view_filter ] --START--
INFO: Run Behavior\WriteHtmlCacheBehavior [ RunTime:0.000097s ]
INFO: [ view_filter ] --END-- [ RunTime:0.000122s ]
INFO: [ app_end ] --START--
INFO: Run Behavior\ShowPageTraceBehavior [ RunTime:0.000346s ]
INFO: [ app_end ] --END-- [ RunTime:0.000377s ]

[ 2017-12-09T01:07:15+08:00 ] 123.151.76.248 /default.php/Home/List/view/id/49.html
INFO: [ app_init ] --START--
INFO: Run Behavior\BuildLiteBehavior [ RunTime:0.000013s ]
INFO: [ app_init ] --END-- [ RunTime:0.000272s ]
INFO: [ app_begin ] --START--
INFO: Run Behavior\ReadHtmlCacheBehavior [ RunTime:0.000310s ]
INFO: [ app_begin ] --END-- [ RunTime:0.000352s ]
SQL: SHOW COLUMNS FROM `xs_column` [ RunTime:0.0006s ]
SQL: SELECT * FROM `xs_column` WHERE ( column_leftid = 0 ) ORDER BY sort  [ RunTime:0.0003s ]
SQL: SELECT * FROM `xs_column` WHERE ( column_leftid = 54 )  [ RunTime:0.0001s ]
SQL: SELECT * FROM `xs_column` WHERE ( column_leftid = 48 )  [ RunTime:0.0001s ]
SQL: SELECT * FROM `xs_column` WHERE ( column_leftid = 58 )  [ RunTime:0.0001s ]
SQL: SELECT * FROM `xs_column` WHERE ( column_leftid = 49 )  [ RunTime:0.0001s ]
SQL: SELECT * FROM `xs_column` WHERE ( column_leftid = 53 )  [ RunTime:0.0001s ]
SQL: SHOW COLUMNS FROM `xs_article` [ RunTime:0.0004s ]
SQL: SELECT * FROM `xs_article` WHERE ( id = 49 ) LIMIT 1   [ RunTime:0.0003s ]
INFO: [ view_parse ] --START--
INFO: [ template_filter ] --START--
INFO: Run Behavior\ContentReplaceBehavior [ RunTime:0.000062s ]
INFO: [ template_filter ] --END-- [ RunTime:0.000111s ]
INFO: Run Behavior\ParseTemplateBehavior [ RunTime:0.006575s ]
INFO: [ view_parse ] --END-- [ RunTime:0.006618s ]
INFO: [ view_filter ] --START--
INFO: Run Behavior\WriteHtmlCacheBehavior [ RunTime:0.000098s ]
INFO: [ view_filter ] --END-- [ RunTime:0.000123s ]
INFO: [ app_end ] --START--
INFO: Run Behavior\ShowPageTraceBehavior [ RunTime:0.000339s ]
INFO: [ app_end ] --END-- [ RunTime:0.000388s ]

[ 2017-12-09T01:07:56+08:00 ] 111.30.142.233 /default.php
INFO: [ app_init ] --START--
INFO: Run Behavior\BuildLiteBehavior [ RunTime:0.000013s ]
INFO: [ app_init ] --END-- [ RunTime:0.000263s ]
INFO: [ app_begin ] --START--
INFO: Run Behavior\ReadHtmlCacheBehavior [ RunTime:0.000297s ]
INFO: [ app_begin ] --END-- [ RunTime:0.000331s ]
SQL: SHOW COLUMNS FROM `xs_column` [ RunTime:0.0006s ]
SQL: SELECT * FROM `xs_column` WHERE ( column_leftid = 0 ) ORDER BY sort  [ RunTime:0.0001s ]
SQL: SELECT * FROM `xs_column` WHERE ( column_leftid = 54 )  [ RunTime:0.0001s ]
SQL: SELECT * FROM `xs_column` WHERE ( column_leftid = 48 )  [ RunTime:0.0001s ]
SQL: SELECT * FROM `xs_column` WHERE ( column_leftid = 58 )  [ RunTime:0.0001s ]
SQL: SELECT * FROM `xs_column` WHERE ( column_leftid = 49 )  [ RunTime:0.0001s ]
SQL: SELECT * FROM `xs_column` WHERE ( column_leftid = 53 )  [ RunTime:0.0001s ]
SQL: SHOW COLUMNS FROM `xs_banner` [ RunTime:0.0004s ]
SQL: SELECT * FROM `xs_banner` ORDER BY sort  [ RunTime:0.0001s ]
SQL: SHOW COLUMNS FROM `xs_article` [ RunTime:0.0004s ]
SQL: SELECT * FROM `xs_article` WHERE ( columnid = 48 and image <> '' ) ORDER BY id desc LIMIT 6   [ RunTime:0.0001s ]
SQL: SELECT * FROM `xs_article` WHERE ( columnid = 49 ) ORDER BY id desc LIMIT 6   [ RunTime:0.0002s ]
SQL: SELECT `content` FROM `xs_column` WHERE ( id = 54 ) LIMIT 1   [ RunTime:0.0001s ]
INFO: [ view_parse ] --START--
INFO: [ template_filter ] --START--
INFO: Run Behavior\ContentReplaceBehavior [ RunTime:0.000057s ]
INFO: [ template_filter ] --END-- [ RunTime:0.000092s ]
INFO: Run Behavior\ParseTemplateBehavior [ RunTime:0.009146s ]
INFO: [ view_parse ] --END-- [ RunTime:0.009179s ]
INFO: [ view_filter ] --START--
INFO: Run Behavior\WriteHtmlCacheBehavior [ RunTime:0.000098s ]
INFO: [ view_filter ] --END-- [ RunTime:0.000132s ]
INFO: [ app_end ] --START--
INFO: Run Behavior\ShowPageTraceBehavior [ RunTime:0.000322s ]
INFO: [ app_end ] --END-- [ RunTime:0.000351s ]

[ 2017-12-09T01:08:23+08:00 ] 111.30.142.233 /default.php/Home/List/view/id/61.html
INFO: [ app_init ] --START--
INFO: Run Behavior\BuildLiteBehavior [ RunTime:0.000013s ]
INFO: [ app_init ] --END-- [ RunTime:0.000243s ]
INFO: [ app_begin ] --START--
INFO: Run Behavior\ReadHtmlCacheBehavior [ RunTime:0.000317s ]
INFO: [ app_begin ] --END-- [ RunTime:0.000352s ]
SQL: SHOW COLUMNS FROM `xs_column` [ RunTime:0.0006s ]
SQL: SELECT * FROM `xs_column` WHERE ( column_leftid = 0 ) ORDER BY sort  [ RunTime:0.0001s ]
SQL: SELECT * FROM `xs_column` WHERE ( column_leftid = 54 )  [ RunTime:0.0001s ]
SQL: SELECT * FROM `xs_column` WHERE ( column_leftid = 48 )  [ RunTime:0.0001s ]
SQL: SELECT * FROM `xs_column` WHERE ( column_leftid = 58 )  [ RunTime:0.0001s ]
SQL: SELECT * FROM `xs_column` WHERE ( column_leftid = 49 )  [ RunTime:0.0001s ]
SQL: SELECT * FROM `xs_column` WHERE ( column_leftid = 53 )  [ RunTime:0.0001s ]
SQL: SHOW COLUMNS FROM `xs_article` [ RunTime:0.0004s ]
SQL: SELECT * FROM `xs_article` WHERE ( id = 61 ) LIMIT 1   [ RunTime:0.0001s ]
INFO: [ view_parse ] --START--
INFO: [ template_filter ] --START--
INFO: Run Behavior\ContentReplaceBehavior [ RunTime:0.000048s ]
INFO: [ template_filter ] --END-- [ RunTime:0.000097s ]
INFO: Run Behavior\ParseTemplateBehavior [ RunTime:0.006332s ]
INFO: [ view_parse ] --END-- [ RunTime:0.006364s ]
INFO: [ view_filter ] --START--
INFO: Run Behavior\WriteHtmlCacheBehavior [ RunTime:0.000096s ]
INFO: [ view_filter ] --END-- [ RunTime:0.000120s ]
INFO: [ app_end ] --START--
INFO: Run Behavior\ShowPageTraceBehavior [ RunTime:0.000340s ]
INFO: [ app_end ] --END-- [ RunTime:0.000370s ]

[ 2017-12-09T01:08:45+08:00 ] 111.30.142.233 /default.php
INFO: [ app_init ] --START--
INFO: Run Behavior\BuildLiteBehavior [ RunTime:0.000012s ]
INFO: [ app_init ] --END-- [ RunTime:0.000245s ]
INFO: [ app_begin ] --START--
INFO: Run Behavior\ReadHtmlCacheBehavior [ RunTime:0.000332s ]
INFO: [ app_begin ] --END-- [ RunTime:0.000367s ]
SQL: SHOW COLUMNS FROM `xs_column` [ RunTime:0.0006s ]
SQL: SELECT * FROM `xs_column` WHERE ( column_leftid = 0 ) ORDER BY sort  [ RunTime:0.0001s ]
SQL: SELECT * FROM `xs_column` WHERE ( column_leftid = 54 )  [ RunTime:0.0001s ]
SQL: SELECT * FROM `xs_column` WHERE ( column_leftid = 48 )  [ RunTime:0.0001s ]
SQL: SELECT * FROM `xs_column` WHERE ( column_leftid = 58 )  [ RunTime:0.0001s ]
SQL: SELECT * FROM `xs_column` WHERE ( column_leftid = 49 )  [ RunTime:0.0001s ]
SQL: SELECT * FROM `xs_column` WHERE ( column_leftid = 53 )  [ RunTime:0.0001s ]
SQL: SHOW COLUMNS FROM `xs_banner` [ RunTime:0.0003s ]
SQL: SELECT * FROM `xs_banner` ORDER BY sort  [ RunTime:0.0001s ]
SQL: SHOW COLUMNS FROM `xs_article` [ RunTime:0.0004s ]
SQL: SELECT * FROM `xs_article` WHERE ( columnid = 48 and image <> '' ) ORDER BY id desc LIMIT 6   [ RunTime:0.0001s ]
SQL: SELECT * FROM `xs_article` WHERE ( columnid = 49 ) ORDER BY id desc LIMIT 6   [ RunTime:0.0002s ]
SQL: SELECT `content` FROM `xs_column` WHERE ( id = 54 ) LIMIT 1   [ RunTime:0.0001s ]
INFO: [ view_parse ] --START--
INFO: [ template_filter ] --START--
INFO: Run Behavior\ContentReplaceBehavior [ RunTime:0.000069s ]
INFO: [ template_filter ] --END-- [ RunTime:0.000113s ]
INFO: Run Behavior\ParseTemplateBehavior [ RunTime:0.009676s ]
INFO: [ view_parse ] --END-- [ RunTime:0.009711s ]
INFO: [ view_filter ] --START--
INFO: Run Behavior\WriteHtmlCacheBehavior [ RunTime:0.000122s ]
INFO: [ view_filter ] --END-- [ RunTime:0.000148s ]
INFO: [ app_end ] --START--
INFO: Run Behavior\ShowPageTraceBehavior [ RunTime:0.000348s ]
INFO: [ app_end ] --END-- [ RunTime:0.000377s ]

[ 2017-12-09T09:18:17+08:00 ] 111.30.142.252 /default.php
INFO: [ app_init ] --START--
INFO: Run Behavior\BuildLiteBehavior [ RunTime:0.000012s ]
INFO: [ app_init ] --END-- [ RunTime:0.000249s ]
INFO: [ app_begin ] --START--
INFO: Run Behavior\ReadHtmlCacheBehavior [ RunTime:0.000324s ]
INFO: [ app_begin ] --END-- [ RunTime:0.000364s ]
SQL: SHOW COLUMNS FROM `xs_column` [ RunTime:0.0005s ]
SQL: SELECT * FROM `xs_column` WHERE ( column_leftid = 0 ) ORDER BY sort  [ RunTime:0.0001s ]
SQL: SELECT * FROM `xs_column` WHERE ( column_leftid = 54 )  [ RunTime:0.0001s ]
SQL: SELECT * FROM `xs_column` WHERE ( column_leftid = 48 )  [ RunTime:0.0001s ]
SQL: SELECT * FROM `xs_column` WHERE ( column_leftid = 58 )  [ RunTime:0.0001s ]
SQL: SELECT * FROM `xs_column` WHERE ( column_leftid = 49 )  [ RunTime:0.0001s ]
SQL: SELECT * FROM `xs_column` WHERE ( column_leftid = 53 )  [ RunTime:0.0001s ]
SQL: SHOW COLUMNS FROM `xs_banner` [ RunTime:0.0004s ]
SQL: SELECT * FROM `xs_banner` ORDER BY sort  [ RunTime:0.0001s ]
SQL: SHOW COLUMNS FROM `xs_article` [ RunTime:0.0004s ]
SQL: SELECT * FROM `xs_article` WHERE ( columnid = 48 and image <> '' ) ORDER BY id desc LIMIT 6   [ RunTime:0.0001s ]
SQL: SELECT * FROM `xs_article` WHERE ( columnid = 49 ) ORDER BY id desc LIMIT 6   [ RunTime:0.0002s ]
SQL: SELECT `content` FROM `xs_column` WHERE ( id = 54 ) LIMIT 1   [ RunTime:0.0001s ]
INFO: [ view_parse ] --START--
INFO: [ template_filter ] --START--
INFO: Run Behavior\ContentReplaceBehavior [ RunTime:0.000058s ]
INFO: [ template_filter ] --END-- [ RunTime:0.000099s ]
INFO: Run Behavior\ParseTemplateBehavior [ RunTime:0.009486s ]
INFO: [ view_parse ] --END-- [ RunTime:0.009523s ]
INFO: [ view_filter ] --START--
INFO: Run Behavior\WriteHtmlCacheBehavior [ RunTime:0.000117s ]
INFO: [ view_filter ] --END-- [ RunTime:0.000143s ]
INFO: [ app_end ] --START--
INFO: Run Behavior\ShowPageTraceBehavior [ RunTime:0.000337s ]
INFO: [ app_end ] --END-- [ RunTime:0.000367s ]

[ 2017-12-09T09:18:19+08:00 ] 115.60.190.159 /default.php
INFO: [ app_init ] --START--
INFO: Run Behavior\BuildLiteBehavior [ RunTime:0.000013s ]
INFO: [ app_init ] --END-- [ RunTime:0.000242s ]
INFO: [ app_begin ] --START--
INFO: Run Behavior\ReadHtmlCacheBehavior [ RunTime:0.000326s ]
INFO: [ app_begin ] --END-- [ RunTime:0.000360s ]
SQL: SHOW COLUMNS FROM `xs_column` [ RunTime:0.0005s ]
SQL: SELECT * FROM `xs_column` WHERE ( column_leftid = 0 ) ORDER BY sort  [ RunTime:0.0001s ]
SQL: SELECT * FROM `xs_column` WHERE ( column_leftid = 54 )  [ RunTime:0.0001s ]
SQL: SELECT * FROM `xs_column` WHERE ( column_leftid = 48 )  [ RunTime:0.0001s ]
SQL: SELECT * FROM `xs_column` WHERE ( column_leftid = 58 )  [ RunTime:0.0001s ]
SQL: SELECT * FROM `xs_column` WHERE ( column_leftid = 49 )  [ RunTime:0.0001s ]
SQL: SELECT * FROM `xs_column` WHERE ( column_leftid = 53 )  [ RunTime:0.0001s ]
SQL: SHOW COLUMNS FROM `xs_banner` [ RunTime:0.0004s ]
SQL: SELECT * FROM `xs_banner` ORDER BY sort  [ RunTime:0.0001s ]
SQL: SHOW COLUMNS FROM `xs_article` [ RunTime:0.0005s ]
SQL: SELECT * FROM `xs_article` WHERE ( columnid = 48 and image <> '' ) ORDER BY id desc LIMIT 6   [ RunTime:0.0001s ]
SQL: SELECT * FROM `xs_article` WHERE ( columnid = 49 ) ORDER BY id desc LIMIT 6   [ RunTime:0.0002s ]
SQL: SELECT `content` FROM `xs_column` WHERE ( id = 54 ) LIMIT 1   [ RunTime:0.0001s ]
INFO: [ view_parse ] --START--
INFO: [ template_filter ] --START--
INFO: Run Behavior\ContentReplaceBehavior [ RunTime:0.000061s ]
INFO: [ template_filter ] --END-- [ RunTime:0.000108s ]
INFO: Run Behavior\ParseTemplateBehavior [ RunTime:0.009350s ]
INFO: [ view_parse ] --END-- [ RunTime:0.009387s ]
INFO: [ view_filter ] --START--
INFO: Run Behavior\WriteHtmlCacheBehavior [ RunTime:0.000115s ]
INFO: [ view_filter ] --END-- [ RunTime:0.000140s ]
INFO: [ app_end ] --START--
INFO: Run Behavior\ShowPageTraceBehavior [ RunTime:0.000336s ]
INFO: [ app_end ] --END-- [ RunTime:0.000368s ]

[ 2017-12-09T09:42:55+08:00 ] 123.151.77.74 /default.php
INFO: [ app_init ] --START--
INFO: Run Behavior\BuildLiteBehavior [ RunTime:0.000009s ]
INFO: [ app_init ] --END-- [ RunTime:0.000233s ]
INFO: [ app_begin ] --START--
INFO: Run Behavior\ReadHtmlCacheBehavior [ RunTime:0.000334s ]
INFO: [ app_begin ] --END-- [ RunTime:0.000375s ]
SQL: SHOW COLUMNS FROM `xs_column` [ RunTime:0.0005s ]
SQL: SELECT * FROM `xs_column` WHERE ( column_leftid = 0 ) ORDER BY sort  [ RunTime:0.0001s ]
SQL: SELECT * FROM `xs_column` WHERE ( column_leftid = 54 )  [ RunTime:0.0001s ]
SQL: SELECT * FROM `xs_column` WHERE ( column_leftid = 48 )  [ RunTime:0.0001s ]
SQL: SELECT * FROM `xs_column` WHERE ( column_leftid = 58 )  [ RunTime:0.0001s ]
SQL: SELECT * FROM `xs_column` WHERE ( column_leftid = 49 )  [ RunTime:0.0001s ]
SQL: SELECT * FROM `xs_column` WHERE ( column_leftid = 53 )  [ RunTime:0.0001s ]
SQL: SHOW COLUMNS FROM `xs_banner` [ RunTime:0.0004s ]
SQL: SELECT * FROM `xs_banner` ORDER BY sort  [ RunTime:0.0001s ]
SQL: SHOW COLUMNS FROM `xs_article` [ RunTime:0.0004s ]
SQL: SELECT * FROM `xs_article` WHERE ( columnid = 48 and image <> '' ) ORDER BY id desc LIMIT 6   [ RunTime:0.0001s ]
SQL: SELECT * FROM `xs_article` WHERE ( columnid = 49 ) ORDER BY id desc LIMIT 6   [ RunTime:0.0002s ]
SQL: SELECT `content` FROM `xs_column` WHERE ( id = 54 ) LIMIT 1   [ RunTime:0.0001s ]
INFO: [ view_parse ] --START--
INFO: [ template_filter ] --START--
INFO: Run Behavior\ContentReplaceBehavior [ RunTime:0.000051s ]
INFO: [ template_filter ] --END-- [ RunTime:0.000084s ]
INFO: Run Behavior\ParseTemplateBehavior [ RunTime:0.009267s ]
INFO: [ view_parse ] --END-- [ RunTime:0.009304s ]
INFO: [ view_filter ] --START--
INFO: Run Behavior\WriteHtmlCacheBehavior [ RunTime:0.000095s ]
INFO: [ view_filter ] --END-- [ RunTime:0.000121s ]
INFO: [ app_end ] --START--
INFO: Run Behavior\ShowPageTraceBehavior [ RunTime:0.000301s ]
INFO: [ app_end ] --END-- [ RunTime:0.000331s ]

[ 2017-12-09T09:42:56+08:00 ] 117.136.44.137 /default.php
INFO: [ app_init ] --START--
INFO: Run Behavior\BuildLiteBehavior [ RunTime:0.000011s ]
INFO: [ app_init ] --END-- [ RunTime:0.000226s ]
INFO: [ app_begin ] --START--
INFO: Run Behavior\ReadHtmlCacheBehavior [ RunTime:0.000318s ]
INFO: [ app_begin ] --END-- [ RunTime:0.000351s ]
SQL: SHOW COLUMNS FROM `xs_column` [ RunTime:0.0005s ]
SQL: SELECT * FROM `xs_column` WHERE ( column_leftid = 0 ) ORDER BY sort  [ RunTime:0.0001s ]
SQL: SELECT * FROM `xs_column` WHERE ( column_leftid = 54 )  [ RunTime:0.0001s ]
SQL: SELECT * FROM `xs_column` WHERE ( column_leftid = 48 )  [ RunTime:0.0001s ]
SQL: SELECT * FROM `xs_column` WHERE ( column_leftid = 58 )  [ RunTime:0.0001s ]
SQL: SELECT * FROM `xs_column` WHERE ( column_leftid = 49 )  [ RunTime:0.0001s ]
SQL: SELECT * FROM `xs_column` WHERE ( column_leftid = 53 )  [ RunTime:0.0001s ]
SQL: SHOW COLUMNS FROM `xs_banner` [ RunTime:0.0003s ]
SQL: SELECT * FROM `xs_banner` ORDER BY sort  [ RunTime:0.0001s ]
SQL: SHOW COLUMNS FROM `xs_article` [ RunTime:0.0003s ]
SQL: SELECT * FROM `xs_article` WHERE ( columnid = 48 and image <> '' ) ORDER BY id desc LIMIT 6   [ RunTime:0.0001s ]
SQL: SELECT * FROM `xs_article` WHERE ( columnid = 49 ) ORDER BY id desc LIMIT 6   [ RunTime:0.0002s ]
SQL: SELECT `content` FROM `xs_column` WHERE ( id = 54 ) LIMIT 1   [ RunTime:0.0001s ]
INFO: [ view_parse ] --START--
INFO: [ template_filter ] --START--
INFO: Run Behavior\ContentReplaceBehavior [ RunTime:0.000047s ]
INFO: [ template_filter ] --END-- [ RunTime:0.000079s ]
INFO: Run Behavior\ParseTemplateBehavior [ RunTime:0.008876s ]
INFO: [ view_parse ] --END-- [ RunTime:0.008907s ]
INFO: [ view_filter ] --START--
INFO: Run Behavior\WriteHtmlCacheBehavior [ RunTime:0.000088s ]
INFO: [ view_filter ] --END-- [ RunTime:0.000112s ]
INFO: [ app_end ] --START--
INFO: Run Behavior\ShowPageTraceBehavior [ RunTime:0.000321s ]
INFO: [ app_end ] --END-- [ RunTime:0.000349s ]

[ 2017-12-09T09:43:47+08:00 ] 123.151.77.74 /default.php
INFO: [ app_init ] --START--
INFO: Run Behavior\BuildLiteBehavior [ RunTime:0.000013s ]
INFO: [ app_init ] --END-- [ RunTime:0.000261s ]
INFO: [ app_begin ] --START--
INFO: Run Behavior\ReadHtmlCacheBehavior [ RunTime:0.000294s ]
INFO: [ app_begin ] --END-- [ RunTime:0.000328s ]
SQL: SHOW COLUMNS FROM `xs_column` [ RunTime:0.0005s ]
SQL: SELECT * FROM `xs_column` WHERE ( column_leftid = 0 ) ORDER BY sort  [ RunTime:0.0001s ]
SQL: SELECT * FROM `xs_column` WHERE ( column_leftid = 54 )  [ RunTime:0.0001s ]
SQL: SELECT * FROM `xs_column` WHERE ( column_leftid = 48 )  [ RunTime:0.0001s ]
SQL: SELECT * FROM `xs_column` WHERE ( column_leftid = 58 )  [ RunTime:0.0001s ]
SQL: SELECT * FROM `xs_column` WHERE ( column_leftid = 49 )  [ RunTime:0.0001s ]
SQL: SELECT * FROM `xs_column` WHERE ( column_leftid = 53 )  [ RunTime:0.0001s ]
SQL: SHOW COLUMNS FROM `xs_banner` [ RunTime:0.0005s ]
SQL: SELECT * FROM `xs_banner` ORDER BY sort  [ RunTime:0.0001s ]
SQL: SHOW COLUMNS FROM `xs_article` [ RunTime:0.0004s ]
SQL: SELECT * FROM `xs_article` WHERE ( columnid = 48 and image <> '' ) ORDER BY id desc LIMIT 6   [ RunTime:0.0001s ]
SQL: SELECT * FROM `xs_article` WHERE ( columnid = 49 ) ORDER BY id desc LIMIT 6   [ RunTime:0.0002s ]
SQL: SELECT `content` FROM `xs_column` WHERE ( id = 54 ) LIMIT 1   [ RunTime:0.0001s ]
INFO: [ view_parse ] --START--
INFO: [ template_filter ] --START--
INFO: Run Behavior\ContentReplaceBehavior [ RunTime:0.000059s ]
INFO: [ template_filter ] --END-- [ RunTime:0.000105s ]
INFO: Run Behavior\ParseTemplateBehavior [ RunTime:0.009667s ]
INFO: [ view_parse ] --END-- [ RunTime:0.009705s ]
INFO: [ view_filter ] --START--
INFO: Run Behavior\WriteHtmlCacheBehavior [ RunTime:0.000117s ]
INFO: [ view_filter ] --END-- [ RunTime:0.000143s ]
INFO: [ app_end ] --START--
INFO: Run Behavior\ShowPageTraceBehavior [ RunTime:0.000328s ]
INFO: [ app_end ] --END-- [ RunTime:0.000360s ]

[ 2017-12-09T09:43:48+08:00 ] 117.136.44.137 /default.php
INFO: [ app_init ] --START--
INFO: Run Behavior\BuildLiteBehavior [ RunTime:0.000013s ]
INFO: [ app_init ] --END-- [ RunTime:0.000241s ]
INFO: [ app_begin ] --START--
INFO: Run Behavior\ReadHtmlCacheBehavior [ RunTime:0.000300s ]
INFO: [ app_begin ] --END-- [ RunTime:0.000333s ]
SQL: SHOW COLUMNS FROM `xs_column` [ RunTime:0.0005s ]
SQL: SELECT * FROM `xs_column` WHERE ( column_leftid = 0 ) ORDER BY sort  [ RunTime:0.0001s ]
SQL: SELECT * FROM `xs_column` WHERE ( column_leftid = 54 )  [ RunTime:0.0001s ]
SQL: SELECT * FROM `xs_column` WHERE ( column_leftid = 48 )  [ RunTime:0.0001s ]
SQL: SELECT * FROM `xs_column` WHERE ( column_leftid = 58 )  [ RunTime:0.0001s ]
SQL: SELECT * FROM `xs_column` WHERE ( column_leftid = 49 )  [ RunTime:0.0001s ]
SQL: SELECT * FROM `xs_column` WHERE ( column_leftid = 53 )  [ RunTime:0.0001s ]
SQL: SHOW COLUMNS FROM `xs_banner` [ RunTime:0.0004s ]
SQL: SELECT * FROM `xs_banner` ORDER BY sort  [ RunTime:0.0001s ]
SQL: SHOW COLUMNS FROM `xs_article` [ RunTime:0.0004s ]
SQL: SELECT * FROM `xs_article` WHERE ( columnid = 48 and image <> '' ) ORDER BY id desc LIMIT 6   [ RunTime:0.0001s ]
SQL: SELECT * FROM `xs_article` WHERE ( columnid = 49 ) ORDER BY id desc LIMIT 6   [ RunTime:0.0002s ]
SQL: SELECT `content` FROM `xs_column` WHERE ( id = 54 ) LIMIT 1   [ RunTime:0.0001s ]
INFO: [ view_parse ] --START--
INFO: [ template_filter ] --START--
INFO: Run Behavior\ContentReplaceBehavior [ RunTime:0.000060s ]
INFO: [ template_filter ] --END-- [ RunTime:0.000106s ]
INFO: Run Behavior\ParseTemplateBehavior [ RunTime:0.009403s ]
INFO: [ view_parse ] --END-- [ RunTime:0.009437s ]
INFO: [ view_filter ] --START--
INFO: Run Behavior\WriteHtmlCacheBehavior [ RunTime:0.000106s ]
INFO: [ view_filter ] --END-- [ RunTime:0.000130s ]
INFO: [ app_end ] --START--
INFO: Run Behavior\ShowPageTraceBehavior [ RunTime:0.000336s ]
INFO: [ app_end ] --END-- [ RunTime:0.000365s ]

[ 2017-12-09T09:53:06+08:00 ] 123.151.77.91 /default.php
INFO: [ app_init ] --START--
INFO: Run Behavior\BuildLiteBehavior [ RunTime:0.000013s ]
INFO: [ app_init ] --END-- [ RunTime:0.000235s ]
INFO: [ app_begin ] --START--
INFO: Run Behavior\ReadHtmlCacheBehavior [ RunTime:0.000290s ]
INFO: [ app_begin ] --END-- [ RunTime:0.000322s ]
SQL: SHOW COLUMNS FROM `xs_column` [ RunTime:0.0006s ]
SQL: SELECT * FROM `xs_column` WHERE ( column_leftid = 0 ) ORDER BY sort  [ RunTime:0.0001s ]
SQL: SELECT * FROM `xs_column` WHERE ( column_leftid = 54 )  [ RunTime:0.0001s ]
SQL: SELECT * FROM `xs_column` WHERE ( column_leftid = 48 )  [ RunTime:0.0001s ]
SQL: SELECT * FROM `xs_column` WHERE ( column_leftid = 58 )  [ RunTime:0.0001s ]
SQL: SELECT * FROM `xs_column` WHERE ( column_leftid = 49 )  [ RunTime:0.0001s ]
SQL: SELECT * FROM `xs_column` WHERE ( column_leftid = 53 )  [ RunTime:0.0001s ]
SQL: SHOW COLUMNS FROM `xs_banner` [ RunTime:0.0004s ]
SQL: SELECT * FROM `xs_banner` ORDER BY sort  [ RunTime:0.0001s ]
SQL: SHOW COLUMNS FROM `xs_article` [ RunTime:0.0004s ]
SQL: SELECT * FROM `xs_article` WHERE ( columnid = 48 and image <> '' ) ORDER BY id desc LIMIT 6   [ RunTime:0.0001s ]
SQL: SELECT * FROM `xs_article` WHERE ( columnid = 49 ) ORDER BY id desc LIMIT 6   [ RunTime:0.0002s ]
SQL: SELECT `content` FROM `xs_column` WHERE ( id = 54 ) LIMIT 1   [ RunTime:0.0001s ]
INFO: [ view_parse ] --START--
INFO: [ template_filter ] --START--
INFO: Run Behavior\ContentReplaceBehavior [ RunTime:0.000056s ]
INFO: [ template_filter ] --END-- [ RunTime:0.000100s ]
INFO: Run Behavior\ParseTemplateBehavior [ RunTime:0.009352s ]
INFO: [ view_parse ] --END-- [ RunTime:0.009387s ]
INFO: [ view_filter ] --START--
INFO: Run Behavior\WriteHtmlCacheBehavior [ RunTime:0.000105s ]
INFO: [ view_filter ] --END-- [ RunTime:0.000134s ]
INFO: [ app_end ] --START--
INFO: Run Behavior\ShowPageTraceBehavior [ RunTime:0.000336s ]
INFO: [ app_end ] --END-- [ RunTime:0.000368s ]

[ 2017-12-09T09:53:07+08:00 ] 123.162.166.129 /default.php
INFO: [ app_init ] --START--
INFO: Run Behavior\BuildLiteBehavior [ RunTime:0.000013s ]
INFO: [ app_init ] --END-- [ RunTime:0.000267s ]
INFO: [ app_begin ] --START--
INFO: Run Behavior\ReadHtmlCacheBehavior [ RunTime:0.000303s ]
INFO: [ app_begin ] --END-- [ RunTime:0.000335s ]
SQL: SHOW COLUMNS FROM `xs_column` [ RunTime:0.0005s ]
SQL: SELECT * FROM `xs_column` WHERE ( column_leftid = 0 ) ORDER BY sort  [ RunTime:0.0001s ]
SQL: SELECT * FROM `xs_column` WHERE ( column_leftid = 54 )  [ RunTime:0.0001s ]
SQL: SELECT * FROM `xs_column` WHERE ( column_leftid = 48 )  [ RunTime:0.0001s ]
SQL: SELECT * FROM `xs_column` WHERE ( column_leftid = 58 )  [ RunTime:0.0001s ]
SQL: SELECT * FROM `xs_column` WHERE ( column_leftid = 49 )  [ RunTime:0.0001s ]
SQL: SELECT * FROM `xs_column` WHERE ( column_leftid = 53 )  [ RunTime:0.0001s ]
SQL: SHOW COLUMNS FROM `xs_banner` [ RunTime:0.0003s ]
SQL: SELECT * FROM `xs_banner` ORDER BY sort  [ RunTime:0.0001s ]
SQL: SHOW COLUMNS FROM `xs_article` [ RunTime:0.0003s ]
SQL: SELECT * FROM `xs_article` WHERE ( columnid = 48 and image <> '' ) ORDER BY id desc LIMIT 6   [ RunTime:0.0001s ]
SQL: SELECT * FROM `xs_article` WHERE ( columnid = 49 ) ORDER BY id desc LIMIT 6   [ RunTime:0.0002s ]
SQL: SELECT `content` FROM `xs_column` WHERE ( id = 54 ) LIMIT 1   [ RunTime:0.0001s ]
INFO: [ view_parse ] --START--
INFO: [ template_filter ] --START--
INFO: Run Behavior\ContentReplaceBehavior [ RunTime:0.000053s ]
INFO: [ template_filter ] --END-- [ RunTime:0.000092s ]
INFO: Run Behavior\ParseTemplateBehavior [ RunTime:0.009010s ]
INFO: [ view_parse ] --END-- [ RunTime:0.009042s ]
INFO: [ view_filter ] --START--
INFO: Run Behavior\WriteHtmlCacheBehavior [ RunTime:0.000099s ]
INFO: [ view_filter ] --END-- [ RunTime:0.000124s ]
INFO: [ app_end ] --START--
INFO: Run Behavior\ShowPageTraceBehavior [ RunTime:0.000343s ]
INFO: [ app_end ] --END-- [ RunTime:0.000372s ]

[ 2017-12-09T10:14:33+08:00 ] 123.151.77.72 /default.php
INFO: [ app_init ] --START--
INFO: Run Behavior\BuildLiteBehavior [ RunTime:0.000013s ]
INFO: [ app_init ] --END-- [ RunTime:0.000249s ]
INFO: [ app_begin ] --START--
INFO: Run Behavior\ReadHtmlCacheBehavior [ RunTime:0.000287s ]
INFO: [ app_begin ] --END-- [ RunTime:0.000320s ]
SQL: SHOW COLUMNS FROM `xs_column` [ RunTime:0.0005s ]
SQL: SELECT * FROM `xs_column` WHERE ( column_leftid = 0 ) ORDER BY sort  [ RunTime:0.0001s ]
SQL: SELECT * FROM `xs_column` WHERE ( column_leftid = 54 )  [ RunTime:0.0001s ]
SQL: SELECT * FROM `xs_column` WHERE ( column_leftid = 48 )  [ RunTime:0.0001s ]
SQL: SELECT * FROM `xs_column` WHERE ( column_leftid = 58 )  [ RunTime:0.0001s ]
SQL: SELECT * FROM `xs_column` WHERE ( column_leftid = 49 )  [ RunTime:0.0001s ]
SQL: SELECT * FROM `xs_column` WHERE ( column_leftid = 53 )  [ RunTime:0.0001s ]
SQL: SHOW COLUMNS FROM `xs_banner` [ RunTime:0.0003s ]
SQL: SELECT * FROM `xs_banner` ORDER BY sort  [ RunTime:0.0001s ]
SQL: SHOW COLUMNS FROM `xs_article` [ RunTime:0.0003s ]
SQL: SELECT * FROM `xs_article` WHERE ( columnid = 48 and image <> '' ) ORDER BY id desc LIMIT 6   [ RunTime:0.0001s ]
SQL: SELECT * FROM `xs_article` WHERE ( columnid = 49 ) ORDER BY id desc LIMIT 6   [ RunTime:0.0002s ]
SQL: SELECT `content` FROM `xs_column` WHERE ( id = 54 ) LIMIT 1   [ RunTime:0.0001s ]
INFO: [ view_parse ] --START--
INFO: [ template_filter ] --START--
INFO: Run Behavior\ContentReplaceBehavior [ RunTime:0.000055s ]
INFO: [ template_filter ] --END-- [ RunTime:0.000094s ]
INFO: Run Behavior\ParseTemplateBehavior [ RunTime:0.009171s ]
INFO: [ view_parse ] --END-- [ RunTime:0.009217s ]
INFO: [ view_filter ] --START--
INFO: Run Behavior\WriteHtmlCacheBehavior [ RunTime:0.000109s ]
INFO: [ view_filter ] --END-- [ RunTime:0.000136s ]
INFO: [ app_end ] --START--
INFO: Run Behavior\ShowPageTraceBehavior [ RunTime:0.000324s ]
INFO: [ app_end ] --END-- [ RunTime:0.000353s ]

[ 2017-12-09T10:14:34+08:00 ] 1.196.179.19 /default.php
INFO: [ app_init ] --START--
INFO: Run Behavior\BuildLiteBehavior [ RunTime:0.000013s ]
INFO: [ app_init ] --END-- [ RunTime:0.000249s ]
INFO: [ app_begin ] --START--
INFO: Run Behavior\ReadHtmlCacheBehavior [ RunTime:0.000304s ]
INFO: [ app_begin ] --END-- [ RunTime:0.000337s ]
SQL: SHOW COLUMNS FROM `xs_column` [ RunTime:0.0006s ]
SQL: SELECT * FROM `xs_column` WHERE ( column_leftid = 0 ) ORDER BY sort  [ RunTime:0.0001s ]
SQL: SELECT * FROM `xs_column` WHERE ( column_leftid = 54 )  [ RunTime:0.0001s ]
SQL: SELECT * FROM `xs_column` WHERE ( column_leftid = 48 )  [ RunTime:0.0001s ]
SQL: SELECT * FROM `xs_column` WHERE ( column_leftid = 58 )  [ RunTime:0.0001s ]
SQL: SELECT * FROM `xs_column` WHERE ( column_leftid = 49 )  [ RunTime:0.0001s ]
SQL: SELECT * FROM `xs_column` WHERE ( column_leftid = 53 )  [ RunTime:0.0001s ]
SQL: SHOW COLUMNS FROM `xs_banner` [ RunTime:0.0003s ]
SQL: SELECT * FROM `xs_banner` ORDER BY sort  [ RunTime:0.0001s ]
SQL: SHOW COLUMNS FROM `xs_article` [ RunTime:0.0003s ]
SQL: SELECT * FROM `xs_article` WHERE ( columnid = 48 and image <> '' ) ORDER BY id desc LIMIT 6   [ RunTime:0.0001s ]
SQL: SELECT * FROM `xs_article` WHERE ( columnid = 49 ) ORDER BY id desc LIMIT 6   [ RunTime:0.0002s ]
SQL: SELECT `content` FROM `xs_column` WHERE ( id = 54 ) LIMIT 1   [ RunTime:0.0001s ]
INFO: [ view_parse ] --START--
INFO: [ template_filter ] --START--
INFO: Run Behavior\ContentReplaceBehavior [ RunTime:0.000057s ]
INFO: [ template_filter ] --END-- [ RunTime:0.000106s ]
INFO: Run Behavior\ParseTemplateBehavior [ RunTime:0.009999s ]
INFO: [ view_parse ] --END-- [ RunTime:0.010032s ]
INFO: [ view_filter ] --START--
INFO: Run Behavior\WriteHtmlCacheBehavior [ RunTime:0.000125s ]
INFO: [ view_filter ] --END-- [ RunTime:0.000150s ]
INFO: [ app_end ] --START--
INFO: Run Behavior\ShowPageTraceBehavior [ RunTime:0.000344s ]
INFO: [ app_end ] --END-- [ RunTime:0.000375s ]

[ 2017-12-09T12:15:36+08:00 ] 61.158.149.82 /default.php
INFO: [ app_init ] --START--
INFO: Run Behavior\BuildLiteBehavior [ RunTime:0.000012s ]
INFO: [ app_init ] --END-- [ RunTime:0.000250s ]
INFO: [ app_begin ] --START--
INFO: Run Behavior\ReadHtmlCacheBehavior [ RunTime:0.000300s ]
INFO: [ app_begin ] --END-- [ RunTime:0.000341s ]
SQL: SHOW COLUMNS FROM `xs_column` [ RunTime:0.0006s ]
SQL: SELECT * FROM `xs_column` WHERE ( column_leftid = 0 ) ORDER BY sort  [ RunTime:0.0002s ]
SQL: SELECT * FROM `xs_column` WHERE ( column_leftid = 54 )  [ RunTime:0.0001s ]
SQL: SELECT * FROM `xs_column` WHERE ( column_leftid = 48 )  [ RunTime:0.0001s ]
SQL: SELECT * FROM `xs_column` WHERE ( column_leftid = 58 )  [ RunTime:0.0001s ]
SQL: SELECT * FROM `xs_column` WHERE ( column_leftid = 49 )  [ RunTime:0.0001s ]
SQL: SELECT * FROM `xs_column` WHERE ( column_leftid = 53 )  [ RunTime:0.0001s ]
SQL: SHOW COLUMNS FROM `xs_banner` [ RunTime:0.0004s ]
SQL: SELECT * FROM `xs_banner` ORDER BY sort  [ RunTime:0.0001s ]
SQL: SHOW COLUMNS FROM `xs_article` [ RunTime:0.0004s ]
SQL: SELECT * FROM `xs_article` WHERE ( columnid = 48 and image <> '' ) ORDER BY id desc LIMIT 6   [ RunTime:0.0002s ]
SQL: SELECT * FROM `xs_article` WHERE ( columnid = 49 ) ORDER BY id desc LIMIT 6   [ RunTime:0.0003s ]
SQL: SELECT `content` FROM `xs_column` WHERE ( id = 54 ) LIMIT 1   [ RunTime:0.0001s ]
INFO: [ view_parse ] --START--
INFO: [ template_filter ] --START--
INFO: Run Behavior\ContentReplaceBehavior [ RunTime:0.000085s ]
INFO: [ template_filter ] --END-- [ RunTime:0.000159s ]
INFO: Run Behavior\ParseTemplateBehavior [ RunTime:0.016209s ]
INFO: [ view_parse ] --END-- [ RunTime:0.016268s ]
INFO: [ view_filter ] --START--
INFO: Run Behavior\WriteHtmlCacheBehavior [ RunTime:0.000146s ]
INFO: [ view_filter ] --END-- [ RunTime:0.000190s ]
INFO: [ app_end ] --START--
INFO: Run Behavior\ShowPageTraceBehavior [ RunTime:0.000536s ]
INFO: [ app_end ] --END-- [ RunTime:0.000590s ]

[ 2017-12-09T12:15:38+08:00 ] 61.158.149.82 /default.php
INFO: [ app_init ] --START--
INFO: Run Behavior\BuildLiteBehavior [ RunTime:0.000010s ]
INFO: [ app_init ] --END-- [ RunTime:0.000250s ]
INFO: [ app_begin ] --START--
INFO: Run Behavior\ReadHtmlCacheBehavior [ RunTime:0.000288s ]
INFO: [ app_begin ] --END-- [ RunTime:0.000320s ]
SQL: SHOW COLUMNS FROM `xs_column` [ RunTime:0.0005s ]
SQL: SELECT * FROM `xs_column` WHERE ( column_leftid = 0 ) ORDER BY sort  [ RunTime:0.0001s ]
SQL: SELECT * FROM `xs_column` WHERE ( column_leftid = 54 )  [ RunTime:0.0001s ]
SQL: SELECT * FROM `xs_column` WHERE ( column_leftid = 48 )  [ RunTime:0.0001s ]
SQL: SELECT * FROM `xs_column` WHERE ( column_leftid = 58 )  [ RunTime:0.0001s ]
SQL: SELECT * FROM `xs_column` WHERE ( column_leftid = 49 )  [ RunTime:0.0001s ]
SQL: SELECT * FROM `xs_column` WHERE ( column_leftid = 53 )  [ RunTime:0.0001s ]
SQL: SHOW COLUMNS FROM `xs_banner` [ RunTime:0.0003s ]
SQL: SELECT * FROM `xs_banner` ORDER BY sort  [ RunTime:0.0001s ]
SQL: SHOW COLUMNS FROM `xs_article` [ RunTime:0.0003s ]
SQL: SELECT * FROM `xs_article` WHERE ( columnid = 48 and image <> '' ) ORDER BY id desc LIMIT 6   [ RunTime:0.0001s ]
SQL: SELECT * FROM `xs_article` WHERE ( columnid = 49 ) ORDER BY id desc LIMIT 6   [ RunTime:0.0002s ]
SQL: SELECT `content` FROM `xs_column` WHERE ( id = 54 ) LIMIT 1   [ RunTime:0.0001s ]
INFO: [ view_parse ] --START--
INFO: [ template_filter ] --START--
INFO: Run Behavior\ContentReplaceBehavior [ RunTime:0.000050s ]
INFO: [ template_filter ] --END-- [ RunTime:0.000083s ]
INFO: Run Behavior\ParseTemplateBehavior [ RunTime:0.009124s ]
INFO: [ view_parse ] --END-- [ RunTime:0.009156s ]
INFO: [ view_filter ] --START--
INFO: Run Behavior\WriteHtmlCacheBehavior [ RunTime:0.000095s ]
INFO: [ view_filter ] --END-- [ RunTime:0.000131s ]
INFO: [ app_end ] --START--
INFO: Run Behavior\ShowPageTraceBehavior [ RunTime:0.000374s ]
INFO: [ app_end ] --END-- [ RunTime:0.000403s ]

[ 2017-12-09T14:17:19+08:00 ] 123.151.77.121 /default.php
INFO: [ app_init ] --START--
INFO: Run Behavior\BuildLiteBehavior [ RunTime:0.000012s ]
INFO: [ app_init ] --END-- [ RunTime:0.000253s ]
INFO: [ app_begin ] --START--
INFO: Run Behavior\ReadHtmlCacheBehavior [ RunTime:0.000302s ]
INFO: [ app_begin ] --END-- [ RunTime:0.000374s ]
SQL: SHOW COLUMNS FROM `xs_column` [ RunTime:0.0005s ]
SQL: SELECT * FROM `xs_column` WHERE ( column_leftid = 0 ) ORDER BY sort  [ RunTime:0.0001s ]
SQL: SELECT * FROM `xs_column` WHERE ( column_leftid = 54 )  [ RunTime:0.0001s ]
SQL: SELECT * FROM `xs_column` WHERE ( column_leftid = 48 )  [ RunTime:0.0001s ]
SQL: SELECT * FROM `xs_column` WHERE ( column_leftid = 58 )  [ RunTime:0.0001s ]
SQL: SELECT * FROM `xs_column` WHERE ( column_leftid = 49 )  [ RunTime:0.0001s ]
SQL: SELECT * FROM `xs_column` WHERE ( column_leftid = 53 )  [ RunTime:0.0001s ]
SQL: SHOW COLUMNS FROM `xs_banner` [ RunTime:0.0003s ]
SQL: SELECT * FROM `xs_banner` ORDER BY sort  [ RunTime:0.0001s ]
SQL: SHOW COLUMNS FROM `xs_article` [ RunTime:0.0004s ]
SQL: SELECT * FROM `xs_article` WHERE ( columnid = 48 and image <> '' ) ORDER BY id desc LIMIT 6   [ RunTime:0.0001s ]
SQL: SELECT * FROM `xs_article` WHERE ( columnid = 49 ) ORDER BY id desc LIMIT 6   [ RunTime:0.0002s ]
SQL: SELECT `content` FROM `xs_column` WHERE ( id = 54 ) LIMIT 1   [ RunTime:0.0001s ]
INFO: [ view_parse ] --START--
INFO: [ template_filter ] --START--
INFO: Run Behavior\ContentReplaceBehavior [ RunTime:0.000064s ]
INFO: [ template_filter ] --END-- [ RunTime:0.000101s ]
INFO: Run Behavior\ParseTemplateBehavior [ RunTime:0.009683s ]
INFO: [ view_parse ] --END-- [ RunTime:0.009719s ]
INFO: [ view_filter ] --START--
INFO: Run Behavior\WriteHtmlCacheBehavior [ RunTime:0.000098s ]
INFO: [ view_filter ] --END-- [ RunTime:0.000123s ]
INFO: [ app_end ] --START--
INFO: Run Behavior\ShowPageTraceBehavior [ RunTime:0.000328s ]
INFO: [ app_end ] --END-- [ RunTime:0.000359s ]

[ 2017-12-09T14:17:19+08:00 ] 123.5.179.245 /default.php
INFO: [ app_init ] --START--
INFO: Run Behavior\BuildLiteBehavior [ RunTime:0.000011s ]
INFO: [ app_init ] --END-- [ RunTime:0.000223s ]
INFO: [ app_begin ] --START--
INFO: Run Behavior\ReadHtmlCacheBehavior [ RunTime:0.000317s ]
INFO: [ app_begin ] --END-- [ RunTime:0.000351s ]
SQL: SHOW COLUMNS FROM `xs_column` [ RunTime:0.0005s ]
SQL: SELECT * FROM `xs_column` WHERE ( column_leftid = 0 ) ORDER BY sort  [ RunTime:0.0001s ]
SQL: SELECT * FROM `xs_column` WHERE ( column_leftid = 54 )  [ RunTime:0.0001s ]
SQL: SELECT * FROM `xs_column` WHERE ( column_leftid = 48 )  [ RunTime:0.0001s ]
SQL: SELECT * FROM `xs_column` WHERE ( column_leftid = 58 )  [ RunTime:0.0001s ]
SQL: SELECT * FROM `xs_column` WHERE ( column_leftid = 49 )  [ RunTime:0.0001s ]
SQL: SELECT * FROM `xs_column` WHERE ( column_leftid = 53 )  [ RunTime:0.0001s ]
SQL: SHOW COLUMNS FROM `xs_banner` [ RunTime:0.0003s ]
SQL: SELECT * FROM `xs_banner` ORDER BY sort  [ RunTime:0.0001s ]
SQL: SHOW COLUMNS FROM `xs_article` [ RunTime:0.0004s ]
SQL: SELECT * FROM `xs_article` WHERE ( columnid = 48 and image <> '' ) ORDER BY id desc LIMIT 6   [ RunTime:0.0001s ]
SQL: SELECT * FROM `xs_article` WHERE ( columnid = 49 ) ORDER BY id desc LIMIT 6   [ RunTime:0.0002s ]
SQL: SELECT `content` FROM `xs_column` WHERE ( id = 54 ) LIMIT 1   [ RunTime:0.0001s ]
INFO: [ view_parse ] --START--
INFO: [ template_filter ] --START--
INFO: Run Behavior\ContentReplaceBehavior [ RunTime:0.000047s ]
INFO: [ template_filter ] --END-- [ RunTime:0.000079s ]
INFO: Run Behavior\ParseTemplateBehavior [ RunTime:0.009087s ]
INFO: [ view_parse ] --END-- [ RunTime:0.009141s ]
INFO: [ view_filter ] --START--
INFO: Run Behavior\WriteHtmlCacheBehavior [ RunTime:0.000098s ]
INFO: [ view_filter ] --END-- [ RunTime:0.000129s ]
INFO: [ app_end ] --START--
INFO: Run Behavior\ShowPageTraceBehavior [ RunTime:0.000320s ]
INFO: [ app_end ] --END-- [ RunTime:0.000350s ]

[ 2017-12-09T14:17:29+08:00 ] 120.204.17.70 /default.php
INFO: [ app_init ] --START--
INFO: Run Behavior\BuildLiteBehavior [ RunTime:0.000011s ]
INFO: [ app_init ] --END-- [ RunTime:0.000231s ]
INFO: [ app_begin ] --START--
INFO: Run Behavior\ReadHtmlCacheBehavior [ RunTime:0.000311s ]
INFO: [ app_begin ] --END-- [ RunTime:0.000345s ]
SQL: SHOW COLUMNS FROM `xs_column` [ RunTime:0.0006s ]
SQL: SELECT * FROM `xs_column` WHERE ( column_leftid = 0 ) ORDER BY sort  [ RunTime:0.0001s ]
SQL: SELECT * FROM `xs_column` WHERE ( column_leftid = 54 )  [ RunTime:0.0001s ]
SQL: SELECT * FROM `xs_column` WHERE ( column_leftid = 48 )  [ RunTime:0.0001s ]
SQL: SELECT * FROM `xs_column` WHERE ( column_leftid = 58 )  [ RunTime:0.0001s ]
SQL: SELECT * FROM `xs_column` WHERE ( column_leftid = 49 )  [ RunTime:0.0001s ]
SQL: SELECT * FROM `xs_column` WHERE ( column_leftid = 53 )  [ RunTime:0.0001s ]
SQL: SHOW COLUMNS FROM `xs_banner` [ RunTime:0.0003s ]
SQL: SELECT * FROM `xs_banner` ORDER BY sort  [ RunTime:0.0001s ]
SQL: SHOW COLUMNS FROM `xs_article` [ RunTime:0.0004s ]
SQL: SELECT * FROM `xs_article` WHERE ( columnid = 48 and image <> '' ) ORDER BY id desc LIMIT 6   [ RunTime:0.0001s ]
SQL: SELECT * FROM `xs_article` WHERE ( columnid = 49 ) ORDER BY id desc LIMIT 6   [ RunTime:0.0002s ]
SQL: SELECT `content` FROM `xs_column` WHERE ( id = 54 ) LIMIT 1   [ RunTime:0.0001s ]
INFO: [ view_parse ] --START--
INFO: [ template_filter ] --START--
INFO: Run Behavior\ContentReplaceBehavior [ RunTime:0.000053s ]
INFO: [ template_filter ] --END-- [ RunTime:0.000094s ]
INFO: Run Behavior\ParseTemplateBehavior [ RunTime:0.009248s ]
INFO: [ view_parse ] --END-- [ RunTime:0.009281s ]
INFO: [ view_filter ] --START--
INFO: Run Behavior\WriteHtmlCacheBehavior [ RunTime:0.000105s ]
INFO: [ view_filter ] --END-- [ RunTime:0.000130s ]
INFO: [ app_end ] --START--
INFO: Run Behavior\ShowPageTraceBehavior [ RunTime:0.000329s ]
INFO: [ app_end ] --END-- [ RunTime:0.000359s ]

[ 2017-12-09T15:31:13+08:00 ] 61.158.149.13 /default.php
INFO: [ app_init ] --START--
INFO: Run Behavior\BuildLiteBehavior [ RunTime:0.000012s ]
INFO: [ app_init ] --END-- [ RunTime:0.000236s ]
INFO: [ app_begin ] --START--
INFO: Run Behavior\ReadHtmlCacheBehavior [ RunTime:0.000303s ]
INFO: [ app_begin ] --END-- [ RunTime:0.000337s ]
SQL: SHOW COLUMNS FROM `xs_column` [ RunTime:0.0005s ]
SQL: SELECT * FROM `xs_column` WHERE ( column_leftid = 0 ) ORDER BY sort  [ RunTime:0.0001s ]
SQL: SELECT * FROM `xs_column` WHERE ( column_leftid = 54 )  [ RunTime:0.0001s ]
SQL: SELECT * FROM `xs_column` WHERE ( column_leftid = 48 )  [ RunTime:0.0001s ]
SQL: SELECT * FROM `xs_column` WHERE ( column_leftid = 58 )  [ RunTime:0.0001s ]
SQL: SELECT * FROM `xs_column` WHERE ( column_leftid = 49 )  [ RunTime:0.0001s ]
SQL: SELECT * FROM `xs_column` WHERE ( column_leftid = 53 )  [ RunTime:0.0001s ]
SQL: SHOW COLUMNS FROM `xs_banner` [ RunTime:0.0003s ]
SQL: SELECT * FROM `xs_banner` ORDER BY sort  [ RunTime:0.0001s ]
SQL: SHOW COLUMNS FROM `xs_article` [ RunTime:0.0004s ]
SQL: SELECT * FROM `xs_article` WHERE ( columnid = 48 and image <> '' ) ORDER BY id desc LIMIT 6   [ RunTime:0.0001s ]
SQL: SELECT * FROM `xs_article` WHERE ( columnid = 49 ) ORDER BY id desc LIMIT 6   [ RunTime:0.0002s ]
SQL: SELECT `content` FROM `xs_column` WHERE ( id = 54 ) LIMIT 1   [ RunTime:0.0001s ]
INFO: [ view_parse ] --START--
INFO: [ template_filter ] --START--
INFO: Run Behavior\ContentReplaceBehavior [ RunTime:0.000076s ]
INFO: [ template_filter ] --END-- [ RunTime:0.000116s ]
INFO: Run Behavior\ParseTemplateBehavior [ RunTime:0.009488s ]
INFO: [ view_parse ] --END-- [ RunTime:0.009524s ]
INFO: [ view_filter ] --START--
INFO: Run Behavior\WriteHtmlCacheBehavior [ RunTime:0.000102s ]
INFO: [ view_filter ] --END-- [ RunTime:0.000127s ]
INFO: [ app_end ] --START--
INFO: Run Behavior\ShowPageTraceBehavior [ RunTime:0.000329s ]
INFO: [ app_end ] --END-- [ RunTime:0.000361s ]

[ 2017-12-09T15:31:15+08:00 ] 61.158.149.13 /default.php
INFO: [ app_init ] --START--
INFO: Run Behavior\BuildLiteBehavior [ RunTime:0.000029s ]
INFO: [ app_init ] --END-- [ RunTime:0.000257s ]
INFO: [ app_begin ] --START--
INFO: Run Behavior\ReadHtmlCacheBehavior [ RunTime:0.000303s ]
INFO: [ app_begin ] --END-- [ RunTime:0.000337s ]
SQL: SHOW COLUMNS FROM `xs_column` [ RunTime:0.0006s ]
SQL: SELECT * FROM `xs_column` WHERE ( column_leftid = 0 ) ORDER BY sort  [ RunTime:0.0001s ]
SQL: SELECT * FROM `xs_column` WHERE ( column_leftid = 54 )  [ RunTime:0.0001s ]
SQL: SELECT * FROM `xs_column` WHERE ( column_leftid = 48 )  [ RunTime:0.0001s ]
SQL: SELECT * FROM `xs_column` WHERE ( column_leftid = 58 )  [ RunTime:0.0001s ]
SQL: SELECT * FROM `xs_column` WHERE ( column_leftid = 49 )  [ RunTime:0.0001s ]
SQL: SELECT * FROM `xs_column` WHERE ( column_leftid = 53 )  [ RunTime:0.0001s ]
SQL: SHOW COLUMNS FROM `xs_banner` [ RunTime:0.0003s ]
SQL: SELECT * FROM `xs_banner` ORDER BY sort  [ RunTime:0.0001s ]
SQL: SHOW COLUMNS FROM `xs_article` [ RunTime:0.0004s ]
SQL: SELECT * FROM `xs_article` WHERE ( columnid = 48 and image <> '' ) ORDER BY id desc LIMIT 6   [ RunTime:0.0001s ]
SQL: SELECT * FROM `xs_article` WHERE ( columnid = 49 ) ORDER BY id desc LIMIT 6   [ RunTime:0.0002s ]
SQL: SELECT `content` FROM `xs_column` WHERE ( id = 54 ) LIMIT 1   [ RunTime:0.0001s ]
INFO: [ view_parse ] --START--
INFO: [ template_filter ] --START--
INFO: Run Behavior\ContentReplaceBehavior [ RunTime:0.000055s ]
INFO: [ template_filter ] --END-- [ RunTime:0.000090s ]
INFO: Run Behavior\ParseTemplateBehavior [ RunTime:0.009238s ]
INFO: [ view_parse ] --END-- [ RunTime:0.009273s ]
INFO: [ view_filter ] --START--
INFO: Run Behavior\WriteHtmlCacheBehavior [ RunTime:0.000117s ]
INFO: [ view_filter ] --END-- [ RunTime:0.000143s ]
INFO: [ app_end ] --START--
INFO: Run Behavior\ShowPageTraceBehavior [ RunTime:0.000324s ]
INFO: [ app_end ] --END-- [ RunTime:0.000355s ]

[ 2017-12-09T16:22:58+08:00 ] 123.151.77.74 /default.php
INFO: [ app_init ] --START--
INFO: Run Behavior\BuildLiteBehavior [ RunTime:0.000011s ]
INFO: [ app_init ] --END-- [ RunTime:0.000233s ]
INFO: [ app_begin ] --START--
INFO: Run Behavior\ReadHtmlCacheBehavior [ RunTime:0.000294s ]
INFO: [ app_begin ] --END-- [ RunTime:0.000327s ]
SQL: SHOW COLUMNS FROM `xs_column` [ RunTime:0.0005s ]
SQL: SELECT * FROM `xs_column` WHERE ( column_leftid = 0 ) ORDER BY sort  [ RunTime:0.0001s ]
SQL: SELECT * FROM `xs_column` WHERE ( column_leftid = 54 )  [ RunTime:0.0001s ]
SQL: SELECT * FROM `xs_column` WHERE ( column_leftid = 48 )  [ RunTime:0.0001s ]
SQL: SELECT * FROM `xs_column` WHERE ( column_leftid = 58 )  [ RunTime:0.0001s ]
SQL: SELECT * FROM `xs_column` WHERE ( column_leftid = 49 )  [ RunTime:0.0001s ]
SQL: SELECT * FROM `xs_column` WHERE ( column_leftid = 53 )  [ RunTime:0.0001s ]
SQL: SHOW COLUMNS FROM `xs_banner` [ RunTime:0.0003s ]
SQL: SELECT * FROM `xs_banner` ORDER BY sort  [ RunTime:0.0001s ]
SQL: SHOW COLUMNS FROM `xs_article` [ RunTime:0.0004s ]
SQL: SELECT * FROM `xs_article` WHERE ( columnid = 48 and image <> '' ) ORDER BY id desc LIMIT 6   [ RunTime:0.0001s ]
SQL: SELECT * FROM `xs_article` WHERE ( columnid = 49 ) ORDER BY id desc LIMIT 6   [ RunTime:0.0002s ]
SQL: SELECT `content` FROM `xs_column` WHERE ( id = 54 ) LIMIT 1   [ RunTime:0.0001s ]
INFO: [ view_parse ] --START--
INFO: [ template_filter ] --START--
INFO: Run Behavior\ContentReplaceBehavior [ RunTime:0.000060s ]
INFO: [ template_filter ] --END-- [ RunTime:0.000116s ]
INFO: Run Behavior\ParseTemplateBehavior [ RunTime:0.010454s ]
INFO: [ view_parse ] --END-- [ RunTime:0.010490s ]
INFO: [ view_filter ] --START--
INFO: Run Behavior\WriteHtmlCacheBehavior [ RunTime:0.000110s ]
INFO: [ view_filter ] --END-- [ RunTime:0.000135s ]
INFO: [ app_end ] --START--
INFO: Run Behavior\ShowPageTraceBehavior [ RunTime:0.000385s ]
INFO: [ app_end ] --END-- [ RunTime:0.000424s ]

[ 2017-12-09T16:22:58+08:00 ] 117.136.44.137 /default.php
INFO: [ app_init ] --START--
INFO: Run Behavior\BuildLiteBehavior [ RunTime:0.000012s ]
INFO: [ app_init ] --END-- [ RunTime:0.000236s ]
INFO: [ app_begin ] --START--
INFO: Run Behavior\ReadHtmlCacheBehavior [ RunTime:0.000320s ]
INFO: [ app_begin ] --END-- [ RunTime:0.000354s ]
SQL: SHOW COLUMNS FROM `xs_column` [ RunTime:0.0006s ]
SQL: SELECT * FROM `xs_column` WHERE ( column_leftid = 0 ) ORDER BY sort  [ RunTime:0.0001s ]
SQL: SELECT * FROM `xs_column` WHERE ( column_leftid = 54 )  [ RunTime:0.0001s ]
SQL: SELECT * FROM `xs_column` WHERE ( column_leftid = 48 )  [ RunTime:0.0001s ]
SQL: SELECT * FROM `xs_column` WHERE ( column_leftid = 58 )  [ RunTime:0.0001s ]
SQL: SELECT * FROM `xs_column` WHERE ( column_leftid = 49 )  [ RunTime:0.0001s ]
SQL: SELECT * FROM `xs_column` WHERE ( column_leftid = 53 )  [ RunTime:0.0001s ]
SQL: SHOW COLUMNS FROM `xs_banner` [ RunTime:0.0003s ]
SQL: SELECT * FROM `xs_banner` ORDER BY sort  [ RunTime:0.0001s ]
SQL: SHOW COLUMNS FROM `xs_article` [ RunTime:0.0004s ]
SQL: SELECT * FROM `xs_article` WHERE ( columnid = 48 and image <> '' ) ORDER BY id desc LIMIT 6   [ RunTime:0.0001s ]
SQL: SELECT * FROM `xs_article` WHERE ( columnid = 49 ) ORDER BY id desc LIMIT 6   [ RunTime:0.0002s ]
SQL: SELECT `content` FROM `xs_column` WHERE ( id = 54 ) LIMIT 1   [ RunTime:0.0001s ]
INFO: [ view_parse ] --START--
INFO: [ template_filter ] --START--
INFO: Run Behavior\ContentReplaceBehavior [ RunTime:0.000068s ]
INFO: [ template_filter ] --END-- [ RunTime:0.000110s ]
INFO: Run Behavior\ParseTemplateBehavior [ RunTime:0.010023s ]
INFO: [ view_parse ] --END-- [ RunTime:0.010056s ]
INFO: [ view_filter ] --START--
INFO: Run Behavior\WriteHtmlCacheBehavior [ RunTime:0.000110s ]
INFO: [ view_filter ] --END-- [ RunTime:0.000135s ]
INFO: [ app_end ] --START--
INFO: Run Behavior\ShowPageTraceBehavior [ RunTime:0.000367s ]
INFO: [ app_end ] --END-- [ RunTime:0.000399s ]

[ 2017-12-09T16:23:36+08:00 ] 123.151.77.74 /default.php
INFO: [ app_init ] --START--
INFO: Run Behavior\BuildLiteBehavior [ RunTime:0.000011s ]
INFO: [ app_init ] --END-- [ RunTime:0.000246s ]
INFO: [ app_begin ] --START--
INFO: Run Behavior\ReadHtmlCacheBehavior [ RunTime:0.000305s ]
INFO: [ app_begin ] --END-- [ RunTime:0.000339s ]
SQL: SHOW COLUMNS FROM `xs_column` [ RunTime:0.0006s ]
SQL: SELECT * FROM `xs_column` WHERE ( column_leftid = 0 ) ORDER BY sort  [ RunTime:0.0001s ]
SQL: SELECT * FROM `xs_column` WHERE ( column_leftid = 54 )  [ RunTime:0.0001s ]
SQL: SELECT * FROM `xs_column` WHERE ( column_leftid = 48 )  [ RunTime:0.0001s ]
SQL: SELECT * FROM `xs_column` WHERE ( column_leftid = 58 )  [ RunTime:0.0001s ]
SQL: SELECT * FROM `xs_column` WHERE ( column_leftid = 49 )  [ RunTime:0.0001s ]
SQL: SELECT * FROM `xs_column` WHERE ( column_leftid = 53 )  [ RunTime:0.0001s ]
SQL: SHOW COLUMNS FROM `xs_banner` [ RunTime:0.0004s ]
SQL: SELECT * FROM `xs_banner` ORDER BY sort  [ RunTime:0.0001s ]
SQL: SHOW COLUMNS FROM `xs_article` [ RunTime:0.0004s ]
SQL: SELECT * FROM `xs_article` WHERE ( columnid = 48 and image <> '' ) ORDER BY id desc LIMIT 6   [ RunTime:0.0001s ]
SQL: SELECT * FROM `xs_article` WHERE ( columnid = 49 ) ORDER BY id desc LIMIT 6   [ RunTime:0.0002s ]
SQL: SELECT `content` FROM `xs_column` WHERE ( id = 54 ) LIMIT 1   [ RunTime:0.0001s ]
INFO: [ view_parse ] --START--
INFO: [ template_filter ] --START--
INFO: Run Behavior\ContentReplaceBehavior [ RunTime:0.000055s ]
INFO: [ template_filter ] --END-- [ RunTime:0.000100s ]
INFO: Run Behavior\ParseTemplateBehavior [ RunTime:0.009324s ]
INFO: [ view_parse ] --END-- [ RunTime:0.009358s ]
INFO: [ view_filter ] --START--
INFO: Run Behavior\WriteHtmlCacheBehavior [ RunTime:0.000117s ]
INFO: [ view_filter ] --END-- [ RunTime:0.000143s ]
INFO: [ app_end ] --START--
INFO: Run Behavior\ShowPageTraceBehavior [ RunTime:0.000326s ]
INFO: [ app_end ] --END-- [ RunTime:0.000355s ]

[ 2017-12-09T16:23:37+08:00 ] 117.136.44.137 /default.php
INFO: [ app_init ] --START--
INFO: Run Behavior\BuildLiteBehavior [ RunTime:0.000011s ]
INFO: [ app_init ] --END-- [ RunTime:0.000230s ]
INFO: [ app_begin ] --START--
INFO: Run Behavior\ReadHtmlCacheBehavior [ RunTime:0.000316s ]
INFO: [ app_begin ] --END-- [ RunTime:0.000349s ]
SQL: SHOW COLUMNS FROM `xs_column` [ RunTime:0.0005s ]
SQL: SELECT * FROM `xs_column` WHERE ( column_leftid = 0 ) ORDER BY sort  [ RunTime:0.0002s ]
SQL: SELECT * FROM `xs_column` WHERE ( column_leftid = 54 )  [ RunTime:0.0001s ]
SQL: SELECT * FROM `xs_column` WHERE ( column_leftid = 48 )  [ RunTime:0.0001s ]
SQL: SELECT * FROM `xs_column` WHERE ( column_leftid = 58 )  [ RunTime:0.0001s ]
SQL: SELECT * FROM `xs_column` WHERE ( column_leftid = 49 )  [ RunTime:0.0001s ]
SQL: SELECT * FROM `xs_column` WHERE ( column_leftid = 53 )  [ RunTime:0.0001s ]
SQL: SHOW COLUMNS FROM `xs_banner` [ RunTime:0.0004s ]
SQL: SELECT * FROM `xs_banner` ORDER BY sort  [ RunTime:0.0001s ]
SQL: SHOW COLUMNS FROM `xs_article` [ RunTime:0.0004s ]
SQL: SELECT * FROM `xs_article` WHERE ( columnid = 48 and image <> '' ) ORDER BY id desc LIMIT 6   [ RunTime:0.0001s ]
SQL: SELECT * FROM `xs_article` WHERE ( columnid = 49 ) ORDER BY id desc LIMIT 6   [ RunTime:0.0002s ]
SQL: SELECT `content` FROM `xs_column` WHERE ( id = 54 ) LIMIT 1   [ RunTime:0.0001s ]
INFO: [ view_parse ] --START--
INFO: [ template_filter ] --START--
INFO: Run Behavior\ContentReplaceBehavior [ RunTime:0.000057s ]
INFO: [ template_filter ] --END-- [ RunTime:0.000096s ]
INFO: Run Behavior\ParseTemplateBehavior [ RunTime:0.009163s ]
INFO: [ view_parse ] --END-- [ RunTime:0.009195s ]
INFO: [ view_filter ] --START--
INFO: Run Behavior\WriteHtmlCacheBehavior [ RunTime:0.000103s ]
INFO: [ view_filter ] --END-- [ RunTime:0.000128s ]
INFO: [ app_end ] --START--
INFO: Run Behavior\ShowPageTraceBehavior [ RunTime:0.000322s ]
INFO: [ app_end ] --END-- [ RunTime:0.000351s ]

[ 2017-12-09T17:22:27+08:00 ] 123.151.77.81 /default.php
INFO: [ app_init ] --START--
INFO: Run Behavior\BuildLiteBehavior [ RunTime:0.000014s ]
INFO: [ app_init ] --END-- [ RunTime:0.000259s ]
INFO: [ app_begin ] --START--
INFO: Run Behavior\ReadHtmlCacheBehavior [ RunTime:0.000316s ]
INFO: [ app_begin ] --END-- [ RunTime:0.000350s ]
SQL: SHOW COLUMNS FROM `xs_column` [ RunTime:0.0006s ]
SQL: SELECT * FROM `xs_column` WHERE ( column_leftid = 0 ) ORDER BY sort  [ RunTime:0.0001s ]
SQL: SELECT * FROM `xs_column` WHERE ( column_leftid = 54 )  [ RunTime:0.0001s ]
SQL: SELECT * FROM `xs_column` WHERE ( column_leftid = 48 )  [ RunTime:0.0001s ]
SQL: SELECT * FROM `xs_column` WHERE ( column_leftid = 58 )  [ RunTime:0.0001s ]
SQL: SELECT * FROM `xs_column` WHERE ( column_leftid = 49 )  [ RunTime:0.0001s ]
SQL: SELECT * FROM `xs_column` WHERE ( column_leftid = 53 )  [ RunTime:0.0001s ]
SQL: SHOW COLUMNS FROM `xs_banner` [ RunTime:0.0004s ]
SQL: SELECT * FROM `xs_banner` ORDER BY sort  [ RunTime:0.0001s ]
SQL: SHOW COLUMNS FROM `xs_article` [ RunTime:0.0004s ]
SQL: SELECT * FROM `xs_article` WHERE ( columnid = 48 and image <> '' ) ORDER BY id desc LIMIT 6   [ RunTime:0.0001s ]
SQL: SELECT * FROM `xs_article` WHERE ( columnid = 49 ) ORDER BY id desc LIMIT 6   [ RunTime:0.0002s ]
SQL: SELECT `content` FROM `xs_column` WHERE ( id = 54 ) LIMIT 1   [ RunTime:0.0001s ]
INFO: [ view_parse ] --START--
INFO: [ template_filter ] --START--
INFO: Run Behavior\ContentReplaceBehavior [ RunTime:0.000074s ]
INFO: [ template_filter ] --END-- [ RunTime:0.000132s ]
INFO: Run Behavior\ParseTemplateBehavior [ RunTime:0.009872s ]
INFO: [ view_parse ] --END-- [ RunTime:0.009935s ]
INFO: [ view_filter ] --START--
INFO: Run Behavior\WriteHtmlCacheBehavior [ RunTime:0.000131s ]
INFO: [ view_filter ] --END-- [ RunTime:0.000158s ]
INFO: [ app_end ] --START--
INFO: Run Behavior\ShowPageTraceBehavior [ RunTime:0.000402s ]
INFO: [ app_end ] --END-- [ RunTime:0.000435s ]

[ 2017-12-09T17:22:28+08:00 ] 123.162.165.1 /default.php
INFO: [ app_init ] --START--
INFO: Run Behavior\BuildLiteBehavior [ RunTime:0.000015s ]
INFO: [ app_init ] --END-- [ RunTime:0.000248s ]
INFO: [ app_begin ] --START--
INFO: Run Behavior\ReadHtmlCacheBehavior [ RunTime:0.000301s ]
INFO: [ app_begin ] --END-- [ RunTime:0.000343s ]
SQL: SHOW COLUMNS FROM `xs_column` [ RunTime:0.0006s ]
SQL: SELECT * FROM `xs_column` WHERE ( column_leftid = 0 ) ORDER BY sort  [ RunTime:0.0001s ]
SQL: SELECT * FROM `xs_column` WHERE ( column_leftid = 54 )  [ RunTime:0.0001s ]
SQL: SELECT * FROM `xs_column` WHERE ( column_leftid = 48 )  [ RunTime:0.0001s ]
SQL: SELECT * FROM `xs_column` WHERE ( column_leftid = 58 )  [ RunTime:0.0001s ]
SQL: SELECT * FROM `xs_column` WHERE ( column_leftid = 49 )  [ RunTime:0.0001s ]
SQL: SELECT * FROM `xs_column` WHERE ( column_leftid = 53 )  [ RunTime:0.0001s ]
SQL: SHOW COLUMNS FROM `xs_banner` [ RunTime:0.0004s ]
SQL: SELECT * FROM `xs_banner` ORDER BY sort  [ RunTime:0.0001s ]
SQL: SHOW COLUMNS FROM `xs_article` [ RunTime:0.0004s ]
SQL: SELECT * FROM `xs_article` WHERE ( columnid = 48 and image <> '' ) ORDER BY id desc LIMIT 6   [ RunTime:0.0001s ]
SQL: SELECT * FROM `xs_article` WHERE ( columnid = 49 ) ORDER BY id desc LIMIT 6   [ RunTime:0.0002s ]
SQL: SELECT `content` FROM `xs_column` WHERE ( id = 54 ) LIMIT 1   [ RunTime:0.0001s ]
INFO: [ view_parse ] --START--
INFO: [ template_filter ] --START--
INFO: Run Behavior\ContentReplaceBehavior [ RunTime:0.000066s ]
INFO: [ template_filter ] --END-- [ RunTime:0.000138s ]
INFO: Run Behavior\ParseTemplateBehavior [ RunTime:0.011932s ]
INFO: [ view_parse ] --END-- [ RunTime:0.011978s ]
INFO: [ view_filter ] --START--
INFO: Run Behavior\WriteHtmlCacheBehavior [ RunTime:0.000143s ]
INFO: [ view_filter ] --END-- [ RunTime:0.000183s ]
INFO: [ app_end ] --START--
INFO: Run Behavior\ShowPageTraceBehavior [ RunTime:0.000429s ]
INFO: [ app_end ] --END-- [ RunTime:0.000472s ]

[ 2017-12-09T18:43:57+08:00 ] 123.151.77.72 /default.php
INFO: [ app_init ] --START--
INFO: Run Behavior\BuildLiteBehavior [ RunTime:0.000010s ]
INFO: [ app_init ] --END-- [ RunTime:0.000234s ]
INFO: [ app_begin ] --START--
INFO: Run Behavior\ReadHtmlCacheBehavior [ RunTime:0.000317s ]
INFO: [ app_begin ] --END-- [ RunTime:0.000353s ]
SQL: SHOW COLUMNS FROM `xs_column` [ RunTime:0.0005s ]
SQL: SELECT * FROM `xs_column` WHERE ( column_leftid = 0 ) ORDER BY sort  [ RunTime:0.0001s ]
SQL: SELECT * FROM `xs_column` WHERE ( column_leftid = 54 )  [ RunTime:0.0001s ]
SQL: SELECT * FROM `xs_column` WHERE ( column_leftid = 48 )  [ RunTime:0.0001s ]
SQL: SELECT * FROM `xs_column` WHERE ( column_leftid = 58 )  [ RunTime:0.0001s ]
SQL: SELECT * FROM `xs_column` WHERE ( column_leftid = 49 )  [ RunTime:0.0001s ]
SQL: SELECT * FROM `xs_column` WHERE ( column_leftid = 53 )  [ RunTime:0.0001s ]
SQL: SHOW COLUMNS FROM `xs_banner` [ RunTime:0.0003s ]
SQL: SELECT * FROM `xs_banner` ORDER BY sort  [ RunTime:0.0001s ]
SQL: SHOW COLUMNS FROM `xs_article` [ RunTime:0.0004s ]
SQL: SELECT * FROM `xs_article` WHERE ( columnid = 48 and image <> '' ) ORDER BY id desc LIMIT 6   [ RunTime:0.0001s ]
SQL: SELECT * FROM `xs_article` WHERE ( columnid = 49 ) ORDER BY id desc LIMIT 6   [ RunTime:0.0002s ]
SQL: SELECT `content` FROM `xs_column` WHERE ( id = 54 ) LIMIT 1   [ RunTime:0.0001s ]
INFO: [ view_parse ] --START--
INFO: [ template_filter ] --START--
INFO: Run Behavior\ContentReplaceBehavior [ RunTime:0.000075s ]
INFO: [ template_filter ] --END-- [ RunTime:0.000127s ]
INFO: Run Behavior\ParseTemplateBehavior [ RunTime:0.010484s ]
INFO: [ view_parse ] --END-- [ RunTime:0.010530s ]
INFO: [ view_filter ] --START--
INFO: Run Behavior\WriteHtmlCacheBehavior [ RunTime:0.000144s ]
INFO: [ view_filter ] --END-- [ RunTime:0.000183s ]
INFO: [ app_end ] --START--
INFO: Run Behavior\ShowPageTraceBehavior [ RunTime:0.000459s ]
INFO: [ app_end ] --END-- [ RunTime:0.000504s ]

[ 2017-12-09T18:43:59+08:00 ] 117.159.17.71 /default.php
INFO: [ app_init ] --START--
INFO: Run Behavior\BuildLiteBehavior [ RunTime:0.000011s ]
INFO: [ app_init ] --END-- [ RunTime:0.000232s ]
INFO: [ app_begin ] --START--
INFO: Run Behavior\ReadHtmlCacheBehavior [ RunTime:0.000305s ]
INFO: [ app_begin ] --END-- [ RunTime:0.000340s ]
SQL: SHOW COLUMNS FROM `xs_column` [ RunTime:0.0006s ]
SQL: SELECT * FROM `xs_column` WHERE ( column_leftid = 0 ) ORDER BY sort  [ RunTime:0.0002s ]
SQL: SELECT * FROM `xs_column` WHERE ( column_leftid = 54 )  [ RunTime:0.0001s ]
SQL: SELECT * FROM `xs_column` WHERE ( column_leftid = 48 )  [ RunTime:0.0001s ]
SQL: SELECT * FROM `xs_column` WHERE ( column_leftid = 58 )  [ RunTime:0.0001s ]
SQL: SELECT * FROM `xs_column` WHERE ( column_leftid = 49 )  [ RunTime:0.0001s ]
SQL: SELECT * FROM `xs_column` WHERE ( column_leftid = 53 )  [ RunTime:0.0001s ]
SQL: SHOW COLUMNS FROM `xs_banner` [ RunTime:0.0003s ]
SQL: SELECT * FROM `xs_banner` ORDER BY sort  [ RunTime:0.0001s ]
SQL: SHOW COLUMNS FROM `xs_article` [ RunTime:0.0004s ]
SQL: SELECT * FROM `xs_article` WHERE ( columnid = 48 and image <> '' ) ORDER BY id desc LIMIT 6   [ RunTime:0.0001s ]
SQL: SELECT * FROM `xs_article` WHERE ( columnid = 49 ) ORDER BY id desc LIMIT 6   [ RunTime:0.0002s ]
SQL: SELECT `content` FROM `xs_column` WHERE ( id = 54 ) LIMIT 1   [ RunTime:0.0001s ]
INFO: [ view_parse ] --START--
INFO: [ template_filter ] --START--
INFO: Run Behavior\ContentReplaceBehavior [ RunTime:0.000052s ]
INFO: [ template_filter ] --END-- [ RunTime:0.000086s ]
INFO: Run Behavior\ParseTemplateBehavior [ RunTime:0.009544s ]
INFO: [ view_parse ] --END-- [ RunTime:0.009577s ]
INFO: [ view_filter ] --START--
INFO: Run Behavior\WriteHtmlCacheBehavior [ RunTime:0.000110s ]
INFO: [ view_filter ] --END-- [ RunTime:0.000135s ]
INFO: [ app_end ] --START--
INFO: Run Behavior\ShowPageTraceBehavior [ RunTime:0.000308s ]
INFO: [ app_end ] --END-- [ RunTime:0.000335s ]

[ 2017-12-09T18:48:24+08:00 ] 123.151.77.72 /default.php/Home/List/view/id/41.html
INFO: [ app_init ] --START--
INFO: Run Behavior\BuildLiteBehavior [ RunTime:0.000010s ]
INFO: [ app_init ] --END-- [ RunTime:0.000224s ]
INFO: [ app_begin ] --START--
INFO: Run Behavior\ReadHtmlCacheBehavior [ RunTime:0.000300s ]
INFO: [ app_begin ] --END-- [ RunTime:0.000333s ]
SQL: SHOW COLUMNS FROM `xs_column` [ RunTime:0.0005s ]
SQL: SELECT * FROM `xs_column` WHERE ( column_leftid = 0 ) ORDER BY sort  [ RunTime:0.0001s ]
SQL: SELECT * FROM `xs_column` WHERE ( column_leftid = 54 )  [ RunTime:0.0001s ]
SQL: SELECT * FROM `xs_column` WHERE ( column_leftid = 48 )  [ RunTime:0.0001s ]
SQL: SELECT * FROM `xs_column` WHERE ( column_leftid = 58 )  [ RunTime:0.0001s ]
SQL: SELECT * FROM `xs_column` WHERE ( column_leftid = 49 )  [ RunTime:0.0001s ]
SQL: SELECT * FROM `xs_column` WHERE ( column_leftid = 53 )  [ RunTime:0.0001s ]
SQL: SHOW COLUMNS FROM `xs_article` [ RunTime:0.0004s ]
SQL: SELECT * FROM `xs_article` WHERE ( id = 41 ) LIMIT 1   [ RunTime:0.0001s ]
INFO: [ view_parse ] --START--
INFO: [ template_filter ] --START--
INFO: Run Behavior\ContentReplaceBehavior [ RunTime:0.000040s ]
INFO: [ template_filter ] --END-- [ RunTime:0.000070s ]
INFO: Run Behavior\ParseTemplateBehavior [ RunTime:0.006005s ]
INFO: [ view_parse ] --END-- [ RunTime:0.006035s ]
INFO: [ view_filter ] --START--
INFO: Run Behavior\WriteHtmlCacheBehavior [ RunTime:0.000107s ]
INFO: [ view_filter ] --END-- [ RunTime:0.000132s ]
INFO: [ app_end ] --START--
INFO: Run Behavior\ShowPageTraceBehavior [ RunTime:0.000300s ]
INFO: [ app_end ] --END-- [ RunTime:0.000327s ]

[ 2017-12-09T18:48:34+08:00 ] 120.204.17.70 /default.php/Home/List/view/id/41.html
INFO: [ app_init ] --START--
INFO: Run Behavior\BuildLiteBehavior [ RunTime:0.000011s ]
INFO: [ app_init ] --END-- [ RunTime:0.000256s ]
INFO: [ app_begin ] --START--
INFO: Run Behavior\ReadHtmlCacheBehavior [ RunTime:0.000305s ]
INFO: [ app_begin ] --END-- [ RunTime:0.000359s ]
SQL: SHOW COLUMNS FROM `xs_column` [ RunTime:0.0005s ]
SQL: SELECT * FROM `xs_column` WHERE ( column_leftid = 0 ) ORDER BY sort  [ RunTime:0.0001s ]
SQL: SELECT * FROM `xs_column` WHERE ( column_leftid = 54 )  [ RunTime:0.0001s ]
SQL: SELECT * FROM `xs_column` WHERE ( column_leftid = 48 )  [ RunTime:0.0001s ]
SQL: SELECT * FROM `xs_column` WHERE ( column_leftid = 58 )  [ RunTime:0.0001s ]
SQL: SELECT * FROM `xs_column` WHERE ( column_leftid = 49 )  [ RunTime:0.0001s ]
SQL: SELECT * FROM `xs_column` WHERE ( column_leftid = 53 )  [ RunTime:0.0001s ]
SQL: SHOW COLUMNS FROM `xs_article` [ RunTime:0.0004s ]
SQL: SELECT * FROM `xs_article` WHERE ( id = 41 ) LIMIT 1   [ RunTime:0.0001s ]
INFO: [ view_parse ] --START--
INFO: [ template_filter ] --START--
INFO: Run Behavior\ContentReplaceBehavior [ RunTime:0.000043s ]
INFO: [ template_filter ] --END-- [ RunTime:0.000081s ]
INFO: Run Behavior\ParseTemplateBehavior [ RunTime:0.006234s ]
INFO: [ view_parse ] --END-- [ RunTime:0.006272s ]
INFO: [ view_filter ] --START--
INFO: Run Behavior\WriteHtmlCacheBehavior [ RunTime:0.000092s ]
INFO: [ view_filter ] --END-- [ RunTime:0.000117s ]
INFO: [ app_end ] --START--
INFO: Run Behavior\ShowPageTraceBehavior [ RunTime:0.000329s ]
INFO: [ app_end ] --END-- [ RunTime:0.000362s ]

