[ 2017-12-16T12:40:16+08:00 ] 123.151.77.90 /default.php
INFO: [ app_init ] --START--
INFO: Run Behavior\BuildLiteBehavior [ RunTime:0.000012s ]
INFO: [ app_init ] --END-- [ RunTime:0.000248s ]
INFO: [ app_begin ] --START--
INFO: Run Behavior\ReadHtmlCacheBehavior [ RunTime:0.000315s ]
INFO: [ app_begin ] --END-- [ RunTime:0.000348s ]
SQL: SHOW COLUMNS FROM `xs_column` [ RunTime:0.0005s ]
SQL: SELECT * FROM `xs_column` WHERE ( column_leftid = 0 ) ORDER BY sort  [ RunTime:0.0003s ]
SQL: SELECT * FROM `xs_column` WHERE ( column_leftid = 54 )  [ RunTime:0.0002s ]
SQL: SELECT * FROM `xs_column` WHERE ( column_leftid = 48 )  [ RunTime:0.0002s ]
SQL: SELECT * FROM `xs_column` WHERE ( column_leftid = 58 )  [ RunTime:0.0002s ]
SQL: SELECT * FROM `xs_column` WHERE ( column_leftid = 49 )  [ RunTime:0.0001s ]
SQL: SELECT * FROM `xs_column` WHERE ( column_leftid = 53 )  [ RunTime:0.0001s ]
SQL: SHOW COLUMNS FROM `xs_banner` [ RunTime:0.0003s ]
SQL: SELECT * FROM `xs_banner` ORDER BY sort  [ RunTime:0.0002s ]
SQL: SHOW COLUMNS FROM `xs_article` [ RunTime:0.0004s ]
SQL: SELECT * FROM `xs_article` WHERE ( columnid = 48 and image <> '' ) ORDER BY id desc LIMIT 6   [ RunTime:0.0004s ]
SQL: SELECT * FROM `xs_article` WHERE ( columnid = 49 ) ORDER BY id desc LIMIT 6   [ RunTime:0.0004s ]
SQL: SELECT `content` FROM `xs_column` WHERE ( id = 54 ) LIMIT 1   [ RunTime:0.0001s ]
INFO: [ view_parse ] --START--
INFO: [ template_filter ] --START--
INFO: Run Behavior\ContentReplaceBehavior [ RunTime:0.000055s ]
INFO: [ template_filter ] --END-- [ RunTime:0.000098s ]
INFO: Run Behavior\ParseTemplateBehavior [ RunTime:0.009405s ]
INFO: [ view_parse ] --END-- [ RunTime:0.009441s ]
INFO: [ view_filter ] --START--
INFO: Run Behavior\WriteHtmlCacheBehavior [ RunTime:0.000103s ]
INFO: [ view_filter ] --END-- [ RunTime:0.000128s ]
INFO: [ app_end ] --START--
INFO: Run Behavior\ShowPageTraceBehavior [ RunTime:0.000331s ]
INFO: [ app_end ] --END-- [ RunTime:0.000363s ]

[ 2017-12-16T12:40:18+08:00 ] 175.188.159.35 /default.php
INFO: [ app_init ] --START--
INFO: Run Behavior\BuildLiteBehavior [ RunTime:0.000012s ]
INFO: [ app_init ] --END-- [ RunTime:0.000249s ]
INFO: [ app_begin ] --START--
INFO: Run Behavior\ReadHtmlCacheBehavior [ RunTime:0.000286s ]
INFO: [ app_begin ] --END-- [ RunTime:0.000320s ]
SQL: SHOW COLUMNS FROM `xs_column` [ RunTime:0.0005s ]
SQL: SELECT * FROM `xs_column` WHERE ( column_leftid = 0 ) ORDER BY sort  [ RunTime:0.0001s ]
SQL: SELECT * FROM `xs_column` WHERE ( column_leftid = 54 )  [ RunTime:0.0001s ]
SQL: SELECT * FROM `xs_column` WHERE ( column_leftid = 48 )  [ RunTime:0.0001s ]
SQL: SELECT * FROM `xs_column` WHERE ( column_leftid = 58 )  [ RunTime:0.0001s ]
SQL: SELECT * FROM `xs_column` WHERE ( column_leftid = 49 )  [ RunTime:0.0001s ]
SQL: SELECT * FROM `xs_column` WHERE ( column_leftid = 53 )  [ RunTime:0.0001s ]
SQL: SHOW COLUMNS FROM `xs_banner` [ RunTime:0.0003s ]
SQL: SELECT * FROM `xs_banner` ORDER BY sort  [ RunTime:0.0001s ]
SQL: SHOW COLUMNS FROM `xs_article` [ RunTime:0.0003s ]
SQL: SELECT * FROM `xs_article` WHERE ( columnid = 48 and image <> '' ) ORDER BY id desc LIMIT 6   [ RunTime:0.0001s ]
SQL: SELECT * FROM `xs_article` WHERE ( columnid = 49 ) ORDER BY id desc LIMIT 6   [ RunTime:0.0002s ]
SQL: SELECT `content` FROM `xs_column` WHERE ( id = 54 ) LIMIT 1   [ RunTime:0.0001s ]
INFO: [ view_parse ] --START--
INFO: [ template_filter ] --START--
INFO: Run Behavior\ContentReplaceBehavior [ RunTime:0.000055s ]
INFO: [ template_filter ] --END-- [ RunTime:0.000094s ]
INFO: Run Behavior\ParseTemplateBehavior [ RunTime:0.009144s ]
INFO: [ view_parse ] --END-- [ RunTime:0.009178s ]
INFO: [ view_filter ] --START--
INFO: Run Behavior\WriteHtmlCacheBehavior [ RunTime:0.000102s ]
INFO: [ view_filter ] --END-- [ RunTime:0.000127s ]
INFO: [ app_end ] --START--
INFO: Run Behavior\ShowPageTraceBehavior [ RunTime:0.000352s ]
INFO: [ app_end ] --END-- [ RunTime:0.000381s ]

[ 2017-12-16T12:40:26+08:00 ] 183.192.201.97 /default.php
INFO: [ app_init ] --START--
INFO: Run Behavior\BuildLiteBehavior [ RunTime:0.000012s ]
INFO: [ app_init ] --END-- [ RunTime:0.000236s ]
INFO: [ app_begin ] --START--
INFO: Run Behavior\ReadHtmlCacheBehavior [ RunTime:0.000292s ]
INFO: [ app_begin ] --END-- [ RunTime:0.000326s ]
SQL: SHOW COLUMNS FROM `xs_column` [ RunTime:0.0005s ]
SQL: SELECT * FROM `xs_column` WHERE ( column_leftid = 0 ) ORDER BY sort  [ RunTime:0.0001s ]
SQL: SELECT * FROM `xs_column` WHERE ( column_leftid = 54 )  [ RunTime:0.0001s ]
SQL: SELECT * FROM `xs_column` WHERE ( column_leftid = 48 )  [ RunTime:0.0001s ]
SQL: SELECT * FROM `xs_column` WHERE ( column_leftid = 58 )  [ RunTime:0.0001s ]
SQL: SELECT * FROM `xs_column` WHERE ( column_leftid = 49 )  [ RunTime:0.0001s ]
SQL: SELECT * FROM `xs_column` WHERE ( column_leftid = 53 )  [ RunTime:0.0001s ]
SQL: SHOW COLUMNS FROM `xs_banner` [ RunTime:0.0003s ]
SQL: SELECT * FROM `xs_banner` ORDER BY sort  [ RunTime:0.0001s ]
SQL: SHOW COLUMNS FROM `xs_article` [ RunTime:0.0004s ]
SQL: SELECT * FROM `xs_article` WHERE ( columnid = 48 and image <> '' ) ORDER BY id desc LIMIT 6   [ RunTime:0.0001s ]
SQL: SELECT * FROM `xs_article` WHERE ( columnid = 49 ) ORDER BY id desc LIMIT 6   [ RunTime:0.0002s ]
SQL: SELECT `content` FROM `xs_column` WHERE ( id = 54 ) LIMIT 1   [ RunTime:0.0001s ]
INFO: [ view_parse ] --START--
INFO: [ template_filter ] --START--
INFO: Run Behavior\ContentReplaceBehavior [ RunTime:0.000057s ]
INFO: [ template_filter ] --END-- [ RunTime:0.000101s ]
INFO: Run Behavior\ParseTemplateBehavior [ RunTime:0.009315s ]
INFO: [ view_parse ] --END-- [ RunTime:0.009359s ]
INFO: [ view_filter ] --START--
INFO: Run Behavior\WriteHtmlCacheBehavior [ RunTime:0.000109s ]
INFO: [ view_filter ] --END-- [ RunTime:0.000133s ]
INFO: [ app_end ] --START--
INFO: Run Behavior\ShowPageTraceBehavior [ RunTime:0.000327s ]
INFO: [ app_end ] --END-- [ RunTime:0.000357s ]

