[ 2017-11-30T06:48:41+08:00 ] 223.88.3.147 /default.php
INFO: [ app_init ] --START--
INFO: Run Behavior\BuildLiteBehavior [ RunTime:0.000010s ]
INFO: [ app_init ] --END-- [ RunTime:0.000240s ]
INFO: [ app_begin ] --START--
INFO: Run Behavior\ReadHtmlCacheBehavior [ RunTime:0.000290s ]
INFO: [ app_begin ] --END-- [ RunTime:0.000323s ]
SQL: SHOW COLUMNS FROM `xs_column` [ RunTime:0.0005s ]
SQL: SELECT * FROM `xs_column` WHERE ( column_leftid = 0 ) ORDER BY sort  [ RunTime:0.0001s ]
SQL: SELECT * FROM `xs_column` WHERE ( column_leftid = 54 )  [ RunTime:0.0001s ]
SQL: SELECT * FROM `xs_column` WHERE ( column_leftid = 48 )  [ RunTime:0.0001s ]
SQL: SELECT * FROM `xs_column` WHERE ( column_leftid = 58 )  [ RunTime:0.0001s ]
SQL: SELECT * FROM `xs_column` WHERE ( column_leftid = 49 )  [ RunTime:0.0001s ]
SQL: SELECT * FROM `xs_column` WHERE ( column_leftid = 53 )  [ RunTime:0.0001s ]
SQL: SHOW COLUMNS FROM `xs_banner` [ RunTime:0.0003s ]
SQL: SELECT * FROM `xs_banner` ORDER BY sort  [ RunTime:0.0001s ]
SQL: SHOW COLUMNS FROM `xs_article` [ RunTime:0.0004s ]
SQL: SELECT * FROM `xs_article` WHERE ( columnid = 48 and image <> '' ) ORDER BY id desc LIMIT 6   [ RunTime:0.0001s ]
SQL: SELECT * FROM `xs_article` WHERE ( columnid = 49 ) ORDER BY id desc LIMIT 6   [ RunTime:0.0002s ]
SQL: SELECT `content` FROM `xs_column` WHERE ( id = 54 ) LIMIT 1   [ RunTime:0.0001s ]
INFO: [ view_parse ] --START--
INFO: [ template_filter ] --START--
INFO: Run Behavior\ContentReplaceBehavior [ RunTime:0.000045s ]
INFO: [ template_filter ] --END-- [ RunTime:0.000079s ]
INFO: Run Behavior\ParseTemplateBehavior [ RunTime:0.008897s ]
INFO: [ view_parse ] --END-- [ RunTime:0.008928s ]
INFO: [ view_filter ] --START--
INFO: Run Behavior\WriteHtmlCacheBehavior [ RunTime:0.000093s ]
INFO: [ view_filter ] --END-- [ RunTime:0.000117s ]
INFO: [ app_end ] --START--
INFO: Run Behavior\ShowPageTraceBehavior [ RunTime:0.000307s ]
INFO: [ app_end ] --END-- [ RunTime:0.000336s ]

[ 2017-11-30T06:48:42+08:00 ] 223.88.3.147 /default.php
INFO: [ app_init ] --START--
INFO: Run Behavior\BuildLiteBehavior [ RunTime:0.000010s ]
INFO: [ app_init ] --END-- [ RunTime:0.000238s ]
INFO: [ app_begin ] --START--
INFO: Run Behavior\ReadHtmlCacheBehavior [ RunTime:0.000305s ]
INFO: [ app_begin ] --END-- [ RunTime:0.000339s ]
SQL: SHOW COLUMNS FROM `xs_column` [ RunTime:0.0005s ]
SQL: SELECT * FROM `xs_column` WHERE ( column_leftid = 0 ) ORDER BY sort  [ RunTime:0.0001s ]
SQL: SELECT * FROM `xs_column` WHERE ( column_leftid = 54 )  [ RunTime:0.0001s ]
SQL: SELECT * FROM `xs_column` WHERE ( column_leftid = 48 )  [ RunTime:0.0001s ]
SQL: SELECT * FROM `xs_column` WHERE ( column_leftid = 58 )  [ RunTime:0.0001s ]
SQL: SELECT * FROM `xs_column` WHERE ( column_leftid = 49 )  [ RunTime:0.0001s ]
SQL: SELECT * FROM `xs_column` WHERE ( column_leftid = 53 )  [ RunTime:0.0001s ]
SQL: SHOW COLUMNS FROM `xs_banner` [ RunTime:0.0003s ]
SQL: SELECT * FROM `xs_banner` ORDER BY sort  [ RunTime:0.0001s ]
SQL: SHOW COLUMNS FROM `xs_article` [ RunTime:0.0003s ]
SQL: SELECT * FROM `xs_article` WHERE ( columnid = 48 and image <> '' ) ORDER BY id desc LIMIT 6   [ RunTime:0.0001s ]
SQL: SELECT * FROM `xs_article` WHERE ( columnid = 49 ) ORDER BY id desc LIMIT 6   [ RunTime:0.0002s ]
SQL: SELECT `content` FROM `xs_column` WHERE ( id = 54 ) LIMIT 1   [ RunTime:0.0001s ]
INFO: [ view_parse ] --START--
INFO: [ template_filter ] --START--
INFO: Run Behavior\ContentReplaceBehavior [ RunTime:0.000045s ]
INFO: [ template_filter ] --END-- [ RunTime:0.000076s ]
INFO: Run Behavior\ParseTemplateBehavior [ RunTime:0.008854s ]
INFO: [ view_parse ] --END-- [ RunTime:0.008884s ]
INFO: [ view_filter ] --START--
INFO: Run Behavior\WriteHtmlCacheBehavior [ RunTime:0.000100s ]
INFO: [ view_filter ] --END-- [ RunTime:0.000125s ]
INFO: [ app_end ] --START--
INFO: Run Behavior\ShowPageTraceBehavior [ RunTime:0.000307s ]
INFO: [ app_end ] --END-- [ RunTime:0.000337s ]

[ 2017-11-30T06:48:51+08:00 ] 58.247.212.98 /default.php
INFO: [ app_init ] --START--
INFO: Run Behavior\BuildLiteBehavior [ RunTime:0.000010s ]
INFO: [ app_init ] --END-- [ RunTime:0.000230s ]
INFO: [ app_begin ] --START--
INFO: Run Behavior\ReadHtmlCacheBehavior [ RunTime:0.000289s ]
INFO: [ app_begin ] --END-- [ RunTime:0.000322s ]
SQL: SHOW COLUMNS FROM `xs_column` [ RunTime:0.0005s ]
SQL: SELECT * FROM `xs_column` WHERE ( column_leftid = 0 ) ORDER BY sort  [ RunTime:0.0001s ]
SQL: SELECT * FROM `xs_column` WHERE ( column_leftid = 54 )  [ RunTime:0.0001s ]
SQL: SELECT * FROM `xs_column` WHERE ( column_leftid = 48 )  [ RunTime:0.0001s ]
SQL: SELECT * FROM `xs_column` WHERE ( column_leftid = 58 )  [ RunTime:0.0001s ]
SQL: SELECT * FROM `xs_column` WHERE ( column_leftid = 49 )  [ RunTime:0.0001s ]
SQL: SELECT * FROM `xs_column` WHERE ( column_leftid = 53 )  [ RunTime:0.0001s ]
SQL: SHOW COLUMNS FROM `xs_banner` [ RunTime:0.0003s ]
SQL: SELECT * FROM `xs_banner` ORDER BY sort  [ RunTime:0.0001s ]
SQL: SHOW COLUMNS FROM `xs_article` [ RunTime:0.0003s ]
SQL: SELECT * FROM `xs_article` WHERE ( columnid = 48 and image <> '' ) ORDER BY id desc LIMIT 6   [ RunTime:0.0001s ]
SQL: SELECT * FROM `xs_article` WHERE ( columnid = 49 ) ORDER BY id desc LIMIT 6   [ RunTime:0.0002s ]
SQL: SELECT `content` FROM `xs_column` WHERE ( id = 54 ) LIMIT 1   [ RunTime:0.0001s ]
INFO: [ view_parse ] --START--
INFO: [ template_filter ] --START--
INFO: Run Behavior\ContentReplaceBehavior [ RunTime:0.000046s ]
INFO: [ template_filter ] --END-- [ RunTime:0.000079s ]
INFO: Run Behavior\ParseTemplateBehavior [ RunTime:0.008903s ]
INFO: [ view_parse ] --END-- [ RunTime:0.008935s ]
INFO: [ view_filter ] --START--
INFO: Run Behavior\WriteHtmlCacheBehavior [ RunTime:0.000093s ]
INFO: [ view_filter ] --END-- [ RunTime:0.000118s ]
INFO: [ app_end ] --START--
INFO: Run Behavior\ShowPageTraceBehavior [ RunTime:0.000308s ]
INFO: [ app_end ] --END-- [ RunTime:0.000338s ]

[ 2017-11-30T06:48:53+08:00 ] 223.88.3.147 /default.php
INFO: [ app_init ] --START--
INFO: Run Behavior\BuildLiteBehavior [ RunTime:0.000010s ]
INFO: [ app_init ] --END-- [ RunTime:0.000226s ]
INFO: [ app_begin ] --START--
INFO: Run Behavior\ReadHtmlCacheBehavior [ RunTime:0.000298s ]
INFO: [ app_begin ] --END-- [ RunTime:0.000331s ]
SQL: SHOW COLUMNS FROM `xs_column` [ RunTime:0.0005s ]
SQL: SELECT * FROM `xs_column` WHERE ( column_leftid = 0 ) ORDER BY sort  [ RunTime:0.0001s ]
SQL: SELECT * FROM `xs_column` WHERE ( column_leftid = 54 )  [ RunTime:0.0001s ]
SQL: SELECT * FROM `xs_column` WHERE ( column_leftid = 48 )  [ RunTime:0.0001s ]
SQL: SELECT * FROM `xs_column` WHERE ( column_leftid = 58 )  [ RunTime:0.0001s ]
SQL: SELECT * FROM `xs_column` WHERE ( column_leftid = 49 )  [ RunTime:0.0001s ]
SQL: SELECT * FROM `xs_column` WHERE ( column_leftid = 53 )  [ RunTime:0.0001s ]
SQL: SHOW COLUMNS FROM `xs_banner` [ RunTime:0.0003s ]
SQL: SELECT * FROM `xs_banner` ORDER BY sort  [ RunTime:0.0001s ]
SQL: SHOW COLUMNS FROM `xs_article` [ RunTime:0.0003s ]
SQL: SELECT * FROM `xs_article` WHERE ( columnid = 48 and image <> '' ) ORDER BY id desc LIMIT 6   [ RunTime:0.0001s ]
SQL: SELECT * FROM `xs_article` WHERE ( columnid = 49 ) ORDER BY id desc LIMIT 6   [ RunTime:0.0002s ]
SQL: SELECT `content` FROM `xs_column` WHERE ( id = 54 ) LIMIT 1   [ RunTime:0.0001s ]
INFO: [ view_parse ] --START--
INFO: [ template_filter ] --START--
INFO: Run Behavior\ContentReplaceBehavior [ RunTime:0.000047s ]
INFO: [ template_filter ] --END-- [ RunTime:0.000080s ]
INFO: Run Behavior\ParseTemplateBehavior [ RunTime:0.008995s ]
INFO: [ view_parse ] --END-- [ RunTime:0.009027s ]
INFO: [ view_filter ] --START--
INFO: Run Behavior\WriteHtmlCacheBehavior [ RunTime:0.000094s ]
INFO: [ view_filter ] --END-- [ RunTime:0.000119s ]
INFO: [ app_end ] --START--
INFO: Run Behavior\ShowPageTraceBehavior [ RunTime:0.000300s ]
INFO: [ app_end ] --END-- [ RunTime:0.000329s ]

[ 2017-11-30T06:48:53+08:00 ] 223.88.3.147 /default.php
INFO: [ app_init ] --START--
INFO: Run Behavior\BuildLiteBehavior [ RunTime:0.000010s ]
INFO: [ app_init ] --END-- [ RunTime:0.000248s ]
INFO: [ app_begin ] --START--
INFO: Run Behavior\ReadHtmlCacheBehavior [ RunTime:0.000291s ]
INFO: [ app_begin ] --END-- [ RunTime:0.000323s ]
SQL: SHOW COLUMNS FROM `xs_column` [ RunTime:0.0005s ]
SQL: SELECT * FROM `xs_column` WHERE ( column_leftid = 0 ) ORDER BY sort  [ RunTime:0.0001s ]
SQL: SELECT * FROM `xs_column` WHERE ( column_leftid = 54 )  [ RunTime:0.0001s ]
SQL: SELECT * FROM `xs_column` WHERE ( column_leftid = 48 )  [ RunTime:0.0001s ]
SQL: SELECT * FROM `xs_column` WHERE ( column_leftid = 58 )  [ RunTime:0.0001s ]
SQL: SELECT * FROM `xs_column` WHERE ( column_leftid = 49 )  [ RunTime:0.0001s ]
SQL: SELECT * FROM `xs_column` WHERE ( column_leftid = 53 )  [ RunTime:0.0001s ]
SQL: SHOW COLUMNS FROM `xs_banner` [ RunTime:0.0003s ]
SQL: SELECT * FROM `xs_banner` ORDER BY sort  [ RunTime:0.0001s ]
SQL: SHOW COLUMNS FROM `xs_article` [ RunTime:0.0003s ]
SQL: SELECT * FROM `xs_article` WHERE ( columnid = 48 and image <> '' ) ORDER BY id desc LIMIT 6   [ RunTime:0.0001s ]
SQL: SELECT * FROM `xs_article` WHERE ( columnid = 49 ) ORDER BY id desc LIMIT 6   [ RunTime:0.0002s ]
SQL: SELECT `content` FROM `xs_column` WHERE ( id = 54 ) LIMIT 1   [ RunTime:0.0001s ]
INFO: [ view_parse ] --START--
INFO: [ template_filter ] --START--
INFO: Run Behavior\ContentReplaceBehavior [ RunTime:0.000045s ]
INFO: [ template_filter ] --END-- [ RunTime:0.000078s ]
INFO: Run Behavior\ParseTemplateBehavior [ RunTime:0.008996s ]
INFO: [ view_parse ] --END-- [ RunTime:0.009029s ]
INFO: [ view_filter ] --START--
INFO: Run Behavior\WriteHtmlCacheBehavior [ RunTime:0.000094s ]
INFO: [ view_filter ] --END-- [ RunTime:0.000118s ]
INFO: [ app_end ] --START--
INFO: Run Behavior\ShowPageTraceBehavior [ RunTime:0.000298s ]
INFO: [ app_end ] --END-- [ RunTime:0.000327s ]

[ 2017-11-30T06:48:56+08:00 ] 223.88.3.147 /default.php
INFO: [ app_init ] --START--
INFO: Run Behavior\BuildLiteBehavior [ RunTime:0.000010s ]
INFO: [ app_init ] --END-- [ RunTime:0.000238s ]
INFO: [ app_begin ] --START--
INFO: Run Behavior\ReadHtmlCacheBehavior [ RunTime:0.000296s ]
INFO: [ app_begin ] --END-- [ RunTime:0.000330s ]
SQL: SHOW COLUMNS FROM `xs_column` [ RunTime:0.0005s ]
SQL: SELECT * FROM `xs_column` WHERE ( column_leftid = 0 ) ORDER BY sort  [ RunTime:0.0001s ]
SQL: SELECT * FROM `xs_column` WHERE ( column_leftid = 54 )  [ RunTime:0.0001s ]
SQL: SELECT * FROM `xs_column` WHERE ( column_leftid = 48 )  [ RunTime:0.0001s ]
SQL: SELECT * FROM `xs_column` WHERE ( column_leftid = 58 )  [ RunTime:0.0001s ]
SQL: SELECT * FROM `xs_column` WHERE ( column_leftid = 49 )  [ RunTime:0.0001s ]
SQL: SELECT * FROM `xs_column` WHERE ( column_leftid = 53 )  [ RunTime:0.0001s ]
SQL: SHOW COLUMNS FROM `xs_banner` [ RunTime:0.0003s ]
SQL: SELECT * FROM `xs_banner` ORDER BY sort  [ RunTime:0.0001s ]
SQL: SHOW COLUMNS FROM `xs_article` [ RunTime:0.0003s ]
SQL: SELECT * FROM `xs_article` WHERE ( columnid = 48 and image <> '' ) ORDER BY id desc LIMIT 6   [ RunTime:0.0001s ]
SQL: SELECT * FROM `xs_article` WHERE ( columnid = 49 ) ORDER BY id desc LIMIT 6   [ RunTime:0.0002s ]
SQL: SELECT `content` FROM `xs_column` WHERE ( id = 54 ) LIMIT 1   [ RunTime:0.0001s ]
INFO: [ view_parse ] --START--
INFO: [ template_filter ] --START--
INFO: Run Behavior\ContentReplaceBehavior [ RunTime:0.000048s ]
INFO: [ template_filter ] --END-- [ RunTime:0.000080s ]
INFO: Run Behavior\ParseTemplateBehavior [ RunTime:0.009246s ]
INFO: [ view_parse ] --END-- [ RunTime:0.009276s ]
INFO: [ view_filter ] --START--
INFO: Run Behavior\WriteHtmlCacheBehavior [ RunTime:0.000093s ]
INFO: [ view_filter ] --END-- [ RunTime:0.000131s ]
INFO: [ app_end ] --START--
INFO: Run Behavior\ShowPageTraceBehavior [ RunTime:0.000340s ]
INFO: [ app_end ] --END-- [ RunTime:0.000374s ]

[ 2017-11-30T06:48:56+08:00 ] 223.88.3.147 /default.php
INFO: [ app_init ] --START--
INFO: Run Behavior\BuildLiteBehavior [ RunTime:0.000009s ]
INFO: [ app_init ] --END-- [ RunTime:0.000212s ]
INFO: [ app_begin ] --START--
INFO: Run Behavior\ReadHtmlCacheBehavior [ RunTime:0.000281s ]
INFO: [ app_begin ] --END-- [ RunTime:0.000314s ]
SQL: SHOW COLUMNS FROM `xs_column` [ RunTime:0.0004s ]
SQL: SELECT * FROM `xs_column` WHERE ( column_leftid = 0 ) ORDER BY sort  [ RunTime:0.0001s ]
SQL: SELECT * FROM `xs_column` WHERE ( column_leftid = 54 )  [ RunTime:0.0001s ]
SQL: SELECT * FROM `xs_column` WHERE ( column_leftid = 48 )  [ RunTime:0.0001s ]
SQL: SELECT * FROM `xs_column` WHERE ( column_leftid = 58 )  [ RunTime:0.0001s ]
SQL: SELECT * FROM `xs_column` WHERE ( column_leftid = 49 )  [ RunTime:0.0001s ]
SQL: SELECT * FROM `xs_column` WHERE ( column_leftid = 53 )  [ RunTime:0.0001s ]
SQL: SHOW COLUMNS FROM `xs_banner` [ RunTime:0.0003s ]
SQL: SELECT * FROM `xs_banner` ORDER BY sort  [ RunTime:0.0001s ]
SQL: SHOW COLUMNS FROM `xs_article` [ RunTime:0.0003s ]
SQL: SELECT * FROM `xs_article` WHERE ( columnid = 48 and image <> '' ) ORDER BY id desc LIMIT 6   [ RunTime:0.0001s ]
SQL: SELECT * FROM `xs_article` WHERE ( columnid = 49 ) ORDER BY id desc LIMIT 6   [ RunTime:0.0002s ]
SQL: SELECT `content` FROM `xs_column` WHERE ( id = 54 ) LIMIT 1   [ RunTime:0.0001s ]
INFO: [ view_parse ] --START--
INFO: [ template_filter ] --START--
INFO: Run Behavior\ContentReplaceBehavior [ RunTime:0.000046s ]
INFO: [ template_filter ] --END-- [ RunTime:0.000079s ]
INFO: Run Behavior\ParseTemplateBehavior [ RunTime:0.009262s ]
INFO: [ view_parse ] --END-- [ RunTime:0.009293s ]
INFO: [ view_filter ] --START--
INFO: Run Behavior\WriteHtmlCacheBehavior [ RunTime:0.000093s ]
INFO: [ view_filter ] --END-- [ RunTime:0.000134s ]
INFO: [ app_end ] --START--
INFO: Run Behavior\ShowPageTraceBehavior [ RunTime:0.000349s ]
INFO: [ app_end ] --END-- [ RunTime:0.000389s ]

[ 2017-11-30T06:48:58+08:00 ] 223.88.3.147 /default.php
INFO: [ app_init ] --START--
INFO: Run Behavior\BuildLiteBehavior [ RunTime:0.000010s ]
INFO: [ app_init ] --END-- [ RunTime:0.000224s ]
INFO: [ app_begin ] --START--
INFO: Run Behavior\ReadHtmlCacheBehavior [ RunTime:0.000285s ]
INFO: [ app_begin ] --END-- [ RunTime:0.000316s ]
SQL: SHOW COLUMNS FROM `xs_column` [ RunTime:0.0005s ]
SQL: SELECT * FROM `xs_column` WHERE ( column_leftid = 0 ) ORDER BY sort  [ RunTime:0.0001s ]
SQL: SELECT * FROM `xs_column` WHERE ( column_leftid = 54 )  [ RunTime:0.0001s ]
SQL: SELECT * FROM `xs_column` WHERE ( column_leftid = 48 )  [ RunTime:0.0001s ]
SQL: SELECT * FROM `xs_column` WHERE ( column_leftid = 58 )  [ RunTime:0.0001s ]
SQL: SELECT * FROM `xs_column` WHERE ( column_leftid = 49 )  [ RunTime:0.0001s ]
SQL: SELECT * FROM `xs_column` WHERE ( column_leftid = 53 )  [ RunTime:0.0001s ]
SQL: SHOW COLUMNS FROM `xs_banner` [ RunTime:0.0003s ]
SQL: SELECT * FROM `xs_banner` ORDER BY sort  [ RunTime:0.0001s ]
SQL: SHOW COLUMNS FROM `xs_article` [ RunTime:0.0003s ]
SQL: SELECT * FROM `xs_article` WHERE ( columnid = 48 and image <> '' ) ORDER BY id desc LIMIT 6   [ RunTime:0.0001s ]
SQL: SELECT * FROM `xs_article` WHERE ( columnid = 49 ) ORDER BY id desc LIMIT 6   [ RunTime:0.0002s ]
SQL: SELECT `content` FROM `xs_column` WHERE ( id = 54 ) LIMIT 1   [ RunTime:0.0001s ]
INFO: [ view_parse ] --START--
INFO: [ template_filter ] --START--
INFO: Run Behavior\ContentReplaceBehavior [ RunTime:0.000049s ]
INFO: [ template_filter ] --END-- [ RunTime:0.000091s ]
INFO: Run Behavior\ParseTemplateBehavior [ RunTime:0.008954s ]
INFO: [ view_parse ] --END-- [ RunTime:0.008986s ]
INFO: [ view_filter ] --START--
INFO: Run Behavior\WriteHtmlCacheBehavior [ RunTime:0.000095s ]
INFO: [ view_filter ] --END-- [ RunTime:0.000120s ]
INFO: [ app_end ] --START--
INFO: Run Behavior\ShowPageTraceBehavior [ RunTime:0.000299s ]
INFO: [ app_end ] --END-- [ RunTime:0.000328s ]

[ 2017-11-30T06:48:58+08:00 ] 223.88.3.147 /default.php
INFO: [ app_init ] --START--
INFO: Run Behavior\BuildLiteBehavior [ RunTime:0.000010s ]
INFO: [ app_init ] --END-- [ RunTime:0.000215s ]
INFO: [ app_begin ] --START--
INFO: Run Behavior\ReadHtmlCacheBehavior [ RunTime:0.000283s ]
INFO: [ app_begin ] --END-- [ RunTime:0.000315s ]
SQL: SHOW COLUMNS FROM `xs_column` [ RunTime:0.0005s ]
SQL: SELECT * FROM `xs_column` WHERE ( column_leftid = 0 ) ORDER BY sort  [ RunTime:0.0001s ]
SQL: SELECT * FROM `xs_column` WHERE ( column_leftid = 54 )  [ RunTime:0.0001s ]
SQL: SELECT * FROM `xs_column` WHERE ( column_leftid = 48 )  [ RunTime:0.0001s ]
SQL: SELECT * FROM `xs_column` WHERE ( column_leftid = 58 )  [ RunTime:0.0001s ]
SQL: SELECT * FROM `xs_column` WHERE ( column_leftid = 49 )  [ RunTime:0.0001s ]
SQL: SELECT * FROM `xs_column` WHERE ( column_leftid = 53 )  [ RunTime:0.0001s ]
SQL: SHOW COLUMNS FROM `xs_banner` [ RunTime:0.0003s ]
SQL: SELECT * FROM `xs_banner` ORDER BY sort  [ RunTime:0.0001s ]
SQL: SHOW COLUMNS FROM `xs_article` [ RunTime:0.0003s ]
SQL: SELECT * FROM `xs_article` WHERE ( columnid = 48 and image <> '' ) ORDER BY id desc LIMIT 6   [ RunTime:0.0001s ]
SQL: SELECT * FROM `xs_article` WHERE ( columnid = 49 ) ORDER BY id desc LIMIT 6   [ RunTime:0.0002s ]
SQL: SELECT `content` FROM `xs_column` WHERE ( id = 54 ) LIMIT 1   [ RunTime:0.0001s ]
INFO: [ view_parse ] --START--
INFO: [ template_filter ] --START--
INFO: Run Behavior\ContentReplaceBehavior [ RunTime:0.000046s ]
INFO: [ template_filter ] --END-- [ RunTime:0.000078s ]
INFO: Run Behavior\ParseTemplateBehavior [ RunTime:0.008988s ]
INFO: [ view_parse ] --END-- [ RunTime:0.009019s ]
INFO: [ view_filter ] --START--
INFO: Run Behavior\WriteHtmlCacheBehavior [ RunTime:0.000103s ]
INFO: [ view_filter ] --END-- [ RunTime:0.000126s ]
INFO: [ app_end ] --START--
INFO: Run Behavior\ShowPageTraceBehavior [ RunTime:0.000296s ]
INFO: [ app_end ] --END-- [ RunTime:0.000324s ]

[ 2017-11-30T06:49:11+08:00 ] 223.88.3.147 /default.php/Home/List/view/id/56.html
INFO: [ app_init ] --START--
INFO: Run Behavior\BuildLiteBehavior [ RunTime:0.000010s ]
INFO: [ app_init ] --END-- [ RunTime:0.000225s ]
INFO: [ app_begin ] --START--
INFO: Run Behavior\ReadHtmlCacheBehavior [ RunTime:0.000317s ]
INFO: [ app_begin ] --END-- [ RunTime:0.000351s ]
SQL: SHOW COLUMNS FROM `xs_column` [ RunTime:0.0005s ]
SQL: SELECT * FROM `xs_column` WHERE ( column_leftid = 0 ) ORDER BY sort  [ RunTime:0.0001s ]
SQL: SELECT * FROM `xs_column` WHERE ( column_leftid = 54 )  [ RunTime:0.0001s ]
SQL: SELECT * FROM `xs_column` WHERE ( column_leftid = 48 )  [ RunTime:0.0001s ]
SQL: SELECT * FROM `xs_column` WHERE ( column_leftid = 58 )  [ RunTime:0.0001s ]
SQL: SELECT * FROM `xs_column` WHERE ( column_leftid = 49 )  [ RunTime:0.0001s ]
SQL: SELECT * FROM `xs_column` WHERE ( column_leftid = 53 )  [ RunTime:0.0001s ]
SQL: SHOW COLUMNS FROM `xs_article` [ RunTime:0.0004s ]
SQL: SELECT * FROM `xs_article` WHERE ( id = 56 ) LIMIT 1   [ RunTime:0.0001s ]
INFO: [ view_parse ] --START--
INFO: [ template_filter ] --START--
INFO: Run Behavior\ContentReplaceBehavior [ RunTime:0.000054s ]
INFO: [ template_filter ] --END-- [ RunTime:0.000087s ]
INFO: Run Behavior\ParseTemplateBehavior [ RunTime:0.006181s ]
INFO: [ view_parse ] --END-- [ RunTime:0.006212s ]
INFO: [ view_filter ] --START--
INFO: Run Behavior\WriteHtmlCacheBehavior [ RunTime:0.000100s ]
INFO: [ view_filter ] --END-- [ RunTime:0.000139s ]
INFO: [ app_end ] --START--
INFO: Run Behavior\ShowPageTraceBehavior [ RunTime:0.000342s ]
INFO: [ app_end ] --END-- [ RunTime:0.000369s ]

[ 2017-11-30T12:51:57+08:00 ] 123.151.77.123 /default.php
INFO: [ app_init ] --START--
INFO: Run Behavior\BuildLiteBehavior [ RunTime:0.000012s ]
INFO: [ app_init ] --END-- [ RunTime:0.000236s ]
INFO: [ app_begin ] --START--
INFO: Run Behavior\ReadHtmlCacheBehavior [ RunTime:0.000320s ]
INFO: [ app_begin ] --END-- [ RunTime:0.000354s ]
SQL: SHOW COLUMNS FROM `xs_column` [ RunTime:0.0005s ]
SQL: SELECT * FROM `xs_column` WHERE ( column_leftid = 0 ) ORDER BY sort  [ RunTime:0.0001s ]
SQL: SELECT * FROM `xs_column` WHERE ( column_leftid = 54 )  [ RunTime:0.0001s ]
SQL: SELECT * FROM `xs_column` WHERE ( column_leftid = 48 )  [ RunTime:0.0001s ]
SQL: SELECT * FROM `xs_column` WHERE ( column_leftid = 58 )  [ RunTime:0.0001s ]
SQL: SELECT * FROM `xs_column` WHERE ( column_leftid = 49 )  [ RunTime:0.0001s ]
SQL: SELECT * FROM `xs_column` WHERE ( column_leftid = 53 )  [ RunTime:0.0001s ]
SQL: SHOW COLUMNS FROM `xs_banner` [ RunTime:0.0003s ]
SQL: SELECT * FROM `xs_banner` ORDER BY sort  [ RunTime:0.0001s ]
SQL: SHOW COLUMNS FROM `xs_article` [ RunTime:0.0004s ]
SQL: SELECT * FROM `xs_article` WHERE ( columnid = 48 and image <> '' ) ORDER BY id desc LIMIT 6   [ RunTime:0.0001s ]
SQL: SELECT * FROM `xs_article` WHERE ( columnid = 49 ) ORDER BY id desc LIMIT 6   [ RunTime:0.0002s ]
SQL: SELECT `content` FROM `xs_column` WHERE ( id = 54 ) LIMIT 1   [ RunTime:0.0001s ]
INFO: [ view_parse ] --START--
INFO: [ template_filter ] --START--
INFO: Run Behavior\ContentReplaceBehavior [ RunTime:0.000053s ]
INFO: [ template_filter ] --END-- [ RunTime:0.000088s ]
INFO: Run Behavior\ParseTemplateBehavior [ RunTime:0.009188s ]
INFO: [ view_parse ] --END-- [ RunTime:0.009229s ]
INFO: [ view_filter ] --START--
INFO: Run Behavior\WriteHtmlCacheBehavior [ RunTime:0.000106s ]
INFO: [ view_filter ] --END-- [ RunTime:0.000132s ]
INFO: [ app_end ] --START--
INFO: Run Behavior\ShowPageTraceBehavior [ RunTime:0.000336s ]
INFO: [ app_end ] --END-- [ RunTime:0.000367s ]

[ 2017-11-30T12:51:59+08:00 ] 223.104.105.213 /default.php
INFO: [ app_init ] --START--
INFO: Run Behavior\BuildLiteBehavior [ RunTime:0.000013s ]
INFO: [ app_init ] --END-- [ RunTime:0.000239s ]
INFO: [ app_begin ] --START--
INFO: Run Behavior\ReadHtmlCacheBehavior [ RunTime:0.000307s ]
INFO: [ app_begin ] --END-- [ RunTime:0.000340s ]
SQL: SHOW COLUMNS FROM `xs_column` [ RunTime:0.0005s ]
SQL: SELECT * FROM `xs_column` WHERE ( column_leftid = 0 ) ORDER BY sort  [ RunTime:0.0001s ]
SQL: SELECT * FROM `xs_column` WHERE ( column_leftid = 54 )  [ RunTime:0.0001s ]
SQL: SELECT * FROM `xs_column` WHERE ( column_leftid = 48 )  [ RunTime:0.0001s ]
SQL: SELECT * FROM `xs_column` WHERE ( column_leftid = 58 )  [ RunTime:0.0001s ]
SQL: SELECT * FROM `xs_column` WHERE ( column_leftid = 49 )  [ RunTime:0.0001s ]
SQL: SELECT * FROM `xs_column` WHERE ( column_leftid = 53 )  [ RunTime:0.0001s ]
SQL: SHOW COLUMNS FROM `xs_banner` [ RunTime:0.0004s ]
SQL: SELECT * FROM `xs_banner` ORDER BY sort  [ RunTime:0.0001s ]
SQL: SHOW COLUMNS FROM `xs_article` [ RunTime:0.0003s ]
SQL: SELECT * FROM `xs_article` WHERE ( columnid = 48 and image <> '' ) ORDER BY id desc LIMIT 6   [ RunTime:0.0001s ]
SQL: SELECT * FROM `xs_article` WHERE ( columnid = 49 ) ORDER BY id desc LIMIT 6   [ RunTime:0.0002s ]
SQL: SELECT `content` FROM `xs_column` WHERE ( id = 54 ) LIMIT 1   [ RunTime:0.0001s ]
INFO: [ view_parse ] --START--
INFO: [ template_filter ] --START--
INFO: Run Behavior\ContentReplaceBehavior [ RunTime:0.000053s ]
INFO: [ template_filter ] --END-- [ RunTime:0.000089s ]
INFO: Run Behavior\ParseTemplateBehavior [ RunTime:0.009065s ]
INFO: [ view_parse ] --END-- [ RunTime:0.009099s ]
INFO: [ view_filter ] --START--
INFO: Run Behavior\WriteHtmlCacheBehavior [ RunTime:0.000099s ]
INFO: [ view_filter ] --END-- [ RunTime:0.000125s ]
INFO: [ app_end ] --START--
INFO: Run Behavior\ShowPageTraceBehavior [ RunTime:0.000368s ]
INFO: [ app_end ] --END-- [ RunTime:0.000399s ]

[ 2017-11-30T15:47:26+08:00 ] 123.151.77.91 /default.php
INFO: [ app_init ] --START--
INFO: Run Behavior\BuildLiteBehavior [ RunTime:0.000014s ]
INFO: [ app_init ] --END-- [ RunTime:0.000238s ]
INFO: [ app_begin ] --START--
INFO: Run Behavior\ReadHtmlCacheBehavior [ RunTime:0.000296s ]
INFO: [ app_begin ] --END-- [ RunTime:0.000330s ]
SQL: SHOW COLUMNS FROM `xs_column` [ RunTime:0.0005s ]
SQL: SELECT * FROM `xs_column` WHERE ( column_leftid = 0 ) ORDER BY sort  [ RunTime:0.0001s ]
SQL: SELECT * FROM `xs_column` WHERE ( column_leftid = 54 )  [ RunTime:0.0001s ]
SQL: SELECT * FROM `xs_column` WHERE ( column_leftid = 48 )  [ RunTime:0.0001s ]
SQL: SELECT * FROM `xs_column` WHERE ( column_leftid = 58 )  [ RunTime:0.0001s ]
SQL: SELECT * FROM `xs_column` WHERE ( column_leftid = 49 )  [ RunTime:0.0001s ]
SQL: SELECT * FROM `xs_column` WHERE ( column_leftid = 53 )  [ RunTime:0.0001s ]
SQL: SHOW COLUMNS FROM `xs_banner` [ RunTime:0.0004s ]
SQL: SELECT * FROM `xs_banner` ORDER BY sort  [ RunTime:0.0001s ]
SQL: SHOW COLUMNS FROM `xs_article` [ RunTime:0.0004s ]
SQL: SELECT * FROM `xs_article` WHERE ( columnid = 48 and image <> '' ) ORDER BY id desc LIMIT 6   [ RunTime:0.0001s ]
SQL: SELECT * FROM `xs_article` WHERE ( columnid = 49 ) ORDER BY id desc LIMIT 6   [ RunTime:0.0002s ]
SQL: SELECT `content` FROM `xs_column` WHERE ( id = 54 ) LIMIT 1   [ RunTime:0.0001s ]
INFO: [ view_parse ] --START--
INFO: [ template_filter ] --START--
INFO: Run Behavior\ContentReplaceBehavior [ RunTime:0.000057s ]
INFO: [ template_filter ] --END-- [ RunTime:0.000108s ]
INFO: Run Behavior\ParseTemplateBehavior [ RunTime:0.009245s ]
INFO: [ view_parse ] --END-- [ RunTime:0.009281s ]
INFO: [ view_filter ] --START--
INFO: Run Behavior\WriteHtmlCacheBehavior [ RunTime:0.000127s ]
INFO: [ view_filter ] --END-- [ RunTime:0.000153s ]
INFO: [ app_end ] --START--
INFO: Run Behavior\ShowPageTraceBehavior [ RunTime:0.000345s ]
INFO: [ app_end ] --END-- [ RunTime:0.000375s ]

[ 2017-11-30T15:47:28+08:00 ] 223.104.105.23 /default.php
INFO: [ app_init ] --START--
INFO: Run Behavior\BuildLiteBehavior [ RunTime:0.000013s ]
INFO: [ app_init ] --END-- [ RunTime:0.000244s ]
INFO: [ app_begin ] --START--
INFO: Run Behavior\ReadHtmlCacheBehavior [ RunTime:0.000330s ]
INFO: [ app_begin ] --END-- [ RunTime:0.000365s ]
SQL: SHOW COLUMNS FROM `xs_column` [ RunTime:0.0006s ]
SQL: SELECT * FROM `xs_column` WHERE ( column_leftid = 0 ) ORDER BY sort  [ RunTime:0.0001s ]
SQL: SELECT * FROM `xs_column` WHERE ( column_leftid = 54 )  [ RunTime:0.0001s ]
SQL: SELECT * FROM `xs_column` WHERE ( column_leftid = 48 )  [ RunTime:0.0001s ]
SQL: SELECT * FROM `xs_column` WHERE ( column_leftid = 58 )  [ RunTime:0.0001s ]
SQL: SELECT * FROM `xs_column` WHERE ( column_leftid = 49 )  [ RunTime:0.0001s ]
SQL: SELECT * FROM `xs_column` WHERE ( column_leftid = 53 )  [ RunTime:0.0001s ]
SQL: SHOW COLUMNS FROM `xs_banner` [ RunTime:0.0003s ]
SQL: SELECT * FROM `xs_banner` ORDER BY sort  [ RunTime:0.0001s ]
SQL: SHOW COLUMNS FROM `xs_article` [ RunTime:0.0004s ]
SQL: SELECT * FROM `xs_article` WHERE ( columnid = 48 and image <> '' ) ORDER BY id desc LIMIT 6   [ RunTime:0.0001s ]
SQL: SELECT * FROM `xs_article` WHERE ( columnid = 49 ) ORDER BY id desc LIMIT 6   [ RunTime:0.0002s ]
SQL: SELECT `content` FROM `xs_column` WHERE ( id = 54 ) LIMIT 1   [ RunTime:0.0001s ]
INFO: [ view_parse ] --START--
INFO: [ template_filter ] --START--
INFO: Run Behavior\ContentReplaceBehavior [ RunTime:0.000063s ]
INFO: [ template_filter ] --END-- [ RunTime:0.000115s ]
INFO: Run Behavior\ParseTemplateBehavior [ RunTime:0.010433s ]
INFO: [ view_parse ] --END-- [ RunTime:0.010475s ]
INFO: [ view_filter ] --START--
INFO: Run Behavior\WriteHtmlCacheBehavior [ RunTime:0.000142s ]
INFO: [ view_filter ] --END-- [ RunTime:0.000173s ]
INFO: [ app_end ] --START--
INFO: Run Behavior\ShowPageTraceBehavior [ RunTime:0.000375s ]
INFO: [ app_end ] --END-- [ RunTime:0.000407s ]

[ 2017-11-30T17:40:51+08:00 ] 123.151.76.158 /default.php
INFO: [ app_init ] --START--
INFO: Run Behavior\BuildLiteBehavior [ RunTime:0.000010s ]
INFO: [ app_init ] --END-- [ RunTime:0.000237s ]
INFO: [ app_begin ] --START--
INFO: Run Behavior\ReadHtmlCacheBehavior [ RunTime:0.000294s ]
INFO: [ app_begin ] --END-- [ RunTime:0.000327s ]
SQL: SHOW COLUMNS FROM `xs_column` [ RunTime:0.0005s ]
SQL: SELECT * FROM `xs_column` WHERE ( column_leftid = 0 ) ORDER BY sort  [ RunTime:0.0001s ]
SQL: SELECT * FROM `xs_column` WHERE ( column_leftid = 54 )  [ RunTime:0.0001s ]
SQL: SELECT * FROM `xs_column` WHERE ( column_leftid = 48 )  [ RunTime:0.0001s ]
SQL: SELECT * FROM `xs_column` WHERE ( column_leftid = 58 )  [ RunTime:0.0001s ]
SQL: SELECT * FROM `xs_column` WHERE ( column_leftid = 49 )  [ RunTime:0.0001s ]
SQL: SELECT * FROM `xs_column` WHERE ( column_leftid = 53 )  [ RunTime:0.0001s ]
SQL: SHOW COLUMNS FROM `xs_banner` [ RunTime:0.0003s ]
SQL: SELECT * FROM `xs_banner` ORDER BY sort  [ RunTime:0.0001s ]
SQL: SHOW COLUMNS FROM `xs_article` [ RunTime:0.0003s ]
SQL: SELECT * FROM `xs_article` WHERE ( columnid = 48 and image <> '' ) ORDER BY id desc LIMIT 6   [ RunTime:0.0001s ]
SQL: SELECT * FROM `xs_article` WHERE ( columnid = 49 ) ORDER BY id desc LIMIT 6   [ RunTime:0.0002s ]
SQL: SELECT `content` FROM `xs_column` WHERE ( id = 54 ) LIMIT 1   [ RunTime:0.0001s ]
INFO: [ view_parse ] --START--
INFO: [ template_filter ] --START--
INFO: Run Behavior\ContentReplaceBehavior [ RunTime:0.000046s ]
INFO: [ template_filter ] --END-- [ RunTime:0.000078s ]
INFO: Run Behavior\ParseTemplateBehavior [ RunTime:0.008902s ]
INFO: [ view_parse ] --END-- [ RunTime:0.008934s ]
INFO: [ view_filter ] --START--
INFO: Run Behavior\WriteHtmlCacheBehavior [ RunTime:0.000091s ]
INFO: [ view_filter ] --END-- [ RunTime:0.000117s ]
INFO: [ app_end ] --START--
INFO: Run Behavior\ShowPageTraceBehavior [ RunTime:0.000313s ]
INFO: [ app_end ] --END-- [ RunTime:0.000342s ]

[ 2017-11-30T17:40:52+08:00 ] 61.163.56.68 /default.php
INFO: [ app_init ] --START--
INFO: Run Behavior\BuildLiteBehavior [ RunTime:0.000011s ]
INFO: [ app_init ] --END-- [ RunTime:0.000234s ]
INFO: [ app_begin ] --START--
INFO: Run Behavior\ReadHtmlCacheBehavior [ RunTime:0.000293s ]
INFO: [ app_begin ] --END-- [ RunTime:0.000327s ]
SQL: SHOW COLUMNS FROM `xs_column` [ RunTime:0.0006s ]
SQL: SELECT * FROM `xs_column` WHERE ( column_leftid = 0 ) ORDER BY sort  [ RunTime:0.0001s ]
SQL: SELECT * FROM `xs_column` WHERE ( column_leftid = 54 )  [ RunTime:0.0001s ]
SQL: SELECT * FROM `xs_column` WHERE ( column_leftid = 48 )  [ RunTime:0.0001s ]
SQL: SELECT * FROM `xs_column` WHERE ( column_leftid = 58 )  [ RunTime:0.0001s ]
SQL: SELECT * FROM `xs_column` WHERE ( column_leftid = 49 )  [ RunTime:0.0001s ]
SQL: SELECT * FROM `xs_column` WHERE ( column_leftid = 53 )  [ RunTime:0.0001s ]
SQL: SHOW COLUMNS FROM `xs_banner` [ RunTime:0.0003s ]
SQL: SELECT * FROM `xs_banner` ORDER BY sort  [ RunTime:0.0001s ]
SQL: SHOW COLUMNS FROM `xs_article` [ RunTime:0.0004s ]
SQL: SELECT * FROM `xs_article` WHERE ( columnid = 48 and image <> '' ) ORDER BY id desc LIMIT 6   [ RunTime:0.0001s ]
SQL: SELECT * FROM `xs_article` WHERE ( columnid = 49 ) ORDER BY id desc LIMIT 6   [ RunTime:0.0002s ]
SQL: SELECT `content` FROM `xs_column` WHERE ( id = 54 ) LIMIT 1   [ RunTime:0.0001s ]
INFO: [ view_parse ] --START--
INFO: [ template_filter ] --START--
INFO: Run Behavior\ContentReplaceBehavior [ RunTime:0.000047s ]
INFO: [ template_filter ] --END-- [ RunTime:0.000078s ]
INFO: Run Behavior\ParseTemplateBehavior [ RunTime:0.009042s ]
INFO: [ view_parse ] --END-- [ RunTime:0.009073s ]
INFO: [ view_filter ] --START--
INFO: Run Behavior\WriteHtmlCacheBehavior [ RunTime:0.000091s ]
INFO: [ view_filter ] --END-- [ RunTime:0.000115s ]
INFO: [ app_end ] --START--
INFO: Run Behavior\ShowPageTraceBehavior [ RunTime:0.000299s ]
INFO: [ app_end ] --END-- [ RunTime:0.000328s ]

[ 2017-11-30T19:25:28+08:00 ] 123.151.77.73 /default.php
INFO: [ app_init ] --START--
INFO: Run Behavior\BuildLiteBehavior [ RunTime:0.000014s ]
INFO: [ app_init ] --END-- [ RunTime:0.000362s ]
INFO: [ app_begin ] --START--
INFO: Run Behavior\ReadHtmlCacheBehavior [ RunTime:0.000501s ]
INFO: [ app_begin ] --END-- [ RunTime:0.000552s ]
SQL: SHOW COLUMNS FROM `xs_column` [ RunTime:0.0007s ]
SQL: SELECT * FROM `xs_column` WHERE ( column_leftid = 0 ) ORDER BY sort  [ RunTime:0.0001s ]
SQL: SELECT * FROM `xs_column` WHERE ( column_leftid = 54 )  [ RunTime:0.0001s ]
SQL: SELECT * FROM `xs_column` WHERE ( column_leftid = 48 )  [ RunTime:0.0001s ]
SQL: SELECT * FROM `xs_column` WHERE ( column_leftid = 58 )  [ RunTime:0.0001s ]
SQL: SELECT * FROM `xs_column` WHERE ( column_leftid = 49 )  [ RunTime:0.0001s ]
SQL: SELECT * FROM `xs_column` WHERE ( column_leftid = 53 )  [ RunTime:0.0001s ]
SQL: SHOW COLUMNS FROM `xs_banner` [ RunTime:0.0004s ]
SQL: SELECT * FROM `xs_banner` ORDER BY sort  [ RunTime:0.0001s ]
SQL: SHOW COLUMNS FROM `xs_article` [ RunTime:0.0004s ]
SQL: SELECT * FROM `xs_article` WHERE ( columnid = 48 and image <> '' ) ORDER BY id desc LIMIT 6   [ RunTime:0.0001s ]
SQL: SELECT * FROM `xs_article` WHERE ( columnid = 49 ) ORDER BY id desc LIMIT 6   [ RunTime:0.0002s ]
SQL: SELECT `content` FROM `xs_column` WHERE ( id = 54 ) LIMIT 1   [ RunTime:0.0001s ]
INFO: [ view_parse ] --START--
INFO: [ template_filter ] --START--
INFO: Run Behavior\ContentReplaceBehavior [ RunTime:0.000051s ]
INFO: [ template_filter ] --END-- [ RunTime:0.000084s ]
INFO: Run Behavior\ParseTemplateBehavior [ RunTime:0.009024s ]
INFO: [ view_parse ] --END-- [ RunTime:0.009057s ]
INFO: [ view_filter ] --START--
INFO: Run Behavior\WriteHtmlCacheBehavior [ RunTime:0.000104s ]
INFO: [ view_filter ] --END-- [ RunTime:0.000130s ]
INFO: [ app_end ] --START--
INFO: Run Behavior\ShowPageTraceBehavior [ RunTime:0.000304s ]
INFO: [ app_end ] --END-- [ RunTime:0.000333s ]

[ 2017-11-30T19:25:29+08:00 ] 171.10.92.17 /default.php
INFO: [ app_init ] --START--
INFO: Run Behavior\BuildLiteBehavior [ RunTime:0.000010s ]
INFO: [ app_init ] --END-- [ RunTime:0.000226s ]
INFO: [ app_begin ] --START--
INFO: Run Behavior\ReadHtmlCacheBehavior [ RunTime:0.000284s ]
INFO: [ app_begin ] --END-- [ RunTime:0.000318s ]
SQL: SHOW COLUMNS FROM `xs_column` [ RunTime:0.0005s ]
SQL: SELECT * FROM `xs_column` WHERE ( column_leftid = 0 ) ORDER BY sort  [ RunTime:0.0001s ]
SQL: SELECT * FROM `xs_column` WHERE ( column_leftid = 54 )  [ RunTime:0.0001s ]
SQL: SELECT * FROM `xs_column` WHERE ( column_leftid = 48 )  [ RunTime:0.0001s ]
SQL: SELECT * FROM `xs_column` WHERE ( column_leftid = 58 )  [ RunTime:0.0001s ]
SQL: SELECT * FROM `xs_column` WHERE ( column_leftid = 49 )  [ RunTime:0.0001s ]
SQL: SELECT * FROM `xs_column` WHERE ( column_leftid = 53 )  [ RunTime:0.0001s ]
SQL: SHOW COLUMNS FROM `xs_banner` [ RunTime:0.0003s ]
SQL: SELECT * FROM `xs_banner` ORDER BY sort  [ RunTime:0.0001s ]
SQL: SHOW COLUMNS FROM `xs_article` [ RunTime:0.0003s ]
SQL: SELECT * FROM `xs_article` WHERE ( columnid = 48 and image <> '' ) ORDER BY id desc LIMIT 6   [ RunTime:0.0001s ]
SQL: SELECT * FROM `xs_article` WHERE ( columnid = 49 ) ORDER BY id desc LIMIT 6   [ RunTime:0.0002s ]
SQL: SELECT `content` FROM `xs_column` WHERE ( id = 54 ) LIMIT 1   [ RunTime:0.0001s ]
INFO: [ view_parse ] --START--
INFO: [ template_filter ] --START--
INFO: Run Behavior\ContentReplaceBehavior [ RunTime:0.000045s ]
INFO: [ template_filter ] --END-- [ RunTime:0.000077s ]
INFO: Run Behavior\ParseTemplateBehavior [ RunTime:0.008947s ]
INFO: [ view_parse ] --END-- [ RunTime:0.008989s ]
INFO: [ view_filter ] --START--
INFO: Run Behavior\WriteHtmlCacheBehavior [ RunTime:0.000095s ]
INFO: [ view_filter ] --END-- [ RunTime:0.000139s ]
INFO: [ app_end ] --START--
INFO: Run Behavior\ShowPageTraceBehavior [ RunTime:0.000302s ]
INFO: [ app_end ] --END-- [ RunTime:0.000331s ]

[ 2017-11-30T20:00:27+08:00 ] 123.151.77.71 /default.php
INFO: [ app_init ] --START--
INFO: Run Behavior\BuildLiteBehavior [ RunTime:0.000013s ]
INFO: [ app_init ] --END-- [ RunTime:0.000252s ]
INFO: [ app_begin ] --START--
INFO: Run Behavior\ReadHtmlCacheBehavior [ RunTime:0.000293s ]
INFO: [ app_begin ] --END-- [ RunTime:0.000325s ]
SQL: SHOW COLUMNS FROM `xs_column` [ RunTime:0.0006s ]
SQL: SELECT * FROM `xs_column` WHERE ( column_leftid = 0 ) ORDER BY sort  [ RunTime:0.0001s ]
SQL: SELECT * FROM `xs_column` WHERE ( column_leftid = 54 )  [ RunTime:0.0001s ]
SQL: SELECT * FROM `xs_column` WHERE ( column_leftid = 48 )  [ RunTime:0.0001s ]
SQL: SELECT * FROM `xs_column` WHERE ( column_leftid = 58 )  [ RunTime:0.0001s ]
SQL: SELECT * FROM `xs_column` WHERE ( column_leftid = 49 )  [ RunTime:0.0001s ]
SQL: SELECT * FROM `xs_column` WHERE ( column_leftid = 53 )  [ RunTime:0.0001s ]
SQL: SHOW COLUMNS FROM `xs_banner` [ RunTime:0.0003s ]
SQL: SELECT * FROM `xs_banner` ORDER BY sort  [ RunTime:0.0001s ]
SQL: SHOW COLUMNS FROM `xs_article` [ RunTime:0.0004s ]
SQL: SELECT * FROM `xs_article` WHERE ( columnid = 48 and image <> '' ) ORDER BY id desc LIMIT 6   [ RunTime:0.0001s ]
SQL: SELECT * FROM `xs_article` WHERE ( columnid = 49 ) ORDER BY id desc LIMIT 6   [ RunTime:0.0002s ]
SQL: SELECT `content` FROM `xs_column` WHERE ( id = 54 ) LIMIT 1   [ RunTime:0.0001s ]
INFO: [ view_parse ] --START--
INFO: [ template_filter ] --START--
INFO: Run Behavior\ContentReplaceBehavior [ RunTime:0.000060s ]
INFO: [ template_filter ] --END-- [ RunTime:0.000110s ]
INFO: Run Behavior\ParseTemplateBehavior [ RunTime:0.010069s ]
INFO: [ view_parse ] --END-- [ RunTime:0.010115s ]
INFO: [ view_filter ] --START--
INFO: Run Behavior\WriteHtmlCacheBehavior [ RunTime:0.000118s ]
INFO: [ view_filter ] --END-- [ RunTime:0.000144s ]
INFO: [ app_end ] --START--
INFO: Run Behavior\ShowPageTraceBehavior [ RunTime:0.000365s ]
INFO: [ app_end ] --END-- [ RunTime:0.000405s ]

[ 2017-11-30T20:00:27+08:00 ] 115.60.188.122 /default.php
INFO: [ app_init ] --START--
INFO: Run Behavior\BuildLiteBehavior [ RunTime:0.000012s ]
INFO: [ app_init ] --END-- [ RunTime:0.000262s ]
INFO: [ app_begin ] --START--
INFO: Run Behavior\ReadHtmlCacheBehavior [ RunTime:0.000307s ]
INFO: [ app_begin ] --END-- [ RunTime:0.000341s ]
SQL: SHOW COLUMNS FROM `xs_column` [ RunTime:0.0006s ]
SQL: SELECT * FROM `xs_column` WHERE ( column_leftid = 0 ) ORDER BY sort  [ RunTime:0.0001s ]
SQL: SELECT * FROM `xs_column` WHERE ( column_leftid = 54 )  [ RunTime:0.0001s ]
SQL: SELECT * FROM `xs_column` WHERE ( column_leftid = 48 )  [ RunTime:0.0001s ]
SQL: SELECT * FROM `xs_column` WHERE ( column_leftid = 58 )  [ RunTime:0.0001s ]
SQL: SELECT * FROM `xs_column` WHERE ( column_leftid = 49 )  [ RunTime:0.0001s ]
SQL: SELECT * FROM `xs_column` WHERE ( column_leftid = 53 )  [ RunTime:0.0001s ]
SQL: SHOW COLUMNS FROM `xs_banner` [ RunTime:0.0003s ]
SQL: SELECT * FROM `xs_banner` ORDER BY sort  [ RunTime:0.0001s ]
SQL: SHOW COLUMNS FROM `xs_article` [ RunTime:0.0004s ]
SQL: SELECT * FROM `xs_article` WHERE ( columnid = 48 and image <> '' ) ORDER BY id desc LIMIT 6   [ RunTime:0.0001s ]
SQL: SELECT * FROM `xs_article` WHERE ( columnid = 49 ) ORDER BY id desc LIMIT 6   [ RunTime:0.0002s ]
SQL: SELECT `content` FROM `xs_column` WHERE ( id = 54 ) LIMIT 1   [ RunTime:0.0001s ]
INFO: [ view_parse ] --START--
INFO: [ template_filter ] --START--
INFO: Run Behavior\ContentReplaceBehavior [ RunTime:0.000057s ]
INFO: [ template_filter ] --END-- [ RunTime:0.000109s ]
INFO: Run Behavior\ParseTemplateBehavior [ RunTime:0.009276s ]
INFO: [ view_parse ] --END-- [ RunTime:0.009311s ]
INFO: [ view_filter ] --START--
INFO: Run Behavior\WriteHtmlCacheBehavior [ RunTime:0.000116s ]
INFO: [ view_filter ] --END-- [ RunTime:0.000141s ]
INFO: [ app_end ] --START--
INFO: Run Behavior\ShowPageTraceBehavior [ RunTime:0.000352s ]
INFO: [ app_end ] --END-- [ RunTime:0.000384s ]

[ 2017-11-30T20:04:14+08:00 ] 61.158.149.217 /default.php
INFO: [ app_init ] --START--
INFO: Run Behavior\BuildLiteBehavior [ RunTime:0.000011s ]
INFO: [ app_init ] --END-- [ RunTime:0.000224s ]
INFO: [ app_begin ] --START--
INFO: Run Behavior\ReadHtmlCacheBehavior [ RunTime:0.000300s ]
INFO: [ app_begin ] --END-- [ RunTime:0.000332s ]
SQL: SHOW COLUMNS FROM `xs_column` [ RunTime:0.0006s ]
SQL: SELECT * FROM `xs_column` WHERE ( column_leftid = 0 ) ORDER BY sort  [ RunTime:0.0001s ]
SQL: SELECT * FROM `xs_column` WHERE ( column_leftid = 54 )  [ RunTime:0.0001s ]
SQL: SELECT * FROM `xs_column` WHERE ( column_leftid = 48 )  [ RunTime:0.0001s ]
SQL: SELECT * FROM `xs_column` WHERE ( column_leftid = 58 )  [ RunTime:0.0001s ]
SQL: SELECT * FROM `xs_column` WHERE ( column_leftid = 49 )  [ RunTime:0.0001s ]
SQL: SELECT * FROM `xs_column` WHERE ( column_leftid = 53 )  [ RunTime:0.0001s ]
SQL: SHOW COLUMNS FROM `xs_banner` [ RunTime:0.0003s ]
SQL: SELECT * FROM `xs_banner` ORDER BY sort  [ RunTime:0.0001s ]
SQL: SHOW COLUMNS FROM `xs_article` [ RunTime:0.0003s ]
SQL: SELECT * FROM `xs_article` WHERE ( columnid = 48 and image <> '' ) ORDER BY id desc LIMIT 6   [ RunTime:0.0001s ]
SQL: SELECT * FROM `xs_article` WHERE ( columnid = 49 ) ORDER BY id desc LIMIT 6   [ RunTime:0.0002s ]
SQL: SELECT `content` FROM `xs_column` WHERE ( id = 54 ) LIMIT 1   [ RunTime:0.0001s ]
INFO: [ view_parse ] --START--
INFO: [ template_filter ] --START--
INFO: Run Behavior\ContentReplaceBehavior [ RunTime:0.000046s ]
INFO: [ template_filter ] --END-- [ RunTime:0.000077s ]
INFO: Run Behavior\ParseTemplateBehavior [ RunTime:0.009076s ]
INFO: [ view_parse ] --END-- [ RunTime:0.009109s ]
INFO: [ view_filter ] --START--
INFO: Run Behavior\WriteHtmlCacheBehavior [ RunTime:0.000094s ]
INFO: [ view_filter ] --END-- [ RunTime:0.000121s ]
INFO: [ app_end ] --START--
INFO: Run Behavior\ShowPageTraceBehavior [ RunTime:0.000313s ]
INFO: [ app_end ] --END-- [ RunTime:0.000342s ]

[ 2017-11-30T20:04:14+08:00 ] 61.158.149.217 /default.php
INFO: [ app_init ] --START--
INFO: Run Behavior\BuildLiteBehavior [ RunTime:0.000013s ]
INFO: [ app_init ] --END-- [ RunTime:0.000241s ]
INFO: [ app_begin ] --START--
INFO: Run Behavior\ReadHtmlCacheBehavior [ RunTime:0.000308s ]
INFO: [ app_begin ] --END-- [ RunTime:0.000345s ]
SQL: SHOW COLUMNS FROM `xs_column` [ RunTime:0.0005s ]
SQL: SELECT * FROM `xs_column` WHERE ( column_leftid = 0 ) ORDER BY sort  [ RunTime:0.0001s ]
SQL: SELECT * FROM `xs_column` WHERE ( column_leftid = 54 )  [ RunTime:0.0001s ]
SQL: SELECT * FROM `xs_column` WHERE ( column_leftid = 48 )  [ RunTime:0.0001s ]
SQL: SELECT * FROM `xs_column` WHERE ( column_leftid = 58 )  [ RunTime:0.0001s ]
SQL: SELECT * FROM `xs_column` WHERE ( column_leftid = 49 )  [ RunTime:0.0001s ]
SQL: SELECT * FROM `xs_column` WHERE ( column_leftid = 53 )  [ RunTime:0.0001s ]
SQL: SHOW COLUMNS FROM `xs_banner` [ RunTime:0.0004s ]
SQL: SELECT * FROM `xs_banner` ORDER BY sort  [ RunTime:0.0001s ]
SQL: SHOW COLUMNS FROM `xs_article` [ RunTime:0.0004s ]
SQL: SELECT * FROM `xs_article` WHERE ( columnid = 48 and image <> '' ) ORDER BY id desc LIMIT 6   [ RunTime:0.0001s ]
SQL: SELECT * FROM `xs_article` WHERE ( columnid = 49 ) ORDER BY id desc LIMIT 6   [ RunTime:0.0002s ]
SQL: SELECT `content` FROM `xs_column` WHERE ( id = 54 ) LIMIT 1   [ RunTime:0.0001s ]
INFO: [ view_parse ] --START--
INFO: [ template_filter ] --START--
INFO: Run Behavior\ContentReplaceBehavior [ RunTime:0.000058s ]
INFO: [ template_filter ] --END-- [ RunTime:0.000103s ]
INFO: Run Behavior\ParseTemplateBehavior [ RunTime:0.009203s ]
INFO: [ view_parse ] --END-- [ RunTime:0.009236s ]
INFO: [ view_filter ] --START--
INFO: Run Behavior\WriteHtmlCacheBehavior [ RunTime:0.000105s ]
INFO: [ view_filter ] --END-- [ RunTime:0.000130s ]
INFO: [ app_end ] --START--
INFO: Run Behavior\ShowPageTraceBehavior [ RunTime:0.000355s ]
INFO: [ app_end ] --END-- [ RunTime:0.000388s ]

[ 2017-11-30T20:25:05+08:00 ] 123.151.77.71 /default.php
INFO: [ app_init ] --START--
INFO: Run Behavior\BuildLiteBehavior [ RunTime:0.000014s ]
INFO: [ app_init ] --END-- [ RunTime:0.000255s ]
INFO: [ app_begin ] --START--
INFO: Run Behavior\ReadHtmlCacheBehavior [ RunTime:0.000314s ]
INFO: [ app_begin ] --END-- [ RunTime:0.000348s ]
SQL: SHOW COLUMNS FROM `xs_column` [ RunTime:0.0006s ]
SQL: SELECT * FROM `xs_column` WHERE ( column_leftid = 0 ) ORDER BY sort  [ RunTime:0.0001s ]
SQL: SELECT * FROM `xs_column` WHERE ( column_leftid = 54 )  [ RunTime:0.0001s ]
SQL: SELECT * FROM `xs_column` WHERE ( column_leftid = 48 )  [ RunTime:0.0001s ]
SQL: SELECT * FROM `xs_column` WHERE ( column_leftid = 58 )  [ RunTime:0.0001s ]
SQL: SELECT * FROM `xs_column` WHERE ( column_leftid = 49 )  [ RunTime:0.0001s ]
SQL: SELECT * FROM `xs_column` WHERE ( column_leftid = 53 )  [ RunTime:0.0001s ]
SQL: SHOW COLUMNS FROM `xs_banner` [ RunTime:0.0003s ]
SQL: SELECT * FROM `xs_banner` ORDER BY sort  [ RunTime:0.0001s ]
SQL: SHOW COLUMNS FROM `xs_article` [ RunTime:0.0003s ]
SQL: SELECT * FROM `xs_article` WHERE ( columnid = 48 and image <> '' ) ORDER BY id desc LIMIT 6   [ RunTime:0.0001s ]
SQL: SELECT * FROM `xs_article` WHERE ( columnid = 49 ) ORDER BY id desc LIMIT 6   [ RunTime:0.0002s ]
SQL: SELECT `content` FROM `xs_column` WHERE ( id = 54 ) LIMIT 1   [ RunTime:0.0001s ]
INFO: [ view_parse ] --START--
INFO: [ template_filter ] --START--
INFO: Run Behavior\ContentReplaceBehavior [ RunTime:0.000059s ]
INFO: [ template_filter ] --END-- [ RunTime:0.000112s ]
INFO: Run Behavior\ParseTemplateBehavior [ RunTime:0.009295s ]
INFO: [ view_parse ] --END-- [ RunTime:0.009328s ]
INFO: [ view_filter ] --START--
INFO: Run Behavior\WriteHtmlCacheBehavior [ RunTime:0.000124s ]
INFO: [ view_filter ] --END-- [ RunTime:0.000149s ]
INFO: [ app_end ] --START--
INFO: Run Behavior\ShowPageTraceBehavior [ RunTime:0.000337s ]
INFO: [ app_end ] --END-- [ RunTime:0.000367s ]

[ 2017-11-30T20:25:05+08:00 ] 115.60.188.122 /default.php
INFO: [ app_init ] --START--
INFO: Run Behavior\BuildLiteBehavior [ RunTime:0.000018s ]
INFO: [ app_init ] --END-- [ RunTime:0.000368s ]
INFO: [ app_begin ] --START--
INFO: Run Behavior\ReadHtmlCacheBehavior [ RunTime:0.000329s ]
INFO: [ app_begin ] --END-- [ RunTime:0.000370s ]
SQL: SHOW COLUMNS FROM `xs_column` [ RunTime:0.0006s ]
SQL: SELECT * FROM `xs_column` WHERE ( column_leftid = 0 ) ORDER BY sort  [ RunTime:0.0001s ]
SQL: SELECT * FROM `xs_column` WHERE ( column_leftid = 54 )  [ RunTime:0.0001s ]
SQL: SELECT * FROM `xs_column` WHERE ( column_leftid = 48 )  [ RunTime:0.0001s ]
SQL: SELECT * FROM `xs_column` WHERE ( column_leftid = 58 )  [ RunTime:0.0001s ]
SQL: SELECT * FROM `xs_column` WHERE ( column_leftid = 49 )  [ RunTime:0.0001s ]
SQL: SELECT * FROM `xs_column` WHERE ( column_leftid = 53 )  [ RunTime:0.0001s ]
SQL: SHOW COLUMNS FROM `xs_banner` [ RunTime:0.0003s ]
SQL: SELECT * FROM `xs_banner` ORDER BY sort  [ RunTime:0.0001s ]
SQL: SHOW COLUMNS FROM `xs_article` [ RunTime:0.0004s ]
SQL: SELECT * FROM `xs_article` WHERE ( columnid = 48 and image <> '' ) ORDER BY id desc LIMIT 6   [ RunTime:0.0001s ]
SQL: SELECT * FROM `xs_article` WHERE ( columnid = 49 ) ORDER BY id desc LIMIT 6   [ RunTime:0.0002s ]
SQL: SELECT `content` FROM `xs_column` WHERE ( id = 54 ) LIMIT 1   [ RunTime:0.0001s ]
INFO: [ view_parse ] --START--
INFO: [ template_filter ] --START--
INFO: Run Behavior\ContentReplaceBehavior [ RunTime:0.000059s ]
INFO: [ template_filter ] --END-- [ RunTime:0.000115s ]
INFO: Run Behavior\ParseTemplateBehavior [ RunTime:0.009415s ]
INFO: [ view_parse ] --END-- [ RunTime:0.009450s ]
INFO: [ view_filter ] --START--
INFO: Run Behavior\WriteHtmlCacheBehavior [ RunTime:0.000118s ]
INFO: [ view_filter ] --END-- [ RunTime:0.000145s ]
INFO: [ app_end ] --START--
INFO: Run Behavior\ShowPageTraceBehavior [ RunTime:0.000353s ]
INFO: [ app_end ] --END-- [ RunTime:0.000386s ]

[ 2017-11-30T21:11:30+08:00 ] 61.54.74.118 /default.php
INFO: [ app_init ] --START--
INFO: Run Behavior\BuildLiteBehavior [ RunTime:0.000013s ]
INFO: [ app_init ] --END-- [ RunTime:0.000241s ]
INFO: [ app_begin ] --START--
INFO: Run Behavior\ReadHtmlCacheBehavior [ RunTime:0.000315s ]
INFO: [ app_begin ] --END-- [ RunTime:0.000349s ]
SQL: SHOW COLUMNS FROM `xs_column` [ RunTime:0.0006s ]
SQL: SELECT * FROM `xs_column` WHERE ( column_leftid = 0 ) ORDER BY sort  [ RunTime:0.0001s ]
SQL: SELECT * FROM `xs_column` WHERE ( column_leftid = 54 )  [ RunTime:0.0001s ]
SQL: SELECT * FROM `xs_column` WHERE ( column_leftid = 48 )  [ RunTime:0.0001s ]
SQL: SELECT * FROM `xs_column` WHERE ( column_leftid = 58 )  [ RunTime:0.0001s ]
SQL: SELECT * FROM `xs_column` WHERE ( column_leftid = 49 )  [ RunTime:0.0001s ]
SQL: SELECT * FROM `xs_column` WHERE ( column_leftid = 53 )  [ RunTime:0.0001s ]
SQL: SHOW COLUMNS FROM `xs_banner` [ RunTime:0.0004s ]
SQL: SELECT * FROM `xs_banner` ORDER BY sort  [ RunTime:0.0001s ]
SQL: SHOW COLUMNS FROM `xs_article` [ RunTime:0.0004s ]
SQL: SELECT * FROM `xs_article` WHERE ( columnid = 48 and image <> '' ) ORDER BY id desc LIMIT 6   [ RunTime:0.0001s ]
SQL: SELECT * FROM `xs_article` WHERE ( columnid = 49 ) ORDER BY id desc LIMIT 6   [ RunTime:0.0002s ]
SQL: SELECT `content` FROM `xs_column` WHERE ( id = 54 ) LIMIT 1   [ RunTime:0.0001s ]
INFO: [ view_parse ] --START--
INFO: [ template_filter ] --START--
INFO: Run Behavior\ContentReplaceBehavior [ RunTime:0.000056s ]
INFO: [ template_filter ] --END-- [ RunTime:0.000099s ]
INFO: Run Behavior\ParseTemplateBehavior [ RunTime:0.009277s ]
INFO: [ view_parse ] --END-- [ RunTime:0.009311s ]
INFO: [ view_filter ] --START--
INFO: Run Behavior\WriteHtmlCacheBehavior [ RunTime:0.000106s ]
INFO: [ view_filter ] --END-- [ RunTime:0.000131s ]
INFO: [ app_end ] --START--
INFO: Run Behavior\ShowPageTraceBehavior [ RunTime:0.000338s ]
INFO: [ app_end ] --END-- [ RunTime:0.000369s ]

[ 2017-11-30T21:11:31+08:00 ] 61.54.74.118 /default.php
INFO: [ app_init ] --START--
INFO: Run Behavior\BuildLiteBehavior [ RunTime:0.000012s ]
INFO: [ app_init ] --END-- [ RunTime:0.000234s ]
INFO: [ app_begin ] --START--
INFO: Run Behavior\ReadHtmlCacheBehavior [ RunTime:0.000297s ]
INFO: [ app_begin ] --END-- [ RunTime:0.000330s ]
SQL: SHOW COLUMNS FROM `xs_column` [ RunTime:0.0006s ]
SQL: SELECT * FROM `xs_column` WHERE ( column_leftid = 0 ) ORDER BY sort  [ RunTime:0.0001s ]
SQL: SELECT * FROM `xs_column` WHERE ( column_leftid = 54 )  [ RunTime:0.0001s ]
SQL: SELECT * FROM `xs_column` WHERE ( column_leftid = 48 )  [ RunTime:0.0001s ]
SQL: SELECT * FROM `xs_column` WHERE ( column_leftid = 58 )  [ RunTime:0.0001s ]
SQL: SELECT * FROM `xs_column` WHERE ( column_leftid = 49 )  [ RunTime:0.0001s ]
SQL: SELECT * FROM `xs_column` WHERE ( column_leftid = 53 )  [ RunTime:0.0001s ]
SQL: SHOW COLUMNS FROM `xs_banner` [ RunTime:0.0003s ]
SQL: SELECT * FROM `xs_banner` ORDER BY sort  [ RunTime:0.0001s ]
SQL: SHOW COLUMNS FROM `xs_article` [ RunTime:0.0003s ]
SQL: SELECT * FROM `xs_article` WHERE ( columnid = 48 and image <> '' ) ORDER BY id desc LIMIT 6   [ RunTime:0.0001s ]
SQL: SELECT * FROM `xs_article` WHERE ( columnid = 49 ) ORDER BY id desc LIMIT 6   [ RunTime:0.0002s ]
SQL: SELECT `content` FROM `xs_column` WHERE ( id = 54 ) LIMIT 1   [ RunTime:0.0001s ]
INFO: [ view_parse ] --START--
INFO: [ template_filter ] --START--
INFO: Run Behavior\ContentReplaceBehavior [ RunTime:0.000053s ]
INFO: [ template_filter ] --END-- [ RunTime:0.000091s ]
INFO: Run Behavior\ParseTemplateBehavior [ RunTime:0.009067s ]
INFO: [ view_parse ] --END-- [ RunTime:0.009100s ]
INFO: [ view_filter ] --START--
INFO: Run Behavior\WriteHtmlCacheBehavior [ RunTime:0.000097s ]
INFO: [ view_filter ] --END-- [ RunTime:0.000122s ]
INFO: [ app_end ] --START--
INFO: Run Behavior\ShowPageTraceBehavior [ RunTime:0.000319s ]
INFO: [ app_end ] --END-- [ RunTime:0.000360s ]

[ 2017-11-30T21:27:08+08:00 ] 42.236.191.84 /default.php
INFO: [ app_init ] --START--
INFO: Run Behavior\BuildLiteBehavior [ RunTime:0.000013s ]
INFO: [ app_init ] --END-- [ RunTime:0.000246s ]
INFO: [ app_begin ] --START--
INFO: Run Behavior\ReadHtmlCacheBehavior [ RunTime:0.000303s ]
INFO: [ app_begin ] --END-- [ RunTime:0.000339s ]
SQL: SHOW COLUMNS FROM `xs_column` [ RunTime:0.0006s ]
SQL: SELECT * FROM `xs_column` WHERE ( column_leftid = 0 ) ORDER BY sort  [ RunTime:0.0001s ]
SQL: SELECT * FROM `xs_column` WHERE ( column_leftid = 54 )  [ RunTime:0.0001s ]
SQL: SELECT * FROM `xs_column` WHERE ( column_leftid = 48 )  [ RunTime:0.0001s ]
SQL: SELECT * FROM `xs_column` WHERE ( column_leftid = 58 )  [ RunTime:0.0001s ]
SQL: SELECT * FROM `xs_column` WHERE ( column_leftid = 49 )  [ RunTime:0.0001s ]
SQL: SELECT * FROM `xs_column` WHERE ( column_leftid = 53 )  [ RunTime:0.0001s ]
SQL: SHOW COLUMNS FROM `xs_banner` [ RunTime:0.0004s ]
SQL: SELECT * FROM `xs_banner` ORDER BY sort  [ RunTime:0.0001s ]
SQL: SHOW COLUMNS FROM `xs_article` [ RunTime:0.0004s ]
SQL: SELECT * FROM `xs_article` WHERE ( columnid = 48 and image <> '' ) ORDER BY id desc LIMIT 6   [ RunTime:0.0001s ]
SQL: SELECT * FROM `xs_article` WHERE ( columnid = 49 ) ORDER BY id desc LIMIT 6   [ RunTime:0.0002s ]
SQL: SELECT `content` FROM `xs_column` WHERE ( id = 54 ) LIMIT 1   [ RunTime:0.0001s ]
INFO: [ view_parse ] --START--
INFO: [ template_filter ] --START--
INFO: Run Behavior\ContentReplaceBehavior [ RunTime:0.000055s ]
INFO: [ template_filter ] --END-- [ RunTime:0.000098s ]
INFO: Run Behavior\ParseTemplateBehavior [ RunTime:0.009230s ]
INFO: [ view_parse ] --END-- [ RunTime:0.009264s ]
INFO: [ view_filter ] --START--
INFO: Run Behavior\WriteHtmlCacheBehavior [ RunTime:0.000116s ]
INFO: [ view_filter ] --END-- [ RunTime:0.000158s ]
INFO: [ app_end ] --START--
INFO: Run Behavior\ShowPageTraceBehavior [ RunTime:0.000330s ]
INFO: [ app_end ] --END-- [ RunTime:0.000359s ]

[ 2017-11-30T21:27:09+08:00 ] 42.236.191.84 /default.php
INFO: [ app_init ] --START--
INFO: Run Behavior\BuildLiteBehavior [ RunTime:0.000012s ]
INFO: [ app_init ] --END-- [ RunTime:0.000237s ]
INFO: [ app_begin ] --START--
INFO: Run Behavior\ReadHtmlCacheBehavior [ RunTime:0.000317s ]
INFO: [ app_begin ] --END-- [ RunTime:0.000351s ]
SQL: SHOW COLUMNS FROM `xs_column` [ RunTime:0.0005s ]
SQL: SELECT * FROM `xs_column` WHERE ( column_leftid = 0 ) ORDER BY sort  [ RunTime:0.0001s ]
SQL: SELECT * FROM `xs_column` WHERE ( column_leftid = 54 )  [ RunTime:0.0001s ]
SQL: SELECT * FROM `xs_column` WHERE ( column_leftid = 48 )  [ RunTime:0.0001s ]
SQL: SELECT * FROM `xs_column` WHERE ( column_leftid = 58 )  [ RunTime:0.0001s ]
SQL: SELECT * FROM `xs_column` WHERE ( column_leftid = 49 )  [ RunTime:0.0001s ]
SQL: SELECT * FROM `xs_column` WHERE ( column_leftid = 53 )  [ RunTime:0.0001s ]
SQL: SHOW COLUMNS FROM `xs_banner` [ RunTime:0.0004s ]
SQL: SELECT * FROM `xs_banner` ORDER BY sort  [ RunTime:0.0001s ]
SQL: SHOW COLUMNS FROM `xs_article` [ RunTime:0.0004s ]
SQL: SELECT * FROM `xs_article` WHERE ( columnid = 48 and image <> '' ) ORDER BY id desc LIMIT 6   [ RunTime:0.0001s ]
SQL: SELECT * FROM `xs_article` WHERE ( columnid = 49 ) ORDER BY id desc LIMIT 6   [ RunTime:0.0002s ]
SQL: SELECT `content` FROM `xs_column` WHERE ( id = 54 ) LIMIT 1   [ RunTime:0.0001s ]
INFO: [ view_parse ] --START--
INFO: [ template_filter ] --START--
INFO: Run Behavior\ContentReplaceBehavior [ RunTime:0.000054s ]
INFO: [ template_filter ] --END-- [ RunTime:0.000099s ]
INFO: Run Behavior\ParseTemplateBehavior [ RunTime:0.009604s ]
INFO: [ view_parse ] --END-- [ RunTime:0.009639s ]
INFO: [ view_filter ] --START--
INFO: Run Behavior\WriteHtmlCacheBehavior [ RunTime:0.000099s ]
INFO: [ view_filter ] --END-- [ RunTime:0.000122s ]
INFO: [ app_end ] --START--
INFO: Run Behavior\ShowPageTraceBehavior [ RunTime:0.000396s ]
INFO: [ app_end ] --END-- [ RunTime:0.000426s ]

[ 2017-11-30T21:27:17+08:00 ] 42.236.191.84 /default.php
INFO: [ app_init ] --START--
INFO: Run Behavior\BuildLiteBehavior [ RunTime:0.000011s ]
INFO: [ app_init ] --END-- [ RunTime:0.000238s ]
INFO: [ app_begin ] --START--
INFO: Run Behavior\ReadHtmlCacheBehavior [ RunTime:0.000298s ]
INFO: [ app_begin ] --END-- [ RunTime:0.000331s ]
SQL: SHOW COLUMNS FROM `xs_column` [ RunTime:0.0006s ]
SQL: SELECT * FROM `xs_column` WHERE ( column_leftid = 0 ) ORDER BY sort  [ RunTime:0.0001s ]
SQL: SELECT * FROM `xs_column` WHERE ( column_leftid = 54 )  [ RunTime:0.0001s ]
SQL: SELECT * FROM `xs_column` WHERE ( column_leftid = 48 )  [ RunTime:0.0001s ]
SQL: SELECT * FROM `xs_column` WHERE ( column_leftid = 58 )  [ RunTime:0.0001s ]
SQL: SELECT * FROM `xs_column` WHERE ( column_leftid = 49 )  [ RunTime:0.0001s ]
SQL: SELECT * FROM `xs_column` WHERE ( column_leftid = 53 )  [ RunTime:0.0001s ]
SQL: SHOW COLUMNS FROM `xs_banner` [ RunTime:0.0003s ]
SQL: SELECT * FROM `xs_banner` ORDER BY sort  [ RunTime:0.0001s ]
SQL: SHOW COLUMNS FROM `xs_article` [ RunTime:0.0004s ]
SQL: SELECT * FROM `xs_article` WHERE ( columnid = 48 and image <> '' ) ORDER BY id desc LIMIT 6   [ RunTime:0.0001s ]
SQL: SELECT * FROM `xs_article` WHERE ( columnid = 49 ) ORDER BY id desc LIMIT 6   [ RunTime:0.0002s ]
SQL: SELECT `content` FROM `xs_column` WHERE ( id = 54 ) LIMIT 1   [ RunTime:0.0001s ]
INFO: [ view_parse ] --START--
INFO: [ template_filter ] --START--
INFO: Run Behavior\ContentReplaceBehavior [ RunTime:0.000058s ]
INFO: [ template_filter ] --END-- [ RunTime:0.000104s ]
INFO: Run Behavior\ParseTemplateBehavior [ RunTime:0.009380s ]
INFO: [ view_parse ] --END-- [ RunTime:0.009413s ]
INFO: [ view_filter ] --START--
INFO: Run Behavior\WriteHtmlCacheBehavior [ RunTime:0.000104s ]
INFO: [ view_filter ] --END-- [ RunTime:0.000136s ]
INFO: [ app_end ] --START--
INFO: Run Behavior\ShowPageTraceBehavior [ RunTime:0.000324s ]
INFO: [ app_end ] --END-- [ RunTime:0.000353s ]

[ 2017-11-30T21:27:17+08:00 ] 42.236.191.84 /default.php
INFO: [ app_init ] --START--
INFO: Run Behavior\BuildLiteBehavior [ RunTime:0.000012s ]
INFO: [ app_init ] --END-- [ RunTime:0.000238s ]
INFO: [ app_begin ] --START--
INFO: Run Behavior\ReadHtmlCacheBehavior [ RunTime:0.000336s ]
INFO: [ app_begin ] --END-- [ RunTime:0.000370s ]
SQL: SHOW COLUMNS FROM `xs_column` [ RunTime:0.0005s ]
SQL: SELECT * FROM `xs_column` WHERE ( column_leftid = 0 ) ORDER BY sort  [ RunTime:0.0001s ]
SQL: SELECT * FROM `xs_column` WHERE ( column_leftid = 54 )  [ RunTime:0.0001s ]
SQL: SELECT * FROM `xs_column` WHERE ( column_leftid = 48 )  [ RunTime:0.0001s ]
SQL: SELECT * FROM `xs_column` WHERE ( column_leftid = 58 )  [ RunTime:0.0001s ]
SQL: SELECT * FROM `xs_column` WHERE ( column_leftid = 49 )  [ RunTime:0.0001s ]
SQL: SELECT * FROM `xs_column` WHERE ( column_leftid = 53 )  [ RunTime:0.0001s ]
SQL: SHOW COLUMNS FROM `xs_banner` [ RunTime:0.0004s ]
SQL: SELECT * FROM `xs_banner` ORDER BY sort  [ RunTime:0.0001s ]
SQL: SHOW COLUMNS FROM `xs_article` [ RunTime:0.0004s ]
SQL: SELECT * FROM `xs_article` WHERE ( columnid = 48 and image <> '' ) ORDER BY id desc LIMIT 6   [ RunTime:0.0001s ]
SQL: SELECT * FROM `xs_article` WHERE ( columnid = 49 ) ORDER BY id desc LIMIT 6   [ RunTime:0.0002s ]
SQL: SELECT `content` FROM `xs_column` WHERE ( id = 54 ) LIMIT 1   [ RunTime:0.0001s ]
INFO: [ view_parse ] --START--
INFO: [ template_filter ] --START--
INFO: Run Behavior\ContentReplaceBehavior [ RunTime:0.000056s ]
INFO: [ template_filter ] --END-- [ RunTime:0.000103s ]
INFO: Run Behavior\ParseTemplateBehavior [ RunTime:0.009659s ]
INFO: [ view_parse ] --END-- [ RunTime:0.009692s ]
INFO: [ view_filter ] --START--
INFO: Run Behavior\WriteHtmlCacheBehavior [ RunTime:0.000104s ]
INFO: [ view_filter ] --END-- [ RunTime:0.000129s ]
INFO: [ app_end ] --START--
INFO: Run Behavior\ShowPageTraceBehavior [ RunTime:0.000324s ]
INFO: [ app_end ] --END-- [ RunTime:0.000354s ]

[ 2017-11-30T21:27:18+08:00 ] 42.236.191.84 /default.php
INFO: [ app_init ] --START--
INFO: Run Behavior\BuildLiteBehavior [ RunTime:0.000019s ]
INFO: [ app_init ] --END-- [ RunTime:0.000347s ]
INFO: [ app_begin ] --START--
INFO: Run Behavior\ReadHtmlCacheBehavior [ RunTime:0.000442s ]
INFO: [ app_begin ] --END-- [ RunTime:0.000523s ]
SQL: SHOW COLUMNS FROM `xs_column` [ RunTime:0.0008s ]
SQL: SELECT * FROM `xs_column` WHERE ( column_leftid = 0 ) ORDER BY sort  [ RunTime:0.0002s ]
SQL: SELECT * FROM `xs_column` WHERE ( column_leftid = 54 )  [ RunTime:0.0001s ]
SQL: SELECT * FROM `xs_column` WHERE ( column_leftid = 48 )  [ RunTime:0.0001s ]
SQL: SELECT * FROM `xs_column` WHERE ( column_leftid = 58 )  [ RunTime:0.0001s ]
SQL: SELECT * FROM `xs_column` WHERE ( column_leftid = 49 )  [ RunTime:0.0001s ]
SQL: SELECT * FROM `xs_column` WHERE ( column_leftid = 53 )  [ RunTime:0.0001s ]
SQL: SHOW COLUMNS FROM `xs_banner` [ RunTime:0.0005s ]
SQL: SELECT * FROM `xs_banner` ORDER BY sort  [ RunTime:0.0001s ]
SQL: SHOW COLUMNS FROM `xs_article` [ RunTime:0.0006s ]
SQL: SELECT * FROM `xs_article` WHERE ( columnid = 48 and image <> '' ) ORDER BY id desc LIMIT 6   [ RunTime:0.0002s ]
SQL: SELECT * FROM `xs_article` WHERE ( columnid = 49 ) ORDER BY id desc LIMIT 6   [ RunTime:0.0003s ]
SQL: SELECT `content` FROM `xs_column` WHERE ( id = 54 ) LIMIT 1   [ RunTime:0.0001s ]
INFO: [ view_parse ] --START--
INFO: [ template_filter ] --START--
INFO: Run Behavior\ContentReplaceBehavior [ RunTime:0.000057s ]
INFO: [ template_filter ] --END-- [ RunTime:0.000106s ]
INFO: Run Behavior\ParseTemplateBehavior [ RunTime:0.009988s ]
INFO: [ view_parse ] --END-- [ RunTime:0.010028s ]
INFO: [ view_filter ] --START--
INFO: Run Behavior\WriteHtmlCacheBehavior [ RunTime:0.000179s ]
INFO: [ view_filter ] --END-- [ RunTime:0.000204s ]
INFO: [ app_end ] --START--
INFO: Run Behavior\ShowPageTraceBehavior [ RunTime:0.000350s ]
INFO: [ app_end ] --END-- [ RunTime:0.000384s ]

[ 2017-11-30T21:46:33+08:00 ] 123.151.77.90 /default.php
INFO: [ app_init ] --START--
INFO: Run Behavior\BuildLiteBehavior [ RunTime:0.000013s ]
INFO: [ app_init ] --END-- [ RunTime:0.000242s ]
INFO: [ app_begin ] --START--
INFO: Run Behavior\ReadHtmlCacheBehavior [ RunTime:0.000322s ]
INFO: [ app_begin ] --END-- [ RunTime:0.000363s ]
SQL: SHOW COLUMNS FROM `xs_column` [ RunTime:0.0006s ]
SQL: SELECT * FROM `xs_column` WHERE ( column_leftid = 0 ) ORDER BY sort  [ RunTime:0.0001s ]
SQL: SELECT * FROM `xs_column` WHERE ( column_leftid = 54 )  [ RunTime:0.0001s ]
SQL: SELECT * FROM `xs_column` WHERE ( column_leftid = 48 )  [ RunTime:0.0001s ]
SQL: SELECT * FROM `xs_column` WHERE ( column_leftid = 58 )  [ RunTime:0.0001s ]
SQL: SELECT * FROM `xs_column` WHERE ( column_leftid = 49 )  [ RunTime:0.0001s ]
SQL: SELECT * FROM `xs_column` WHERE ( column_leftid = 53 )  [ RunTime:0.0001s ]
SQL: SHOW COLUMNS FROM `xs_banner` [ RunTime:0.0004s ]
SQL: SELECT * FROM `xs_banner` ORDER BY sort  [ RunTime:0.0001s ]
SQL: SHOW COLUMNS FROM `xs_article` [ RunTime:0.0004s ]
SQL: SELECT * FROM `xs_article` WHERE ( columnid = 48 and image <> '' ) ORDER BY id desc LIMIT 6   [ RunTime:0.0001s ]
SQL: SELECT * FROM `xs_article` WHERE ( columnid = 49 ) ORDER BY id desc LIMIT 6   [ RunTime:0.0002s ]
SQL: SELECT `content` FROM `xs_column` WHERE ( id = 54 ) LIMIT 1   [ RunTime:0.0001s ]
INFO: [ view_parse ] --START--
INFO: [ template_filter ] --START--
INFO: Run Behavior\ContentReplaceBehavior [ RunTime:0.000075s ]
INFO: [ template_filter ] --END-- [ RunTime:0.000130s ]
INFO: Run Behavior\ParseTemplateBehavior [ RunTime:0.009592s ]
INFO: [ view_parse ] --END-- [ RunTime:0.009629s ]
INFO: [ view_filter ] --START--
INFO: Run Behavior\WriteHtmlCacheBehavior [ RunTime:0.000116s ]
INFO: [ view_filter ] --END-- [ RunTime:0.000142s ]
INFO: [ app_end ] --START--
INFO: Run Behavior\ShowPageTraceBehavior [ RunTime:0.000386s ]
INFO: [ app_end ] --END-- [ RunTime:0.000418s ]

[ 2017-11-30T21:46:34+08:00 ] 117.158.184.2 /default.php
INFO: [ app_init ] --START--
INFO: Run Behavior\BuildLiteBehavior [ RunTime:0.000013s ]
INFO: [ app_init ] --END-- [ RunTime:0.000259s ]
INFO: [ app_begin ] --START--
INFO: Run Behavior\ReadHtmlCacheBehavior [ RunTime:0.000337s ]
INFO: [ app_begin ] --END-- [ RunTime:0.000373s ]
SQL: SHOW COLUMNS FROM `xs_column` [ RunTime:0.0008s ]
SQL: SELECT * FROM `xs_column` WHERE ( column_leftid = 0 ) ORDER BY sort  [ RunTime:0.0001s ]
SQL: SELECT * FROM `xs_column` WHERE ( column_leftid = 54 )  [ RunTime:0.0002s ]
SQL: SELECT * FROM `xs_column` WHERE ( column_leftid = 48 )  [ RunTime:0.0001s ]
SQL: SELECT * FROM `xs_column` WHERE ( column_leftid = 58 )  [ RunTime:0.0001s ]
SQL: SELECT * FROM `xs_column` WHERE ( column_leftid = 49 )  [ RunTime:0.0001s ]
SQL: SELECT * FROM `xs_column` WHERE ( column_leftid = 53 )  [ RunTime:0.0001s ]
SQL: SHOW COLUMNS FROM `xs_banner` [ RunTime:0.0005s ]
SQL: SELECT * FROM `xs_banner` ORDER BY sort  [ RunTime:0.0001s ]
SQL: SHOW COLUMNS FROM `xs_article` [ RunTime:0.0005s ]
SQL: SELECT * FROM `xs_article` WHERE ( columnid = 48 and image <> '' ) ORDER BY id desc LIMIT 6   [ RunTime:0.0001s ]
SQL: SELECT * FROM `xs_article` WHERE ( columnid = 49 ) ORDER BY id desc LIMIT 6   [ RunTime:0.0002s ]
SQL: SELECT `content` FROM `xs_column` WHERE ( id = 54 ) LIMIT 1   [ RunTime:0.0001s ]
INFO: [ view_parse ] --START--
INFO: [ template_filter ] --START--
INFO: Run Behavior\ContentReplaceBehavior [ RunTime:0.000062s ]
INFO: [ template_filter ] --END-- [ RunTime:0.000113s ]
INFO: Run Behavior\ParseTemplateBehavior [ RunTime:0.009673s ]
INFO: [ view_parse ] --END-- [ RunTime:0.009713s ]
INFO: [ view_filter ] --START--
INFO: Run Behavior\WriteHtmlCacheBehavior [ RunTime:0.000118s ]
INFO: [ view_filter ] --END-- [ RunTime:0.000145s ]
INFO: [ app_end ] --START--
INFO: Run Behavior\ShowPageTraceBehavior [ RunTime:0.000366s ]
INFO: [ app_end ] --END-- [ RunTime:0.000398s ]

[ 2017-11-30T21:54:24+08:00 ] 115.60.22.238 /default.php
INFO: [ app_init ] --START--
INFO: Run Behavior\BuildLiteBehavior [ RunTime:0.000011s ]
INFO: [ app_init ] --END-- [ RunTime:0.000253s ]
INFO: [ app_begin ] --START--
INFO: Run Behavior\ReadHtmlCacheBehavior [ RunTime:0.000295s ]
INFO: [ app_begin ] --END-- [ RunTime:0.000329s ]
SQL: SHOW COLUMNS FROM `xs_column` [ RunTime:0.0005s ]
SQL: SELECT * FROM `xs_column` WHERE ( column_leftid = 0 ) ORDER BY sort  [ RunTime:0.0001s ]
SQL: SELECT * FROM `xs_column` WHERE ( column_leftid = 54 )  [ RunTime:0.0001s ]
SQL: SELECT * FROM `xs_column` WHERE ( column_leftid = 48 )  [ RunTime:0.0001s ]
SQL: SELECT * FROM `xs_column` WHERE ( column_leftid = 58 )  [ RunTime:0.0001s ]
SQL: SELECT * FROM `xs_column` WHERE ( column_leftid = 49 )  [ RunTime:0.0001s ]
SQL: SELECT * FROM `xs_column` WHERE ( column_leftid = 53 )  [ RunTime:0.0001s ]
SQL: SHOW COLUMNS FROM `xs_banner` [ RunTime:0.0004s ]
SQL: SELECT * FROM `xs_banner` ORDER BY sort  [ RunTime:0.0001s ]
SQL: SHOW COLUMNS FROM `xs_article` [ RunTime:0.0004s ]
SQL: SELECT * FROM `xs_article` WHERE ( columnid = 48 and image <> '' ) ORDER BY id desc LIMIT 6   [ RunTime:0.0001s ]
SQL: SELECT * FROM `xs_article` WHERE ( columnid = 49 ) ORDER BY id desc LIMIT 6   [ RunTime:0.0002s ]
SQL: SELECT `content` FROM `xs_column` WHERE ( id = 54 ) LIMIT 1   [ RunTime:0.0001s ]
INFO: [ view_parse ] --START--
INFO: [ template_filter ] --START--
INFO: Run Behavior\ContentReplaceBehavior [ RunTime:0.000051s ]
INFO: [ template_filter ] --END-- [ RunTime:0.000086s ]
INFO: Run Behavior\ParseTemplateBehavior [ RunTime:0.009658s ]
INFO: [ view_parse ] --END-- [ RunTime:0.009692s ]
INFO: [ view_filter ] --START--
INFO: Run Behavior\WriteHtmlCacheBehavior [ RunTime:0.000100s ]
INFO: [ view_filter ] --END-- [ RunTime:0.000125s ]
INFO: [ app_end ] --START--
INFO: Run Behavior\ShowPageTraceBehavior [ RunTime:0.000366s ]
INFO: [ app_end ] --END-- [ RunTime:0.000402s ]

[ 2017-11-30T21:54:25+08:00 ] 222.137.233.234 /default.php
INFO: [ app_init ] --START--
INFO: Run Behavior\BuildLiteBehavior [ RunTime:0.000011s ]
INFO: [ app_init ] --END-- [ RunTime:0.000228s ]
INFO: [ app_begin ] --START--
INFO: Run Behavior\ReadHtmlCacheBehavior [ RunTime:0.000982s ]
INFO: [ app_begin ] --END-- [ RunTime:0.001019s ]
SQL: SHOW COLUMNS FROM `xs_column` [ RunTime:0.0005s ]
SQL: SELECT * FROM `xs_column` WHERE ( column_leftid = 0 ) ORDER BY sort  [ RunTime:0.0001s ]
SQL: SELECT * FROM `xs_column` WHERE ( column_leftid = 54 )  [ RunTime:0.0001s ]
SQL: SELECT * FROM `xs_column` WHERE ( column_leftid = 48 )  [ RunTime:0.0001s ]
SQL: SELECT * FROM `xs_column` WHERE ( column_leftid = 58 )  [ RunTime:0.0001s ]
SQL: SELECT * FROM `xs_column` WHERE ( column_leftid = 49 )  [ RunTime:0.0001s ]
SQL: SELECT * FROM `xs_column` WHERE ( column_leftid = 53 )  [ RunTime:0.0001s ]
SQL: SHOW COLUMNS FROM `xs_banner` [ RunTime:0.0003s ]
SQL: SELECT * FROM `xs_banner` ORDER BY sort  [ RunTime:0.0001s ]
SQL: SHOW COLUMNS FROM `xs_article` [ RunTime:0.0004s ]
SQL: SELECT * FROM `xs_article` WHERE ( columnid = 48 and image <> '' ) ORDER BY id desc LIMIT 6   [ RunTime:0.0001s ]
SQL: SELECT * FROM `xs_article` WHERE ( columnid = 49 ) ORDER BY id desc LIMIT 6   [ RunTime:0.0002s ]
SQL: SELECT `content` FROM `xs_column` WHERE ( id = 54 ) LIMIT 1   [ RunTime:0.0001s ]
INFO: [ view_parse ] --START--
INFO: [ template_filter ] --START--
INFO: Run Behavior\ContentReplaceBehavior [ RunTime:0.000068s ]
INFO: [ template_filter ] --END-- [ RunTime:0.000135s ]
INFO: Run Behavior\ParseTemplateBehavior [ RunTime:0.009963s ]
INFO: [ view_parse ] --END-- [ RunTime:0.009995s ]
INFO: [ view_filter ] --START--
INFO: Run Behavior\WriteHtmlCacheBehavior [ RunTime:0.000098s ]
INFO: [ view_filter ] --END-- [ RunTime:0.000123s ]
INFO: [ app_end ] --START--
INFO: Run Behavior\ShowPageTraceBehavior [ RunTime:0.000319s ]
INFO: [ app_end ] --END-- [ RunTime:0.000349s ]

[ 2017-11-30T21:57:35+08:00 ] 219.157.170.248 /default.php
INFO: [ app_init ] --START--
INFO: Run Behavior\BuildLiteBehavior [ RunTime:0.000011s ]
INFO: [ app_init ] --END-- [ RunTime:0.000224s ]
INFO: [ app_begin ] --START--
INFO: Run Behavior\ReadHtmlCacheBehavior [ RunTime:0.000282s ]
INFO: [ app_begin ] --END-- [ RunTime:0.000326s ]
SQL: SHOW COLUMNS FROM `xs_column` [ RunTime:0.0006s ]
SQL: SELECT * FROM `xs_column` WHERE ( column_leftid = 0 ) ORDER BY sort  [ RunTime:0.0001s ]
SQL: SELECT * FROM `xs_column` WHERE ( column_leftid = 54 )  [ RunTime:0.0001s ]
SQL: SELECT * FROM `xs_column` WHERE ( column_leftid = 48 )  [ RunTime:0.0001s ]
SQL: SELECT * FROM `xs_column` WHERE ( column_leftid = 58 )  [ RunTime:0.0001s ]
SQL: SELECT * FROM `xs_column` WHERE ( column_leftid = 49 )  [ RunTime:0.0001s ]
SQL: SELECT * FROM `xs_column` WHERE ( column_leftid = 53 )  [ RunTime:0.0001s ]
SQL: SHOW COLUMNS FROM `xs_banner` [ RunTime:0.0003s ]
SQL: SELECT * FROM `xs_banner` ORDER BY sort  [ RunTime:0.0001s ]
SQL: SHOW COLUMNS FROM `xs_article` [ RunTime:0.0004s ]
SQL: SELECT * FROM `xs_article` WHERE ( columnid = 48 and image <> '' ) ORDER BY id desc LIMIT 6   [ RunTime:0.0001s ]
SQL: SELECT * FROM `xs_article` WHERE ( columnid = 49 ) ORDER BY id desc LIMIT 6   [ RunTime:0.0002s ]
SQL: SELECT `content` FROM `xs_column` WHERE ( id = 54 ) LIMIT 1   [ RunTime:0.0001s ]
INFO: [ view_parse ] --START--
INFO: [ template_filter ] --START--
INFO: Run Behavior\ContentReplaceBehavior [ RunTime:0.000060s ]
INFO: [ template_filter ] --END-- [ RunTime:0.000096s ]
INFO: Run Behavior\ParseTemplateBehavior [ RunTime:0.009518s ]
INFO: [ view_parse ] --END-- [ RunTime:0.009552s ]
INFO: [ view_filter ] --START--
INFO: Run Behavior\WriteHtmlCacheBehavior [ RunTime:0.000108s ]
INFO: [ view_filter ] --END-- [ RunTime:0.000133s ]
INFO: [ app_end ] --START--
INFO: Run Behavior\ShowPageTraceBehavior [ RunTime:0.000335s ]
INFO: [ app_end ] --END-- [ RunTime:0.000364s ]

[ 2017-11-30T21:57:36+08:00 ] 219.157.170.248 /default.php
INFO: [ app_init ] --START--
INFO: Run Behavior\BuildLiteBehavior [ RunTime:0.000009s ]
INFO: [ app_init ] --END-- [ RunTime:0.000235s ]
INFO: [ app_begin ] --START--
INFO: Run Behavior\ReadHtmlCacheBehavior [ RunTime:0.000288s ]
INFO: [ app_begin ] --END-- [ RunTime:0.000321s ]
SQL: SHOW COLUMNS FROM `xs_column` [ RunTime:0.0005s ]
SQL: SELECT * FROM `xs_column` WHERE ( column_leftid = 0 ) ORDER BY sort  [ RunTime:0.0001s ]
SQL: SELECT * FROM `xs_column` WHERE ( column_leftid = 54 )  [ RunTime:0.0001s ]
SQL: SELECT * FROM `xs_column` WHERE ( column_leftid = 48 )  [ RunTime:0.0001s ]
SQL: SELECT * FROM `xs_column` WHERE ( column_leftid = 58 )  [ RunTime:0.0001s ]
SQL: SELECT * FROM `xs_column` WHERE ( column_leftid = 49 )  [ RunTime:0.0001s ]
SQL: SELECT * FROM `xs_column` WHERE ( column_leftid = 53 )  [ RunTime:0.0001s ]
SQL: SHOW COLUMNS FROM `xs_banner` [ RunTime:0.0003s ]
SQL: SELECT * FROM `xs_banner` ORDER BY sort  [ RunTime:0.0001s ]
SQL: SHOW COLUMNS FROM `xs_article` [ RunTime:0.0003s ]
SQL: SELECT * FROM `xs_article` WHERE ( columnid = 48 and image <> '' ) ORDER BY id desc LIMIT 6   [ RunTime:0.0001s ]
SQL: SELECT * FROM `xs_article` WHERE ( columnid = 49 ) ORDER BY id desc LIMIT 6   [ RunTime:0.0002s ]
SQL: SELECT `content` FROM `xs_column` WHERE ( id = 54 ) LIMIT 1   [ RunTime:0.0001s ]
INFO: [ view_parse ] --START--
INFO: [ template_filter ] --START--
INFO: Run Behavior\ContentReplaceBehavior [ RunTime:0.000046s ]
INFO: [ template_filter ] --END-- [ RunTime:0.000078s ]
INFO: Run Behavior\ParseTemplateBehavior [ RunTime:0.008930s ]
INFO: [ view_parse ] --END-- [ RunTime:0.008961s ]
INFO: [ view_filter ] --START--
INFO: Run Behavior\WriteHtmlCacheBehavior [ RunTime:0.000092s ]
INFO: [ view_filter ] --END-- [ RunTime:0.000116s ]
INFO: [ app_end ] --START--
INFO: Run Behavior\ShowPageTraceBehavior [ RunTime:0.000298s ]
INFO: [ app_end ] --END-- [ RunTime:0.000327s ]

[ 2017-11-30T22:16:27+08:00 ] 223.104.19.43 /default.php
INFO: [ app_init ] --START--
INFO: Run Behavior\BuildLiteBehavior [ RunTime:0.000010s ]
INFO: [ app_init ] --END-- [ RunTime:0.000233s ]
INFO: [ app_begin ] --START--
INFO: Run Behavior\ReadHtmlCacheBehavior [ RunTime:0.000288s ]
INFO: [ app_begin ] --END-- [ RunTime:0.000322s ]
SQL: SHOW COLUMNS FROM `xs_column` [ RunTime:0.0004s ]
SQL: SELECT * FROM `xs_column` WHERE ( column_leftid = 0 ) ORDER BY sort  [ RunTime:0.0001s ]
SQL: SELECT * FROM `xs_column` WHERE ( column_leftid = 54 )  [ RunTime:0.0001s ]
SQL: SELECT * FROM `xs_column` WHERE ( column_leftid = 48 )  [ RunTime:0.0001s ]
SQL: SELECT * FROM `xs_column` WHERE ( column_leftid = 58 )  [ RunTime:0.0001s ]
SQL: SELECT * FROM `xs_column` WHERE ( column_leftid = 49 )  [ RunTime:0.0001s ]
SQL: SELECT * FROM `xs_column` WHERE ( column_leftid = 53 )  [ RunTime:0.0001s ]
SQL: SHOW COLUMNS FROM `xs_banner` [ RunTime:0.0056s ]
SQL: SELECT * FROM `xs_banner` ORDER BY sort  [ RunTime:0.0001s ]
SQL: SHOW COLUMNS FROM `xs_article` [ RunTime:0.0004s ]
SQL: SELECT * FROM `xs_article` WHERE ( columnid = 48 and image <> '' ) ORDER BY id desc LIMIT 6   [ RunTime:0.0001s ]
SQL: SELECT * FROM `xs_article` WHERE ( columnid = 49 ) ORDER BY id desc LIMIT 6   [ RunTime:0.0003s ]
SQL: SELECT `content` FROM `xs_column` WHERE ( id = 54 ) LIMIT 1   [ RunTime:0.0001s ]
INFO: [ view_parse ] --START--
INFO: [ template_filter ] --START--
INFO: Run Behavior\ContentReplaceBehavior [ RunTime:0.000047s ]
INFO: [ template_filter ] --END-- [ RunTime:0.000079s ]
INFO: Run Behavior\ParseTemplateBehavior [ RunTime:0.009414s ]
INFO: [ view_parse ] --END-- [ RunTime:0.009447s ]
INFO: [ view_filter ] --START--
INFO: Run Behavior\WriteHtmlCacheBehavior [ RunTime:0.000110s ]
INFO: [ view_filter ] --END-- [ RunTime:0.000145s ]
INFO: [ app_end ] --START--
INFO: Run Behavior\ShowPageTraceBehavior [ RunTime:0.000325s ]
INFO: [ app_end ] --END-- [ RunTime:0.000356s ]

[ 2017-11-30T22:16:28+08:00 ] 223.104.19.43 /default.php
INFO: [ app_init ] --START--
INFO: Run Behavior\BuildLiteBehavior [ RunTime:0.000010s ]
INFO: [ app_init ] --END-- [ RunTime:0.000237s ]
INFO: [ app_begin ] --START--
INFO: Run Behavior\ReadHtmlCacheBehavior [ RunTime:0.000312s ]
INFO: [ app_begin ] --END-- [ RunTime:0.000345s ]
SQL: SHOW COLUMNS FROM `xs_column` [ RunTime:0.0005s ]
SQL: SELECT * FROM `xs_column` WHERE ( column_leftid = 0 ) ORDER BY sort  [ RunTime:0.0001s ]
SQL: SELECT * FROM `xs_column` WHERE ( column_leftid = 54 )  [ RunTime:0.0001s ]
SQL: SELECT * FROM `xs_column` WHERE ( column_leftid = 48 )  [ RunTime:0.0001s ]
SQL: SELECT * FROM `xs_column` WHERE ( column_leftid = 58 )  [ RunTime:0.0001s ]
SQL: SELECT * FROM `xs_column` WHERE ( column_leftid = 49 )  [ RunTime:0.0001s ]
SQL: SELECT * FROM `xs_column` WHERE ( column_leftid = 53 )  [ RunTime:0.0001s ]
SQL: SHOW COLUMNS FROM `xs_banner` [ RunTime:0.0003s ]
SQL: SELECT * FROM `xs_banner` ORDER BY sort  [ RunTime:0.0001s ]
SQL: SHOW COLUMNS FROM `xs_article` [ RunTime:0.0004s ]
SQL: SELECT * FROM `xs_article` WHERE ( columnid = 48 and image <> '' ) ORDER BY id desc LIMIT 6   [ RunTime:0.0001s ]
SQL: SELECT * FROM `xs_article` WHERE ( columnid = 49 ) ORDER BY id desc LIMIT 6   [ RunTime:0.0002s ]
SQL: SELECT `content` FROM `xs_column` WHERE ( id = 54 ) LIMIT 1   [ RunTime:0.0001s ]
INFO: [ view_parse ] --START--
INFO: [ template_filter ] --START--
INFO: Run Behavior\ContentReplaceBehavior [ RunTime:0.000098s ]
INFO: [ template_filter ] --END-- [ RunTime:0.000181s ]
INFO: Run Behavior\ParseTemplateBehavior [ RunTime:0.014834s ]
INFO: [ view_parse ] --END-- [ RunTime:0.014883s ]
INFO: [ view_filter ] --START--
INFO: Run Behavior\WriteHtmlCacheBehavior [ RunTime:0.000162s ]
INFO: [ view_filter ] --END-- [ RunTime:0.000201s ]
INFO: [ app_end ] --START--
INFO: Run Behavior\ShowPageTraceBehavior [ RunTime:0.000515s ]
INFO: [ app_end ] --END-- [ RunTime:0.000563s ]

