[ 2017-12-05T06:28:08+08:00 ] 120.204.17.70 /default.php
INFO: [ app_init ] --START--
INFO: Run Behavior\BuildLiteBehavior [ RunTime:0.000011s ]
INFO: [ app_init ] --END-- [ RunTime:0.000229s ]
INFO: [ app_begin ] --START--
INFO: Run Behavior\ReadHtmlCacheBehavior [ RunTime:0.000305s ]
INFO: [ app_begin ] --END-- [ RunTime:0.000339s ]
SQL: SHOW COLUMNS FROM `xs_column` [ RunTime:0.0005s ]
SQL: SELECT * FROM `xs_column` WHERE ( column_leftid = 0 ) ORDER BY sort  [ RunTime:0.0001s ]
SQL: SELECT * FROM `xs_column` WHERE ( column_leftid = 54 )  [ RunTime:0.0001s ]
SQL: SELECT * FROM `xs_column` WHERE ( column_leftid = 48 )  [ RunTime:0.0001s ]
SQL: SELECT * FROM `xs_column` WHERE ( column_leftid = 58 )  [ RunTime:0.0001s ]
SQL: SELECT * FROM `xs_column` WHERE ( column_leftid = 49 )  [ RunTime:0.0001s ]
SQL: SELECT * FROM `xs_column` WHERE ( column_leftid = 53 )  [ RunTime:0.0001s ]
SQL: SHOW COLUMNS FROM `xs_banner` [ RunTime:0.0003s ]
SQL: SELECT * FROM `xs_banner` ORDER BY sort  [ RunTime:0.0001s ]
SQL: SHOW COLUMNS FROM `xs_article` [ RunTime:0.0003s ]
SQL: SELECT * FROM `xs_article` WHERE ( columnid = 48 and image <> '' ) ORDER BY id desc LIMIT 6   [ RunTime:0.0001s ]
SQL: SELECT * FROM `xs_article` WHERE ( columnid = 49 ) ORDER BY id desc LIMIT 6   [ RunTime:0.0002s ]
SQL: SELECT `content` FROM `xs_column` WHERE ( id = 54 ) LIMIT 1   [ RunTime:0.0001s ]
INFO: [ view_parse ] --START--
INFO: [ template_filter ] --START--
INFO: Run Behavior\ContentReplaceBehavior [ RunTime:0.000046s ]
INFO: [ template_filter ] --END-- [ RunTime:0.000077s ]
INFO: Run Behavior\ParseTemplateBehavior [ RunTime:0.008903s ]
INFO: [ view_parse ] --END-- [ RunTime:0.008933s ]
INFO: [ view_filter ] --START--
INFO: Run Behavior\WriteHtmlCacheBehavior [ RunTime:0.000091s ]
INFO: [ view_filter ] --END-- [ RunTime:0.000115s ]
INFO: [ app_end ] --START--
INFO: Run Behavior\ShowPageTraceBehavior [ RunTime:0.000322s ]
INFO: [ app_end ] --END-- [ RunTime:0.000351s ]

[ 2017-12-05T08:01:06+08:00 ] 1.196.162.134 /default.php
INFO: [ app_init ] --START--
INFO: Run Behavior\BuildLiteBehavior [ RunTime:0.000014s ]
INFO: [ app_init ] --END-- [ RunTime:0.000337s ]
INFO: [ app_begin ] --START--
INFO: Run Behavior\ReadHtmlCacheBehavior [ RunTime:0.000458s ]
INFO: [ app_begin ] --END-- [ RunTime:0.000506s ]
SQL: SHOW COLUMNS FROM `xs_column` [ RunTime:0.0007s ]
SQL: SELECT * FROM `xs_column` WHERE ( column_leftid = 0 ) ORDER BY sort  [ RunTime:0.0001s ]
SQL: SELECT * FROM `xs_column` WHERE ( column_leftid = 54 )  [ RunTime:0.0001s ]
SQL: SELECT * FROM `xs_column` WHERE ( column_leftid = 48 )  [ RunTime:0.0001s ]
SQL: SELECT * FROM `xs_column` WHERE ( column_leftid = 58 )  [ RunTime:0.0001s ]
SQL: SELECT * FROM `xs_column` WHERE ( column_leftid = 49 )  [ RunTime:0.0001s ]
SQL: SELECT * FROM `xs_column` WHERE ( column_leftid = 53 )  [ RunTime:0.0001s ]
SQL: SHOW COLUMNS FROM `xs_banner` [ RunTime:0.0004s ]
SQL: SELECT * FROM `xs_banner` ORDER BY sort  [ RunTime:0.0001s ]
SQL: SHOW COLUMNS FROM `xs_article` [ RunTime:0.0005s ]
SQL: SELECT * FROM `xs_article` WHERE ( columnid = 48 and image <> '' ) ORDER BY id desc LIMIT 6   [ RunTime:0.0001s ]
SQL: SELECT * FROM `xs_article` WHERE ( columnid = 49 ) ORDER BY id desc LIMIT 6   [ RunTime:0.0002s ]
SQL: SELECT `content` FROM `xs_column` WHERE ( id = 54 ) LIMIT 1   [ RunTime:0.0001s ]
INFO: [ view_parse ] --START--
INFO: [ template_filter ] --START--
INFO: Run Behavior\ContentReplaceBehavior [ RunTime:0.000050s ]
INFO: [ template_filter ] --END-- [ RunTime:0.000086s ]
INFO: Run Behavior\ParseTemplateBehavior [ RunTime:0.011718s ]
INFO: [ view_parse ] --END-- [ RunTime:0.011762s ]
INFO: [ view_filter ] --START--
INFO: Run Behavior\WriteHtmlCacheBehavior [ RunTime:0.000126s ]
INFO: [ view_filter ] --END-- [ RunTime:0.000169s ]
INFO: [ app_end ] --START--
INFO: Run Behavior\ShowPageTraceBehavior [ RunTime:0.000402s ]
INFO: [ app_end ] --END-- [ RunTime:0.000453s ]

[ 2017-12-05T08:01:06+08:00 ] 1.196.162.134 /default.php
INFO: [ app_init ] --START--
INFO: Run Behavior\BuildLiteBehavior [ RunTime:0.000011s ]
INFO: [ app_init ] --END-- [ RunTime:0.000257s ]
INFO: [ app_begin ] --START--
INFO: Run Behavior\ReadHtmlCacheBehavior [ RunTime:0.000314s ]
INFO: [ app_begin ] --END-- [ RunTime:0.000355s ]
SQL: SHOW COLUMNS FROM `xs_column` [ RunTime:0.0005s ]
SQL: SELECT * FROM `xs_column` WHERE ( column_leftid = 0 ) ORDER BY sort  [ RunTime:0.0001s ]
SQL: SELECT * FROM `xs_column` WHERE ( column_leftid = 54 )  [ RunTime:0.0001s ]
SQL: SELECT * FROM `xs_column` WHERE ( column_leftid = 48 )  [ RunTime:0.0001s ]
SQL: SELECT * FROM `xs_column` WHERE ( column_leftid = 58 )  [ RunTime:0.0001s ]
SQL: SELECT * FROM `xs_column` WHERE ( column_leftid = 49 )  [ RunTime:0.0001s ]
SQL: SELECT * FROM `xs_column` WHERE ( column_leftid = 53 )  [ RunTime:0.0001s ]
SQL: SHOW COLUMNS FROM `xs_banner` [ RunTime:0.0003s ]
SQL: SELECT * FROM `xs_banner` ORDER BY sort  [ RunTime:0.0001s ]
SQL: SHOW COLUMNS FROM `xs_article` [ RunTime:0.0004s ]
SQL: SELECT * FROM `xs_article` WHERE ( columnid = 48 and image <> '' ) ORDER BY id desc LIMIT 6   [ RunTime:0.0001s ]
SQL: SELECT * FROM `xs_article` WHERE ( columnid = 49 ) ORDER BY id desc LIMIT 6   [ RunTime:0.0003s ]
SQL: SELECT `content` FROM `xs_column` WHERE ( id = 54 ) LIMIT 1   [ RunTime:0.0001s ]
INFO: [ view_parse ] --START--
INFO: [ template_filter ] --START--
INFO: Run Behavior\ContentReplaceBehavior [ RunTime:0.000051s ]
INFO: [ template_filter ] --END-- [ RunTime:0.000084s ]
INFO: Run Behavior\ParseTemplateBehavior [ RunTime:0.009353s ]
INFO: [ view_parse ] --END-- [ RunTime:0.009390s ]
INFO: [ view_filter ] --START--
INFO: Run Behavior\WriteHtmlCacheBehavior [ RunTime:0.000104s ]
INFO: [ view_filter ] --END-- [ RunTime:0.000130s ]
INFO: [ app_end ] --START--
INFO: Run Behavior\ShowPageTraceBehavior [ RunTime:0.000323s ]
INFO: [ app_end ] --END-- [ RunTime:0.000359s ]

[ 2017-12-05T08:03:12+08:00 ] 1.196.162.134 /default.php
INFO: [ app_init ] --START--
INFO: Run Behavior\BuildLiteBehavior [ RunTime:0.000010s ]
INFO: [ app_init ] --END-- [ RunTime:0.000228s ]
INFO: [ app_begin ] --START--
INFO: Run Behavior\ReadHtmlCacheBehavior [ RunTime:0.000297s ]
INFO: [ app_begin ] --END-- [ RunTime:0.000343s ]
SQL: SHOW COLUMNS FROM `xs_column` [ RunTime:0.0005s ]
SQL: SELECT * FROM `xs_column` WHERE ( column_leftid = 0 ) ORDER BY sort  [ RunTime:0.0001s ]
SQL: SELECT * FROM `xs_column` WHERE ( column_leftid = 54 )  [ RunTime:0.0001s ]
SQL: SELECT * FROM `xs_column` WHERE ( column_leftid = 48 )  [ RunTime:0.0001s ]
SQL: SELECT * FROM `xs_column` WHERE ( column_leftid = 58 )  [ RunTime:0.0001s ]
SQL: SELECT * FROM `xs_column` WHERE ( column_leftid = 49 )  [ RunTime:0.0001s ]
SQL: SELECT * FROM `xs_column` WHERE ( column_leftid = 53 )  [ RunTime:0.0001s ]
SQL: SHOW COLUMNS FROM `xs_banner` [ RunTime:0.0003s ]
SQL: SELECT * FROM `xs_banner` ORDER BY sort  [ RunTime:0.0001s ]
SQL: SHOW COLUMNS FROM `xs_article` [ RunTime:0.0004s ]
SQL: SELECT * FROM `xs_article` WHERE ( columnid = 48 and image <> '' ) ORDER BY id desc LIMIT 6   [ RunTime:0.0001s ]
SQL: SELECT * FROM `xs_article` WHERE ( columnid = 49 ) ORDER BY id desc LIMIT 6   [ RunTime:0.0002s ]
SQL: SELECT `content` FROM `xs_column` WHERE ( id = 54 ) LIMIT 1   [ RunTime:0.0001s ]
INFO: [ view_parse ] --START--
INFO: [ template_filter ] --START--
INFO: Run Behavior\ContentReplaceBehavior [ RunTime:0.000058s ]
INFO: [ template_filter ] --END-- [ RunTime:0.000092s ]
INFO: Run Behavior\ParseTemplateBehavior [ RunTime:0.009056s ]
INFO: [ view_parse ] --END-- [ RunTime:0.009088s ]
INFO: [ view_filter ] --START--
INFO: Run Behavior\WriteHtmlCacheBehavior [ RunTime:0.000097s ]
INFO: [ view_filter ] --END-- [ RunTime:0.000121s ]
INFO: [ app_end ] --START--
INFO: Run Behavior\ShowPageTraceBehavior [ RunTime:0.000322s ]
INFO: [ app_end ] --END-- [ RunTime:0.000352s ]

[ 2017-12-05T08:03:13+08:00 ] 1.196.162.134 /default.php
INFO: [ app_init ] --START--
INFO: Run Behavior\BuildLiteBehavior [ RunTime:0.000010s ]
INFO: [ app_init ] --END-- [ RunTime:0.000240s ]
INFO: [ app_begin ] --START--
INFO: Run Behavior\ReadHtmlCacheBehavior [ RunTime:0.000303s ]
INFO: [ app_begin ] --END-- [ RunTime:0.000336s ]
SQL: SHOW COLUMNS FROM `xs_column` [ RunTime:0.0006s ]
SQL: SELECT * FROM `xs_column` WHERE ( column_leftid = 0 ) ORDER BY sort  [ RunTime:0.0001s ]
SQL: SELECT * FROM `xs_column` WHERE ( column_leftid = 54 )  [ RunTime:0.0001s ]
SQL: SELECT * FROM `xs_column` WHERE ( column_leftid = 48 )  [ RunTime:0.0001s ]
SQL: SELECT * FROM `xs_column` WHERE ( column_leftid = 58 )  [ RunTime:0.0001s ]
SQL: SELECT * FROM `xs_column` WHERE ( column_leftid = 49 )  [ RunTime:0.0001s ]
SQL: SELECT * FROM `xs_column` WHERE ( column_leftid = 53 )  [ RunTime:0.0001s ]
SQL: SHOW COLUMNS FROM `xs_banner` [ RunTime:0.0003s ]
SQL: SELECT * FROM `xs_banner` ORDER BY sort  [ RunTime:0.0001s ]
SQL: SHOW COLUMNS FROM `xs_article` [ RunTime:0.0003s ]
SQL: SELECT * FROM `xs_article` WHERE ( columnid = 48 and image <> '' ) ORDER BY id desc LIMIT 6   [ RunTime:0.0001s ]
SQL: SELECT * FROM `xs_article` WHERE ( columnid = 49 ) ORDER BY id desc LIMIT 6   [ RunTime:0.0002s ]
SQL: SELECT `content` FROM `xs_column` WHERE ( id = 54 ) LIMIT 1   [ RunTime:0.0001s ]
INFO: [ view_parse ] --START--
INFO: [ template_filter ] --START--
INFO: Run Behavior\ContentReplaceBehavior [ RunTime:0.000048s ]
INFO: [ template_filter ] --END-- [ RunTime:0.000079s ]
INFO: Run Behavior\ParseTemplateBehavior [ RunTime:0.009021s ]
INFO: [ view_parse ] --END-- [ RunTime:0.009052s ]
INFO: [ view_filter ] --START--
INFO: Run Behavior\WriteHtmlCacheBehavior [ RunTime:0.000091s ]
INFO: [ view_filter ] --END-- [ RunTime:0.000116s ]
INFO: [ app_end ] --START--
INFO: Run Behavior\ShowPageTraceBehavior [ RunTime:0.000328s ]
INFO: [ app_end ] --END-- [ RunTime:0.000357s ]

[ 2017-12-05T09:38:12+08:00 ] 125.39.46.47 /default.php
INFO: [ app_init ] --START--
INFO: Run Behavior\BuildLiteBehavior [ RunTime:0.000011s ]
INFO: [ app_init ] --END-- [ RunTime:0.000237s ]
INFO: [ app_begin ] --START--
INFO: Run Behavior\ReadHtmlCacheBehavior [ RunTime:0.000298s ]
INFO: [ app_begin ] --END-- [ RunTime:0.000331s ]
SQL: SHOW COLUMNS FROM `xs_column` [ RunTime:0.0005s ]
SQL: SELECT * FROM `xs_column` WHERE ( column_leftid = 0 ) ORDER BY sort  [ RunTime:0.0001s ]
SQL: SELECT * FROM `xs_column` WHERE ( column_leftid = 54 )  [ RunTime:0.0001s ]
SQL: SELECT * FROM `xs_column` WHERE ( column_leftid = 48 )  [ RunTime:0.0001s ]
SQL: SELECT * FROM `xs_column` WHERE ( column_leftid = 58 )  [ RunTime:0.0001s ]
SQL: SELECT * FROM `xs_column` WHERE ( column_leftid = 49 )  [ RunTime:0.0001s ]
SQL: SELECT * FROM `xs_column` WHERE ( column_leftid = 53 )  [ RunTime:0.0001s ]
SQL: SHOW COLUMNS FROM `xs_banner` [ RunTime:0.0003s ]
SQL: SELECT * FROM `xs_banner` ORDER BY sort  [ RunTime:0.0001s ]
SQL: SHOW COLUMNS FROM `xs_article` [ RunTime:0.0004s ]
SQL: SELECT * FROM `xs_article` WHERE ( columnid = 48 and image <> '' ) ORDER BY id desc LIMIT 6   [ RunTime:0.0001s ]
SQL: SELECT * FROM `xs_article` WHERE ( columnid = 49 ) ORDER BY id desc LIMIT 6   [ RunTime:0.0002s ]
SQL: SELECT `content` FROM `xs_column` WHERE ( id = 54 ) LIMIT 1   [ RunTime:0.0001s ]
INFO: [ view_parse ] --START--
INFO: [ template_filter ] --START--
INFO: Run Behavior\ContentReplaceBehavior [ RunTime:0.000050s ]
INFO: [ template_filter ] --END-- [ RunTime:0.000084s ]
INFO: Run Behavior\ParseTemplateBehavior [ RunTime:0.009243s ]
INFO: [ view_parse ] --END-- [ RunTime:0.009287s ]
INFO: [ view_filter ] --START--
INFO: Run Behavior\WriteHtmlCacheBehavior [ RunTime:0.000097s ]
INFO: [ view_filter ] --END-- [ RunTime:0.000121s ]
INFO: [ app_end ] --START--
INFO: Run Behavior\ShowPageTraceBehavior [ RunTime:0.000313s ]
INFO: [ app_end ] --END-- [ RunTime:0.000341s ]

[ 2017-12-05T09:38:12+08:00 ] 42.224.157.252 /default.php
INFO: [ app_init ] --START--
INFO: Run Behavior\BuildLiteBehavior [ RunTime:0.000012s ]
INFO: [ app_init ] --END-- [ RunTime:0.000237s ]
INFO: [ app_begin ] --START--
INFO: Run Behavior\ReadHtmlCacheBehavior [ RunTime:0.000326s ]
INFO: [ app_begin ] --END-- [ RunTime:0.000362s ]
SQL: SHOW COLUMNS FROM `xs_column` [ RunTime:0.0006s ]
SQL: SELECT * FROM `xs_column` WHERE ( column_leftid = 0 ) ORDER BY sort  [ RunTime:0.0001s ]
SQL: SELECT * FROM `xs_column` WHERE ( column_leftid = 54 )  [ RunTime:0.0001s ]
SQL: SELECT * FROM `xs_column` WHERE ( column_leftid = 48 )  [ RunTime:0.0001s ]
SQL: SELECT * FROM `xs_column` WHERE ( column_leftid = 58 )  [ RunTime:0.0001s ]
SQL: SELECT * FROM `xs_column` WHERE ( column_leftid = 49 )  [ RunTime:0.0001s ]
SQL: SELECT * FROM `xs_column` WHERE ( column_leftid = 53 )  [ RunTime:0.0001s ]
SQL: SHOW COLUMNS FROM `xs_banner` [ RunTime:0.0004s ]
SQL: SELECT * FROM `xs_banner` ORDER BY sort  [ RunTime:0.0001s ]
SQL: SHOW COLUMNS FROM `xs_article` [ RunTime:0.0004s ]
SQL: SELECT * FROM `xs_article` WHERE ( columnid = 48 and image <> '' ) ORDER BY id desc LIMIT 6   [ RunTime:0.0001s ]
SQL: SELECT * FROM `xs_article` WHERE ( columnid = 49 ) ORDER BY id desc LIMIT 6   [ RunTime:0.0002s ]
SQL: SELECT `content` FROM `xs_column` WHERE ( id = 54 ) LIMIT 1   [ RunTime:0.0001s ]
INFO: [ view_parse ] --START--
INFO: [ template_filter ] --START--
INFO: Run Behavior\ContentReplaceBehavior [ RunTime:0.000049s ]
INFO: [ template_filter ] --END-- [ RunTime:0.000081s ]
INFO: Run Behavior\ParseTemplateBehavior [ RunTime:0.009223s ]
INFO: [ view_parse ] --END-- [ RunTime:0.009259s ]
INFO: [ view_filter ] --START--
INFO: Run Behavior\WriteHtmlCacheBehavior [ RunTime:0.000093s ]
INFO: [ view_filter ] --END-- [ RunTime:0.000132s ]
INFO: [ app_end ] --START--
INFO: Run Behavior\ShowPageTraceBehavior [ RunTime:0.000306s ]
INFO: [ app_end ] --END-- [ RunTime:0.000333s ]

[ 2017-12-05T09:50:17+08:00 ] 124.203.156.20 /default.php
INFO: [ app_init ] --START--
INFO: Run Behavior\BuildLiteBehavior [ RunTime:0.000014s ]
INFO: [ app_init ] --END-- [ RunTime:0.000335s ]
INFO: [ app_begin ] --START--
INFO: Run Behavior\ReadHtmlCacheBehavior [ RunTime:0.000453s ]
INFO: [ app_begin ] --END-- [ RunTime:0.000503s ]
SQL: SHOW COLUMNS FROM `xs_column` [ RunTime:0.0008s ]
SQL: SELECT * FROM `xs_column` WHERE ( column_leftid = 0 ) ORDER BY sort  [ RunTime:0.0001s ]
SQL: SELECT * FROM `xs_column` WHERE ( column_leftid = 54 )  [ RunTime:0.0001s ]
SQL: SELECT * FROM `xs_column` WHERE ( column_leftid = 48 )  [ RunTime:0.0001s ]
SQL: SELECT * FROM `xs_column` WHERE ( column_leftid = 58 )  [ RunTime:0.0001s ]
SQL: SELECT * FROM `xs_column` WHERE ( column_leftid = 49 )  [ RunTime:0.0001s ]
SQL: SELECT * FROM `xs_column` WHERE ( column_leftid = 53 )  [ RunTime:0.0001s ]
SQL: SHOW COLUMNS FROM `xs_banner` [ RunTime:0.0005s ]
SQL: SELECT * FROM `xs_banner` ORDER BY sort  [ RunTime:0.0001s ]
SQL: SHOW COLUMNS FROM `xs_article` [ RunTime:0.0005s ]
SQL: SELECT * FROM `xs_article` WHERE ( columnid = 48 and image <> '' ) ORDER BY id desc LIMIT 6   [ RunTime:0.0002s ]
SQL: SELECT * FROM `xs_article` WHERE ( columnid = 49 ) ORDER BY id desc LIMIT 6   [ RunTime:0.0003s ]
SQL: SELECT `content` FROM `xs_column` WHERE ( id = 54 ) LIMIT 1   [ RunTime:0.0001s ]
INFO: [ view_parse ] --START--
INFO: [ template_filter ] --START--
INFO: Run Behavior\ContentReplaceBehavior [ RunTime:0.000094s ]
INFO: [ template_filter ] --END-- [ RunTime:0.000150s ]
INFO: Run Behavior\ParseTemplateBehavior [ RunTime:0.015326s ]
INFO: [ view_parse ] --END-- [ RunTime:0.015373s ]
INFO: [ view_filter ] --START--
INFO: Run Behavior\WriteHtmlCacheBehavior [ RunTime:0.000132s ]
INFO: [ view_filter ] --END-- [ RunTime:0.000172s ]
INFO: [ app_end ] --START--
INFO: Run Behavior\ShowPageTraceBehavior [ RunTime:0.000505s ]
INFO: [ app_end ] --END-- [ RunTime:0.000553s ]

[ 2017-12-05T11:36:23+08:00 ] 123.151.77.132 /default.php
INFO: [ app_init ] --START--
INFO: Run Behavior\BuildLiteBehavior [ RunTime:0.000011s ]
INFO: [ app_init ] --END-- [ RunTime:0.000228s ]
INFO: [ app_begin ] --START--
INFO: Run Behavior\ReadHtmlCacheBehavior [ RunTime:0.000288s ]
INFO: [ app_begin ] --END-- [ RunTime:0.000321s ]
SQL: SHOW COLUMNS FROM `xs_column` [ RunTime:0.0005s ]
SQL: SELECT * FROM `xs_column` WHERE ( column_leftid = 0 ) ORDER BY sort  [ RunTime:0.0001s ]
SQL: SELECT * FROM `xs_column` WHERE ( column_leftid = 54 )  [ RunTime:0.0001s ]
SQL: SELECT * FROM `xs_column` WHERE ( column_leftid = 48 )  [ RunTime:0.0001s ]
SQL: SELECT * FROM `xs_column` WHERE ( column_leftid = 58 )  [ RunTime:0.0001s ]
SQL: SELECT * FROM `xs_column` WHERE ( column_leftid = 49 )  [ RunTime:0.0001s ]
SQL: SELECT * FROM `xs_column` WHERE ( column_leftid = 53 )  [ RunTime:0.0001s ]
SQL: SHOW COLUMNS FROM `xs_banner` [ RunTime:0.0003s ]
SQL: SELECT * FROM `xs_banner` ORDER BY sort  [ RunTime:0.0001s ]
SQL: SHOW COLUMNS FROM `xs_article` [ RunTime:0.0004s ]
SQL: SELECT * FROM `xs_article` WHERE ( columnid = 48 and image <> '' ) ORDER BY id desc LIMIT 6   [ RunTime:0.0001s ]
SQL: SELECT * FROM `xs_article` WHERE ( columnid = 49 ) ORDER BY id desc LIMIT 6   [ RunTime:0.0002s ]
SQL: SELECT `content` FROM `xs_column` WHERE ( id = 54 ) LIMIT 1   [ RunTime:0.0001s ]
INFO: [ view_parse ] --START--
INFO: [ template_filter ] --START--
INFO: Run Behavior\ContentReplaceBehavior [ RunTime:0.000047s ]
INFO: [ template_filter ] --END-- [ RunTime:0.000079s ]
INFO: Run Behavior\ParseTemplateBehavior [ RunTime:0.009090s ]
INFO: [ view_parse ] --END-- [ RunTime:0.009123s ]
INFO: [ view_filter ] --START--
INFO: Run Behavior\WriteHtmlCacheBehavior [ RunTime:0.000108s ]
INFO: [ view_filter ] --END-- [ RunTime:0.000133s ]
INFO: [ app_end ] --START--
INFO: Run Behavior\ShowPageTraceBehavior [ RunTime:0.000301s ]
INFO: [ app_end ] --END-- [ RunTime:0.000331s ]

[ 2017-12-05T11:36:24+08:00 ] 171.10.225.161 /default.php
INFO: [ app_init ] --START--
INFO: Run Behavior\BuildLiteBehavior [ RunTime:0.000011s ]
INFO: [ app_init ] --END-- [ RunTime:0.000227s ]
INFO: [ app_begin ] --START--
INFO: Run Behavior\ReadHtmlCacheBehavior [ RunTime:0.000302s ]
INFO: [ app_begin ] --END-- [ RunTime:0.000335s ]
SQL: SHOW COLUMNS FROM `xs_column` [ RunTime:0.0005s ]
SQL: SELECT * FROM `xs_column` WHERE ( column_leftid = 0 ) ORDER BY sort  [ RunTime:0.0001s ]
SQL: SELECT * FROM `xs_column` WHERE ( column_leftid = 54 )  [ RunTime:0.0001s ]
SQL: SELECT * FROM `xs_column` WHERE ( column_leftid = 48 )  [ RunTime:0.0001s ]
SQL: SELECT * FROM `xs_column` WHERE ( column_leftid = 58 )  [ RunTime:0.0001s ]
SQL: SELECT * FROM `xs_column` WHERE ( column_leftid = 49 )  [ RunTime:0.0001s ]
SQL: SELECT * FROM `xs_column` WHERE ( column_leftid = 53 )  [ RunTime:0.0001s ]
SQL: SHOW COLUMNS FROM `xs_banner` [ RunTime:0.0003s ]
SQL: SELECT * FROM `xs_banner` ORDER BY sort  [ RunTime:0.0001s ]
SQL: SHOW COLUMNS FROM `xs_article` [ RunTime:0.0004s ]
SQL: SELECT * FROM `xs_article` WHERE ( columnid = 48 and image <> '' ) ORDER BY id desc LIMIT 6   [ RunTime:0.0001s ]
SQL: SELECT * FROM `xs_article` WHERE ( columnid = 49 ) ORDER BY id desc LIMIT 6   [ RunTime:0.0002s ]
SQL: SELECT `content` FROM `xs_column` WHERE ( id = 54 ) LIMIT 1   [ RunTime:0.0001s ]
INFO: [ view_parse ] --START--
INFO: [ template_filter ] --START--
INFO: Run Behavior\ContentReplaceBehavior [ RunTime:0.000048s ]
INFO: [ template_filter ] --END-- [ RunTime:0.000081s ]
INFO: Run Behavior\ParseTemplateBehavior [ RunTime:0.008950s ]
INFO: [ view_parse ] --END-- [ RunTime:0.008981s ]
INFO: [ view_filter ] --START--
INFO: Run Behavior\WriteHtmlCacheBehavior [ RunTime:0.000092s ]
INFO: [ view_filter ] --END-- [ RunTime:0.000116s ]
INFO: [ app_end ] --START--
INFO: Run Behavior\ShowPageTraceBehavior [ RunTime:0.000331s ]
INFO: [ app_end ] --END-- [ RunTime:0.000360s ]

[ 2017-12-05T11:36:29+08:00 ] 111.30.142.227 /default.php/Home/List/view/id/54.html
INFO: [ app_init ] --START--
INFO: Run Behavior\BuildLiteBehavior [ RunTime:0.000011s ]
INFO: [ app_init ] --END-- [ RunTime:0.000228s ]
INFO: [ app_begin ] --START--
INFO: Run Behavior\ReadHtmlCacheBehavior [ RunTime:0.000295s ]
INFO: [ app_begin ] --END-- [ RunTime:0.000328s ]
SQL: SHOW COLUMNS FROM `xs_column` [ RunTime:0.0006s ]
SQL: SELECT * FROM `xs_column` WHERE ( column_leftid = 0 ) ORDER BY sort  [ RunTime:0.0002s ]
SQL: SELECT * FROM `xs_column` WHERE ( column_leftid = 54 )  [ RunTime:0.0001s ]
SQL: SELECT * FROM `xs_column` WHERE ( column_leftid = 48 )  [ RunTime:0.0001s ]
SQL: SELECT * FROM `xs_column` WHERE ( column_leftid = 58 )  [ RunTime:0.0001s ]
SQL: SELECT * FROM `xs_column` WHERE ( column_leftid = 49 )  [ RunTime:0.0001s ]
SQL: SELECT * FROM `xs_column` WHERE ( column_leftid = 53 )  [ RunTime:0.0001s ]
SQL: SHOW COLUMNS FROM `xs_article` [ RunTime:0.0004s ]
SQL: SELECT * FROM `xs_article` WHERE ( id = 54 ) LIMIT 1   [ RunTime:0.0004s ]
INFO: [ view_parse ] --START--
INFO: [ template_filter ] --START--
INFO: Run Behavior\ContentReplaceBehavior [ RunTime:0.000047s ]
INFO: [ template_filter ] --END-- [ RunTime:0.000083s ]
INFO: Run Behavior\ParseTemplateBehavior [ RunTime:0.006403s ]
INFO: [ view_parse ] --END-- [ RunTime:0.006436s ]
INFO: [ view_filter ] --START--
INFO: Run Behavior\WriteHtmlCacheBehavior [ RunTime:0.000095s ]
INFO: [ view_filter ] --END-- [ RunTime:0.000132s ]
INFO: [ app_end ] --START--
INFO: Run Behavior\ShowPageTraceBehavior [ RunTime:0.000314s ]
INFO: [ app_end ] --END-- [ RunTime:0.000344s ]

[ 2017-12-05T12:18:11+08:00 ] 171.10.206.81 /default.php
INFO: [ app_init ] --START--
INFO: Run Behavior\BuildLiteBehavior [ RunTime:0.000011s ]
INFO: [ app_init ] --END-- [ RunTime:0.000232s ]
INFO: [ app_begin ] --START--
INFO: Run Behavior\ReadHtmlCacheBehavior [ RunTime:0.000300s ]
INFO: [ app_begin ] --END-- [ RunTime:0.000332s ]
SQL: SHOW COLUMNS FROM `xs_column` [ RunTime:0.0005s ]
SQL: SELECT * FROM `xs_column` WHERE ( column_leftid = 0 ) ORDER BY sort  [ RunTime:0.0001s ]
SQL: SELECT * FROM `xs_column` WHERE ( column_leftid = 54 )  [ RunTime:0.0001s ]
SQL: SELECT * FROM `xs_column` WHERE ( column_leftid = 48 )  [ RunTime:0.0001s ]
SQL: SELECT * FROM `xs_column` WHERE ( column_leftid = 58 )  [ RunTime:0.0001s ]
SQL: SELECT * FROM `xs_column` WHERE ( column_leftid = 49 )  [ RunTime:0.0001s ]
SQL: SELECT * FROM `xs_column` WHERE ( column_leftid = 53 )  [ RunTime:0.0001s ]
SQL: SHOW COLUMNS FROM `xs_banner` [ RunTime:0.0003s ]
SQL: SELECT * FROM `xs_banner` ORDER BY sort  [ RunTime:0.0001s ]
SQL: SHOW COLUMNS FROM `xs_article` [ RunTime:0.0004s ]
SQL: SELECT * FROM `xs_article` WHERE ( columnid = 48 and image <> '' ) ORDER BY id desc LIMIT 6   [ RunTime:0.0001s ]
SQL: SELECT * FROM `xs_article` WHERE ( columnid = 49 ) ORDER BY id desc LIMIT 6   [ RunTime:0.0002s ]
SQL: SELECT `content` FROM `xs_column` WHERE ( id = 54 ) LIMIT 1   [ RunTime:0.0001s ]
INFO: [ view_parse ] --START--
INFO: [ template_filter ] --START--
INFO: Run Behavior\ContentReplaceBehavior [ RunTime:0.000054s ]
INFO: [ template_filter ] --END-- [ RunTime:0.000098s ]
INFO: Run Behavior\ParseTemplateBehavior [ RunTime:0.009526s ]
INFO: [ view_parse ] --END-- [ RunTime:0.009558s ]
INFO: [ view_filter ] --START--
INFO: Run Behavior\WriteHtmlCacheBehavior [ RunTime:0.000096s ]
INFO: [ view_filter ] --END-- [ RunTime:0.000121s ]
INFO: [ app_end ] --START--
INFO: Run Behavior\ShowPageTraceBehavior [ RunTime:0.000340s ]
INFO: [ app_end ] --END-- [ RunTime:0.000393s ]

[ 2017-12-05T12:18:12+08:00 ] 171.10.206.81 /default.php
INFO: [ app_init ] --START--
INFO: Run Behavior\BuildLiteBehavior [ RunTime:0.000011s ]
INFO: [ app_init ] --END-- [ RunTime:0.000227s ]
INFO: [ app_begin ] --START--
INFO: Run Behavior\ReadHtmlCacheBehavior [ RunTime:0.000287s ]
INFO: [ app_begin ] --END-- [ RunTime:0.000319s ]
SQL: SHOW COLUMNS FROM `xs_column` [ RunTime:0.0005s ]
SQL: SELECT * FROM `xs_column` WHERE ( column_leftid = 0 ) ORDER BY sort  [ RunTime:0.0001s ]
SQL: SELECT * FROM `xs_column` WHERE ( column_leftid = 54 )  [ RunTime:0.0001s ]
SQL: SELECT * FROM `xs_column` WHERE ( column_leftid = 48 )  [ RunTime:0.0001s ]
SQL: SELECT * FROM `xs_column` WHERE ( column_leftid = 58 )  [ RunTime:0.0001s ]
SQL: SELECT * FROM `xs_column` WHERE ( column_leftid = 49 )  [ RunTime:0.0001s ]
SQL: SELECT * FROM `xs_column` WHERE ( column_leftid = 53 )  [ RunTime:0.0001s ]
SQL: SHOW COLUMNS FROM `xs_banner` [ RunTime:0.0003s ]
SQL: SELECT * FROM `xs_banner` ORDER BY sort  [ RunTime:0.0001s ]
SQL: SHOW COLUMNS FROM `xs_article` [ RunTime:0.0004s ]
SQL: SELECT * FROM `xs_article` WHERE ( columnid = 48 and image <> '' ) ORDER BY id desc LIMIT 6   [ RunTime:0.0001s ]
SQL: SELECT * FROM `xs_article` WHERE ( columnid = 49 ) ORDER BY id desc LIMIT 6   [ RunTime:0.0002s ]
SQL: SELECT `content` FROM `xs_column` WHERE ( id = 54 ) LIMIT 1   [ RunTime:0.0001s ]
INFO: [ view_parse ] --START--
INFO: [ template_filter ] --START--
INFO: Run Behavior\ContentReplaceBehavior [ RunTime:0.000049s ]
INFO: [ template_filter ] --END-- [ RunTime:0.000083s ]
INFO: Run Behavior\ParseTemplateBehavior [ RunTime:0.009263s ]
INFO: [ view_parse ] --END-- [ RunTime:0.009298s ]
INFO: [ view_filter ] --START--
INFO: Run Behavior\WriteHtmlCacheBehavior [ RunTime:0.000102s ]
INFO: [ view_filter ] --END-- [ RunTime:0.000127s ]
INFO: [ app_end ] --START--
INFO: Run Behavior\ShowPageTraceBehavior [ RunTime:0.000313s ]
INFO: [ app_end ] --END-- [ RunTime:0.000343s ]

[ 2017-12-05T14:34:33+08:00 ] 123.151.77.48 /default.php
INFO: [ app_init ] --START--
INFO: Run Behavior\BuildLiteBehavior [ RunTime:0.000013s ]
INFO: [ app_init ] --END-- [ RunTime:0.000270s ]
INFO: [ app_begin ] --START--
INFO: Run Behavior\ReadHtmlCacheBehavior [ RunTime:0.000380s ]
INFO: [ app_begin ] --END-- [ RunTime:0.000416s ]
SQL: SHOW COLUMNS FROM `xs_column` [ RunTime:0.0006s ]
SQL: SELECT * FROM `xs_column` WHERE ( column_leftid = 0 ) ORDER BY sort  [ RunTime:0.0001s ]
SQL: SELECT * FROM `xs_column` WHERE ( column_leftid = 54 )  [ RunTime:0.0001s ]
SQL: SELECT * FROM `xs_column` WHERE ( column_leftid = 48 )  [ RunTime:0.0001s ]
SQL: SELECT * FROM `xs_column` WHERE ( column_leftid = 58 )  [ RunTime:0.0001s ]
SQL: SELECT * FROM `xs_column` WHERE ( column_leftid = 49 )  [ RunTime:0.0001s ]
SQL: SELECT * FROM `xs_column` WHERE ( column_leftid = 53 )  [ RunTime:0.0001s ]
SQL: SHOW COLUMNS FROM `xs_banner` [ RunTime:0.0005s ]
SQL: SELECT * FROM `xs_banner` ORDER BY sort  [ RunTime:0.0001s ]
SQL: SHOW COLUMNS FROM `xs_article` [ RunTime:0.0004s ]
SQL: SELECT * FROM `xs_article` WHERE ( columnid = 48 and image <> '' ) ORDER BY id desc LIMIT 6   [ RunTime:0.0001s ]
SQL: SELECT * FROM `xs_article` WHERE ( columnid = 49 ) ORDER BY id desc LIMIT 6   [ RunTime:0.0002s ]
SQL: SELECT `content` FROM `xs_column` WHERE ( id = 54 ) LIMIT 1   [ RunTime:0.0001s ]
INFO: [ view_parse ] --START--
INFO: [ template_filter ] --START--
INFO: Run Behavior\ContentReplaceBehavior [ RunTime:0.000060s ]
INFO: [ template_filter ] --END-- [ RunTime:0.000118s ]
INFO: Run Behavior\ParseTemplateBehavior [ RunTime:0.010017s ]
INFO: [ view_parse ] --END-- [ RunTime:0.010050s ]
INFO: [ view_filter ] --START--
INFO: Run Behavior\WriteHtmlCacheBehavior [ RunTime:0.000124s ]
INFO: [ view_filter ] --END-- [ RunTime:0.000149s ]
INFO: [ app_end ] --START--
INFO: Run Behavior\ShowPageTraceBehavior [ RunTime:0.000390s ]
INFO: [ app_end ] --END-- [ RunTime:0.000424s ]

[ 2017-12-05T14:34:33+08:00 ] 1.192.166.139 /default.php
INFO: [ app_init ] --START--
INFO: Run Behavior\BuildLiteBehavior [ RunTime:0.000013s ]
INFO: [ app_init ] --END-- [ RunTime:0.000247s ]
INFO: [ app_begin ] --START--
INFO: Run Behavior\ReadHtmlCacheBehavior [ RunTime:0.000291s ]
INFO: [ app_begin ] --END-- [ RunTime:0.000323s ]
SQL: SHOW COLUMNS FROM `xs_column` [ RunTime:0.0006s ]
SQL: SELECT * FROM `xs_column` WHERE ( column_leftid = 0 ) ORDER BY sort  [ RunTime:0.0001s ]
SQL: SELECT * FROM `xs_column` WHERE ( column_leftid = 54 )  [ RunTime:0.0001s ]
SQL: SELECT * FROM `xs_column` WHERE ( column_leftid = 48 )  [ RunTime:0.0001s ]
SQL: SELECT * FROM `xs_column` WHERE ( column_leftid = 58 )  [ RunTime:0.0001s ]
SQL: SELECT * FROM `xs_column` WHERE ( column_leftid = 49 )  [ RunTime:0.0001s ]
SQL: SELECT * FROM `xs_column` WHERE ( column_leftid = 53 )  [ RunTime:0.0001s ]
SQL: SHOW COLUMNS FROM `xs_banner` [ RunTime:0.0004s ]
SQL: SELECT * FROM `xs_banner` ORDER BY sort  [ RunTime:0.0001s ]
SQL: SHOW COLUMNS FROM `xs_article` [ RunTime:0.0004s ]
SQL: SELECT * FROM `xs_article` WHERE ( columnid = 48 and image <> '' ) ORDER BY id desc LIMIT 6   [ RunTime:0.0001s ]
SQL: SELECT * FROM `xs_article` WHERE ( columnid = 49 ) ORDER BY id desc LIMIT 6   [ RunTime:0.0003s ]
SQL: SELECT `content` FROM `xs_column` WHERE ( id = 54 ) LIMIT 1   [ RunTime:0.0001s ]
INFO: [ view_parse ] --START--
INFO: [ template_filter ] --START--
INFO: Run Behavior\ContentReplaceBehavior [ RunTime:0.000058s ]
INFO: [ template_filter ] --END-- [ RunTime:0.000109s ]
INFO: Run Behavior\ParseTemplateBehavior [ RunTime:0.009295s ]
INFO: [ view_parse ] --END-- [ RunTime:0.009328s ]
INFO: [ view_filter ] --START--
INFO: Run Behavior\WriteHtmlCacheBehavior [ RunTime:0.000126s ]
INFO: [ view_filter ] --END-- [ RunTime:0.000151s ]
INFO: [ app_end ] --START--
INFO: Run Behavior\ShowPageTraceBehavior [ RunTime:0.000355s ]
INFO: [ app_end ] --END-- [ RunTime:0.000392s ]

[ 2017-12-05T16:38:23+08:00 ] 123.151.77.73 /default.php
INFO: [ app_init ] --START--
INFO: Run Behavior\BuildLiteBehavior [ RunTime:0.000011s ]
INFO: [ app_init ] --END-- [ RunTime:0.000228s ]
INFO: [ app_begin ] --START--
INFO: Run Behavior\ReadHtmlCacheBehavior [ RunTime:0.000357s ]
INFO: [ app_begin ] --END-- [ RunTime:0.000391s ]
SQL: SHOW COLUMNS FROM `xs_column` [ RunTime:0.0006s ]
SQL: SELECT * FROM `xs_column` WHERE ( column_leftid = 0 ) ORDER BY sort  [ RunTime:0.0001s ]
SQL: SELECT * FROM `xs_column` WHERE ( column_leftid = 54 )  [ RunTime:0.0001s ]
SQL: SELECT * FROM `xs_column` WHERE ( column_leftid = 48 )  [ RunTime:0.0001s ]
SQL: SELECT * FROM `xs_column` WHERE ( column_leftid = 58 )  [ RunTime:0.0001s ]
SQL: SELECT * FROM `xs_column` WHERE ( column_leftid = 49 )  [ RunTime:0.0001s ]
SQL: SELECT * FROM `xs_column` WHERE ( column_leftid = 53 )  [ RunTime:0.0001s ]
SQL: SHOW COLUMNS FROM `xs_banner` [ RunTime:0.0003s ]
SQL: SELECT * FROM `xs_banner` ORDER BY sort  [ RunTime:0.0001s ]
SQL: SHOW COLUMNS FROM `xs_article` [ RunTime:0.0004s ]
SQL: SELECT * FROM `xs_article` WHERE ( columnid = 48 and image <> '' ) ORDER BY id desc LIMIT 6   [ RunTime:0.0001s ]
SQL: SELECT * FROM `xs_article` WHERE ( columnid = 49 ) ORDER BY id desc LIMIT 6   [ RunTime:0.0002s ]
SQL: SELECT `content` FROM `xs_column` WHERE ( id = 54 ) LIMIT 1   [ RunTime:0.0001s ]
INFO: [ view_parse ] --START--
INFO: [ template_filter ] --START--
INFO: Run Behavior\ContentReplaceBehavior [ RunTime:0.000071s ]
INFO: [ template_filter ] --END-- [ RunTime:0.000120s ]
INFO: Run Behavior\ParseTemplateBehavior [ RunTime:0.015988s ]
INFO: [ view_parse ] --END-- [ RunTime:0.016035s ]
INFO: [ view_filter ] --START--
INFO: Run Behavior\WriteHtmlCacheBehavior [ RunTime:0.000133s ]
INFO: [ view_filter ] --END-- [ RunTime:0.000173s ]
INFO: [ app_end ] --START--
INFO: Run Behavior\ShowPageTraceBehavior [ RunTime:0.000472s ]
INFO: [ app_end ] --END-- [ RunTime:0.000518s ]

[ 2017-12-05T16:38:24+08:00 ] 223.104.19.87 /default.php
INFO: [ app_init ] --START--
INFO: Run Behavior\BuildLiteBehavior [ RunTime:0.000011s ]
INFO: [ app_init ] --END-- [ RunTime:0.000236s ]
INFO: [ app_begin ] --START--
INFO: Run Behavior\ReadHtmlCacheBehavior [ RunTime:0.000289s ]
INFO: [ app_begin ] --END-- [ RunTime:0.000321s ]
SQL: SHOW COLUMNS FROM `xs_column` [ RunTime:0.0005s ]
SQL: SELECT * FROM `xs_column` WHERE ( column_leftid = 0 ) ORDER BY sort  [ RunTime:0.0001s ]
SQL: SELECT * FROM `xs_column` WHERE ( column_leftid = 54 )  [ RunTime:0.0001s ]
SQL: SELECT * FROM `xs_column` WHERE ( column_leftid = 48 )  [ RunTime:0.0001s ]
SQL: SELECT * FROM `xs_column` WHERE ( column_leftid = 58 )  [ RunTime:0.0001s ]
SQL: SELECT * FROM `xs_column` WHERE ( column_leftid = 49 )  [ RunTime:0.0001s ]
SQL: SELECT * FROM `xs_column` WHERE ( column_leftid = 53 )  [ RunTime:0.0001s ]
SQL: SHOW COLUMNS FROM `xs_banner` [ RunTime:0.0003s ]
SQL: SELECT * FROM `xs_banner` ORDER BY sort  [ RunTime:0.0001s ]
SQL: SHOW COLUMNS FROM `xs_article` [ RunTime:0.0003s ]
SQL: SELECT * FROM `xs_article` WHERE ( columnid = 48 and image <> '' ) ORDER BY id desc LIMIT 6   [ RunTime:0.0001s ]
SQL: SELECT * FROM `xs_article` WHERE ( columnid = 49 ) ORDER BY id desc LIMIT 6   [ RunTime:0.0002s ]
SQL: SELECT `content` FROM `xs_column` WHERE ( id = 54 ) LIMIT 1   [ RunTime:0.0001s ]
INFO: [ view_parse ] --START--
INFO: [ template_filter ] --START--
INFO: Run Behavior\ContentReplaceBehavior [ RunTime:0.000052s ]
INFO: [ template_filter ] --END-- [ RunTime:0.000087s ]
INFO: Run Behavior\ParseTemplateBehavior [ RunTime:0.009247s ]
INFO: [ view_parse ] --END-- [ RunTime:0.009285s ]
INFO: [ view_filter ] --START--
INFO: Run Behavior\WriteHtmlCacheBehavior [ RunTime:0.000114s ]
INFO: [ view_filter ] --END-- [ RunTime:0.000139s ]
INFO: [ app_end ] --START--
INFO: Run Behavior\ShowPageTraceBehavior [ RunTime:0.000313s ]
INFO: [ app_end ] --END-- [ RunTime:0.000349s ]

[ 2017-12-05T17:25:45+08:00 ] 111.30.142.78 /default.php
INFO: [ app_init ] --START--
INFO: Run Behavior\BuildLiteBehavior [ RunTime:0.000015s ]
INFO: [ app_init ] --END-- [ RunTime:0.000261s ]
INFO: [ app_begin ] --START--
INFO: Run Behavior\ReadHtmlCacheBehavior [ RunTime:0.000301s ]
INFO: [ app_begin ] --END-- [ RunTime:0.000334s ]
SQL: SHOW COLUMNS FROM `xs_column` [ RunTime:0.0006s ]
SQL: SELECT * FROM `xs_column` WHERE ( column_leftid = 0 ) ORDER BY sort  [ RunTime:0.0001s ]
SQL: SELECT * FROM `xs_column` WHERE ( column_leftid = 54 )  [ RunTime:0.0001s ]
SQL: SELECT * FROM `xs_column` WHERE ( column_leftid = 48 )  [ RunTime:0.0001s ]
SQL: SELECT * FROM `xs_column` WHERE ( column_leftid = 58 )  [ RunTime:0.0001s ]
SQL: SELECT * FROM `xs_column` WHERE ( column_leftid = 49 )  [ RunTime:0.0001s ]
SQL: SELECT * FROM `xs_column` WHERE ( column_leftid = 53 )  [ RunTime:0.0001s ]
SQL: SHOW COLUMNS FROM `xs_banner` [ RunTime:0.0004s ]
SQL: SELECT * FROM `xs_banner` ORDER BY sort  [ RunTime:0.0001s ]
SQL: SHOW COLUMNS FROM `xs_article` [ RunTime:0.0003s ]
SQL: SELECT * FROM `xs_article` WHERE ( columnid = 48 and image <> '' ) ORDER BY id desc LIMIT 6   [ RunTime:0.0001s ]
SQL: SELECT * FROM `xs_article` WHERE ( columnid = 49 ) ORDER BY id desc LIMIT 6   [ RunTime:0.0002s ]
SQL: SELECT `content` FROM `xs_column` WHERE ( id = 54 ) LIMIT 1   [ RunTime:0.0001s ]
INFO: [ view_parse ] --START--
INFO: [ template_filter ] --START--
INFO: Run Behavior\ContentReplaceBehavior [ RunTime:0.000061s ]
INFO: [ template_filter ] --END-- [ RunTime:0.000117s ]
INFO: Run Behavior\ParseTemplateBehavior [ RunTime:0.009591s ]
INFO: [ view_parse ] --END-- [ RunTime:0.009629s ]
INFO: [ view_filter ] --START--
INFO: Run Behavior\WriteHtmlCacheBehavior [ RunTime:0.000122s ]
INFO: [ view_filter ] --END-- [ RunTime:0.000149s ]
INFO: [ app_end ] --START--
INFO: Run Behavior\ShowPageTraceBehavior [ RunTime:0.000350s ]
INFO: [ app_end ] --END-- [ RunTime:0.000380s ]

[ 2017-12-05T17:25:46+08:00 ] 223.104.19.79 /default.php
INFO: [ app_init ] --START--
INFO: Run Behavior\BuildLiteBehavior [ RunTime:0.000020s ]
INFO: [ app_init ] --END-- [ RunTime:0.000405s ]
INFO: [ app_begin ] --START--
INFO: Run Behavior\ReadHtmlCacheBehavior [ RunTime:0.000502s ]
INFO: [ app_begin ] --END-- [ RunTime:0.000568s ]
SQL: SHOW COLUMNS FROM `xs_column` [ RunTime:0.0008s ]
SQL: SELECT * FROM `xs_column` WHERE ( column_leftid = 0 ) ORDER BY sort  [ RunTime:0.0001s ]
SQL: SELECT * FROM `xs_column` WHERE ( column_leftid = 54 )  [ RunTime:0.0001s ]
SQL: SELECT * FROM `xs_column` WHERE ( column_leftid = 48 )  [ RunTime:0.0001s ]
SQL: SELECT * FROM `xs_column` WHERE ( column_leftid = 58 )  [ RunTime:0.0001s ]
SQL: SELECT * FROM `xs_column` WHERE ( column_leftid = 49 )  [ RunTime:0.0001s ]
SQL: SELECT * FROM `xs_column` WHERE ( column_leftid = 53 )  [ RunTime:0.0001s ]
SQL: SHOW COLUMNS FROM `xs_banner` [ RunTime:0.0006s ]
SQL: SELECT * FROM `xs_banner` ORDER BY sort  [ RunTime:0.0001s ]
SQL: SHOW COLUMNS FROM `xs_article` [ RunTime:0.0005s ]
SQL: SELECT * FROM `xs_article` WHERE ( columnid = 48 and image <> '' ) ORDER BY id desc LIMIT 6   [ RunTime:0.0001s ]
SQL: SELECT * FROM `xs_article` WHERE ( columnid = 49 ) ORDER BY id desc LIMIT 6   [ RunTime:0.0002s ]
SQL: SELECT `content` FROM `xs_column` WHERE ( id = 54 ) LIMIT 1   [ RunTime:0.0001s ]
INFO: [ view_parse ] --START--
INFO: [ template_filter ] --START--
INFO: Run Behavior\ContentReplaceBehavior [ RunTime:0.000062s ]
INFO: [ template_filter ] --END-- [ RunTime:0.000119s ]
INFO: Run Behavior\ParseTemplateBehavior [ RunTime:0.011395s ]
INFO: [ view_parse ] --END-- [ RunTime:0.011445s ]
INFO: [ view_filter ] --START--
INFO: Run Behavior\WriteHtmlCacheBehavior [ RunTime:0.000142s ]
INFO: [ view_filter ] --END-- [ RunTime:0.000169s ]
INFO: [ app_end ] --START--
INFO: Run Behavior\ShowPageTraceBehavior [ RunTime:0.000343s ]
INFO: [ app_end ] --END-- [ RunTime:0.000376s ]

[ 2017-12-05T18:14:17+08:00 ] 123.151.77.74 /default.php
INFO: [ app_init ] --START--
INFO: Run Behavior\BuildLiteBehavior [ RunTime:0.000014s ]
INFO: [ app_init ] --END-- [ RunTime:0.000256s ]
INFO: [ app_begin ] --START--
INFO: Run Behavior\ReadHtmlCacheBehavior [ RunTime:0.000358s ]
INFO: [ app_begin ] --END-- [ RunTime:0.000392s ]
SQL: SHOW COLUMNS FROM `xs_column` [ RunTime:0.0006s ]
SQL: SELECT * FROM `xs_column` WHERE ( column_leftid = 0 ) ORDER BY sort  [ RunTime:0.0001s ]
SQL: SELECT * FROM `xs_column` WHERE ( column_leftid = 54 )  [ RunTime:0.0001s ]
SQL: SELECT * FROM `xs_column` WHERE ( column_leftid = 48 )  [ RunTime:0.0001s ]
SQL: SELECT * FROM `xs_column` WHERE ( column_leftid = 58 )  [ RunTime:0.0001s ]
SQL: SELECT * FROM `xs_column` WHERE ( column_leftid = 49 )  [ RunTime:0.0001s ]
SQL: SELECT * FROM `xs_column` WHERE ( column_leftid = 53 )  [ RunTime:0.0001s ]
SQL: SHOW COLUMNS FROM `xs_banner` [ RunTime:0.0004s ]
SQL: SELECT * FROM `xs_banner` ORDER BY sort  [ RunTime:0.0001s ]
SQL: SHOW COLUMNS FROM `xs_article` [ RunTime:0.0004s ]
SQL: SELECT * FROM `xs_article` WHERE ( columnid = 48 and image <> '' ) ORDER BY id desc LIMIT 6   [ RunTime:0.0001s ]
SQL: SELECT * FROM `xs_article` WHERE ( columnid = 49 ) ORDER BY id desc LIMIT 6   [ RunTime:0.0002s ]
SQL: SELECT `content` FROM `xs_column` WHERE ( id = 54 ) LIMIT 1   [ RunTime:0.0001s ]
INFO: [ view_parse ] --START--
INFO: [ template_filter ] --START--
INFO: Run Behavior\ContentReplaceBehavior [ RunTime:0.000085s ]
INFO: [ template_filter ] --END-- [ RunTime:0.000161s ]
INFO: Run Behavior\ParseTemplateBehavior [ RunTime:0.015949s ]
INFO: [ view_parse ] --END-- [ RunTime:0.016007s ]
INFO: [ view_filter ] --START--
INFO: Run Behavior\WriteHtmlCacheBehavior [ RunTime:0.000166s ]
INFO: [ view_filter ] --END-- [ RunTime:0.000205s ]
INFO: [ app_end ] --START--
INFO: Run Behavior\ShowPageTraceBehavior [ RunTime:0.000528s ]
INFO: [ app_end ] --END-- [ RunTime:0.000582s ]

[ 2017-12-05T19:20:54+08:00 ] 111.30.142.78 /default.php
INFO: [ app_init ] --START--
INFO: Run Behavior\BuildLiteBehavior [ RunTime:0.000011s ]
INFO: [ app_init ] --END-- [ RunTime:0.000259s ]
INFO: [ app_begin ] --START--
INFO: Run Behavior\ReadHtmlCacheBehavior [ RunTime:0.000289s ]
INFO: [ app_begin ] --END-- [ RunTime:0.000323s ]
SQL: SHOW COLUMNS FROM `xs_column` [ RunTime:0.0006s ]
SQL: SELECT * FROM `xs_column` WHERE ( column_leftid = 0 ) ORDER BY sort  [ RunTime:0.0001s ]
SQL: SELECT * FROM `xs_column` WHERE ( column_leftid = 54 )  [ RunTime:0.0001s ]
SQL: SELECT * FROM `xs_column` WHERE ( column_leftid = 48 )  [ RunTime:0.0001s ]
SQL: SELECT * FROM `xs_column` WHERE ( column_leftid = 58 )  [ RunTime:0.0001s ]
SQL: SELECT * FROM `xs_column` WHERE ( column_leftid = 49 )  [ RunTime:0.0001s ]
SQL: SELECT * FROM `xs_column` WHERE ( column_leftid = 53 )  [ RunTime:0.0001s ]
SQL: SHOW COLUMNS FROM `xs_banner` [ RunTime:0.0003s ]
SQL: SELECT * FROM `xs_banner` ORDER BY sort  [ RunTime:0.0001s ]
SQL: SHOW COLUMNS FROM `xs_article` [ RunTime:0.0004s ]
SQL: SELECT * FROM `xs_article` WHERE ( columnid = 48 and image <> '' ) ORDER BY id desc LIMIT 6   [ RunTime:0.0001s ]
SQL: SELECT * FROM `xs_article` WHERE ( columnid = 49 ) ORDER BY id desc LIMIT 6   [ RunTime:0.0002s ]
SQL: SELECT `content` FROM `xs_column` WHERE ( id = 54 ) LIMIT 1   [ RunTime:0.0001s ]
INFO: [ view_parse ] --START--
INFO: [ template_filter ] --START--
INFO: Run Behavior\ContentReplaceBehavior [ RunTime:0.000049s ]
INFO: [ template_filter ] --END-- [ RunTime:0.000080s ]
INFO: Run Behavior\ParseTemplateBehavior [ RunTime:0.008973s ]
INFO: [ view_parse ] --END-- [ RunTime:0.009005s ]
INFO: [ view_filter ] --START--
INFO: Run Behavior\WriteHtmlCacheBehavior [ RunTime:0.000113s ]
INFO: [ view_filter ] --END-- [ RunTime:0.000139s ]
INFO: [ app_end ] --START--
INFO: Run Behavior\ShowPageTraceBehavior [ RunTime:0.000300s ]
INFO: [ app_end ] --END-- [ RunTime:0.000329s ]

[ 2017-12-05T19:36:20+08:00 ] 123.151.77.49 /default.php
INFO: [ app_init ] --START--
INFO: Run Behavior\BuildLiteBehavior [ RunTime:0.000011s ]
INFO: [ app_init ] --END-- [ RunTime:0.000253s ]
INFO: [ app_begin ] --START--
INFO: Run Behavior\ReadHtmlCacheBehavior [ RunTime:0.000286s ]
INFO: [ app_begin ] --END-- [ RunTime:0.000319s ]
SQL: SHOW COLUMNS FROM `xs_column` [ RunTime:0.0005s ]
SQL: SELECT * FROM `xs_column` WHERE ( column_leftid = 0 ) ORDER BY sort  [ RunTime:0.0001s ]
SQL: SELECT * FROM `xs_column` WHERE ( column_leftid = 54 )  [ RunTime:0.0001s ]
SQL: SELECT * FROM `xs_column` WHERE ( column_leftid = 48 )  [ RunTime:0.0001s ]
SQL: SELECT * FROM `xs_column` WHERE ( column_leftid = 58 )  [ RunTime:0.0001s ]
SQL: SELECT * FROM `xs_column` WHERE ( column_leftid = 49 )  [ RunTime:0.0001s ]
SQL: SELECT * FROM `xs_column` WHERE ( column_leftid = 53 )  [ RunTime:0.0001s ]
SQL: SHOW COLUMNS FROM `xs_banner` [ RunTime:0.0003s ]
SQL: SELECT * FROM `xs_banner` ORDER BY sort  [ RunTime:0.0001s ]
SQL: SHOW COLUMNS FROM `xs_article` [ RunTime:0.0004s ]
SQL: SELECT * FROM `xs_article` WHERE ( columnid = 48 and image <> '' ) ORDER BY id desc LIMIT 6   [ RunTime:0.0001s ]
SQL: SELECT * FROM `xs_article` WHERE ( columnid = 49 ) ORDER BY id desc LIMIT 6   [ RunTime:0.0002s ]
SQL: SELECT `content` FROM `xs_column` WHERE ( id = 54 ) LIMIT 1   [ RunTime:0.0001s ]
INFO: [ view_parse ] --START--
INFO: [ template_filter ] --START--
INFO: Run Behavior\ContentReplaceBehavior [ RunTime:0.000051s ]
INFO: [ template_filter ] --END-- [ RunTime:0.000085s ]
INFO: Run Behavior\ParseTemplateBehavior [ RunTime:0.008907s ]
INFO: [ view_parse ] --END-- [ RunTime:0.008938s ]
INFO: [ view_filter ] --START--
INFO: Run Behavior\WriteHtmlCacheBehavior [ RunTime:0.000100s ]
INFO: [ view_filter ] --END-- [ RunTime:0.000124s ]
INFO: [ app_end ] --START--
INFO: Run Behavior\ShowPageTraceBehavior [ RunTime:0.000309s ]
INFO: [ app_end ] --END-- [ RunTime:0.000338s ]

[ 2017-12-05T19:36:22+08:00 ] 223.88.169.31 /default.php
INFO: [ app_init ] --START--
INFO: Run Behavior\BuildLiteBehavior [ RunTime:0.000010s ]
INFO: [ app_init ] --END-- [ RunTime:0.000247s ]
INFO: [ app_begin ] --START--
INFO: Run Behavior\ReadHtmlCacheBehavior [ RunTime:0.000289s ]
INFO: [ app_begin ] --END-- [ RunTime:0.000322s ]
SQL: SHOW COLUMNS FROM `xs_column` [ RunTime:0.0004s ]
SQL: SELECT * FROM `xs_column` WHERE ( column_leftid = 0 ) ORDER BY sort  [ RunTime:0.0001s ]
SQL: SELECT * FROM `xs_column` WHERE ( column_leftid = 54 )  [ RunTime:0.0001s ]
SQL: SELECT * FROM `xs_column` WHERE ( column_leftid = 48 )  [ RunTime:0.0001s ]
SQL: SELECT * FROM `xs_column` WHERE ( column_leftid = 58 )  [ RunTime:0.0001s ]
SQL: SELECT * FROM `xs_column` WHERE ( column_leftid = 49 )  [ RunTime:0.0001s ]
SQL: SELECT * FROM `xs_column` WHERE ( column_leftid = 53 )  [ RunTime:0.0001s ]
SQL: SHOW COLUMNS FROM `xs_banner` [ RunTime:0.0003s ]
SQL: SELECT * FROM `xs_banner` ORDER BY sort  [ RunTime:0.0001s ]
SQL: SHOW COLUMNS FROM `xs_article` [ RunTime:0.0004s ]
SQL: SELECT * FROM `xs_article` WHERE ( columnid = 48 and image <> '' ) ORDER BY id desc LIMIT 6   [ RunTime:0.0001s ]
SQL: SELECT * FROM `xs_article` WHERE ( columnid = 49 ) ORDER BY id desc LIMIT 6   [ RunTime:0.0002s ]
SQL: SELECT `content` FROM `xs_column` WHERE ( id = 54 ) LIMIT 1   [ RunTime:0.0001s ]
INFO: [ view_parse ] --START--
INFO: [ template_filter ] --START--
INFO: Run Behavior\ContentReplaceBehavior [ RunTime:0.000045s ]
INFO: [ template_filter ] --END-- [ RunTime:0.000076s ]
INFO: Run Behavior\ParseTemplateBehavior [ RunTime:0.008878s ]
INFO: [ view_parse ] --END-- [ RunTime:0.008908s ]
INFO: [ view_filter ] --START--
INFO: Run Behavior\WriteHtmlCacheBehavior [ RunTime:0.000090s ]
INFO: [ view_filter ] --END-- [ RunTime:0.000114s ]
INFO: [ app_end ] --START--
INFO: Run Behavior\ShowPageTraceBehavior [ RunTime:0.000306s ]
INFO: [ app_end ] --END-- [ RunTime:0.000333s ]

[ 2017-12-05T20:50:17+08:00 ] 123.151.77.72 /default.php
INFO: [ app_init ] --START--
INFO: Run Behavior\BuildLiteBehavior [ RunTime:0.000012s ]
INFO: [ app_init ] --END-- [ RunTime:0.000235s ]
INFO: [ app_begin ] --START--
INFO: Run Behavior\ReadHtmlCacheBehavior [ RunTime:0.000315s ]
INFO: [ app_begin ] --END-- [ RunTime:0.000348s ]
SQL: SHOW COLUMNS FROM `xs_column` [ RunTime:0.0005s ]
SQL: SELECT * FROM `xs_column` WHERE ( column_leftid = 0 ) ORDER BY sort  [ RunTime:0.0001s ]
SQL: SELECT * FROM `xs_column` WHERE ( column_leftid = 54 )  [ RunTime:0.0001s ]
SQL: SELECT * FROM `xs_column` WHERE ( column_leftid = 48 )  [ RunTime:0.0001s ]
SQL: SELECT * FROM `xs_column` WHERE ( column_leftid = 58 )  [ RunTime:0.0001s ]
SQL: SELECT * FROM `xs_column` WHERE ( column_leftid = 49 )  [ RunTime:0.0001s ]
SQL: SELECT * FROM `xs_column` WHERE ( column_leftid = 53 )  [ RunTime:0.0001s ]
SQL: SHOW COLUMNS FROM `xs_banner` [ RunTime:0.0004s ]
SQL: SELECT * FROM `xs_banner` ORDER BY sort  [ RunTime:0.0001s ]
SQL: SHOW COLUMNS FROM `xs_article` [ RunTime:0.0004s ]
SQL: SELECT * FROM `xs_article` WHERE ( columnid = 48 and image <> '' ) ORDER BY id desc LIMIT 6   [ RunTime:0.0001s ]
SQL: SELECT * FROM `xs_article` WHERE ( columnid = 49 ) ORDER BY id desc LIMIT 6   [ RunTime:0.0002s ]
SQL: SELECT `content` FROM `xs_column` WHERE ( id = 54 ) LIMIT 1   [ RunTime:0.0001s ]
INFO: [ view_parse ] --START--
INFO: [ template_filter ] --START--
INFO: Run Behavior\ContentReplaceBehavior [ RunTime:0.000095s ]
INFO: [ template_filter ] --END-- [ RunTime:0.000173s ]
INFO: Run Behavior\ParseTemplateBehavior [ RunTime:0.015281s ]
INFO: [ view_parse ] --END-- [ RunTime:0.015330s ]
INFO: [ view_filter ] --START--
INFO: Run Behavior\WriteHtmlCacheBehavior [ RunTime:0.000182s ]
INFO: [ view_filter ] --END-- [ RunTime:0.000222s ]
INFO: [ app_end ] --START--
INFO: Run Behavior\ShowPageTraceBehavior [ RunTime:0.000536s ]
INFO: [ app_end ] --END-- [ RunTime:0.000585s ]

[ 2017-12-05T20:50:17+08:00 ] 42.235.115.161 /default.php
INFO: [ app_init ] --START--
INFO: Run Behavior\BuildLiteBehavior [ RunTime:0.000012s ]
INFO: [ app_init ] --END-- [ RunTime:0.000303s ]
INFO: [ app_begin ] --START--
INFO: Run Behavior\ReadHtmlCacheBehavior [ RunTime:0.000352s ]
INFO: [ app_begin ] --END-- [ RunTime:0.000386s ]
SQL: SHOW COLUMNS FROM `xs_column` [ RunTime:0.0005s ]
SQL: SELECT * FROM `xs_column` WHERE ( column_leftid = 0 ) ORDER BY sort  [ RunTime:0.0001s ]
SQL: SELECT * FROM `xs_column` WHERE ( column_leftid = 54 )  [ RunTime:0.0001s ]
SQL: SELECT * FROM `xs_column` WHERE ( column_leftid = 48 )  [ RunTime:0.0001s ]
SQL: SELECT * FROM `xs_column` WHERE ( column_leftid = 58 )  [ RunTime:0.0001s ]
SQL: SELECT * FROM `xs_column` WHERE ( column_leftid = 49 )  [ RunTime:0.0001s ]
SQL: SELECT * FROM `xs_column` WHERE ( column_leftid = 53 )  [ RunTime:0.0001s ]
SQL: SHOW COLUMNS FROM `xs_banner` [ RunTime:0.0004s ]
SQL: SELECT * FROM `xs_banner` ORDER BY sort  [ RunTime:0.0001s ]
SQL: SHOW COLUMNS FROM `xs_article` [ RunTime:0.0004s ]
SQL: SELECT * FROM `xs_article` WHERE ( columnid = 48 and image <> '' ) ORDER BY id desc LIMIT 6   [ RunTime:0.0001s ]
SQL: SELECT * FROM `xs_article` WHERE ( columnid = 49 ) ORDER BY id desc LIMIT 6   [ RunTime:0.0002s ]
SQL: SELECT `content` FROM `xs_column` WHERE ( id = 54 ) LIMIT 1   [ RunTime:0.0001s ]
INFO: [ view_parse ] --START--
INFO: [ template_filter ] --START--
INFO: Run Behavior\ContentReplaceBehavior [ RunTime:0.000074s ]
INFO: [ template_filter ] --END-- [ RunTime:0.000141s ]
INFO: Run Behavior\ParseTemplateBehavior [ RunTime:0.014647s ]
INFO: [ view_parse ] --END-- [ RunTime:0.014696s ]
INFO: [ view_filter ] --START--
INFO: Run Behavior\WriteHtmlCacheBehavior [ RunTime:0.000168s ]
INFO: [ view_filter ] --END-- [ RunTime:0.000204s ]
INFO: [ app_end ] --START--
INFO: Run Behavior\ShowPageTraceBehavior [ RunTime:0.000509s ]
INFO: [ app_end ] --END-- [ RunTime:0.000549s ]

[ 2017-12-05T20:50:23+08:00 ] 123.151.77.72 /default.php
INFO: [ app_init ] --START--
INFO: Run Behavior\BuildLiteBehavior [ RunTime:0.000013s ]
INFO: [ app_init ] --END-- [ RunTime:0.000253s ]
INFO: [ app_begin ] --START--
INFO: Run Behavior\ReadHtmlCacheBehavior [ RunTime:0.000306s ]
INFO: [ app_begin ] --END-- [ RunTime:0.000346s ]
SQL: SHOW COLUMNS FROM `xs_column` [ RunTime:0.0006s ]
SQL: SELECT * FROM `xs_column` WHERE ( column_leftid = 0 ) ORDER BY sort  [ RunTime:0.0001s ]
SQL: SELECT * FROM `xs_column` WHERE ( column_leftid = 54 )  [ RunTime:0.0001s ]
SQL: SELECT * FROM `xs_column` WHERE ( column_leftid = 48 )  [ RunTime:0.0001s ]
SQL: SELECT * FROM `xs_column` WHERE ( column_leftid = 58 )  [ RunTime:0.0001s ]
SQL: SELECT * FROM `xs_column` WHERE ( column_leftid = 49 )  [ RunTime:0.0001s ]
SQL: SELECT * FROM `xs_column` WHERE ( column_leftid = 53 )  [ RunTime:0.0001s ]
SQL: SHOW COLUMNS FROM `xs_banner` [ RunTime:0.0004s ]
SQL: SELECT * FROM `xs_banner` ORDER BY sort  [ RunTime:0.0001s ]
SQL: SHOW COLUMNS FROM `xs_article` [ RunTime:0.0004s ]
SQL: SELECT * FROM `xs_article` WHERE ( columnid = 48 and image <> '' ) ORDER BY id desc LIMIT 6   [ RunTime:0.0001s ]
SQL: SELECT * FROM `xs_article` WHERE ( columnid = 49 ) ORDER BY id desc LIMIT 6   [ RunTime:0.0003s ]
SQL: SELECT `content` FROM `xs_column` WHERE ( id = 54 ) LIMIT 1   [ RunTime:0.0001s ]
INFO: [ view_parse ] --START--
INFO: [ template_filter ] --START--
INFO: Run Behavior\ContentReplaceBehavior [ RunTime:0.000070s ]
INFO: [ template_filter ] --END-- [ RunTime:0.000122s ]
INFO: Run Behavior\ParseTemplateBehavior [ RunTime:0.009692s ]
INFO: [ view_parse ] --END-- [ RunTime:0.009731s ]
INFO: [ view_filter ] --START--
INFO: Run Behavior\WriteHtmlCacheBehavior [ RunTime:0.000112s ]
INFO: [ view_filter ] --END-- [ RunTime:0.000138s ]
INFO: [ app_end ] --START--
INFO: Run Behavior\ShowPageTraceBehavior [ RunTime:0.000356s ]
INFO: [ app_end ] --END-- [ RunTime:0.000387s ]

[ 2017-12-05T20:50:24+08:00 ] 42.235.115.161 /default.php
INFO: [ app_init ] --START--
INFO: Run Behavior\BuildLiteBehavior [ RunTime:0.000013s ]
INFO: [ app_init ] --END-- [ RunTime:0.000237s ]
INFO: [ app_begin ] --START--
INFO: Run Behavior\ReadHtmlCacheBehavior [ RunTime:0.000290s ]
INFO: [ app_begin ] --END-- [ RunTime:0.000323s ]
SQL: SHOW COLUMNS FROM `xs_column` [ RunTime:0.0005s ]
SQL: SELECT * FROM `xs_column` WHERE ( column_leftid = 0 ) ORDER BY sort  [ RunTime:0.0001s ]
SQL: SELECT * FROM `xs_column` WHERE ( column_leftid = 54 )  [ RunTime:0.0001s ]
SQL: SELECT * FROM `xs_column` WHERE ( column_leftid = 48 )  [ RunTime:0.0001s ]
SQL: SELECT * FROM `xs_column` WHERE ( column_leftid = 58 )  [ RunTime:0.0001s ]
SQL: SELECT * FROM `xs_column` WHERE ( column_leftid = 49 )  [ RunTime:0.0001s ]
SQL: SELECT * FROM `xs_column` WHERE ( column_leftid = 53 )  [ RunTime:0.0001s ]
SQL: SHOW COLUMNS FROM `xs_banner` [ RunTime:0.0003s ]
SQL: SELECT * FROM `xs_banner` ORDER BY sort  [ RunTime:0.0001s ]
SQL: SHOW COLUMNS FROM `xs_article` [ RunTime:0.0004s ]
SQL: SELECT * FROM `xs_article` WHERE ( columnid = 48 and image <> '' ) ORDER BY id desc LIMIT 6   [ RunTime:0.0001s ]
SQL: SELECT * FROM `xs_article` WHERE ( columnid = 49 ) ORDER BY id desc LIMIT 6   [ RunTime:0.0002s ]
SQL: SELECT `content` FROM `xs_column` WHERE ( id = 54 ) LIMIT 1   [ RunTime:0.0002s ]
INFO: [ view_parse ] --START--
INFO: [ template_filter ] --START--
INFO: Run Behavior\ContentReplaceBehavior [ RunTime:0.000055s ]
INFO: [ template_filter ] --END-- [ RunTime:0.000105s ]
INFO: Run Behavior\ParseTemplateBehavior [ RunTime:0.009317s ]
INFO: [ view_parse ] --END-- [ RunTime:0.009354s ]
INFO: [ view_filter ] --START--
INFO: Run Behavior\WriteHtmlCacheBehavior [ RunTime:0.000132s ]
INFO: [ view_filter ] --END-- [ RunTime:0.000158s ]
INFO: [ app_end ] --START--
INFO: Run Behavior\ShowPageTraceBehavior [ RunTime:0.000347s ]
INFO: [ app_end ] --END-- [ RunTime:0.000377s ]

[ 2017-12-05T20:50:56+08:00 ] 123.151.77.72 /default.php
INFO: [ app_init ] --START--
INFO: Run Behavior\BuildLiteBehavior [ RunTime:0.000010s ]
INFO: [ app_init ] --END-- [ RunTime:0.000246s ]
INFO: [ app_begin ] --START--
INFO: Run Behavior\ReadHtmlCacheBehavior [ RunTime:0.000292s ]
INFO: [ app_begin ] --END-- [ RunTime:0.000325s ]
SQL: SHOW COLUMNS FROM `xs_column` [ RunTime:0.0005s ]
SQL: SELECT * FROM `xs_column` WHERE ( column_leftid = 0 ) ORDER BY sort  [ RunTime:0.0001s ]
SQL: SELECT * FROM `xs_column` WHERE ( column_leftid = 54 )  [ RunTime:0.0001s ]
SQL: SELECT * FROM `xs_column` WHERE ( column_leftid = 48 )  [ RunTime:0.0001s ]
SQL: SELECT * FROM `xs_column` WHERE ( column_leftid = 58 )  [ RunTime:0.0001s ]
SQL: SELECT * FROM `xs_column` WHERE ( column_leftid = 49 )  [ RunTime:0.0001s ]
SQL: SELECT * FROM `xs_column` WHERE ( column_leftid = 53 )  [ RunTime:0.0001s ]
SQL: SHOW COLUMNS FROM `xs_banner` [ RunTime:0.0003s ]
SQL: SELECT * FROM `xs_banner` ORDER BY sort  [ RunTime:0.0001s ]
SQL: SHOW COLUMNS FROM `xs_article` [ RunTime:0.0003s ]
SQL: SELECT * FROM `xs_article` WHERE ( columnid = 48 and image <> '' ) ORDER BY id desc LIMIT 6   [ RunTime:0.0001s ]
SQL: SELECT * FROM `xs_article` WHERE ( columnid = 49 ) ORDER BY id desc LIMIT 6   [ RunTime:0.0002s ]
SQL: SELECT `content` FROM `xs_column` WHERE ( id = 54 ) LIMIT 1   [ RunTime:0.0001s ]
INFO: [ view_parse ] --START--
INFO: [ template_filter ] --START--
INFO: Run Behavior\ContentReplaceBehavior [ RunTime:0.000047s ]
INFO: [ template_filter ] --END-- [ RunTime:0.000080s ]
INFO: Run Behavior\ParseTemplateBehavior [ RunTime:0.009009s ]
INFO: [ view_parse ] --END-- [ RunTime:0.009040s ]
INFO: [ view_filter ] --START--
INFO: Run Behavior\WriteHtmlCacheBehavior [ RunTime:0.000094s ]
INFO: [ view_filter ] --END-- [ RunTime:0.000118s ]
INFO: [ app_end ] --START--
INFO: Run Behavior\ShowPageTraceBehavior [ RunTime:0.000330s ]
INFO: [ app_end ] --END-- [ RunTime:0.000358s ]

[ 2017-12-05T20:50:56+08:00 ] 42.235.115.161 /default.php
INFO: [ app_init ] --START--
INFO: Run Behavior\BuildLiteBehavior [ RunTime:0.000010s ]
INFO: [ app_init ] --END-- [ RunTime:0.000228s ]
INFO: [ app_begin ] --START--
INFO: Run Behavior\ReadHtmlCacheBehavior [ RunTime:0.000308s ]
INFO: [ app_begin ] --END-- [ RunTime:0.000343s ]
SQL: SHOW COLUMNS FROM `xs_column` [ RunTime:0.0005s ]
SQL: SELECT * FROM `xs_column` WHERE ( column_leftid = 0 ) ORDER BY sort  [ RunTime:0.0001s ]
SQL: SELECT * FROM `xs_column` WHERE ( column_leftid = 54 )  [ RunTime:0.0001s ]
SQL: SELECT * FROM `xs_column` WHERE ( column_leftid = 48 )  [ RunTime:0.0001s ]
SQL: SELECT * FROM `xs_column` WHERE ( column_leftid = 58 )  [ RunTime:0.0001s ]
SQL: SELECT * FROM `xs_column` WHERE ( column_leftid = 49 )  [ RunTime:0.0001s ]
SQL: SELECT * FROM `xs_column` WHERE ( column_leftid = 53 )  [ RunTime:0.0001s ]
SQL: SHOW COLUMNS FROM `xs_banner` [ RunTime:0.0003s ]
SQL: SELECT * FROM `xs_banner` ORDER BY sort  [ RunTime:0.0001s ]
SQL: SHOW COLUMNS FROM `xs_article` [ RunTime:0.0004s ]
SQL: SELECT * FROM `xs_article` WHERE ( columnid = 48 and image <> '' ) ORDER BY id desc LIMIT 6   [ RunTime:0.0001s ]
SQL: SELECT * FROM `xs_article` WHERE ( columnid = 49 ) ORDER BY id desc LIMIT 6   [ RunTime:0.0002s ]
SQL: SELECT `content` FROM `xs_column` WHERE ( id = 54 ) LIMIT 1   [ RunTime:0.0001s ]
INFO: [ view_parse ] --START--
INFO: [ template_filter ] --START--
INFO: Run Behavior\ContentReplaceBehavior [ RunTime:0.000047s ]
INFO: [ template_filter ] --END-- [ RunTime:0.000079s ]
INFO: Run Behavior\ParseTemplateBehavior [ RunTime:0.008992s ]
INFO: [ view_parse ] --END-- [ RunTime:0.009023s ]
INFO: [ view_filter ] --START--
INFO: Run Behavior\WriteHtmlCacheBehavior [ RunTime:0.000107s ]
INFO: [ view_filter ] --END-- [ RunTime:0.000133s ]
INFO: [ app_end ] --START--
INFO: Run Behavior\ShowPageTraceBehavior [ RunTime:0.000297s ]
INFO: [ app_end ] --END-- [ RunTime:0.000327s ]

[ 2017-12-05T21:19:53+08:00 ] 111.30.142.78 /default.php
INFO: [ app_init ] --START--
INFO: Run Behavior\BuildLiteBehavior [ RunTime:0.000012s ]
INFO: [ app_init ] --END-- [ RunTime:0.000236s ]
INFO: [ app_begin ] --START--
INFO: Run Behavior\ReadHtmlCacheBehavior [ RunTime:0.000299s ]
INFO: [ app_begin ] --END-- [ RunTime:0.000332s ]
SQL: SHOW COLUMNS FROM `xs_column` [ RunTime:0.0005s ]
SQL: SELECT * FROM `xs_column` WHERE ( column_leftid = 0 ) ORDER BY sort  [ RunTime:0.0001s ]
SQL: SELECT * FROM `xs_column` WHERE ( column_leftid = 54 )  [ RunTime:0.0001s ]
SQL: SELECT * FROM `xs_column` WHERE ( column_leftid = 48 )  [ RunTime:0.0001s ]
SQL: SELECT * FROM `xs_column` WHERE ( column_leftid = 58 )  [ RunTime:0.0001s ]
SQL: SELECT * FROM `xs_column` WHERE ( column_leftid = 49 )  [ RunTime:0.0001s ]
SQL: SELECT * FROM `xs_column` WHERE ( column_leftid = 53 )  [ RunTime:0.0001s ]
SQL: SHOW COLUMNS FROM `xs_banner` [ RunTime:0.0003s ]
SQL: SELECT * FROM `xs_banner` ORDER BY sort  [ RunTime:0.0001s ]
SQL: SHOW COLUMNS FROM `xs_article` [ RunTime:0.0003s ]
SQL: SELECT * FROM `xs_article` WHERE ( columnid = 48 and image <> '' ) ORDER BY id desc LIMIT 6   [ RunTime:0.0001s ]
SQL: SELECT * FROM `xs_article` WHERE ( columnid = 49 ) ORDER BY id desc LIMIT 6   [ RunTime:0.0002s ]
SQL: SELECT `content` FROM `xs_column` WHERE ( id = 54 ) LIMIT 1   [ RunTime:0.0001s ]
INFO: [ view_parse ] --START--
INFO: [ template_filter ] --START--
INFO: Run Behavior\ContentReplaceBehavior [ RunTime:0.000063s ]
INFO: [ template_filter ] --END-- [ RunTime:0.000102s ]
INFO: Run Behavior\ParseTemplateBehavior [ RunTime:0.009473s ]
INFO: [ view_parse ] --END-- [ RunTime:0.009508s ]
INFO: [ view_filter ] --START--
INFO: Run Behavior\WriteHtmlCacheBehavior [ RunTime:0.000104s ]
INFO: [ view_filter ] --END-- [ RunTime:0.000130s ]
INFO: [ app_end ] --START--
INFO: Run Behavior\ShowPageTraceBehavior [ RunTime:0.000344s ]
INFO: [ app_end ] --END-- [ RunTime:0.000376s ]

[ 2017-12-05T21:19:54+08:00 ] 1.199.77.143 /default.php
INFO: [ app_init ] --START--
INFO: Run Behavior\BuildLiteBehavior [ RunTime:0.000013s ]
INFO: [ app_init ] --END-- [ RunTime:0.000254s ]
INFO: [ app_begin ] --START--
INFO: Run Behavior\ReadHtmlCacheBehavior [ RunTime:0.000303s ]
INFO: [ app_begin ] --END-- [ RunTime:0.000336s ]
SQL: SHOW COLUMNS FROM `xs_column` [ RunTime:0.0006s ]
SQL: SELECT * FROM `xs_column` WHERE ( column_leftid = 0 ) ORDER BY sort  [ RunTime:0.0001s ]
SQL: SELECT * FROM `xs_column` WHERE ( column_leftid = 54 )  [ RunTime:0.0001s ]
SQL: SELECT * FROM `xs_column` WHERE ( column_leftid = 48 )  [ RunTime:0.0001s ]
SQL: SELECT * FROM `xs_column` WHERE ( column_leftid = 58 )  [ RunTime:0.0001s ]
SQL: SELECT * FROM `xs_column` WHERE ( column_leftid = 49 )  [ RunTime:0.0001s ]
SQL: SELECT * FROM `xs_column` WHERE ( column_leftid = 53 )  [ RunTime:0.0001s ]
SQL: SHOW COLUMNS FROM `xs_banner` [ RunTime:0.0003s ]
SQL: SELECT * FROM `xs_banner` ORDER BY sort  [ RunTime:0.0001s ]
SQL: SHOW COLUMNS FROM `xs_article` [ RunTime:0.0004s ]
SQL: SELECT * FROM `xs_article` WHERE ( columnid = 48 and image <> '' ) ORDER BY id desc LIMIT 6   [ RunTime:0.0001s ]
SQL: SELECT * FROM `xs_article` WHERE ( columnid = 49 ) ORDER BY id desc LIMIT 6   [ RunTime:0.0002s ]
SQL: SELECT `content` FROM `xs_column` WHERE ( id = 54 ) LIMIT 1   [ RunTime:0.0001s ]
INFO: [ view_parse ] --START--
INFO: [ template_filter ] --START--
INFO: Run Behavior\ContentReplaceBehavior [ RunTime:0.000056s ]
INFO: [ template_filter ] --END-- [ RunTime:0.000098s ]
INFO: Run Behavior\ParseTemplateBehavior [ RunTime:0.009210s ]
INFO: [ view_parse ] --END-- [ RunTime:0.009244s ]
INFO: [ view_filter ] --START--
INFO: Run Behavior\WriteHtmlCacheBehavior [ RunTime:0.000098s ]
INFO: [ view_filter ] --END-- [ RunTime:0.000123s ]
INFO: [ app_end ] --START--
INFO: Run Behavior\ShowPageTraceBehavior [ RunTime:0.000326s ]
INFO: [ app_end ] --END-- [ RunTime:0.000355s ]

[ 2017-12-05T21:24:01+08:00 ] 123.151.76.158 /default.php
INFO: [ app_init ] --START--
INFO: Run Behavior\BuildLiteBehavior [ RunTime:0.000013s ]
INFO: [ app_init ] --END-- [ RunTime:0.000265s ]
INFO: [ app_begin ] --START--
INFO: Run Behavior\ReadHtmlCacheBehavior [ RunTime:0.000307s ]
INFO: [ app_begin ] --END-- [ RunTime:0.000351s ]
SQL: SHOW COLUMNS FROM `xs_column` [ RunTime:0.0006s ]
SQL: SELECT * FROM `xs_column` WHERE ( column_leftid = 0 ) ORDER BY sort  [ RunTime:0.0001s ]
SQL: SELECT * FROM `xs_column` WHERE ( column_leftid = 54 )  [ RunTime:0.0001s ]
SQL: SELECT * FROM `xs_column` WHERE ( column_leftid = 48 )  [ RunTime:0.0001s ]
SQL: SELECT * FROM `xs_column` WHERE ( column_leftid = 58 )  [ RunTime:0.0001s ]
SQL: SELECT * FROM `xs_column` WHERE ( column_leftid = 49 )  [ RunTime:0.0001s ]
SQL: SELECT * FROM `xs_column` WHERE ( column_leftid = 53 )  [ RunTime:0.0001s ]
SQL: SHOW COLUMNS FROM `xs_banner` [ RunTime:0.0004s ]
SQL: SELECT * FROM `xs_banner` ORDER BY sort  [ RunTime:0.0001s ]
SQL: SHOW COLUMNS FROM `xs_article` [ RunTime:0.0004s ]
SQL: SELECT * FROM `xs_article` WHERE ( columnid = 48 and image <> '' ) ORDER BY id desc LIMIT 6   [ RunTime:0.0001s ]
SQL: SELECT * FROM `xs_article` WHERE ( columnid = 49 ) ORDER BY id desc LIMIT 6   [ RunTime:0.0002s ]
SQL: SELECT `content` FROM `xs_column` WHERE ( id = 54 ) LIMIT 1   [ RunTime:0.0001s ]
INFO: [ view_parse ] --START--
INFO: [ template_filter ] --START--
INFO: Run Behavior\ContentReplaceBehavior [ RunTime:0.000085s ]
INFO: [ template_filter ] --END-- [ RunTime:0.000166s ]
INFO: Run Behavior\ParseTemplateBehavior [ RunTime:0.015186s ]
INFO: [ view_parse ] --END-- [ RunTime:0.015241s ]
INFO: [ view_filter ] --START--
INFO: Run Behavior\WriteHtmlCacheBehavior [ RunTime:0.000187s ]
INFO: [ view_filter ] --END-- [ RunTime:0.000231s ]
INFO: [ app_end ] --START--
INFO: Run Behavior\ShowPageTraceBehavior [ RunTime:0.000543s ]
INFO: [ app_end ] --END-- [ RunTime:0.000595s ]

[ 2017-12-05T21:24:10+08:00 ] 223.88.187.44 /default.php
INFO: [ app_init ] --START--
INFO: Run Behavior\BuildLiteBehavior [ RunTime:0.000014s ]
INFO: [ app_init ] --END-- [ RunTime:0.000244s ]
INFO: [ app_begin ] --START--
INFO: Run Behavior\ReadHtmlCacheBehavior [ RunTime:0.000325s ]
INFO: [ app_begin ] --END-- [ RunTime:0.000358s ]
SQL: SHOW COLUMNS FROM `xs_column` [ RunTime:0.0006s ]
SQL: SELECT * FROM `xs_column` WHERE ( column_leftid = 0 ) ORDER BY sort  [ RunTime:0.0001s ]
SQL: SELECT * FROM `xs_column` WHERE ( column_leftid = 54 )  [ RunTime:0.0001s ]
SQL: SELECT * FROM `xs_column` WHERE ( column_leftid = 48 )  [ RunTime:0.0001s ]
SQL: SELECT * FROM `xs_column` WHERE ( column_leftid = 58 )  [ RunTime:0.0001s ]
SQL: SELECT * FROM `xs_column` WHERE ( column_leftid = 49 )  [ RunTime:0.0001s ]
SQL: SELECT * FROM `xs_column` WHERE ( column_leftid = 53 )  [ RunTime:0.0001s ]
SQL: SHOW COLUMNS FROM `xs_banner` [ RunTime:0.0003s ]
SQL: SELECT * FROM `xs_banner` ORDER BY sort  [ RunTime:0.0001s ]
SQL: SHOW COLUMNS FROM `xs_article` [ RunTime:0.0004s ]
SQL: SELECT * FROM `xs_article` WHERE ( columnid = 48 and image <> '' ) ORDER BY id desc LIMIT 6   [ RunTime:0.0001s ]
SQL: SELECT * FROM `xs_article` WHERE ( columnid = 49 ) ORDER BY id desc LIMIT 6   [ RunTime:0.0002s ]
SQL: SELECT `content` FROM `xs_column` WHERE ( id = 54 ) LIMIT 1   [ RunTime:0.0001s ]
INFO: [ view_parse ] --START--
INFO: [ template_filter ] --START--
INFO: Run Behavior\ContentReplaceBehavior [ RunTime:0.000063s ]
INFO: [ template_filter ] --END-- [ RunTime:0.000111s ]
INFO: Run Behavior\ParseTemplateBehavior [ RunTime:0.009627s ]
INFO: [ view_parse ] --END-- [ RunTime:0.009670s ]
INFO: [ view_filter ] --START--
INFO: Run Behavior\WriteHtmlCacheBehavior [ RunTime:0.000112s ]
INFO: [ view_filter ] --END-- [ RunTime:0.000137s ]
INFO: [ app_end ] --START--
INFO: Run Behavior\ShowPageTraceBehavior [ RunTime:0.000352s ]
INFO: [ app_end ] --END-- [ RunTime:0.000384s ]

[ 2017-12-05T23:03:06+08:00 ] 223.88.187.41 /default.php
INFO: [ app_init ] --START--
INFO: Run Behavior\BuildLiteBehavior [ RunTime:0.000013s ]
INFO: [ app_init ] --END-- [ RunTime:0.000230s ]
INFO: [ app_begin ] --START--
INFO: Run Behavior\ReadHtmlCacheBehavior [ RunTime:0.000289s ]
INFO: [ app_begin ] --END-- [ RunTime:0.000324s ]
SQL: SHOW COLUMNS FROM `xs_column` [ RunTime:0.0005s ]
SQL: SELECT * FROM `xs_column` WHERE ( column_leftid = 0 ) ORDER BY sort  [ RunTime:0.0001s ]
SQL: SELECT * FROM `xs_column` WHERE ( column_leftid = 54 )  [ RunTime:0.0001s ]
SQL: SELECT * FROM `xs_column` WHERE ( column_leftid = 48 )  [ RunTime:0.0001s ]
SQL: SELECT * FROM `xs_column` WHERE ( column_leftid = 58 )  [ RunTime:0.0001s ]
SQL: SELECT * FROM `xs_column` WHERE ( column_leftid = 49 )  [ RunTime:0.0001s ]
SQL: SELECT * FROM `xs_column` WHERE ( column_leftid = 53 )  [ RunTime:0.0001s ]
SQL: SHOW COLUMNS FROM `xs_banner` [ RunTime:0.0003s ]
SQL: SELECT * FROM `xs_banner` ORDER BY sort  [ RunTime:0.0001s ]
SQL: SHOW COLUMNS FROM `xs_article` [ RunTime:0.0004s ]
SQL: SELECT * FROM `xs_article` WHERE ( columnid = 48 and image <> '' ) ORDER BY id desc LIMIT 6   [ RunTime:0.0001s ]
SQL: SELECT * FROM `xs_article` WHERE ( columnid = 49 ) ORDER BY id desc LIMIT 6   [ RunTime:0.0002s ]
SQL: SELECT `content` FROM `xs_column` WHERE ( id = 54 ) LIMIT 1   [ RunTime:0.0001s ]
INFO: [ view_parse ] --START--
INFO: [ template_filter ] --START--
INFO: Run Behavior\ContentReplaceBehavior [ RunTime:0.000053s ]
INFO: [ template_filter ] --END-- [ RunTime:0.000091s ]
INFO: Run Behavior\ParseTemplateBehavior [ RunTime:0.009036s ]
INFO: [ view_parse ] --END-- [ RunTime:0.009068s ]
INFO: [ view_filter ] --START--
INFO: Run Behavior\WriteHtmlCacheBehavior [ RunTime:0.000102s ]
INFO: [ view_filter ] --END-- [ RunTime:0.000127s ]
INFO: [ app_end ] --START--
INFO: Run Behavior\ShowPageTraceBehavior [ RunTime:0.000325s ]
INFO: [ app_end ] --END-- [ RunTime:0.000356s ]

[ 2017-12-05T23:03:07+08:00 ] 223.88.187.41 /default.php
INFO: [ app_init ] --START--
INFO: Run Behavior\BuildLiteBehavior [ RunTime:0.000013s ]
INFO: [ app_init ] --END-- [ RunTime:0.000232s ]
INFO: [ app_begin ] --START--
INFO: Run Behavior\ReadHtmlCacheBehavior [ RunTime:0.000302s ]
INFO: [ app_begin ] --END-- [ RunTime:0.000334s ]
SQL: SHOW COLUMNS FROM `xs_column` [ RunTime:0.0005s ]
SQL: SELECT * FROM `xs_column` WHERE ( column_leftid = 0 ) ORDER BY sort  [ RunTime:0.0001s ]
SQL: SELECT * FROM `xs_column` WHERE ( column_leftid = 54 )  [ RunTime:0.0001s ]
SQL: SELECT * FROM `xs_column` WHERE ( column_leftid = 48 )  [ RunTime:0.0001s ]
SQL: SELECT * FROM `xs_column` WHERE ( column_leftid = 58 )  [ RunTime:0.0001s ]
SQL: SELECT * FROM `xs_column` WHERE ( column_leftid = 49 )  [ RunTime:0.0001s ]
SQL: SELECT * FROM `xs_column` WHERE ( column_leftid = 53 )  [ RunTime:0.0001s ]
SQL: SHOW COLUMNS FROM `xs_banner` [ RunTime:0.0004s ]
SQL: SELECT * FROM `xs_banner` ORDER BY sort  [ RunTime:0.0001s ]
SQL: SHOW COLUMNS FROM `xs_article` [ RunTime:0.0004s ]
SQL: SELECT * FROM `xs_article` WHERE ( columnid = 48 and image <> '' ) ORDER BY id desc LIMIT 6   [ RunTime:0.0001s ]
SQL: SELECT * FROM `xs_article` WHERE ( columnid = 49 ) ORDER BY id desc LIMIT 6   [ RunTime:0.0002s ]
SQL: SELECT `content` FROM `xs_column` WHERE ( id = 54 ) LIMIT 1   [ RunTime:0.0001s ]
INFO: [ view_parse ] --START--
INFO: [ template_filter ] --START--
INFO: Run Behavior\ContentReplaceBehavior [ RunTime:0.000055s ]
INFO: [ template_filter ] --END-- [ RunTime:0.000099s ]
INFO: Run Behavior\ParseTemplateBehavior [ RunTime:0.009161s ]
INFO: [ view_parse ] --END-- [ RunTime:0.009209s ]
INFO: [ view_filter ] --START--
INFO: Run Behavior\WriteHtmlCacheBehavior [ RunTime:0.000103s ]
INFO: [ view_filter ] --END-- [ RunTime:0.000128s ]
INFO: [ app_end ] --START--
INFO: Run Behavior\ShowPageTraceBehavior [ RunTime:0.000326s ]
INFO: [ app_end ] --END-- [ RunTime:0.000356s ]

