[ 2017-11-28T09:49:25+08:00 ] 61.158.149.24 /default.php
INFO: [ app_init ] --START--
INFO: Run Behavior\BuildLiteBehavior [ RunTime:0.000009s ]
INFO: [ app_init ] --END-- [ RunTime:0.000214s ]
INFO: [ app_begin ] --START--
INFO: Run Behavior\ReadHtmlCacheBehavior [ RunTime:0.000298s ]
INFO: [ app_begin ] --END-- [ RunTime:0.000329s ]
SQL: SHOW COLUMNS FROM `xs_column` [ RunTime:0.0004s ]
SQL: SELECT * FROM `xs_column` WHERE ( column_leftid = 0 ) ORDER BY sort  [ RunTime:0.0001s ]
SQL: SELECT * FROM `xs_column` WHERE ( column_leftid = 54 )  [ RunTime:0.0001s ]
SQL: SELECT * FROM `xs_column` WHERE ( column_leftid = 48 )  [ RunTime:0.0001s ]
SQL: SELECT * FROM `xs_column` WHERE ( column_leftid = 58 )  [ RunTime:0.0001s ]
SQL: SELECT * FROM `xs_column` WHERE ( column_leftid = 49 )  [ RunTime:0.0001s ]
SQL: SELECT * FROM `xs_column` WHERE ( column_leftid = 53 )  [ RunTime:0.0001s ]
SQL: SHOW COLUMNS FROM `xs_banner` [ RunTime:0.0003s ]
SQL: SELECT * FROM `xs_banner` ORDER BY sort  [ RunTime:0.0001s ]
SQL: SHOW COLUMNS FROM `xs_article` [ RunTime:0.0003s ]
SQL: SELECT * FROM `xs_article` WHERE ( columnid = 48 and image <> '' ) ORDER BY id desc LIMIT 6   [ RunTime:0.0001s ]
SQL: SELECT * FROM `xs_article` WHERE ( columnid = 49 ) ORDER BY id desc LIMIT 6   [ RunTime:0.0002s ]
SQL: SELECT `content` FROM `xs_column` WHERE ( id = 54 ) LIMIT 1   [ RunTime:0.0001s ]
INFO: [ view_parse ] --START--
INFO: [ template_filter ] --START--
INFO: Run Behavior\ContentReplaceBehavior [ RunTime:0.000046s ]
INFO: [ template_filter ] --END-- [ RunTime:0.000078s ]
INFO: Run Behavior\ParseTemplateBehavior [ RunTime:0.008896s ]
INFO: [ view_parse ] --END-- [ RunTime:0.008928s ]
INFO: [ view_filter ] --START--
INFO: Run Behavior\WriteHtmlCacheBehavior [ RunTime:0.000100s ]
INFO: [ view_filter ] --END-- [ RunTime:0.000125s ]
INFO: [ app_end ] --START--
INFO: Run Behavior\ShowPageTraceBehavior [ RunTime:0.000311s ]
INFO: [ app_end ] --END-- [ RunTime:0.000341s ]

[ 2017-11-28T09:49:25+08:00 ] 61.158.149.24 /default.php
INFO: [ app_init ] --START--
INFO: Run Behavior\BuildLiteBehavior [ RunTime:0.000009s ]
INFO: [ app_init ] --END-- [ RunTime:0.000229s ]
INFO: [ app_begin ] --START--
INFO: Run Behavior\ReadHtmlCacheBehavior [ RunTime:0.000297s ]
INFO: [ app_begin ] --END-- [ RunTime:0.000330s ]
SQL: SHOW COLUMNS FROM `xs_column` [ RunTime:0.0005s ]
SQL: SELECT * FROM `xs_column` WHERE ( column_leftid = 0 ) ORDER BY sort  [ RunTime:0.0001s ]
SQL: SELECT * FROM `xs_column` WHERE ( column_leftid = 54 )  [ RunTime:0.0001s ]
SQL: SELECT * FROM `xs_column` WHERE ( column_leftid = 48 )  [ RunTime:0.0001s ]
SQL: SELECT * FROM `xs_column` WHERE ( column_leftid = 58 )  [ RunTime:0.0001s ]
SQL: SELECT * FROM `xs_column` WHERE ( column_leftid = 49 )  [ RunTime:0.0001s ]
SQL: SELECT * FROM `xs_column` WHERE ( column_leftid = 53 )  [ RunTime:0.0001s ]
SQL: SHOW COLUMNS FROM `xs_banner` [ RunTime:0.0003s ]
SQL: SELECT * FROM `xs_banner` ORDER BY sort  [ RunTime:0.0001s ]
SQL: SHOW COLUMNS FROM `xs_article` [ RunTime:0.0003s ]
SQL: SELECT * FROM `xs_article` WHERE ( columnid = 48 and image <> '' ) ORDER BY id desc LIMIT 6   [ RunTime:0.0001s ]
SQL: SELECT * FROM `xs_article` WHERE ( columnid = 49 ) ORDER BY id desc LIMIT 6   [ RunTime:0.0002s ]
SQL: SELECT `content` FROM `xs_column` WHERE ( id = 54 ) LIMIT 1   [ RunTime:0.0001s ]
INFO: [ view_parse ] --START--
INFO: [ template_filter ] --START--
INFO: Run Behavior\ContentReplaceBehavior [ RunTime:0.000045s ]
INFO: [ template_filter ] --END-- [ RunTime:0.000077s ]
INFO: Run Behavior\ParseTemplateBehavior [ RunTime:0.008866s ]
INFO: [ view_parse ] --END-- [ RunTime:0.008896s ]
INFO: [ view_filter ] --START--
INFO: Run Behavior\WriteHtmlCacheBehavior [ RunTime:0.000102s ]
INFO: [ view_filter ] --END-- [ RunTime:0.000127s ]
INFO: [ app_end ] --START--
INFO: Run Behavior\ShowPageTraceBehavior [ RunTime:0.000299s ]
INFO: [ app_end ] --END-- [ RunTime:0.000328s ]

[ 2017-11-28T11:17:40+08:00 ] 39.165.224.138 /default.php
INFO: [ app_init ] --START--
INFO: Run Behavior\BuildLiteBehavior [ RunTime:0.000013s ]
INFO: [ app_init ] --END-- [ RunTime:0.000239s ]
INFO: [ app_begin ] --START--
INFO: Run Behavior\ReadHtmlCacheBehavior [ RunTime:0.000290s ]
INFO: [ app_begin ] --END-- [ RunTime:0.000331s ]
SQL: SHOW COLUMNS FROM `xs_column` [ RunTime:0.0005s ]
SQL: SELECT * FROM `xs_column` WHERE ( column_leftid = 0 ) ORDER BY sort  [ RunTime:0.0004s ]
SQL: SELECT * FROM `xs_column` WHERE ( column_leftid = 54 )  [ RunTime:0.0002s ]
SQL: SELECT * FROM `xs_column` WHERE ( column_leftid = 48 )  [ RunTime:0.0002s ]
SQL: SELECT * FROM `xs_column` WHERE ( column_leftid = 58 )  [ RunTime:0.0002s ]
SQL: SELECT * FROM `xs_column` WHERE ( column_leftid = 49 )  [ RunTime:0.0001s ]
SQL: SELECT * FROM `xs_column` WHERE ( column_leftid = 53 )  [ RunTime:0.0001s ]
SQL: SHOW COLUMNS FROM `xs_banner` [ RunTime:0.0003s ]
SQL: SELECT * FROM `xs_banner` ORDER BY sort  [ RunTime:0.0002s ]
SQL: SHOW COLUMNS FROM `xs_article` [ RunTime:0.0004s ]
SQL: SELECT * FROM `xs_article` WHERE ( columnid = 48 and image <> '' ) ORDER BY id desc LIMIT 6   [ RunTime:0.0004s ]
SQL: SELECT * FROM `xs_article` WHERE ( columnid = 49 ) ORDER BY id desc LIMIT 6   [ RunTime:0.0004s ]
SQL: SELECT `content` FROM `xs_column` WHERE ( id = 54 ) LIMIT 1   [ RunTime:0.0001s ]
INFO: [ view_parse ] --START--
INFO: [ template_filter ] --START--
INFO: Run Behavior\ContentReplaceBehavior [ RunTime:0.000054s ]
INFO: [ template_filter ] --END-- [ RunTime:0.000089s ]
INFO: Run Behavior\ParseTemplateBehavior [ RunTime:0.009549s ]
INFO: [ view_parse ] --END-- [ RunTime:0.009583s ]
INFO: [ view_filter ] --START--
INFO: Run Behavior\WriteHtmlCacheBehavior [ RunTime:0.000114s ]
INFO: [ view_filter ] --END-- [ RunTime:0.000140s ]
INFO: [ app_end ] --START--
INFO: Run Behavior\ShowPageTraceBehavior [ RunTime:0.000337s ]
INFO: [ app_end ] --END-- [ RunTime:0.000368s ]

[ 2017-11-28T11:17:42+08:00 ] 39.165.224.138 /default.php
INFO: [ app_init ] --START--
INFO: Run Behavior\BuildLiteBehavior [ RunTime:0.000020s ]
INFO: [ app_init ] --END-- [ RunTime:0.000237s ]
INFO: [ app_begin ] --START--
INFO: Run Behavior\ReadHtmlCacheBehavior [ RunTime:0.000304s ]
INFO: [ app_begin ] --END-- [ RunTime:0.000338s ]
SQL: SHOW COLUMNS FROM `xs_column` [ RunTime:0.0006s ]
SQL: SELECT * FROM `xs_column` WHERE ( column_leftid = 0 ) ORDER BY sort  [ RunTime:0.0001s ]
SQL: SELECT * FROM `xs_column` WHERE ( column_leftid = 54 )  [ RunTime:0.0001s ]
SQL: SELECT * FROM `xs_column` WHERE ( column_leftid = 48 )  [ RunTime:0.0001s ]
SQL: SELECT * FROM `xs_column` WHERE ( column_leftid = 58 )  [ RunTime:0.0001s ]
SQL: SELECT * FROM `xs_column` WHERE ( column_leftid = 49 )  [ RunTime:0.0001s ]
SQL: SELECT * FROM `xs_column` WHERE ( column_leftid = 53 )  [ RunTime:0.0001s ]
SQL: SHOW COLUMNS FROM `xs_banner` [ RunTime:0.0003s ]
SQL: SELECT * FROM `xs_banner` ORDER BY sort  [ RunTime:0.0001s ]
SQL: SHOW COLUMNS FROM `xs_article` [ RunTime:0.0004s ]
SQL: SELECT * FROM `xs_article` WHERE ( columnid = 48 and image <> '' ) ORDER BY id desc LIMIT 6   [ RunTime:0.0001s ]
SQL: SELECT * FROM `xs_article` WHERE ( columnid = 49 ) ORDER BY id desc LIMIT 6   [ RunTime:0.0002s ]
SQL: SELECT `content` FROM `xs_column` WHERE ( id = 54 ) LIMIT 1   [ RunTime:0.0001s ]
INFO: [ view_parse ] --START--
INFO: [ template_filter ] --START--
INFO: Run Behavior\ContentReplaceBehavior [ RunTime:0.000056s ]
INFO: [ template_filter ] --END-- [ RunTime:0.000099s ]
INFO: Run Behavior\ParseTemplateBehavior [ RunTime:0.009477s ]
INFO: [ view_parse ] --END-- [ RunTime:0.009511s ]
INFO: [ view_filter ] --START--
INFO: Run Behavior\WriteHtmlCacheBehavior [ RunTime:0.000106s ]
INFO: [ view_filter ] --END-- [ RunTime:0.000131s ]
INFO: [ app_end ] --START--
INFO: Run Behavior\ShowPageTraceBehavior [ RunTime:0.000366s ]
INFO: [ app_end ] --END-- [ RunTime:0.000398s ]

[ 2017-11-28T11:57:27+08:00 ] 120.219.27.85 /default.php
INFO: [ app_init ] --START--
INFO: Run Behavior\BuildLiteBehavior [ RunTime:0.000013s ]
INFO: [ app_init ] --END-- [ RunTime:0.000242s ]
INFO: [ app_begin ] --START--
INFO: Run Behavior\ReadHtmlCacheBehavior [ RunTime:0.000297s ]
INFO: [ app_begin ] --END-- [ RunTime:0.000331s ]
SQL: SHOW COLUMNS FROM `xs_column` [ RunTime:0.0005s ]
SQL: SELECT * FROM `xs_column` WHERE ( column_leftid = 0 ) ORDER BY sort  [ RunTime:0.0001s ]
SQL: SELECT * FROM `xs_column` WHERE ( column_leftid = 54 )  [ RunTime:0.0001s ]
SQL: SELECT * FROM `xs_column` WHERE ( column_leftid = 48 )  [ RunTime:0.0001s ]
SQL: SELECT * FROM `xs_column` WHERE ( column_leftid = 58 )  [ RunTime:0.0001s ]
SQL: SELECT * FROM `xs_column` WHERE ( column_leftid = 49 )  [ RunTime:0.0001s ]
SQL: SELECT * FROM `xs_column` WHERE ( column_leftid = 53 )  [ RunTime:0.0001s ]
SQL: SHOW COLUMNS FROM `xs_banner` [ RunTime:0.0004s ]
SQL: SELECT * FROM `xs_banner` ORDER BY sort  [ RunTime:0.0001s ]
SQL: SHOW COLUMNS FROM `xs_article` [ RunTime:0.0004s ]
SQL: SELECT * FROM `xs_article` WHERE ( columnid = 48 and image <> '' ) ORDER BY id desc LIMIT 6   [ RunTime:0.0001s ]
SQL: SELECT * FROM `xs_article` WHERE ( columnid = 49 ) ORDER BY id desc LIMIT 6   [ RunTime:0.0003s ]
SQL: SELECT `content` FROM `xs_column` WHERE ( id = 54 ) LIMIT 1   [ RunTime:0.0001s ]
INFO: [ view_parse ] --START--
INFO: [ template_filter ] --START--
INFO: Run Behavior\ContentReplaceBehavior [ RunTime:0.000057s ]
INFO: [ template_filter ] --END-- [ RunTime:0.000105s ]
INFO: Run Behavior\ParseTemplateBehavior [ RunTime:0.009414s ]
INFO: [ view_parse ] --END-- [ RunTime:0.009451s ]
INFO: [ view_filter ] --START--
INFO: Run Behavior\WriteHtmlCacheBehavior [ RunTime:0.000116s ]
INFO: [ view_filter ] --END-- [ RunTime:0.000142s ]
INFO: [ app_end ] --START--
INFO: Run Behavior\ShowPageTraceBehavior [ RunTime:0.000356s ]
INFO: [ app_end ] --END-- [ RunTime:0.000388s ]

[ 2017-11-28T11:57:27+08:00 ] 120.219.27.85 /default.php
INFO: [ app_init ] --START--
INFO: Run Behavior\BuildLiteBehavior [ RunTime:0.000013s ]
INFO: [ app_init ] --END-- [ RunTime:0.000291s ]
INFO: [ app_begin ] --START--
INFO: Run Behavior\ReadHtmlCacheBehavior [ RunTime:0.000296s ]
INFO: [ app_begin ] --END-- [ RunTime:0.000330s ]
SQL: SHOW COLUMNS FROM `xs_column` [ RunTime:0.0005s ]
SQL: SELECT * FROM `xs_column` WHERE ( column_leftid = 0 ) ORDER BY sort  [ RunTime:0.0001s ]
SQL: SELECT * FROM `xs_column` WHERE ( column_leftid = 54 )  [ RunTime:0.0001s ]
SQL: SELECT * FROM `xs_column` WHERE ( column_leftid = 48 )  [ RunTime:0.0001s ]
SQL: SELECT * FROM `xs_column` WHERE ( column_leftid = 58 )  [ RunTime:0.0001s ]
SQL: SELECT * FROM `xs_column` WHERE ( column_leftid = 49 )  [ RunTime:0.0001s ]
SQL: SELECT * FROM `xs_column` WHERE ( column_leftid = 53 )  [ RunTime:0.0001s ]
SQL: SHOW COLUMNS FROM `xs_banner` [ RunTime:0.0003s ]
SQL: SELECT * FROM `xs_banner` ORDER BY sort  [ RunTime:0.0001s ]
SQL: SHOW COLUMNS FROM `xs_article` [ RunTime:0.0003s ]
SQL: SELECT * FROM `xs_article` WHERE ( columnid = 48 and image <> '' ) ORDER BY id desc LIMIT 6   [ RunTime:0.0001s ]
SQL: SELECT * FROM `xs_article` WHERE ( columnid = 49 ) ORDER BY id desc LIMIT 6   [ RunTime:0.0002s ]
SQL: SELECT `content` FROM `xs_column` WHERE ( id = 54 ) LIMIT 1   [ RunTime:0.0001s ]
INFO: [ view_parse ] --START--
INFO: [ template_filter ] --START--
INFO: Run Behavior\ContentReplaceBehavior [ RunTime:0.000070s ]
INFO: [ template_filter ] --END-- [ RunTime:0.000146s ]
INFO: Run Behavior\ParseTemplateBehavior [ RunTime:0.011015s ]
INFO: [ view_parse ] --END-- [ RunTime:0.011050s ]
INFO: [ view_filter ] --START--
INFO: Run Behavior\WriteHtmlCacheBehavior [ RunTime:0.000132s ]
INFO: [ view_filter ] --END-- [ RunTime:0.000158s ]
INFO: [ app_end ] --START--
INFO: Run Behavior\ShowPageTraceBehavior [ RunTime:0.000400s ]
INFO: [ app_end ] --END-- [ RunTime:0.000431s ]

[ 2017-11-28T11:57:40+08:00 ] 120.219.27.85 /default.php/Home/List/view/id/41.html
INFO: [ app_init ] --START--
INFO: Run Behavior\BuildLiteBehavior [ RunTime:0.000012s ]
INFO: [ app_init ] --END-- [ RunTime:0.000237s ]
INFO: [ app_begin ] --START--
INFO: Run Behavior\ReadHtmlCacheBehavior [ RunTime:0.000308s ]
INFO: [ app_begin ] --END-- [ RunTime:0.000343s ]
SQL: SHOW COLUMNS FROM `xs_column` [ RunTime:0.0007s ]
SQL: SELECT * FROM `xs_column` WHERE ( column_leftid = 0 ) ORDER BY sort  [ RunTime:0.0002s ]
SQL: SELECT * FROM `xs_column` WHERE ( column_leftid = 54 )  [ RunTime:0.0001s ]
SQL: SELECT * FROM `xs_column` WHERE ( column_leftid = 48 )  [ RunTime:0.0001s ]
SQL: SELECT * FROM `xs_column` WHERE ( column_leftid = 58 )  [ RunTime:0.0001s ]
SQL: SELECT * FROM `xs_column` WHERE ( column_leftid = 49 )  [ RunTime:0.0001s ]
SQL: SELECT * FROM `xs_column` WHERE ( column_leftid = 53 )  [ RunTime:0.0001s ]
SQL: SHOW COLUMNS FROM `xs_article` [ RunTime:0.0005s ]
SQL: SELECT * FROM `xs_article` WHERE ( id = 41 ) LIMIT 1   [ RunTime:0.0003s ]
INFO: [ view_parse ] --START--
INFO: [ template_filter ] --START--
INFO: Run Behavior\ContentReplaceBehavior [ RunTime:0.000082s ]
INFO: [ template_filter ] --END-- [ RunTime:0.000155s ]
INFO: Run Behavior\ParseTemplateBehavior [ RunTime:0.020054s ]
INFO: [ view_parse ] --END-- [ RunTime:0.020095s ]
INFO: [ view_filter ] --START--
INFO: Run Behavior\WriteHtmlCacheBehavior [ RunTime:0.000142s ]
INFO: [ view_filter ] --END-- [ RunTime:0.000179s ]
INFO: [ app_end ] --START--
INFO: Run Behavior\ShowPageTraceBehavior [ RunTime:0.000501s ]
INFO: [ app_end ] --END-- [ RunTime:0.000547s ]

[ 2017-11-28T11:58:09+08:00 ] 120.219.27.85 /default.php
INFO: [ app_init ] --START--
INFO: Run Behavior\BuildLiteBehavior [ RunTime:0.000016s ]
INFO: [ app_init ] --END-- [ RunTime:0.000282s ]
INFO: [ app_begin ] --START--
INFO: Run Behavior\ReadHtmlCacheBehavior [ RunTime:0.000354s ]
INFO: [ app_begin ] --END-- [ RunTime:0.000391s ]
SQL: SHOW COLUMNS FROM `xs_column` [ RunTime:0.0006s ]
SQL: SELECT * FROM `xs_column` WHERE ( column_leftid = 0 ) ORDER BY sort  [ RunTime:0.0001s ]
SQL: SELECT * FROM `xs_column` WHERE ( column_leftid = 54 )  [ RunTime:0.0001s ]
SQL: SELECT * FROM `xs_column` WHERE ( column_leftid = 48 )  [ RunTime:0.0001s ]
SQL: SELECT * FROM `xs_column` WHERE ( column_leftid = 58 )  [ RunTime:0.0001s ]
SQL: SELECT * FROM `xs_column` WHERE ( column_leftid = 49 )  [ RunTime:0.0001s ]
SQL: SELECT * FROM `xs_column` WHERE ( column_leftid = 53 )  [ RunTime:0.0001s ]
SQL: SHOW COLUMNS FROM `xs_banner` [ RunTime:0.0004s ]
SQL: SELECT * FROM `xs_banner` ORDER BY sort  [ RunTime:0.0001s ]
SQL: SHOW COLUMNS FROM `xs_article` [ RunTime:0.0005s ]
SQL: SELECT * FROM `xs_article` WHERE ( columnid = 48 and image <> '' ) ORDER BY id desc LIMIT 6   [ RunTime:0.0001s ]
SQL: SELECT * FROM `xs_article` WHERE ( columnid = 49 ) ORDER BY id desc LIMIT 6   [ RunTime:0.0003s ]
SQL: SELECT `content` FROM `xs_column` WHERE ( id = 54 ) LIMIT 1   [ RunTime:0.0001s ]
INFO: [ view_parse ] --START--
INFO: [ template_filter ] --START--
INFO: Run Behavior\ContentReplaceBehavior [ RunTime:0.000060s ]
INFO: [ template_filter ] --END-- [ RunTime:0.000112s ]
INFO: Run Behavior\ParseTemplateBehavior [ RunTime:0.009463s ]
INFO: [ view_parse ] --END-- [ RunTime:0.009501s ]
INFO: [ view_filter ] --START--
INFO: Run Behavior\WriteHtmlCacheBehavior [ RunTime:0.000127s ]
INFO: [ view_filter ] --END-- [ RunTime:0.000153s ]
INFO: [ app_end ] --START--
INFO: Run Behavior\ShowPageTraceBehavior [ RunTime:0.000345s ]
INFO: [ app_end ] --END-- [ RunTime:0.000375s ]

[ 2017-11-28T11:58:09+08:00 ] 120.219.27.85 /default.php
INFO: [ app_init ] --START--
INFO: Run Behavior\BuildLiteBehavior [ RunTime:0.000015s ]
INFO: [ app_init ] --END-- [ RunTime:0.000320s ]
INFO: [ app_begin ] --START--
INFO: Run Behavior\ReadHtmlCacheBehavior [ RunTime:0.000388s ]
INFO: [ app_begin ] --END-- [ RunTime:0.000431s ]
SQL: SHOW COLUMNS FROM `xs_column` [ RunTime:0.0007s ]
SQL: SELECT * FROM `xs_column` WHERE ( column_leftid = 0 ) ORDER BY sort  [ RunTime:0.0001s ]
SQL: SELECT * FROM `xs_column` WHERE ( column_leftid = 54 )  [ RunTime:0.0001s ]
SQL: SELECT * FROM `xs_column` WHERE ( column_leftid = 48 )  [ RunTime:0.0001s ]
SQL: SELECT * FROM `xs_column` WHERE ( column_leftid = 58 )  [ RunTime:0.0001s ]
SQL: SELECT * FROM `xs_column` WHERE ( column_leftid = 49 )  [ RunTime:0.0001s ]
SQL: SELECT * FROM `xs_column` WHERE ( column_leftid = 53 )  [ RunTime:0.0001s ]
SQL: SHOW COLUMNS FROM `xs_banner` [ RunTime:0.0004s ]
SQL: SELECT * FROM `xs_banner` ORDER BY sort  [ RunTime:0.0001s ]
SQL: SHOW COLUMNS FROM `xs_article` [ RunTime:0.0005s ]
SQL: SELECT * FROM `xs_article` WHERE ( columnid = 48 and image <> '' ) ORDER BY id desc LIMIT 6   [ RunTime:0.0001s ]
SQL: SELECT * FROM `xs_article` WHERE ( columnid = 49 ) ORDER BY id desc LIMIT 6   [ RunTime:0.0002s ]
SQL: SELECT `content` FROM `xs_column` WHERE ( id = 54 ) LIMIT 1   [ RunTime:0.0001s ]
INFO: [ view_parse ] --START--
INFO: [ template_filter ] --START--
INFO: Run Behavior\ContentReplaceBehavior [ RunTime:0.000083s ]
INFO: [ template_filter ] --END-- [ RunTime:0.000155s ]
INFO: Run Behavior\ParseTemplateBehavior [ RunTime:0.009489s ]
INFO: [ view_parse ] --END-- [ RunTime:0.009524s ]
INFO: [ view_filter ] --START--
INFO: Run Behavior\WriteHtmlCacheBehavior [ RunTime:0.000103s ]
INFO: [ view_filter ] --END-- [ RunTime:0.000128s ]
INFO: [ app_end ] --START--
INFO: Run Behavior\ShowPageTraceBehavior [ RunTime:0.000345s ]
INFO: [ app_end ] --END-- [ RunTime:0.000375s ]

[ 2017-11-28T12:04:02+08:00 ] 115.57.130.169 /default.php
INFO: [ app_init ] --START--
INFO: Run Behavior\BuildLiteBehavior [ RunTime:0.000012s ]
INFO: [ app_init ] --END-- [ RunTime:0.000243s ]
INFO: [ app_begin ] --START--
INFO: Run Behavior\ReadHtmlCacheBehavior [ RunTime:0.000296s ]
INFO: [ app_begin ] --END-- [ RunTime:0.000340s ]
SQL: SHOW COLUMNS FROM `xs_column` [ RunTime:0.0006s ]
SQL: SELECT * FROM `xs_column` WHERE ( column_leftid = 0 ) ORDER BY sort  [ RunTime:0.0001s ]
SQL: SELECT * FROM `xs_column` WHERE ( column_leftid = 54 )  [ RunTime:0.0001s ]
SQL: SELECT * FROM `xs_column` WHERE ( column_leftid = 48 )  [ RunTime:0.0001s ]
SQL: SELECT * FROM `xs_column` WHERE ( column_leftid = 58 )  [ RunTime:0.0001s ]
SQL: SELECT * FROM `xs_column` WHERE ( column_leftid = 49 )  [ RunTime:0.0001s ]
SQL: SELECT * FROM `xs_column` WHERE ( column_leftid = 53 )  [ RunTime:0.0001s ]
SQL: SHOW COLUMNS FROM `xs_banner` [ RunTime:0.0004s ]
SQL: SELECT * FROM `xs_banner` ORDER BY sort  [ RunTime:0.0001s ]
SQL: SHOW COLUMNS FROM `xs_article` [ RunTime:0.0004s ]
SQL: SELECT * FROM `xs_article` WHERE ( columnid = 48 and image <> '' ) ORDER BY id desc LIMIT 6   [ RunTime:0.0001s ]
SQL: SELECT * FROM `xs_article` WHERE ( columnid = 49 ) ORDER BY id desc LIMIT 6   [ RunTime:0.0002s ]
SQL: SELECT `content` FROM `xs_column` WHERE ( id = 54 ) LIMIT 1   [ RunTime:0.0001s ]
INFO: [ view_parse ] --START--
INFO: [ template_filter ] --START--
INFO: Run Behavior\ContentReplaceBehavior [ RunTime:0.000055s ]
INFO: [ template_filter ] --END-- [ RunTime:0.000099s ]
INFO: Run Behavior\ParseTemplateBehavior [ RunTime:0.009302s ]
INFO: [ view_parse ] --END-- [ RunTime:0.009335s ]
INFO: [ view_filter ] --START--
INFO: Run Behavior\WriteHtmlCacheBehavior [ RunTime:0.000106s ]
INFO: [ view_filter ] --END-- [ RunTime:0.000131s ]
INFO: [ app_end ] --START--
INFO: Run Behavior\ShowPageTraceBehavior [ RunTime:0.000331s ]
INFO: [ app_end ] --END-- [ RunTime:0.000360s ]

[ 2017-11-28T12:04:03+08:00 ] 115.57.130.169 /default.php
INFO: [ app_init ] --START--
INFO: Run Behavior\BuildLiteBehavior [ RunTime:0.000012s ]
INFO: [ app_init ] --END-- [ RunTime:0.000244s ]
INFO: [ app_begin ] --START--
INFO: Run Behavior\ReadHtmlCacheBehavior [ RunTime:0.000318s ]
INFO: [ app_begin ] --END-- [ RunTime:0.000351s ]
SQL: SHOW COLUMNS FROM `xs_column` [ RunTime:0.0005s ]
SQL: SELECT * FROM `xs_column` WHERE ( column_leftid = 0 ) ORDER BY sort  [ RunTime:0.0001s ]
SQL: SELECT * FROM `xs_column` WHERE ( column_leftid = 54 )  [ RunTime:0.0001s ]
SQL: SELECT * FROM `xs_column` WHERE ( column_leftid = 48 )  [ RunTime:0.0001s ]
SQL: SELECT * FROM `xs_column` WHERE ( column_leftid = 58 )  [ RunTime:0.0001s ]
SQL: SELECT * FROM `xs_column` WHERE ( column_leftid = 49 )  [ RunTime:0.0001s ]
SQL: SELECT * FROM `xs_column` WHERE ( column_leftid = 53 )  [ RunTime:0.0001s ]
SQL: SHOW COLUMNS FROM `xs_banner` [ RunTime:0.0003s ]
SQL: SELECT * FROM `xs_banner` ORDER BY sort  [ RunTime:0.0001s ]
SQL: SHOW COLUMNS FROM `xs_article` [ RunTime:0.0003s ]
SQL: SELECT * FROM `xs_article` WHERE ( columnid = 48 and image <> '' ) ORDER BY id desc LIMIT 6   [ RunTime:0.0001s ]
SQL: SELECT * FROM `xs_article` WHERE ( columnid = 49 ) ORDER BY id desc LIMIT 6   [ RunTime:0.0002s ]
SQL: SELECT `content` FROM `xs_column` WHERE ( id = 54 ) LIMIT 1   [ RunTime:0.0001s ]
INFO: [ view_parse ] --START--
INFO: [ template_filter ] --START--
INFO: Run Behavior\ContentReplaceBehavior [ RunTime:0.000055s ]
INFO: [ template_filter ] --END-- [ RunTime:0.000099s ]
INFO: Run Behavior\ParseTemplateBehavior [ RunTime:0.009281s ]
INFO: [ view_parse ] --END-- [ RunTime:0.009314s ]
INFO: [ view_filter ] --START--
INFO: Run Behavior\WriteHtmlCacheBehavior [ RunTime:0.000105s ]
INFO: [ view_filter ] --END-- [ RunTime:0.000129s ]
INFO: [ app_end ] --START--
INFO: Run Behavior\ShowPageTraceBehavior [ RunTime:0.000326s ]
INFO: [ app_end ] --END-- [ RunTime:0.000355s ]

[ 2017-11-28T12:19:58+08:00 ] 61.158.149.24 /default.php
INFO: [ app_init ] --START--
INFO: Run Behavior\BuildLiteBehavior [ RunTime:0.000012s ]
INFO: [ app_init ] --END-- [ RunTime:0.000236s ]
INFO: [ app_begin ] --START--
INFO: Run Behavior\ReadHtmlCacheBehavior [ RunTime:0.000299s ]
INFO: [ app_begin ] --END-- [ RunTime:0.000332s ]
SQL: SHOW COLUMNS FROM `xs_column` [ RunTime:0.0005s ]
SQL: SELECT * FROM `xs_column` WHERE ( column_leftid = 0 ) ORDER BY sort  [ RunTime:0.0001s ]
SQL: SELECT * FROM `xs_column` WHERE ( column_leftid = 54 )  [ RunTime:0.0001s ]
SQL: SELECT * FROM `xs_column` WHERE ( column_leftid = 48 )  [ RunTime:0.0001s ]
SQL: SELECT * FROM `xs_column` WHERE ( column_leftid = 58 )  [ RunTime:0.0001s ]
SQL: SELECT * FROM `xs_column` WHERE ( column_leftid = 49 )  [ RunTime:0.0001s ]
SQL: SELECT * FROM `xs_column` WHERE ( column_leftid = 53 )  [ RunTime:0.0001s ]
SQL: SHOW COLUMNS FROM `xs_banner` [ RunTime:0.0003s ]
SQL: SELECT * FROM `xs_banner` ORDER BY sort  [ RunTime:0.0001s ]
SQL: SHOW COLUMNS FROM `xs_article` [ RunTime:0.0004s ]
SQL: SELECT * FROM `xs_article` WHERE ( columnid = 48 and image <> '' ) ORDER BY id desc LIMIT 6   [ RunTime:0.0001s ]
SQL: SELECT * FROM `xs_article` WHERE ( columnid = 49 ) ORDER BY id desc LIMIT 6   [ RunTime:0.0002s ]
SQL: SELECT `content` FROM `xs_column` WHERE ( id = 54 ) LIMIT 1   [ RunTime:0.0001s ]
INFO: [ view_parse ] --START--
INFO: [ template_filter ] --START--
INFO: Run Behavior\ContentReplaceBehavior [ RunTime:0.000049s ]
INFO: [ template_filter ] --END-- [ RunTime:0.000083s ]
INFO: Run Behavior\ParseTemplateBehavior [ RunTime:0.009184s ]
INFO: [ view_parse ] --END-- [ RunTime:0.009216s ]
INFO: [ view_filter ] --START--
INFO: Run Behavior\WriteHtmlCacheBehavior [ RunTime:0.000094s ]
INFO: [ view_filter ] --END-- [ RunTime:0.000119s ]
INFO: [ app_end ] --START--
INFO: Run Behavior\ShowPageTraceBehavior [ RunTime:0.000338s ]
INFO: [ app_end ] --END-- [ RunTime:0.000369s ]

[ 2017-11-28T12:19:59+08:00 ] 61.158.149.24 /default.php
INFO: [ app_init ] --START--
INFO: Run Behavior\BuildLiteBehavior [ RunTime:0.000012s ]
INFO: [ app_init ] --END-- [ RunTime:0.000264s ]
INFO: [ app_begin ] --START--
INFO: Run Behavior\ReadHtmlCacheBehavior [ RunTime:0.000326s ]
INFO: [ app_begin ] --END-- [ RunTime:0.000360s ]
SQL: SHOW COLUMNS FROM `xs_column` [ RunTime:0.0005s ]
SQL: SELECT * FROM `xs_column` WHERE ( column_leftid = 0 ) ORDER BY sort  [ RunTime:0.0001s ]
SQL: SELECT * FROM `xs_column` WHERE ( column_leftid = 54 )  [ RunTime:0.0001s ]
SQL: SELECT * FROM `xs_column` WHERE ( column_leftid = 48 )  [ RunTime:0.0001s ]
SQL: SELECT * FROM `xs_column` WHERE ( column_leftid = 58 )  [ RunTime:0.0001s ]
SQL: SELECT * FROM `xs_column` WHERE ( column_leftid = 49 )  [ RunTime:0.0001s ]
SQL: SELECT * FROM `xs_column` WHERE ( column_leftid = 53 )  [ RunTime:0.0001s ]
SQL: SHOW COLUMNS FROM `xs_banner` [ RunTime:0.0003s ]
SQL: SELECT * FROM `xs_banner` ORDER BY sort  [ RunTime:0.0001s ]
SQL: SHOW COLUMNS FROM `xs_article` [ RunTime:0.0004s ]
SQL: SELECT * FROM `xs_article` WHERE ( columnid = 48 and image <> '' ) ORDER BY id desc LIMIT 6   [ RunTime:0.0001s ]
SQL: SELECT * FROM `xs_article` WHERE ( columnid = 49 ) ORDER BY id desc LIMIT 6   [ RunTime:0.0002s ]
SQL: SELECT `content` FROM `xs_column` WHERE ( id = 54 ) LIMIT 1   [ RunTime:0.0001s ]
INFO: [ view_parse ] --START--
INFO: [ template_filter ] --START--
INFO: Run Behavior\ContentReplaceBehavior [ RunTime:0.000059s ]
INFO: [ template_filter ] --END-- [ RunTime:0.000093s ]
INFO: Run Behavior\ParseTemplateBehavior [ RunTime:0.011821s ]
INFO: [ view_parse ] --END-- [ RunTime:0.011859s ]
INFO: [ view_filter ] --START--
INFO: Run Behavior\WriteHtmlCacheBehavior [ RunTime:0.000096s ]
INFO: [ view_filter ] --END-- [ RunTime:0.000119s ]
INFO: [ app_end ] --START--
INFO: Run Behavior\ShowPageTraceBehavior [ RunTime:0.000320s ]
INFO: [ app_end ] --END-- [ RunTime:0.000349s ]

[ 2017-11-28T14:16:55+08:00 ] 223.104.19.41 /default.php
INFO: [ app_init ] --START--
INFO: Run Behavior\BuildLiteBehavior [ RunTime:0.000014s ]
INFO: [ app_init ] --END-- [ RunTime:0.000235s ]
INFO: [ app_begin ] --START--
INFO: Run Behavior\ReadHtmlCacheBehavior [ RunTime:0.000310s ]
INFO: [ app_begin ] --END-- [ RunTime:0.000343s ]
SQL: SHOW COLUMNS FROM `xs_column` [ RunTime:0.0005s ]
SQL: SELECT * FROM `xs_column` WHERE ( column_leftid = 0 ) ORDER BY sort  [ RunTime:0.0001s ]
SQL: SELECT * FROM `xs_column` WHERE ( column_leftid = 54 )  [ RunTime:0.0001s ]
SQL: SELECT * FROM `xs_column` WHERE ( column_leftid = 48 )  [ RunTime:0.0001s ]
SQL: SELECT * FROM `xs_column` WHERE ( column_leftid = 58 )  [ RunTime:0.0001s ]
SQL: SELECT * FROM `xs_column` WHERE ( column_leftid = 49 )  [ RunTime:0.0001s ]
SQL: SELECT * FROM `xs_column` WHERE ( column_leftid = 53 )  [ RunTime:0.0001s ]
SQL: SHOW COLUMNS FROM `xs_banner` [ RunTime:0.0004s ]
SQL: SELECT * FROM `xs_banner` ORDER BY sort  [ RunTime:0.0001s ]
SQL: SHOW COLUMNS FROM `xs_article` [ RunTime:0.0004s ]
SQL: SELECT * FROM `xs_article` WHERE ( columnid = 48 and image <> '' ) ORDER BY id desc LIMIT 6   [ RunTime:0.0001s ]
SQL: SELECT * FROM `xs_article` WHERE ( columnid = 49 ) ORDER BY id desc LIMIT 6   [ RunTime:0.0002s ]
SQL: SELECT `content` FROM `xs_column` WHERE ( id = 54 ) LIMIT 1   [ RunTime:0.0001s ]
INFO: [ view_parse ] --START--
INFO: [ template_filter ] --START--
INFO: Run Behavior\ContentReplaceBehavior [ RunTime:0.000046s ]
INFO: [ template_filter ] --END-- [ RunTime:0.000078s ]
INFO: Run Behavior\ParseTemplateBehavior [ RunTime:0.009764s ]
INFO: [ view_parse ] --END-- [ RunTime:0.009797s ]
INFO: [ view_filter ] --START--
INFO: Run Behavior\WriteHtmlCacheBehavior [ RunTime:0.000117s ]
INFO: [ view_filter ] --END-- [ RunTime:0.000141s ]
INFO: [ app_end ] --START--
INFO: Run Behavior\ShowPageTraceBehavior [ RunTime:0.000305s ]
INFO: [ app_end ] --END-- [ RunTime:0.000335s ]

[ 2017-11-28T14:26:34+08:00 ] 1.193.121.205 /default.php
INFO: [ app_init ] --START--
INFO: Run Behavior\BuildLiteBehavior [ RunTime:0.000011s ]
INFO: [ app_init ] --END-- [ RunTime:0.000241s ]
INFO: [ app_begin ] --START--
INFO: Run Behavior\ReadHtmlCacheBehavior [ RunTime:0.000299s ]
INFO: [ app_begin ] --END-- [ RunTime:0.000332s ]
SQL: SHOW COLUMNS FROM `xs_column` [ RunTime:0.0005s ]
SQL: SELECT * FROM `xs_column` WHERE ( column_leftid = 0 ) ORDER BY sort  [ RunTime:0.0001s ]
SQL: SELECT * FROM `xs_column` WHERE ( column_leftid = 54 )  [ RunTime:0.0001s ]
SQL: SELECT * FROM `xs_column` WHERE ( column_leftid = 48 )  [ RunTime:0.0001s ]
SQL: SELECT * FROM `xs_column` WHERE ( column_leftid = 58 )  [ RunTime:0.0001s ]
SQL: SELECT * FROM `xs_column` WHERE ( column_leftid = 49 )  [ RunTime:0.0001s ]
SQL: SELECT * FROM `xs_column` WHERE ( column_leftid = 53 )  [ RunTime:0.0001s ]
SQL: SHOW COLUMNS FROM `xs_banner` [ RunTime:0.0003s ]
SQL: SELECT * FROM `xs_banner` ORDER BY sort  [ RunTime:0.0001s ]
SQL: SHOW COLUMNS FROM `xs_article` [ RunTime:0.0004s ]
SQL: SELECT * FROM `xs_article` WHERE ( columnid = 48 and image <> '' ) ORDER BY id desc LIMIT 6   [ RunTime:0.0001s ]
SQL: SELECT * FROM `xs_article` WHERE ( columnid = 49 ) ORDER BY id desc LIMIT 6   [ RunTime:0.0002s ]
SQL: SELECT `content` FROM `xs_column` WHERE ( id = 54 ) LIMIT 1   [ RunTime:0.0001s ]
INFO: [ view_parse ] --START--
INFO: [ template_filter ] --START--
INFO: Run Behavior\ContentReplaceBehavior [ RunTime:0.000046s ]
INFO: [ template_filter ] --END-- [ RunTime:0.000078s ]
INFO: Run Behavior\ParseTemplateBehavior [ RunTime:0.008896s ]
INFO: [ view_parse ] --END-- [ RunTime:0.008927s ]
INFO: [ view_filter ] --START--
INFO: Run Behavior\WriteHtmlCacheBehavior [ RunTime:0.000103s ]
INFO: [ view_filter ] --END-- [ RunTime:0.000129s ]
INFO: [ app_end ] --START--
INFO: Run Behavior\ShowPageTraceBehavior [ RunTime:0.000292s ]
INFO: [ app_end ] --END-- [ RunTime:0.000320s ]

[ 2017-11-28T14:26:36+08:00 ] 1.193.121.205 /default.php
INFO: [ app_init ] --START--
INFO: Run Behavior\BuildLiteBehavior [ RunTime:0.000011s ]
INFO: [ app_init ] --END-- [ RunTime:0.000227s ]
INFO: [ app_begin ] --START--
INFO: Run Behavior\ReadHtmlCacheBehavior [ RunTime:0.000305s ]
INFO: [ app_begin ] --END-- [ RunTime:0.000339s ]
SQL: SHOW COLUMNS FROM `xs_column` [ RunTime:0.0005s ]
SQL: SELECT * FROM `xs_column` WHERE ( column_leftid = 0 ) ORDER BY sort  [ RunTime:0.0002s ]
SQL: SELECT * FROM `xs_column` WHERE ( column_leftid = 54 )  [ RunTime:0.0001s ]
SQL: SELECT * FROM `xs_column` WHERE ( column_leftid = 48 )  [ RunTime:0.0001s ]
SQL: SELECT * FROM `xs_column` WHERE ( column_leftid = 58 )  [ RunTime:0.0001s ]
SQL: SELECT * FROM `xs_column` WHERE ( column_leftid = 49 )  [ RunTime:0.0001s ]
SQL: SELECT * FROM `xs_column` WHERE ( column_leftid = 53 )  [ RunTime:0.0001s ]
SQL: SHOW COLUMNS FROM `xs_banner` [ RunTime:0.0004s ]
SQL: SELECT * FROM `xs_banner` ORDER BY sort  [ RunTime:0.0001s ]
SQL: SHOW COLUMNS FROM `xs_article` [ RunTime:0.0004s ]
SQL: SELECT * FROM `xs_article` WHERE ( columnid = 48 and image <> '' ) ORDER BY id desc LIMIT 6   [ RunTime:0.0001s ]
SQL: SELECT * FROM `xs_article` WHERE ( columnid = 49 ) ORDER BY id desc LIMIT 6   [ RunTime:0.0002s ]
SQL: SELECT `content` FROM `xs_column` WHERE ( id = 54 ) LIMIT 1   [ RunTime:0.0001s ]
INFO: [ view_parse ] --START--
INFO: [ template_filter ] --START--
INFO: Run Behavior\ContentReplaceBehavior [ RunTime:0.000050s ]
INFO: [ template_filter ] --END-- [ RunTime:0.000083s ]
INFO: Run Behavior\ParseTemplateBehavior [ RunTime:0.009078s ]
INFO: [ view_parse ] --END-- [ RunTime:0.009122s ]
INFO: [ view_filter ] --START--
INFO: Run Behavior\WriteHtmlCacheBehavior [ RunTime:0.000095s ]
INFO: [ view_filter ] --END-- [ RunTime:0.000120s ]

[ 2017-11-28T15:25:42+08:00 ] 171.10.201.172 /default.php
INFO: [ app_init ] --START--
INFO: Run Behavior\BuildLiteBehavior [ RunTime:0.000013s ]
INFO: [ app_init ] --END-- [ RunTime:0.000253s ]
INFO: [ app_begin ] --START--
INFO: Run Behavior\ReadHtmlCacheBehavior [ RunTime:0.000309s ]
INFO: [ app_begin ] --END-- [ RunTime:0.000343s ]
SQL: SHOW COLUMNS FROM `xs_column` [ RunTime:0.0005s ]
SQL: SELECT * FROM `xs_column` WHERE ( column_leftid = 0 ) ORDER BY sort  [ RunTime:0.0001s ]
SQL: SELECT * FROM `xs_column` WHERE ( column_leftid = 54 )  [ RunTime:0.0002s ]
SQL: SELECT * FROM `xs_column` WHERE ( column_leftid = 48 )  [ RunTime:0.0001s ]
SQL: SELECT * FROM `xs_column` WHERE ( column_leftid = 58 )  [ RunTime:0.0001s ]
SQL: SELECT * FROM `xs_column` WHERE ( column_leftid = 49 )  [ RunTime:0.0001s ]
SQL: SELECT * FROM `xs_column` WHERE ( column_leftid = 53 )  [ RunTime:0.0001s ]
SQL: SHOW COLUMNS FROM `xs_banner` [ RunTime:0.0004s ]
SQL: SELECT * FROM `xs_banner` ORDER BY sort  [ RunTime:0.0001s ]
SQL: SHOW COLUMNS FROM `xs_article` [ RunTime:0.0004s ]
SQL: SELECT * FROM `xs_article` WHERE ( columnid = 48 and image <> '' ) ORDER BY id desc LIMIT 6   [ RunTime:0.0001s ]
SQL: SELECT * FROM `xs_article` WHERE ( columnid = 49 ) ORDER BY id desc LIMIT 6   [ RunTime:0.0002s ]
SQL: SELECT `content` FROM `xs_column` WHERE ( id = 54 ) LIMIT 1   [ RunTime:0.0001s ]
INFO: [ view_parse ] --START--
INFO: [ template_filter ] --START--
INFO: Run Behavior\ContentReplaceBehavior [ RunTime:0.000058s ]
INFO: [ template_filter ] --END-- [ RunTime:0.000117s ]
INFO: Run Behavior\ParseTemplateBehavior [ RunTime:0.010783s ]
INFO: [ view_parse ] --END-- [ RunTime:0.010826s ]
INFO: [ view_filter ] --START--
INFO: Run Behavior\WriteHtmlCacheBehavior [ RunTime:0.000112s ]
INFO: [ view_filter ] --END-- [ RunTime:0.000139s ]
INFO: [ app_end ] --START--
INFO: Run Behavior\ShowPageTraceBehavior [ RunTime:0.000391s ]
INFO: [ app_end ] --END-- [ RunTime:0.000434s ]

[ 2017-11-28T15:25:44+08:00 ] 171.10.201.172 /default.php
INFO: [ app_init ] --START--
INFO: Run Behavior\BuildLiteBehavior [ RunTime:0.000013s ]
INFO: [ app_init ] --END-- [ RunTime:0.000271s ]
INFO: [ app_begin ] --START--
INFO: Run Behavior\ReadHtmlCacheBehavior [ RunTime:0.000362s ]
INFO: [ app_begin ] --END-- [ RunTime:0.000401s ]
SQL: SHOW COLUMNS FROM `xs_column` [ RunTime:0.0006s ]
SQL: SELECT * FROM `xs_column` WHERE ( column_leftid = 0 ) ORDER BY sort  [ RunTime:0.0002s ]
SQL: SELECT * FROM `xs_column` WHERE ( column_leftid = 54 )  [ RunTime:0.0001s ]
SQL: SELECT * FROM `xs_column` WHERE ( column_leftid = 48 )  [ RunTime:0.0001s ]
SQL: SELECT * FROM `xs_column` WHERE ( column_leftid = 58 )  [ RunTime:0.0001s ]
SQL: SELECT * FROM `xs_column` WHERE ( column_leftid = 49 )  [ RunTime:0.0001s ]
SQL: SELECT * FROM `xs_column` WHERE ( column_leftid = 53 )  [ RunTime:0.0001s ]
SQL: SHOW COLUMNS FROM `xs_banner` [ RunTime:0.0004s ]
SQL: SELECT * FROM `xs_banner` ORDER BY sort  [ RunTime:0.0001s ]
SQL: SHOW COLUMNS FROM `xs_article` [ RunTime:0.0005s ]
SQL: SELECT * FROM `xs_article` WHERE ( columnid = 48 and image <> '' ) ORDER BY id desc LIMIT 6   [ RunTime:0.0001s ]
SQL: SELECT * FROM `xs_article` WHERE ( columnid = 49 ) ORDER BY id desc LIMIT 6   [ RunTime:0.0002s ]
SQL: SELECT `content` FROM `xs_column` WHERE ( id = 54 ) LIMIT 1   [ RunTime:0.0001s ]
INFO: [ view_parse ] --START--
INFO: [ template_filter ] --START--
INFO: Run Behavior\ContentReplaceBehavior [ RunTime:0.000060s ]
INFO: [ template_filter ] --END-- [ RunTime:0.000115s ]
INFO: Run Behavior\ParseTemplateBehavior [ RunTime:0.012614s ]
INFO: [ view_parse ] --END-- [ RunTime:0.012654s ]
INFO: [ view_filter ] --START--
INFO: Run Behavior\WriteHtmlCacheBehavior [ RunTime:0.000119s ]
INFO: [ view_filter ] --END-- [ RunTime:0.000143s ]
INFO: [ app_end ] --START--
INFO: Run Behavior\ShowPageTraceBehavior [ RunTime:0.000362s ]
INFO: [ app_end ] --END-- [ RunTime:0.000392s ]

[ 2017-11-28T15:40:19+08:00 ] 203.113.164.42 /default.php
INFO: [ app_init ] --START--
INFO: Run Behavior\BuildLiteBehavior [ RunTime:0.000011s ]
INFO: [ app_init ] --END-- [ RunTime:0.000235s ]
INFO: [ app_begin ] --START--
INFO: Run Behavior\ReadHtmlCacheBehavior [ RunTime:0.000311s ]
INFO: [ app_begin ] --END-- [ RunTime:0.000345s ]
SQL: SHOW COLUMNS FROM `xs_column` [ RunTime:0.0005s ]
SQL: SELECT * FROM `xs_column` WHERE ( column_leftid = 0 ) ORDER BY sort  [ RunTime:0.0002s ]
SQL: SELECT * FROM `xs_column` WHERE ( column_leftid = 54 )  [ RunTime:0.0001s ]
SQL: SELECT * FROM `xs_column` WHERE ( column_leftid = 48 )  [ RunTime:0.0001s ]
SQL: SELECT * FROM `xs_column` WHERE ( column_leftid = 58 )  [ RunTime:0.0001s ]
SQL: SELECT * FROM `xs_column` WHERE ( column_leftid = 49 )  [ RunTime:0.0001s ]
SQL: SELECT * FROM `xs_column` WHERE ( column_leftid = 53 )  [ RunTime:0.0001s ]
SQL: SHOW COLUMNS FROM `xs_banner` [ RunTime:0.0003s ]
SQL: SELECT * FROM `xs_banner` ORDER BY sort  [ RunTime:0.0001s ]
SQL: SHOW COLUMNS FROM `xs_article` [ RunTime:0.0003s ]
SQL: SELECT * FROM `xs_article` WHERE ( columnid = 48 and image <> '' ) ORDER BY id desc LIMIT 6   [ RunTime:0.0001s ]
SQL: SELECT * FROM `xs_article` WHERE ( columnid = 49 ) ORDER BY id desc LIMIT 6   [ RunTime:0.0002s ]
SQL: SELECT `content` FROM `xs_column` WHERE ( id = 54 ) LIMIT 1   [ RunTime:0.0001s ]
INFO: [ view_parse ] --START--
INFO: [ template_filter ] --START--
INFO: Run Behavior\ContentReplaceBehavior [ RunTime:0.000047s ]
INFO: [ template_filter ] --END-- [ RunTime:0.000079s ]
INFO: Run Behavior\ParseTemplateBehavior [ RunTime:0.009072s ]
INFO: [ view_parse ] --END-- [ RunTime:0.009103s ]
INFO: [ view_filter ] --START--
INFO: Run Behavior\WriteHtmlCacheBehavior [ RunTime:0.000109s ]
INFO: [ view_filter ] --END-- [ RunTime:0.000135s ]
INFO: [ app_end ] --START--
INFO: Run Behavior\ShowPageTraceBehavior [ RunTime:0.000372s ]
INFO: [ app_end ] --END-- [ RunTime:0.000401s ]

[ 2017-11-28T15:40:19+08:00 ] 203.113.164.42 /default.php
INFO: [ app_init ] --START--
INFO: Run Behavior\BuildLiteBehavior [ RunTime:0.000010s ]
INFO: [ app_init ] --END-- [ RunTime:0.000225s ]
INFO: [ app_begin ] --START--
INFO: Run Behavior\ReadHtmlCacheBehavior [ RunTime:0.000297s ]
INFO: [ app_begin ] --END-- [ RunTime:0.000330s ]
SQL: SHOW COLUMNS FROM `xs_column` [ RunTime:0.0005s ]
SQL: SELECT * FROM `xs_column` WHERE ( column_leftid = 0 ) ORDER BY sort  [ RunTime:0.0001s ]
SQL: SELECT * FROM `xs_column` WHERE ( column_leftid = 54 )  [ RunTime:0.0001s ]
SQL: SELECT * FROM `xs_column` WHERE ( column_leftid = 48 )  [ RunTime:0.0001s ]
SQL: SELECT * FROM `xs_column` WHERE ( column_leftid = 58 )  [ RunTime:0.0001s ]
SQL: SELECT * FROM `xs_column` WHERE ( column_leftid = 49 )  [ RunTime:0.0001s ]
SQL: SELECT * FROM `xs_column` WHERE ( column_leftid = 53 )  [ RunTime:0.0001s ]
SQL: SHOW COLUMNS FROM `xs_banner` [ RunTime:0.0003s ]
SQL: SELECT * FROM `xs_banner` ORDER BY sort  [ RunTime:0.0001s ]
SQL: SHOW COLUMNS FROM `xs_article` [ RunTime:0.0004s ]
SQL: SELECT * FROM `xs_article` WHERE ( columnid = 48 and image <> '' ) ORDER BY id desc LIMIT 6   [ RunTime:0.0001s ]
SQL: SELECT * FROM `xs_article` WHERE ( columnid = 49 ) ORDER BY id desc LIMIT 6   [ RunTime:0.0002s ]
SQL: SELECT `content` FROM `xs_column` WHERE ( id = 54 ) LIMIT 1   [ RunTime:0.0001s ]
INFO: [ view_parse ] --START--
INFO: [ template_filter ] --START--
INFO: Run Behavior\ContentReplaceBehavior [ RunTime:0.000060s ]
INFO: [ template_filter ] --END-- [ RunTime:0.000134s ]
INFO: Run Behavior\ParseTemplateBehavior [ RunTime:0.011429s ]
INFO: [ view_parse ] --END-- [ RunTime:0.011471s ]
INFO: [ view_filter ] --START--
INFO: Run Behavior\WriteHtmlCacheBehavior [ RunTime:0.000159s ]
INFO: [ view_filter ] --END-- [ RunTime:0.000186s ]
INFO: [ app_end ] --START--
INFO: Run Behavior\ShowPageTraceBehavior [ RunTime:0.000450s ]
INFO: [ app_end ] --END-- [ RunTime:0.000502s ]

[ 2017-11-28T16:53:23+08:00 ] 61.129.10.43 /default.php
INFO: [ app_init ] --START--
INFO: Run Behavior\BuildLiteBehavior [ RunTime:0.000011s ]
INFO: [ app_init ] --END-- [ RunTime:0.000245s ]
INFO: [ app_begin ] --START--
INFO: Run Behavior\ReadHtmlCacheBehavior [ RunTime:0.000293s ]
INFO: [ app_begin ] --END-- [ RunTime:0.000326s ]
SQL: SHOW COLUMNS FROM `xs_column` [ RunTime:0.0005s ]
SQL: SELECT * FROM `xs_column` WHERE ( column_leftid = 0 ) ORDER BY sort  [ RunTime:0.0001s ]
SQL: SELECT * FROM `xs_column` WHERE ( column_leftid = 54 )  [ RunTime:0.0001s ]
SQL: SELECT * FROM `xs_column` WHERE ( column_leftid = 48 )  [ RunTime:0.0001s ]
SQL: SELECT * FROM `xs_column` WHERE ( column_leftid = 58 )  [ RunTime:0.0001s ]
SQL: SELECT * FROM `xs_column` WHERE ( column_leftid = 49 )  [ RunTime:0.0001s ]
SQL: SELECT * FROM `xs_column` WHERE ( column_leftid = 53 )  [ RunTime:0.0001s ]
SQL: SHOW COLUMNS FROM `xs_banner` [ RunTime:0.0003s ]
SQL: SELECT * FROM `xs_banner` ORDER BY sort  [ RunTime:0.0001s ]
SQL: SHOW COLUMNS FROM `xs_article` [ RunTime:0.0004s ]
SQL: SELECT * FROM `xs_article` WHERE ( columnid = 48 and image <> '' ) ORDER BY id desc LIMIT 6   [ RunTime:0.0001s ]
SQL: SELECT * FROM `xs_article` WHERE ( columnid = 49 ) ORDER BY id desc LIMIT 6   [ RunTime:0.0002s ]
SQL: SELECT `content` FROM `xs_column` WHERE ( id = 54 ) LIMIT 1   [ RunTime:0.0001s ]
INFO: [ view_parse ] --START--
INFO: [ template_filter ] --START--
INFO: Run Behavior\ContentReplaceBehavior [ RunTime:0.000046s ]
INFO: [ template_filter ] --END-- [ RunTime:0.000078s ]
INFO: Run Behavior\ParseTemplateBehavior [ RunTime:0.008935s ]
INFO: [ view_parse ] --END-- [ RunTime:0.008966s ]
INFO: [ view_filter ] --START--
INFO: Run Behavior\WriteHtmlCacheBehavior [ RunTime:0.000092s ]
INFO: [ view_filter ] --END-- [ RunTime:0.000117s ]
INFO: [ app_end ] --START--
INFO: Run Behavior\ShowPageTraceBehavior [ RunTime:0.000320s ]
INFO: [ app_end ] --END-- [ RunTime:0.000348s ]

[ 2017-11-28T16:53:24+08:00 ] 125.43.69.135 /default.php
INFO: [ app_init ] --START--
INFO: Run Behavior\BuildLiteBehavior [ RunTime:0.000011s ]
INFO: [ app_init ] --END-- [ RunTime:0.000244s ]
INFO: [ app_begin ] --START--
INFO: Run Behavior\ReadHtmlCacheBehavior [ RunTime:0.000312s ]
INFO: [ app_begin ] --END-- [ RunTime:0.000347s ]
SQL: SHOW COLUMNS FROM `xs_column` [ RunTime:0.0005s ]
SQL: SELECT * FROM `xs_column` WHERE ( column_leftid = 0 ) ORDER BY sort  [ RunTime:0.0001s ]
SQL: SELECT * FROM `xs_column` WHERE ( column_leftid = 54 )  [ RunTime:0.0001s ]
SQL: SELECT * FROM `xs_column` WHERE ( column_leftid = 48 )  [ RunTime:0.0001s ]
SQL: SELECT * FROM `xs_column` WHERE ( column_leftid = 58 )  [ RunTime:0.0001s ]
SQL: SELECT * FROM `xs_column` WHERE ( column_leftid = 49 )  [ RunTime:0.0001s ]
SQL: SELECT * FROM `xs_column` WHERE ( column_leftid = 53 )  [ RunTime:0.0001s ]
SQL: SHOW COLUMNS FROM `xs_banner` [ RunTime:0.0003s ]
SQL: SELECT * FROM `xs_banner` ORDER BY sort  [ RunTime:0.0001s ]
SQL: SHOW COLUMNS FROM `xs_article` [ RunTime:0.0004s ]
SQL: SELECT * FROM `xs_article` WHERE ( columnid = 48 and image <> '' ) ORDER BY id desc LIMIT 6   [ RunTime:0.0001s ]
SQL: SELECT * FROM `xs_article` WHERE ( columnid = 49 ) ORDER BY id desc LIMIT 6   [ RunTime:0.0002s ]
SQL: SELECT `content` FROM `xs_column` WHERE ( id = 54 ) LIMIT 1   [ RunTime:0.0001s ]
INFO: [ view_parse ] --START--
INFO: [ template_filter ] --START--
INFO: Run Behavior\ContentReplaceBehavior [ RunTime:0.000047s ]
INFO: [ template_filter ] --END-- [ RunTime:0.000079s ]
INFO: Run Behavior\ParseTemplateBehavior [ RunTime:0.008965s ]
INFO: [ view_parse ] --END-- [ RunTime:0.008997s ]
INFO: [ view_filter ] --START--
INFO: Run Behavior\WriteHtmlCacheBehavior [ RunTime:0.000094s ]
INFO: [ view_filter ] --END-- [ RunTime:0.000118s ]
INFO: [ app_end ] --START--
INFO: Run Behavior\ShowPageTraceBehavior [ RunTime:0.000323s ]
INFO: [ app_end ] --END-- [ RunTime:0.000356s ]

[ 2017-11-28T17:17:28+08:00 ] 58.247.212.139 /default.php
INFO: [ app_init ] --START--
INFO: Run Behavior\BuildLiteBehavior [ RunTime:0.000009s ]
INFO: [ app_init ] --END-- [ RunTime:0.000224s ]
INFO: [ app_begin ] --START--
INFO: Run Behavior\ReadHtmlCacheBehavior [ RunTime:0.000297s ]
INFO: [ app_begin ] --END-- [ RunTime:0.000332s ]
SQL: SHOW COLUMNS FROM `xs_column` [ RunTime:0.0004s ]
SQL: SELECT * FROM `xs_column` WHERE ( column_leftid = 0 ) ORDER BY sort  [ RunTime:0.0001s ]
SQL: SELECT * FROM `xs_column` WHERE ( column_leftid = 54 )  [ RunTime:0.0001s ]
SQL: SELECT * FROM `xs_column` WHERE ( column_leftid = 48 )  [ RunTime:0.0001s ]
SQL: SELECT * FROM `xs_column` WHERE ( column_leftid = 58 )  [ RunTime:0.0001s ]
SQL: SELECT * FROM `xs_column` WHERE ( column_leftid = 49 )  [ RunTime:0.0001s ]
SQL: SELECT * FROM `xs_column` WHERE ( column_leftid = 53 )  [ RunTime:0.0001s ]
SQL: SHOW COLUMNS FROM `xs_banner` [ RunTime:0.0003s ]
SQL: SELECT * FROM `xs_banner` ORDER BY sort  [ RunTime:0.0001s ]
SQL: SHOW COLUMNS FROM `xs_article` [ RunTime:0.0003s ]
SQL: SELECT * FROM `xs_article` WHERE ( columnid = 48 and image <> '' ) ORDER BY id desc LIMIT 6   [ RunTime:0.0001s ]
SQL: SELECT * FROM `xs_article` WHERE ( columnid = 49 ) ORDER BY id desc LIMIT 6   [ RunTime:0.0002s ]
SQL: SELECT `content` FROM `xs_column` WHERE ( id = 54 ) LIMIT 1   [ RunTime:0.0001s ]
INFO: [ view_parse ] --START--
INFO: [ template_filter ] --START--
INFO: Run Behavior\ContentReplaceBehavior [ RunTime:0.000046s ]
INFO: [ template_filter ] --END-- [ RunTime:0.000078s ]
INFO: Run Behavior\ParseTemplateBehavior [ RunTime:0.008923s ]
INFO: [ view_parse ] --END-- [ RunTime:0.008954s ]
INFO: [ view_filter ] --START--
INFO: Run Behavior\WriteHtmlCacheBehavior [ RunTime:0.000093s ]
INFO: [ view_filter ] --END-- [ RunTime:0.000119s ]
INFO: [ app_end ] --START--
INFO: Run Behavior\ShowPageTraceBehavior [ RunTime:0.000317s ]
INFO: [ app_end ] --END-- [ RunTime:0.000346s ]

[ 2017-11-28T17:17:29+08:00 ] 120.219.32.239 /default.php
INFO: [ app_init ] --START--
INFO: Run Behavior\BuildLiteBehavior [ RunTime:0.000011s ]
INFO: [ app_init ] --END-- [ RunTime:0.000268s ]
INFO: [ app_begin ] --START--
INFO: Run Behavior\ReadHtmlCacheBehavior [ RunTime:0.000292s ]
INFO: [ app_begin ] --END-- [ RunTime:0.000326s ]
SQL: SHOW COLUMNS FROM `xs_column` [ RunTime:0.0005s ]
SQL: SELECT * FROM `xs_column` WHERE ( column_leftid = 0 ) ORDER BY sort  [ RunTime:0.0001s ]
SQL: SELECT * FROM `xs_column` WHERE ( column_leftid = 54 )  [ RunTime:0.0001s ]
SQL: SELECT * FROM `xs_column` WHERE ( column_leftid = 48 )  [ RunTime:0.0001s ]
SQL: SELECT * FROM `xs_column` WHERE ( column_leftid = 58 )  [ RunTime:0.0001s ]
SQL: SELECT * FROM `xs_column` WHERE ( column_leftid = 49 )  [ RunTime:0.0001s ]
SQL: SELECT * FROM `xs_column` WHERE ( column_leftid = 53 )  [ RunTime:0.0001s ]
SQL: SHOW COLUMNS FROM `xs_banner` [ RunTime:0.0003s ]
SQL: SELECT * FROM `xs_banner` ORDER BY sort  [ RunTime:0.0001s ]
SQL: SHOW COLUMNS FROM `xs_article` [ RunTime:0.0004s ]
SQL: SELECT * FROM `xs_article` WHERE ( columnid = 48 and image <> '' ) ORDER BY id desc LIMIT 6   [ RunTime:0.0001s ]
SQL: SELECT * FROM `xs_article` WHERE ( columnid = 49 ) ORDER BY id desc LIMIT 6   [ RunTime:0.0002s ]
SQL: SELECT `content` FROM `xs_column` WHERE ( id = 54 ) LIMIT 1   [ RunTime:0.0001s ]
INFO: [ view_parse ] --START--
INFO: [ template_filter ] --START--
INFO: Run Behavior\ContentReplaceBehavior [ RunTime:0.000056s ]
INFO: [ template_filter ] --END-- [ RunTime:0.000089s ]
INFO: Run Behavior\ParseTemplateBehavior [ RunTime:0.008818s ]
INFO: [ view_parse ] --END-- [ RunTime:0.008850s ]
INFO: [ view_filter ] --START--
INFO: Run Behavior\WriteHtmlCacheBehavior [ RunTime:0.000115s ]
INFO: [ view_filter ] --END-- [ RunTime:0.000140s ]
INFO: [ app_end ] --START--
INFO: Run Behavior\ShowPageTraceBehavior [ RunTime:0.000297s ]
INFO: [ app_end ] --END-- [ RunTime:0.000325s ]

[ 2017-11-28T17:32:43+08:00 ] 125.39.132.70 /default.php
INFO: [ app_init ] --START--
INFO: Run Behavior\BuildLiteBehavior [ RunTime:0.000010s ]
INFO: [ app_init ] --END-- [ RunTime:0.000228s ]
INFO: [ app_begin ] --START--
INFO: Run Behavior\ReadHtmlCacheBehavior [ RunTime:0.000302s ]
INFO: [ app_begin ] --END-- [ RunTime:0.000334s ]
SQL: SHOW COLUMNS FROM `xs_column` [ RunTime:0.0005s ]
SQL: SELECT * FROM `xs_column` WHERE ( column_leftid = 0 ) ORDER BY sort  [ RunTime:0.0001s ]
SQL: SELECT * FROM `xs_column` WHERE ( column_leftid = 54 )  [ RunTime:0.0001s ]
SQL: SELECT * FROM `xs_column` WHERE ( column_leftid = 48 )  [ RunTime:0.0001s ]
SQL: SELECT * FROM `xs_column` WHERE ( column_leftid = 58 )  [ RunTime:0.0001s ]
SQL: SELECT * FROM `xs_column` WHERE ( column_leftid = 49 )  [ RunTime:0.0001s ]
SQL: SELECT * FROM `xs_column` WHERE ( column_leftid = 53 )  [ RunTime:0.0001s ]
SQL: SHOW COLUMNS FROM `xs_banner` [ RunTime:0.0004s ]
SQL: SELECT * FROM `xs_banner` ORDER BY sort  [ RunTime:0.0001s ]
SQL: SHOW COLUMNS FROM `xs_article` [ RunTime:0.0004s ]
SQL: SELECT * FROM `xs_article` WHERE ( columnid = 48 and image <> '' ) ORDER BY id desc LIMIT 6   [ RunTime:0.0001s ]
SQL: SELECT * FROM `xs_article` WHERE ( columnid = 49 ) ORDER BY id desc LIMIT 6   [ RunTime:0.0002s ]
SQL: SELECT `content` FROM `xs_column` WHERE ( id = 54 ) LIMIT 1   [ RunTime:0.0001s ]
INFO: [ view_parse ] --START--
INFO: [ template_filter ] --START--
INFO: Run Behavior\ContentReplaceBehavior [ RunTime:0.000047s ]
INFO: [ template_filter ] --END-- [ RunTime:0.000080s ]
INFO: Run Behavior\ParseTemplateBehavior [ RunTime:0.009133s ]
INFO: [ view_parse ] --END-- [ RunTime:0.009165s ]
INFO: [ view_filter ] --START--
INFO: Run Behavior\WriteHtmlCacheBehavior [ RunTime:0.000095s ]
INFO: [ view_filter ] --END-- [ RunTime:0.000120s ]
INFO: [ app_end ] --START--
INFO: Run Behavior\ShowPageTraceBehavior [ RunTime:0.000325s ]
INFO: [ app_end ] --END-- [ RunTime:0.000356s ]

[ 2017-11-28T17:32:44+08:00 ] 171.10.37.41 /default.php
INFO: [ app_init ] --START--
INFO: Run Behavior\BuildLiteBehavior [ RunTime:0.000012s ]
INFO: [ app_init ] --END-- [ RunTime:0.000237s ]
INFO: [ app_begin ] --START--
INFO: Run Behavior\ReadHtmlCacheBehavior [ RunTime:0.000308s ]
INFO: [ app_begin ] --END-- [ RunTime:0.000339s ]
SQL: SHOW COLUMNS FROM `xs_column` [ RunTime:0.0005s ]
SQL: SELECT * FROM `xs_column` WHERE ( column_leftid = 0 ) ORDER BY sort  [ RunTime:0.0001s ]
SQL: SELECT * FROM `xs_column` WHERE ( column_leftid = 54 )  [ RunTime:0.0001s ]
SQL: SELECT * FROM `xs_column` WHERE ( column_leftid = 48 )  [ RunTime:0.0001s ]
SQL: SELECT * FROM `xs_column` WHERE ( column_leftid = 58 )  [ RunTime:0.0001s ]
SQL: SELECT * FROM `xs_column` WHERE ( column_leftid = 49 )  [ RunTime:0.0001s ]
SQL: SELECT * FROM `xs_column` WHERE ( column_leftid = 53 )  [ RunTime:0.0001s ]
SQL: SHOW COLUMNS FROM `xs_banner` [ RunTime:0.0005s ]
SQL: SELECT * FROM `xs_banner` ORDER BY sort  [ RunTime:0.0001s ]
SQL: SHOW COLUMNS FROM `xs_article` [ RunTime:0.0004s ]
SQL: SELECT * FROM `xs_article` WHERE ( columnid = 48 and image <> '' ) ORDER BY id desc LIMIT 6   [ RunTime:0.0001s ]
SQL: SELECT * FROM `xs_article` WHERE ( columnid = 49 ) ORDER BY id desc LIMIT 6   [ RunTime:0.0002s ]
SQL: SELECT `content` FROM `xs_column` WHERE ( id = 54 ) LIMIT 1   [ RunTime:0.0001s ]
INFO: [ view_parse ] --START--
INFO: [ template_filter ] --START--
INFO: Run Behavior\ContentReplaceBehavior [ RunTime:0.000050s ]
INFO: [ template_filter ] --END-- [ RunTime:0.000083s ]
INFO: Run Behavior\ParseTemplateBehavior [ RunTime:0.009246s ]
INFO: [ view_parse ] --END-- [ RunTime:0.009278s ]
INFO: [ view_filter ] --START--
INFO: Run Behavior\WriteHtmlCacheBehavior [ RunTime:0.000095s ]
INFO: [ view_filter ] --END-- [ RunTime:0.000119s ]
INFO: [ app_end ] --START--
INFO: Run Behavior\ShowPageTraceBehavior [ RunTime:0.000342s ]
INFO: [ app_end ] --END-- [ RunTime:0.000372s ]

[ 2017-11-28T17:59:55+08:00 ] 123.151.77.81 /default.php
INFO: [ app_init ] --START--
INFO: Run Behavior\BuildLiteBehavior [ RunTime:0.000012s ]
INFO: [ app_init ] --END-- [ RunTime:0.000273s ]
INFO: [ app_begin ] --START--
INFO: Run Behavior\ReadHtmlCacheBehavior [ RunTime:0.000355s ]
INFO: [ app_begin ] --END-- [ RunTime:0.000398s ]
SQL: SHOW COLUMNS FROM `xs_column` [ RunTime:0.0006s ]
SQL: SELECT * FROM `xs_column` WHERE ( column_leftid = 0 ) ORDER BY sort  [ RunTime:0.0001s ]
SQL: SELECT * FROM `xs_column` WHERE ( column_leftid = 54 )  [ RunTime:0.0001s ]
SQL: SELECT * FROM `xs_column` WHERE ( column_leftid = 48 )  [ RunTime:0.0001s ]
SQL: SELECT * FROM `xs_column` WHERE ( column_leftid = 58 )  [ RunTime:0.0001s ]
SQL: SELECT * FROM `xs_column` WHERE ( column_leftid = 49 )  [ RunTime:0.0001s ]
SQL: SELECT * FROM `xs_column` WHERE ( column_leftid = 53 )  [ RunTime:0.0001s ]
SQL: SHOW COLUMNS FROM `xs_banner` [ RunTime:0.0005s ]
SQL: SELECT * FROM `xs_banner` ORDER BY sort  [ RunTime:0.0001s ]
SQL: SHOW COLUMNS FROM `xs_article` [ RunTime:0.0004s ]
SQL: SELECT * FROM `xs_article` WHERE ( columnid = 48 and image <> '' ) ORDER BY id desc LIMIT 6   [ RunTime:0.0001s ]
SQL: SELECT * FROM `xs_article` WHERE ( columnid = 49 ) ORDER BY id desc LIMIT 6   [ RunTime:0.0002s ]
SQL: SELECT `content` FROM `xs_column` WHERE ( id = 54 ) LIMIT 1   [ RunTime:0.0001s ]
INFO: [ view_parse ] --START--
INFO: [ template_filter ] --START--
INFO: Run Behavior\ContentReplaceBehavior [ RunTime:0.000082s ]
INFO: [ template_filter ] --END-- [ RunTime:0.000162s ]
INFO: Run Behavior\ParseTemplateBehavior [ RunTime:0.016281s ]
INFO: [ view_parse ] --END-- [ RunTime:0.016329s ]
INFO: [ view_filter ] --START--
INFO: Run Behavior\WriteHtmlCacheBehavior [ RunTime:0.000167s ]
INFO: [ view_filter ] --END-- [ RunTime:0.000207s ]
INFO: [ app_end ] --START--
INFO: Run Behavior\ShowPageTraceBehavior [ RunTime:0.000528s ]
INFO: [ app_end ] --END-- [ RunTime:0.000579s ]

[ 2017-11-28T17:59:57+08:00 ] 223.88.169.165 /default.php
INFO: [ app_init ] --START--
INFO: Run Behavior\BuildLiteBehavior [ RunTime:0.000013s ]
INFO: [ app_init ] --END-- [ RunTime:0.000256s ]
INFO: [ app_begin ] --START--
INFO: Run Behavior\ReadHtmlCacheBehavior [ RunTime:0.000310s ]
INFO: [ app_begin ] --END-- [ RunTime:0.000343s ]
SQL: SHOW COLUMNS FROM `xs_column` [ RunTime:0.0006s ]
SQL: SELECT * FROM `xs_column` WHERE ( column_leftid = 0 ) ORDER BY sort  [ RunTime:0.0001s ]
SQL: SELECT * FROM `xs_column` WHERE ( column_leftid = 54 )  [ RunTime:0.0001s ]
SQL: SELECT * FROM `xs_column` WHERE ( column_leftid = 48 )  [ RunTime:0.0001s ]
SQL: SELECT * FROM `xs_column` WHERE ( column_leftid = 58 )  [ RunTime:0.0001s ]
SQL: SELECT * FROM `xs_column` WHERE ( column_leftid = 49 )  [ RunTime:0.0001s ]
SQL: SELECT * FROM `xs_column` WHERE ( column_leftid = 53 )  [ RunTime:0.0001s ]
SQL: SHOW COLUMNS FROM `xs_banner` [ RunTime:0.0003s ]
SQL: SELECT * FROM `xs_banner` ORDER BY sort  [ RunTime:0.0001s ]
SQL: SHOW COLUMNS FROM `xs_article` [ RunTime:0.0004s ]
SQL: SELECT * FROM `xs_article` WHERE ( columnid = 48 and image <> '' ) ORDER BY id desc LIMIT 6   [ RunTime:0.0001s ]
SQL: SELECT * FROM `xs_article` WHERE ( columnid = 49 ) ORDER BY id desc LIMIT 6   [ RunTime:0.0002s ]
SQL: SELECT `content` FROM `xs_column` WHERE ( id = 54 ) LIMIT 1   [ RunTime:0.0001s ]
INFO: [ view_parse ] --START--
INFO: [ template_filter ] --START--
INFO: Run Behavior\ContentReplaceBehavior [ RunTime:0.000070s ]
INFO: [ template_filter ] --END-- [ RunTime:0.000103s ]
INFO: Run Behavior\ParseTemplateBehavior [ RunTime:0.009188s ]
INFO: [ view_parse ] --END-- [ RunTime:0.009220s ]
INFO: [ view_filter ] --START--
INFO: Run Behavior\WriteHtmlCacheBehavior [ RunTime:0.000096s ]
INFO: [ view_filter ] --END-- [ RunTime:0.000121s ]
INFO: [ app_end ] --START--
INFO: Run Behavior\ShowPageTraceBehavior [ RunTime:0.000319s ]
INFO: [ app_end ] --END-- [ RunTime:0.000348s ]

[ 2017-11-28T18:21:49+08:00 ] 125.39.46.47 /default.php
INFO: [ app_init ] --START--
INFO: Run Behavior\BuildLiteBehavior [ RunTime:0.000011s ]
INFO: [ app_init ] --END-- [ RunTime:0.000236s ]
INFO: [ app_begin ] --START--
INFO: Run Behavior\ReadHtmlCacheBehavior [ RunTime:0.000288s ]
INFO: [ app_begin ] --END-- [ RunTime:0.000321s ]
SQL: SHOW COLUMNS FROM `xs_column` [ RunTime:0.0005s ]
SQL: SELECT * FROM `xs_column` WHERE ( column_leftid = 0 ) ORDER BY sort  [ RunTime:0.0001s ]
SQL: SELECT * FROM `xs_column` WHERE ( column_leftid = 54 )  [ RunTime:0.0001s ]
SQL: SELECT * FROM `xs_column` WHERE ( column_leftid = 48 )  [ RunTime:0.0001s ]
SQL: SELECT * FROM `xs_column` WHERE ( column_leftid = 58 )  [ RunTime:0.0001s ]
SQL: SELECT * FROM `xs_column` WHERE ( column_leftid = 49 )  [ RunTime:0.0001s ]
SQL: SELECT * FROM `xs_column` WHERE ( column_leftid = 53 )  [ RunTime:0.0001s ]
SQL: SHOW COLUMNS FROM `xs_banner` [ RunTime:0.0003s ]
SQL: SELECT * FROM `xs_banner` ORDER BY sort  [ RunTime:0.0001s ]
SQL: SHOW COLUMNS FROM `xs_article` [ RunTime:0.0004s ]
SQL: SELECT * FROM `xs_article` WHERE ( columnid = 48 and image <> '' ) ORDER BY id desc LIMIT 6   [ RunTime:0.0001s ]
SQL: SELECT * FROM `xs_article` WHERE ( columnid = 49 ) ORDER BY id desc LIMIT 6   [ RunTime:0.0002s ]
SQL: SELECT `content` FROM `xs_column` WHERE ( id = 54 ) LIMIT 1   [ RunTime:0.0001s ]
INFO: [ view_parse ] --START--
INFO: [ template_filter ] --START--
INFO: Run Behavior\ContentReplaceBehavior [ RunTime:0.000048s ]
INFO: [ template_filter ] --END-- [ RunTime:0.000080s ]
INFO: Run Behavior\ParseTemplateBehavior [ RunTime:0.008924s ]
INFO: [ view_parse ] --END-- [ RunTime:0.008974s ]
INFO: [ view_filter ] --START--
INFO: Run Behavior\WriteHtmlCacheBehavior [ RunTime:0.000096s ]
INFO: [ view_filter ] --END-- [ RunTime:0.000121s ]
INFO: [ app_end ] --START--
INFO: Run Behavior\ShowPageTraceBehavior [ RunTime:0.000307s ]
INFO: [ app_end ] --END-- [ RunTime:0.000336s ]

[ 2017-11-28T18:21:49+08:00 ] 125.43.69.134 /default.php
INFO: [ app_init ] --START--
INFO: Run Behavior\BuildLiteBehavior [ RunTime:0.000011s ]
INFO: [ app_init ] --END-- [ RunTime:0.000266s ]
INFO: [ app_begin ] --START--
INFO: Run Behavior\ReadHtmlCacheBehavior [ RunTime:0.000315s ]
INFO: [ app_begin ] --END-- [ RunTime:0.000349s ]
SQL: SHOW COLUMNS FROM `xs_column` [ RunTime:0.0005s ]
SQL: SELECT * FROM `xs_column` WHERE ( column_leftid = 0 ) ORDER BY sort  [ RunTime:0.0001s ]
SQL: SELECT * FROM `xs_column` WHERE ( column_leftid = 54 )  [ RunTime:0.0001s ]
SQL: SELECT * FROM `xs_column` WHERE ( column_leftid = 48 )  [ RunTime:0.0001s ]
SQL: SELECT * FROM `xs_column` WHERE ( column_leftid = 58 )  [ RunTime:0.0001s ]
SQL: SELECT * FROM `xs_column` WHERE ( column_leftid = 49 )  [ RunTime:0.0001s ]
SQL: SELECT * FROM `xs_column` WHERE ( column_leftid = 53 )  [ RunTime:0.0001s ]
SQL: SHOW COLUMNS FROM `xs_banner` [ RunTime:0.0003s ]
SQL: SELECT * FROM `xs_banner` ORDER BY sort  [ RunTime:0.0001s ]
SQL: SHOW COLUMNS FROM `xs_article` [ RunTime:0.0003s ]
SQL: SELECT * FROM `xs_article` WHERE ( columnid = 48 and image <> '' ) ORDER BY id desc LIMIT 6   [ RunTime:0.0001s ]
SQL: SELECT * FROM `xs_article` WHERE ( columnid = 49 ) ORDER BY id desc LIMIT 6   [ RunTime:0.0002s ]
SQL: SELECT `content` FROM `xs_column` WHERE ( id = 54 ) LIMIT 1   [ RunTime:0.0001s ]
INFO: [ view_parse ] --START--
INFO: [ template_filter ] --START--
INFO: Run Behavior\ContentReplaceBehavior [ RunTime:0.000044s ]
INFO: [ template_filter ] --END-- [ RunTime:0.000075s ]
INFO: Run Behavior\ParseTemplateBehavior [ RunTime:0.008997s ]
INFO: [ view_parse ] --END-- [ RunTime:0.009028s ]
INFO: [ view_filter ] --START--
INFO: Run Behavior\WriteHtmlCacheBehavior [ RunTime:0.000092s ]
INFO: [ view_filter ] --END-- [ RunTime:0.000115s ]
INFO: [ app_end ] --START--
INFO: Run Behavior\ShowPageTraceBehavior [ RunTime:0.000320s ]
INFO: [ app_end ] --END-- [ RunTime:0.000349s ]

[ 2017-11-28T18:32:11+08:00 ] 171.10.8.109 /default.php
INFO: [ app_init ] --START--
INFO: Run Behavior\BuildLiteBehavior [ RunTime:0.000014s ]
INFO: [ app_init ] --END-- [ RunTime:0.000272s ]
INFO: [ app_begin ] --START--
INFO: Run Behavior\ReadHtmlCacheBehavior [ RunTime:0.000334s ]
INFO: [ app_begin ] --END-- [ RunTime:0.000368s ]
SQL: SHOW COLUMNS FROM `xs_column` [ RunTime:0.0006s ]
SQL: SELECT * FROM `xs_column` WHERE ( column_leftid = 0 ) ORDER BY sort  [ RunTime:0.0001s ]
SQL: SELECT * FROM `xs_column` WHERE ( column_leftid = 54 )  [ RunTime:0.0001s ]
SQL: SELECT * FROM `xs_column` WHERE ( column_leftid = 48 )  [ RunTime:0.0001s ]
SQL: SELECT * FROM `xs_column` WHERE ( column_leftid = 58 )  [ RunTime:0.0001s ]
SQL: SELECT * FROM `xs_column` WHERE ( column_leftid = 49 )  [ RunTime:0.0001s ]
SQL: SELECT * FROM `xs_column` WHERE ( column_leftid = 53 )  [ RunTime:0.0001s ]
SQL: SHOW COLUMNS FROM `xs_banner` [ RunTime:0.0003s ]
SQL: SELECT * FROM `xs_banner` ORDER BY sort  [ RunTime:0.0001s ]
SQL: SHOW COLUMNS FROM `xs_article` [ RunTime:0.0004s ]
SQL: SELECT * FROM `xs_article` WHERE ( columnid = 48 and image <> '' ) ORDER BY id desc LIMIT 6   [ RunTime:0.0001s ]
SQL: SELECT * FROM `xs_article` WHERE ( columnid = 49 ) ORDER BY id desc LIMIT 6   [ RunTime:0.0002s ]
SQL: SELECT `content` FROM `xs_column` WHERE ( id = 54 ) LIMIT 1   [ RunTime:0.0001s ]
INFO: [ view_parse ] --START--
INFO: [ template_filter ] --START--
INFO: Run Behavior\ContentReplaceBehavior [ RunTime:0.000068s ]
INFO: [ template_filter ] --END-- [ RunTime:0.000120s ]
INFO: Run Behavior\ParseTemplateBehavior [ RunTime:0.009596s ]
INFO: [ view_parse ] --END-- [ RunTime:0.009630s ]
INFO: [ view_filter ] --START--
INFO: Run Behavior\WriteHtmlCacheBehavior [ RunTime:0.000117s ]
INFO: [ view_filter ] --END-- [ RunTime:0.000142s ]
INFO: [ app_end ] --START--
INFO: Run Behavior\ShowPageTraceBehavior [ RunTime:0.000366s ]
INFO: [ app_end ] --END-- [ RunTime:0.000402s ]

[ 2017-11-28T18:32:14+08:00 ] 171.10.8.109 /default.php
INFO: [ app_init ] --START--
INFO: Run Behavior\BuildLiteBehavior [ RunTime:0.000019s ]
INFO: [ app_init ] --END-- [ RunTime:0.000242s ]
INFO: [ app_begin ] --START--
INFO: Run Behavior\ReadHtmlCacheBehavior [ RunTime:0.000310s ]
INFO: [ app_begin ] --END-- [ RunTime:0.000345s ]
SQL: SHOW COLUMNS FROM `xs_column` [ RunTime:0.0006s ]
SQL: SELECT * FROM `xs_column` WHERE ( column_leftid = 0 ) ORDER BY sort  [ RunTime:0.0001s ]
SQL: SELECT * FROM `xs_column` WHERE ( column_leftid = 54 )  [ RunTime:0.0001s ]
SQL: SELECT * FROM `xs_column` WHERE ( column_leftid = 48 )  [ RunTime:0.0001s ]
SQL: SELECT * FROM `xs_column` WHERE ( column_leftid = 58 )  [ RunTime:0.0001s ]
SQL: SELECT * FROM `xs_column` WHERE ( column_leftid = 49 )  [ RunTime:0.0001s ]
SQL: SELECT * FROM `xs_column` WHERE ( column_leftid = 53 )  [ RunTime:0.0001s ]
SQL: SHOW COLUMNS FROM `xs_banner` [ RunTime:0.0004s ]
SQL: SELECT * FROM `xs_banner` ORDER BY sort  [ RunTime:0.0001s ]
SQL: SHOW COLUMNS FROM `xs_article` [ RunTime:0.0004s ]
SQL: SELECT * FROM `xs_article` WHERE ( columnid = 48 and image <> '' ) ORDER BY id desc LIMIT 6   [ RunTime:0.0001s ]
SQL: SELECT * FROM `xs_article` WHERE ( columnid = 49 ) ORDER BY id desc LIMIT 6   [ RunTime:0.0002s ]
SQL: SELECT `content` FROM `xs_column` WHERE ( id = 54 ) LIMIT 1   [ RunTime:0.0001s ]
INFO: [ view_parse ] --START--
INFO: [ template_filter ] --START--
INFO: Run Behavior\ContentReplaceBehavior [ RunTime:0.000058s ]
INFO: [ template_filter ] --END-- [ RunTime:0.000108s ]
INFO: Run Behavior\ParseTemplateBehavior [ RunTime:0.013176s ]
INFO: [ view_parse ] --END-- [ RunTime:0.013217s ]
INFO: [ view_filter ] --START--
INFO: Run Behavior\WriteHtmlCacheBehavior [ RunTime:0.000133s ]
INFO: [ view_filter ] --END-- [ RunTime:0.000159s ]
INFO: [ app_end ] --START--
INFO: Run Behavior\ShowPageTraceBehavior [ RunTime:0.000345s ]
INFO: [ app_end ] --END-- [ RunTime:0.000374s ]

[ 2017-11-28T18:32:20+08:00 ] 171.10.8.109 /default.php/Home/List/view/id/41.html
INFO: [ app_init ] --START--
INFO: Run Behavior\BuildLiteBehavior [ RunTime:0.000012s ]
INFO: [ app_init ] --END-- [ RunTime:0.000241s ]
INFO: [ app_begin ] --START--
INFO: Run Behavior\ReadHtmlCacheBehavior [ RunTime:0.000315s ]
INFO: [ app_begin ] --END-- [ RunTime:0.000348s ]
SQL: SHOW COLUMNS FROM `xs_column` [ RunTime:0.0006s ]
SQL: SELECT * FROM `xs_column` WHERE ( column_leftid = 0 ) ORDER BY sort  [ RunTime:0.0001s ]
SQL: SELECT * FROM `xs_column` WHERE ( column_leftid = 54 )  [ RunTime:0.0001s ]
SQL: SELECT * FROM `xs_column` WHERE ( column_leftid = 48 )  [ RunTime:0.0001s ]
SQL: SELECT * FROM `xs_column` WHERE ( column_leftid = 58 )  [ RunTime:0.0001s ]
SQL: SELECT * FROM `xs_column` WHERE ( column_leftid = 49 )  [ RunTime:0.0001s ]
SQL: SELECT * FROM `xs_column` WHERE ( column_leftid = 53 )  [ RunTime:0.0001s ]
SQL: SHOW COLUMNS FROM `xs_article` [ RunTime:0.0004s ]
SQL: SELECT * FROM `xs_article` WHERE ( id = 41 ) LIMIT 1   [ RunTime:0.0001s ]
INFO: [ view_parse ] --START--
INFO: [ template_filter ] --START--
INFO: Run Behavior\ContentReplaceBehavior [ RunTime:0.000059s ]
INFO: [ template_filter ] --END-- [ RunTime:0.000097s ]
INFO: Run Behavior\ParseTemplateBehavior [ RunTime:0.006271s ]
INFO: [ view_parse ] --END-- [ RunTime:0.006303s ]
INFO: [ view_filter ] --START--
INFO: Run Behavior\WriteHtmlCacheBehavior [ RunTime:0.000099s ]
INFO: [ view_filter ] --END-- [ RunTime:0.000124s ]
INFO: [ app_end ] --START--
INFO: Run Behavior\ShowPageTraceBehavior [ RunTime:0.000349s ]
INFO: [ app_end ] --END-- [ RunTime:0.000381s ]

[ 2017-11-28T18:32:21+08:00 ] 171.10.8.109 /default.php
INFO: [ app_init ] --START--
INFO: Run Behavior\BuildLiteBehavior [ RunTime:0.000016s ]
INFO: [ app_init ] --END-- [ RunTime:0.000291s ]
INFO: [ app_begin ] --START--
INFO: Run Behavior\ReadHtmlCacheBehavior [ RunTime:0.000299s ]
INFO: [ app_begin ] --END-- [ RunTime:0.000332s ]
SQL: SHOW COLUMNS FROM `xs_column` [ RunTime:0.0006s ]
SQL: SELECT * FROM `xs_column` WHERE ( column_leftid = 0 ) ORDER BY sort  [ RunTime:0.0001s ]
SQL: SELECT * FROM `xs_column` WHERE ( column_leftid = 54 )  [ RunTime:0.0001s ]
SQL: SELECT * FROM `xs_column` WHERE ( column_leftid = 48 )  [ RunTime:0.0001s ]
SQL: SELECT * FROM `xs_column` WHERE ( column_leftid = 58 )  [ RunTime:0.0001s ]
SQL: SELECT * FROM `xs_column` WHERE ( column_leftid = 49 )  [ RunTime:0.0001s ]
SQL: SELECT * FROM `xs_column` WHERE ( column_leftid = 53 )  [ RunTime:0.0001s ]
SQL: SHOW COLUMNS FROM `xs_banner` [ RunTime:0.0004s ]
SQL: SELECT * FROM `xs_banner` ORDER BY sort  [ RunTime:0.0001s ]
SQL: SHOW COLUMNS FROM `xs_article` [ RunTime:0.0005s ]
SQL: SELECT * FROM `xs_article` WHERE ( columnid = 48 and image <> '' ) ORDER BY id desc LIMIT 6   [ RunTime:0.0001s ]
SQL: SELECT * FROM `xs_article` WHERE ( columnid = 49 ) ORDER BY id desc LIMIT 6   [ RunTime:0.0002s ]
SQL: SELECT `content` FROM `xs_column` WHERE ( id = 54 ) LIMIT 1   [ RunTime:0.0001s ]
INFO: [ view_parse ] --START--
INFO: [ template_filter ] --START--
INFO: Run Behavior\ContentReplaceBehavior [ RunTime:0.000057s ]
INFO: [ template_filter ] --END-- [ RunTime:0.000103s ]
INFO: Run Behavior\ParseTemplateBehavior [ RunTime:0.009282s ]
INFO: [ view_parse ] --END-- [ RunTime:0.009317s ]
INFO: [ view_filter ] --START--
INFO: Run Behavior\WriteHtmlCacheBehavior [ RunTime:0.000115s ]
INFO: [ view_filter ] --END-- [ RunTime:0.000140s ]
INFO: [ app_end ] --START--
INFO: Run Behavior\ShowPageTraceBehavior [ RunTime:0.000366s ]
INFO: [ app_end ] --END-- [ RunTime:0.000398s ]

[ 2017-11-28T18:32:21+08:00 ] 171.10.8.109 /default.php
INFO: [ app_init ] --START--
INFO: Run Behavior\BuildLiteBehavior [ RunTime:0.000019s ]
INFO: [ app_init ] --END-- [ RunTime:0.000397s ]
INFO: [ app_begin ] --START--
INFO: Run Behavior\ReadHtmlCacheBehavior [ RunTime:0.000485s ]
INFO: [ app_begin ] --END-- [ RunTime:0.000536s ]
SQL: SHOW COLUMNS FROM `xs_column` [ RunTime:0.0006s ]
SQL: SELECT * FROM `xs_column` WHERE ( column_leftid = 0 ) ORDER BY sort  [ RunTime:0.0001s ]
SQL: SELECT * FROM `xs_column` WHERE ( column_leftid = 54 )  [ RunTime:0.0002s ]
SQL: SELECT * FROM `xs_column` WHERE ( column_leftid = 48 )  [ RunTime:0.0001s ]
SQL: SELECT * FROM `xs_column` WHERE ( column_leftid = 58 )  [ RunTime:0.0001s ]
SQL: SELECT * FROM `xs_column` WHERE ( column_leftid = 49 )  [ RunTime:0.0001s ]
SQL: SELECT * FROM `xs_column` WHERE ( column_leftid = 53 )  [ RunTime:0.0001s ]
SQL: SHOW COLUMNS FROM `xs_banner` [ RunTime:0.0003s ]
SQL: SELECT * FROM `xs_banner` ORDER BY sort  [ RunTime:0.0001s ]
SQL: SHOW COLUMNS FROM `xs_article` [ RunTime:0.0004s ]
SQL: SELECT * FROM `xs_article` WHERE ( columnid = 48 and image <> '' ) ORDER BY id desc LIMIT 6   [ RunTime:0.0001s ]
SQL: SELECT * FROM `xs_article` WHERE ( columnid = 49 ) ORDER BY id desc LIMIT 6   [ RunTime:0.0002s ]
SQL: SELECT `content` FROM `xs_column` WHERE ( id = 54 ) LIMIT 1   [ RunTime:0.0001s ]
INFO: [ view_parse ] --START--
INFO: [ template_filter ] --START--
INFO: Run Behavior\ContentReplaceBehavior [ RunTime:0.000056s ]
INFO: [ template_filter ] --END-- [ RunTime:0.000103s ]
INFO: Run Behavior\ParseTemplateBehavior [ RunTime:0.009199s ]
INFO: [ view_parse ] --END-- [ RunTime:0.009234s ]
INFO: [ view_filter ] --START--
INFO: Run Behavior\WriteHtmlCacheBehavior [ RunTime:0.000109s ]
INFO: [ view_filter ] --END-- [ RunTime:0.000134s ]
INFO: [ app_end ] --START--
INFO: Run Behavior\ShowPageTraceBehavior [ RunTime:0.000363s ]
INFO: [ app_end ] --END-- [ RunTime:0.000393s ]

[ 2017-11-28T18:48:49+08:00 ] 223.104.105.69 /default.php
INFO: [ app_init ] --START--
INFO: Run Behavior\BuildLiteBehavior [ RunTime:0.000010s ]
INFO: [ app_init ] --END-- [ RunTime:0.000223s ]
INFO: [ app_begin ] --START--
INFO: Run Behavior\ReadHtmlCacheBehavior [ RunTime:0.000294s ]
INFO: [ app_begin ] --END-- [ RunTime:0.000328s ]
SQL: SHOW COLUMNS FROM `xs_column` [ RunTime:0.0005s ]
SQL: SELECT * FROM `xs_column` WHERE ( column_leftid = 0 ) ORDER BY sort  [ RunTime:0.0001s ]
SQL: SELECT * FROM `xs_column` WHERE ( column_leftid = 54 )  [ RunTime:0.0001s ]
SQL: SELECT * FROM `xs_column` WHERE ( column_leftid = 48 )  [ RunTime:0.0001s ]
SQL: SELECT * FROM `xs_column` WHERE ( column_leftid = 58 )  [ RunTime:0.0001s ]
SQL: SELECT * FROM `xs_column` WHERE ( column_leftid = 49 )  [ RunTime:0.0001s ]
SQL: SELECT * FROM `xs_column` WHERE ( column_leftid = 53 )  [ RunTime:0.0001s ]
SQL: SHOW COLUMNS FROM `xs_banner` [ RunTime:0.0003s ]
SQL: SELECT * FROM `xs_banner` ORDER BY sort  [ RunTime:0.0001s ]
SQL: SHOW COLUMNS FROM `xs_article` [ RunTime:0.0004s ]
SQL: SELECT * FROM `xs_article` WHERE ( columnid = 48 and image <> '' ) ORDER BY id desc LIMIT 6   [ RunTime:0.0001s ]
SQL: SELECT * FROM `xs_article` WHERE ( columnid = 49 ) ORDER BY id desc LIMIT 6   [ RunTime:0.0002s ]
SQL: SELECT `content` FROM `xs_column` WHERE ( id = 54 ) LIMIT 1   [ RunTime:0.0001s ]
INFO: [ view_parse ] --START--
INFO: [ template_filter ] --START--
INFO: Run Behavior\ContentReplaceBehavior [ RunTime:0.000047s ]
INFO: [ template_filter ] --END-- [ RunTime:0.000078s ]
INFO: Run Behavior\ParseTemplateBehavior [ RunTime:0.008931s ]
INFO: [ view_parse ] --END-- [ RunTime:0.008963s ]
INFO: [ view_filter ] --START--
INFO: Run Behavior\WriteHtmlCacheBehavior [ RunTime:0.000102s ]
INFO: [ view_filter ] --END-- [ RunTime:0.000128s ]
INFO: [ app_end ] --START--
INFO: Run Behavior\ShowPageTraceBehavior [ RunTime:0.000299s ]
INFO: [ app_end ] --END-- [ RunTime:0.000328s ]

[ 2017-11-28T18:48:50+08:00 ] 223.104.105.69 /default.php
INFO: [ app_init ] --START--
INFO: Run Behavior\BuildLiteBehavior [ RunTime:0.000011s ]
INFO: [ app_init ] --END-- [ RunTime:0.000263s ]
INFO: [ app_begin ] --START--
INFO: Run Behavior\ReadHtmlCacheBehavior [ RunTime:0.000288s ]
INFO: [ app_begin ] --END-- [ RunTime:0.000321s ]
SQL: SHOW COLUMNS FROM `xs_column` [ RunTime:0.0006s ]
SQL: SELECT * FROM `xs_column` WHERE ( column_leftid = 0 ) ORDER BY sort  [ RunTime:0.0001s ]
SQL: SELECT * FROM `xs_column` WHERE ( column_leftid = 54 )  [ RunTime:0.0001s ]
SQL: SELECT * FROM `xs_column` WHERE ( column_leftid = 48 )  [ RunTime:0.0001s ]
SQL: SELECT * FROM `xs_column` WHERE ( column_leftid = 58 )  [ RunTime:0.0001s ]
SQL: SELECT * FROM `xs_column` WHERE ( column_leftid = 49 )  [ RunTime:0.0001s ]
SQL: SELECT * FROM `xs_column` WHERE ( column_leftid = 53 )  [ RunTime:0.0001s ]
SQL: SHOW COLUMNS FROM `xs_banner` [ RunTime:0.0003s ]
SQL: SELECT * FROM `xs_banner` ORDER BY sort  [ RunTime:0.0001s ]
SQL: SHOW COLUMNS FROM `xs_article` [ RunTime:0.0004s ]
SQL: SELECT * FROM `xs_article` WHERE ( columnid = 48 and image <> '' ) ORDER BY id desc LIMIT 6   [ RunTime:0.0001s ]
SQL: SELECT * FROM `xs_article` WHERE ( columnid = 49 ) ORDER BY id desc LIMIT 6   [ RunTime:0.0002s ]
SQL: SELECT `content` FROM `xs_column` WHERE ( id = 54 ) LIMIT 1   [ RunTime:0.0001s ]
INFO: [ view_parse ] --START--
INFO: [ template_filter ] --START--
INFO: Run Behavior\ContentReplaceBehavior [ RunTime:0.000048s ]
INFO: [ template_filter ] --END-- [ RunTime:0.000095s ]
INFO: Run Behavior\ParseTemplateBehavior [ RunTime:0.008895s ]
INFO: [ view_parse ] --END-- [ RunTime:0.008925s ]
INFO: [ view_filter ] --START--
INFO: Run Behavior\WriteHtmlCacheBehavior [ RunTime:0.000094s ]
INFO: [ view_filter ] --END-- [ RunTime:0.000119s ]
INFO: [ app_end ] --START--
INFO: Run Behavior\ShowPageTraceBehavior [ RunTime:0.000298s ]
INFO: [ app_end ] --END-- [ RunTime:0.000327s ]

[ 2017-11-28T19:44:40+08:00 ] 123.151.77.74 /default.php
INFO: [ app_init ] --START--
INFO: Run Behavior\BuildLiteBehavior [ RunTime:0.000013s ]
INFO: [ app_init ] --END-- [ RunTime:0.000254s ]
INFO: [ app_begin ] --START--
INFO: Run Behavior\ReadHtmlCacheBehavior [ RunTime:0.000297s ]
INFO: [ app_begin ] --END-- [ RunTime:0.000331s ]
SQL: SHOW COLUMNS FROM `xs_column` [ RunTime:0.0006s ]
SQL: SELECT * FROM `xs_column` WHERE ( column_leftid = 0 ) ORDER BY sort  [ RunTime:0.0001s ]
SQL: SELECT * FROM `xs_column` WHERE ( column_leftid = 54 )  [ RunTime:0.0001s ]
SQL: SELECT * FROM `xs_column` WHERE ( column_leftid = 48 )  [ RunTime:0.0001s ]
SQL: SELECT * FROM `xs_column` WHERE ( column_leftid = 58 )  [ RunTime:0.0001s ]
SQL: SELECT * FROM `xs_column` WHERE ( column_leftid = 49 )  [ RunTime:0.0001s ]
SQL: SELECT * FROM `xs_column` WHERE ( column_leftid = 53 )  [ RunTime:0.0001s ]
SQL: SHOW COLUMNS FROM `xs_banner` [ RunTime:0.0004s ]
SQL: SELECT * FROM `xs_banner` ORDER BY sort  [ RunTime:0.0001s ]
SQL: SHOW COLUMNS FROM `xs_article` [ RunTime:0.0004s ]
SQL: SELECT * FROM `xs_article` WHERE ( columnid = 48 and image <> '' ) ORDER BY id desc LIMIT 6   [ RunTime:0.0001s ]
SQL: SELECT * FROM `xs_article` WHERE ( columnid = 49 ) ORDER BY id desc LIMIT 6   [ RunTime:0.0002s ]
SQL: SELECT `content` FROM `xs_column` WHERE ( id = 54 ) LIMIT 1   [ RunTime:0.0001s ]
INFO: [ view_parse ] --START--
INFO: [ template_filter ] --START--
INFO: Run Behavior\ContentReplaceBehavior [ RunTime:0.000057s ]
INFO: [ template_filter ] --END-- [ RunTime:0.000105s ]
INFO: Run Behavior\ParseTemplateBehavior [ RunTime:0.009205s ]
INFO: [ view_parse ] --END-- [ RunTime:0.009237s ]
INFO: [ view_filter ] --START--
INFO: Run Behavior\WriteHtmlCacheBehavior [ RunTime:0.000123s ]
INFO: [ view_filter ] --END-- [ RunTime:0.000149s ]
INFO: [ app_end ] --START--
INFO: Run Behavior\ShowPageTraceBehavior [ RunTime:0.000329s ]
INFO: [ app_end ] --END-- [ RunTime:0.000360s ]

[ 2017-11-28T19:44:41+08:00 ] 61.158.152.38 /default.php
INFO: [ app_init ] --START--
INFO: Run Behavior\BuildLiteBehavior [ RunTime:0.000013s ]
INFO: [ app_init ] --END-- [ RunTime:0.000274s ]
INFO: [ app_begin ] --START--
INFO: Run Behavior\ReadHtmlCacheBehavior [ RunTime:0.000300s ]
INFO: [ app_begin ] --END-- [ RunTime:0.000334s ]
SQL: SHOW COLUMNS FROM `xs_column` [ RunTime:0.0006s ]
SQL: SELECT * FROM `xs_column` WHERE ( column_leftid = 0 ) ORDER BY sort  [ RunTime:0.0001s ]
SQL: SELECT * FROM `xs_column` WHERE ( column_leftid = 54 )  [ RunTime:0.0001s ]
SQL: SELECT * FROM `xs_column` WHERE ( column_leftid = 48 )  [ RunTime:0.0001s ]
SQL: SELECT * FROM `xs_column` WHERE ( column_leftid = 58 )  [ RunTime:0.0001s ]
SQL: SELECT * FROM `xs_column` WHERE ( column_leftid = 49 )  [ RunTime:0.0001s ]
SQL: SELECT * FROM `xs_column` WHERE ( column_leftid = 53 )  [ RunTime:0.0001s ]
SQL: SHOW COLUMNS FROM `xs_banner` [ RunTime:0.0004s ]
SQL: SELECT * FROM `xs_banner` ORDER BY sort  [ RunTime:0.0001s ]
SQL: SHOW COLUMNS FROM `xs_article` [ RunTime:0.0004s ]
SQL: SELECT * FROM `xs_article` WHERE ( columnid = 48 and image <> '' ) ORDER BY id desc LIMIT 6   [ RunTime:0.0001s ]
SQL: SELECT * FROM `xs_article` WHERE ( columnid = 49 ) ORDER BY id desc LIMIT 6   [ RunTime:0.0002s ]
SQL: SELECT `content` FROM `xs_column` WHERE ( id = 54 ) LIMIT 1   [ RunTime:0.0001s ]
INFO: [ view_parse ] --START--
INFO: [ template_filter ] --START--
INFO: Run Behavior\ContentReplaceBehavior [ RunTime:0.000054s ]
INFO: [ template_filter ] --END-- [ RunTime:0.000093s ]
INFO: Run Behavior\ParseTemplateBehavior [ RunTime:0.009256s ]
INFO: [ view_parse ] --END-- [ RunTime:0.009290s ]
INFO: [ view_filter ] --START--
INFO: Run Behavior\WriteHtmlCacheBehavior [ RunTime:0.000107s ]
INFO: [ view_filter ] --END-- [ RunTime:0.000133s ]
INFO: [ app_end ] --START--
INFO: Run Behavior\ShowPageTraceBehavior [ RunTime:0.000336s ]
INFO: [ app_end ] --END-- [ RunTime:0.000367s ]

[ 2017-11-28T20:25:40+08:00 ] 123.151.77.71 /default.php
INFO: [ app_init ] --START--
INFO: Run Behavior\BuildLiteBehavior [ RunTime:0.000010s ]
INFO: [ app_init ] --END-- [ RunTime:0.000218s ]
INFO: [ app_begin ] --START--
INFO: Run Behavior\ReadHtmlCacheBehavior [ RunTime:0.000305s ]
INFO: [ app_begin ] --END-- [ RunTime:0.000338s ]
SQL: SHOW COLUMNS FROM `xs_column` [ RunTime:0.0004s ]
SQL: SELECT * FROM `xs_column` WHERE ( column_leftid = 0 ) ORDER BY sort  [ RunTime:0.0001s ]
SQL: SELECT * FROM `xs_column` WHERE ( column_leftid = 54 )  [ RunTime:0.0001s ]
SQL: SELECT * FROM `xs_column` WHERE ( column_leftid = 48 )  [ RunTime:0.0001s ]
SQL: SELECT * FROM `xs_column` WHERE ( column_leftid = 58 )  [ RunTime:0.0001s ]
SQL: SELECT * FROM `xs_column` WHERE ( column_leftid = 49 )  [ RunTime:0.0001s ]
SQL: SELECT * FROM `xs_column` WHERE ( column_leftid = 53 )  [ RunTime:0.0001s ]
SQL: SHOW COLUMNS FROM `xs_banner` [ RunTime:0.0003s ]
SQL: SELECT * FROM `xs_banner` ORDER BY sort  [ RunTime:0.0001s ]
SQL: SHOW COLUMNS FROM `xs_article` [ RunTime:0.0004s ]
SQL: SELECT * FROM `xs_article` WHERE ( columnid = 48 and image <> '' ) ORDER BY id desc LIMIT 6   [ RunTime:0.0001s ]
SQL: SELECT * FROM `xs_article` WHERE ( columnid = 49 ) ORDER BY id desc LIMIT 6   [ RunTime:0.0002s ]
SQL: SELECT `content` FROM `xs_column` WHERE ( id = 54 ) LIMIT 1   [ RunTime:0.0001s ]
INFO: [ view_parse ] --START--
INFO: [ template_filter ] --START--
INFO: Run Behavior\ContentReplaceBehavior [ RunTime:0.000057s ]
INFO: [ template_filter ] --END-- [ RunTime:0.000090s ]
INFO: Run Behavior\ParseTemplateBehavior [ RunTime:0.009062s ]
INFO: [ view_parse ] --END-- [ RunTime:0.009094s ]
INFO: [ view_filter ] --START--
INFO: Run Behavior\WriteHtmlCacheBehavior [ RunTime:0.000109s ]
INFO: [ view_filter ] --END-- [ RunTime:0.000135s ]
INFO: [ app_end ] --START--
INFO: Run Behavior\ShowPageTraceBehavior [ RunTime:0.000304s ]
INFO: [ app_end ] --END-- [ RunTime:0.000334s ]

[ 2017-11-28T20:25:41+08:00 ] 1.193.127.36 /default.php
INFO: [ app_init ] --START--
INFO: Run Behavior\BuildLiteBehavior [ RunTime:0.000011s ]
INFO: [ app_init ] --END-- [ RunTime:0.000236s ]
INFO: [ app_begin ] --START--
INFO: Run Behavior\ReadHtmlCacheBehavior [ RunTime:0.000305s ]
INFO: [ app_begin ] --END-- [ RunTime:0.000339s ]
SQL: SHOW COLUMNS FROM `xs_column` [ RunTime:0.0005s ]
SQL: SELECT * FROM `xs_column` WHERE ( column_leftid = 0 ) ORDER BY sort  [ RunTime:0.0001s ]
SQL: SELECT * FROM `xs_column` WHERE ( column_leftid = 54 )  [ RunTime:0.0001s ]
SQL: SELECT * FROM `xs_column` WHERE ( column_leftid = 48 )  [ RunTime:0.0001s ]
SQL: SELECT * FROM `xs_column` WHERE ( column_leftid = 58 )  [ RunTime:0.0001s ]
SQL: SELECT * FROM `xs_column` WHERE ( column_leftid = 49 )  [ RunTime:0.0001s ]
SQL: SELECT * FROM `xs_column` WHERE ( column_leftid = 53 )  [ RunTime:0.0001s ]
SQL: SHOW COLUMNS FROM `xs_banner` [ RunTime:0.0003s ]
SQL: SELECT * FROM `xs_banner` ORDER BY sort  [ RunTime:0.0001s ]
SQL: SHOW COLUMNS FROM `xs_article` [ RunTime:0.0003s ]
SQL: SELECT * FROM `xs_article` WHERE ( columnid = 48 and image <> '' ) ORDER BY id desc LIMIT 6   [ RunTime:0.0001s ]
SQL: SELECT * FROM `xs_article` WHERE ( columnid = 49 ) ORDER BY id desc LIMIT 6   [ RunTime:0.0002s ]
SQL: SELECT `content` FROM `xs_column` WHERE ( id = 54 ) LIMIT 1   [ RunTime:0.0001s ]
INFO: [ view_parse ] --START--
INFO: [ template_filter ] --START--
INFO: Run Behavior\ContentReplaceBehavior [ RunTime:0.000046s ]
INFO: [ template_filter ] --END-- [ RunTime:0.000077s ]
INFO: Run Behavior\ParseTemplateBehavior [ RunTime:0.008977s ]
INFO: [ view_parse ] --END-- [ RunTime:0.009008s ]
INFO: [ view_filter ] --START--
INFO: Run Behavior\WriteHtmlCacheBehavior [ RunTime:0.000099s ]
INFO: [ view_filter ] --END-- [ RunTime:0.000124s ]
INFO: [ app_end ] --START--
INFO: Run Behavior\ShowPageTraceBehavior [ RunTime:0.000301s ]
INFO: [ app_end ] --END-- [ RunTime:0.000330s ]

[ 2017-11-28T21:05:35+08:00 ] 125.39.46.45 /default.php
INFO: [ app_init ] --START--
INFO: Run Behavior\BuildLiteBehavior [ RunTime:0.000010s ]
INFO: [ app_init ] --END-- [ RunTime:0.000227s ]
INFO: [ app_begin ] --START--
INFO: Run Behavior\ReadHtmlCacheBehavior [ RunTime:0.000316s ]
INFO: [ app_begin ] --END-- [ RunTime:0.000350s ]
SQL: SHOW COLUMNS FROM `xs_column` [ RunTime:0.0005s ]
SQL: SELECT * FROM `xs_column` WHERE ( column_leftid = 0 ) ORDER BY sort  [ RunTime:0.0001s ]
SQL: SELECT * FROM `xs_column` WHERE ( column_leftid = 54 )  [ RunTime:0.0001s ]
SQL: SELECT * FROM `xs_column` WHERE ( column_leftid = 48 )  [ RunTime:0.0001s ]
SQL: SELECT * FROM `xs_column` WHERE ( column_leftid = 58 )  [ RunTime:0.0001s ]
SQL: SELECT * FROM `xs_column` WHERE ( column_leftid = 49 )  [ RunTime:0.0001s ]
SQL: SELECT * FROM `xs_column` WHERE ( column_leftid = 53 )  [ RunTime:0.0001s ]
SQL: SHOW COLUMNS FROM `xs_banner` [ RunTime:0.0003s ]
SQL: SELECT * FROM `xs_banner` ORDER BY sort  [ RunTime:0.0001s ]
SQL: SHOW COLUMNS FROM `xs_article` [ RunTime:0.0003s ]
SQL: SELECT * FROM `xs_article` WHERE ( columnid = 48 and image <> '' ) ORDER BY id desc LIMIT 6   [ RunTime:0.0001s ]
SQL: SELECT * FROM `xs_article` WHERE ( columnid = 49 ) ORDER BY id desc LIMIT 6   [ RunTime:0.0002s ]
SQL: SELECT `content` FROM `xs_column` WHERE ( id = 54 ) LIMIT 1   [ RunTime:0.0001s ]
INFO: [ view_parse ] --START--
INFO: [ template_filter ] --START--
INFO: Run Behavior\ContentReplaceBehavior [ RunTime:0.000048s ]
INFO: [ template_filter ] --END-- [ RunTime:0.000081s ]
INFO: Run Behavior\ParseTemplateBehavior [ RunTime:0.009104s ]
INFO: [ view_parse ] --END-- [ RunTime:0.009137s ]
INFO: [ view_filter ] --START--
INFO: Run Behavior\WriteHtmlCacheBehavior [ RunTime:0.000097s ]
INFO: [ view_filter ] --END-- [ RunTime:0.000122s ]
INFO: [ app_end ] --START--
INFO: Run Behavior\ShowPageTraceBehavior [ RunTime:0.000314s ]
INFO: [ app_end ] --END-- [ RunTime:0.000345s ]

[ 2017-11-28T21:05:36+08:00 ] 223.88.139.13 /default.php
INFO: [ app_init ] --START--
INFO: Run Behavior\BuildLiteBehavior [ RunTime:0.000011s ]
INFO: [ app_init ] --END-- [ RunTime:0.000230s ]
INFO: [ app_begin ] --START--
INFO: Run Behavior\ReadHtmlCacheBehavior [ RunTime:0.000321s ]
INFO: [ app_begin ] --END-- [ RunTime:0.000355s ]
SQL: SHOW COLUMNS FROM `xs_column` [ RunTime:0.0005s ]
SQL: SELECT * FROM `xs_column` WHERE ( column_leftid = 0 ) ORDER BY sort  [ RunTime:0.0001s ]
SQL: SELECT * FROM `xs_column` WHERE ( column_leftid = 54 )  [ RunTime:0.0001s ]
SQL: SELECT * FROM `xs_column` WHERE ( column_leftid = 48 )  [ RunTime:0.0001s ]
SQL: SELECT * FROM `xs_column` WHERE ( column_leftid = 58 )  [ RunTime:0.0001s ]
SQL: SELECT * FROM `xs_column` WHERE ( column_leftid = 49 )  [ RunTime:0.0001s ]
SQL: SELECT * FROM `xs_column` WHERE ( column_leftid = 53 )  [ RunTime:0.0001s ]
SQL: SHOW COLUMNS FROM `xs_banner` [ RunTime:0.0003s ]
SQL: SELECT * FROM `xs_banner` ORDER BY sort  [ RunTime:0.0001s ]
SQL: SHOW COLUMNS FROM `xs_article` [ RunTime:0.0004s ]
SQL: SELECT * FROM `xs_article` WHERE ( columnid = 48 and image <> '' ) ORDER BY id desc LIMIT 6   [ RunTime:0.0001s ]
SQL: SELECT * FROM `xs_article` WHERE ( columnid = 49 ) ORDER BY id desc LIMIT 6   [ RunTime:0.0002s ]
SQL: SELECT `content` FROM `xs_column` WHERE ( id = 54 ) LIMIT 1   [ RunTime:0.0004s ]
INFO: [ view_parse ] --START--
INFO: [ template_filter ] --START--
INFO: Run Behavior\ContentReplaceBehavior [ RunTime:0.000047s ]
INFO: [ template_filter ] --END-- [ RunTime:0.000080s ]
INFO: Run Behavior\ParseTemplateBehavior [ RunTime:0.009182s ]
INFO: [ view_parse ] --END-- [ RunTime:0.009214s ]
INFO: [ view_filter ] --START--
INFO: Run Behavior\WriteHtmlCacheBehavior [ RunTime:0.000097s ]
INFO: [ view_filter ] --END-- [ RunTime:0.000123s ]
INFO: [ app_end ] --START--
INFO: Run Behavior\ShowPageTraceBehavior [ RunTime:0.000304s ]
INFO: [ app_end ] --END-- [ RunTime:0.000333s ]

[ 2017-11-28T21:52:50+08:00 ] 115.60.184.54 /default.php
INFO: [ app_init ] --START--
INFO: Run Behavior\BuildLiteBehavior [ RunTime:0.000019s ]
INFO: [ app_init ] --END-- [ RunTime:0.000279s ]
INFO: [ app_begin ] --START--
INFO: Run Behavior\ReadHtmlCacheBehavior [ RunTime:0.000324s ]
INFO: [ app_begin ] --END-- [ RunTime:0.000358s ]
SQL: SHOW COLUMNS FROM `xs_column` [ RunTime:0.0005s ]
SQL: SELECT * FROM `xs_column` WHERE ( column_leftid = 0 ) ORDER BY sort  [ RunTime:0.0001s ]
SQL: SELECT * FROM `xs_column` WHERE ( column_leftid = 54 )  [ RunTime:0.0001s ]
SQL: SELECT * FROM `xs_column` WHERE ( column_leftid = 48 )  [ RunTime:0.0001s ]
SQL: SELECT * FROM `xs_column` WHERE ( column_leftid = 58 )  [ RunTime:0.0001s ]
SQL: SELECT * FROM `xs_column` WHERE ( column_leftid = 49 )  [ RunTime:0.0001s ]
SQL: SELECT * FROM `xs_column` WHERE ( column_leftid = 53 )  [ RunTime:0.0001s ]
SQL: SHOW COLUMNS FROM `xs_banner` [ RunTime:0.0004s ]
SQL: SELECT * FROM `xs_banner` ORDER BY sort  [ RunTime:0.0001s ]
SQL: SHOW COLUMNS FROM `xs_article` [ RunTime:0.0004s ]
SQL: SELECT * FROM `xs_article` WHERE ( columnid = 48 and image <> '' ) ORDER BY id desc LIMIT 6   [ RunTime:0.0002s ]
SQL: SELECT * FROM `xs_article` WHERE ( columnid = 49 ) ORDER BY id desc LIMIT 6   [ RunTime:0.0002s ]
SQL: SELECT `content` FROM `xs_column` WHERE ( id = 54 ) LIMIT 1   [ RunTime:0.0001s ]
INFO: [ view_parse ] --START--
INFO: [ template_filter ] --START--
INFO: Run Behavior\ContentReplaceBehavior [ RunTime:0.000071s ]
INFO: [ template_filter ] --END-- [ RunTime:0.000108s ]
INFO: Run Behavior\ParseTemplateBehavior [ RunTime:0.010184s ]
INFO: [ view_parse ] --END-- [ RunTime:0.010218s ]
INFO: [ view_filter ] --START--
INFO: Run Behavior\WriteHtmlCacheBehavior [ RunTime:0.000099s ]
INFO: [ view_filter ] --END-- [ RunTime:0.000129s ]
INFO: [ app_end ] --START--
INFO: Run Behavior\ShowPageTraceBehavior [ RunTime:0.000379s ]
INFO: [ app_end ] --END-- [ RunTime:0.000414s ]

[ 2017-11-28T21:52:50+08:00 ] 115.60.184.54 /default.php
INFO: [ app_init ] --START--
INFO: Run Behavior\BuildLiteBehavior [ RunTime:0.000012s ]
INFO: [ app_init ] --END-- [ RunTime:0.000243s ]
INFO: [ app_begin ] --START--
INFO: Run Behavior\ReadHtmlCacheBehavior [ RunTime:0.000325s ]
INFO: [ app_begin ] --END-- [ RunTime:0.000358s ]
SQL: SHOW COLUMNS FROM `xs_column` [ RunTime:0.0006s ]
SQL: SELECT * FROM `xs_column` WHERE ( column_leftid = 0 ) ORDER BY sort  [ RunTime:0.0001s ]
SQL: SELECT * FROM `xs_column` WHERE ( column_leftid = 54 )  [ RunTime:0.0001s ]
SQL: SELECT * FROM `xs_column` WHERE ( column_leftid = 48 )  [ RunTime:0.0001s ]
SQL: SELECT * FROM `xs_column` WHERE ( column_leftid = 58 )  [ RunTime:0.0001s ]
SQL: SELECT * FROM `xs_column` WHERE ( column_leftid = 49 )  [ RunTime:0.0001s ]
SQL: SELECT * FROM `xs_column` WHERE ( column_leftid = 53 )  [ RunTime:0.0001s ]
SQL: SHOW COLUMNS FROM `xs_banner` [ RunTime:0.0004s ]
SQL: SELECT * FROM `xs_banner` ORDER BY sort  [ RunTime:0.0001s ]
SQL: SHOW COLUMNS FROM `xs_article` [ RunTime:0.0004s ]
SQL: SELECT * FROM `xs_article` WHERE ( columnid = 48 and image <> '' ) ORDER BY id desc LIMIT 6   [ RunTime:0.0001s ]
SQL: SELECT * FROM `xs_article` WHERE ( columnid = 49 ) ORDER BY id desc LIMIT 6   [ RunTime:0.0002s ]
SQL: SELECT `content` FROM `xs_column` WHERE ( id = 54 ) LIMIT 1   [ RunTime:0.0001s ]
INFO: [ view_parse ] --START--
INFO: [ template_filter ] --START--
INFO: Run Behavior\ContentReplaceBehavior [ RunTime:0.000088s ]
INFO: [ template_filter ] --END-- [ RunTime:0.000147s ]
INFO: Run Behavior\ParseTemplateBehavior [ RunTime:0.014912s ]
INFO: [ view_parse ] --END-- [ RunTime:0.014959s ]
INFO: [ view_filter ] --START--
INFO: Run Behavior\WriteHtmlCacheBehavior [ RunTime:0.000135s ]
INFO: [ view_filter ] --END-- [ RunTime:0.000172s ]
INFO: [ app_end ] --START--
INFO: Run Behavior\ShowPageTraceBehavior [ RunTime:0.000511s ]
INFO: [ app_end ] --END-- [ RunTime:0.000557s ]

[ 2017-11-28T22:25:05+08:00 ] 123.151.77.81 /default.php
INFO: [ app_init ] --START--
INFO: Run Behavior\BuildLiteBehavior [ RunTime:0.000011s ]
INFO: [ app_init ] --END-- [ RunTime:0.000225s ]
INFO: [ app_begin ] --START--
INFO: Run Behavior\ReadHtmlCacheBehavior [ RunTime:0.000298s ]
INFO: [ app_begin ] --END-- [ RunTime:0.000332s ]
SQL: SHOW COLUMNS FROM `xs_column` [ RunTime:0.0005s ]
SQL: SELECT * FROM `xs_column` WHERE ( column_leftid = 0 ) ORDER BY sort  [ RunTime:0.0001s ]
SQL: SELECT * FROM `xs_column` WHERE ( column_leftid = 54 )  [ RunTime:0.0001s ]
SQL: SELECT * FROM `xs_column` WHERE ( column_leftid = 48 )  [ RunTime:0.0001s ]
SQL: SELECT * FROM `xs_column` WHERE ( column_leftid = 58 )  [ RunTime:0.0001s ]
SQL: SELECT * FROM `xs_column` WHERE ( column_leftid = 49 )  [ RunTime:0.0001s ]
SQL: SELECT * FROM `xs_column` WHERE ( column_leftid = 53 )  [ RunTime:0.0001s ]
SQL: SHOW COLUMNS FROM `xs_banner` [ RunTime:0.0003s ]
SQL: SELECT * FROM `xs_banner` ORDER BY sort  [ RunTime:0.0001s ]
SQL: SHOW COLUMNS FROM `xs_article` [ RunTime:0.0004s ]
SQL: SELECT * FROM `xs_article` WHERE ( columnid = 48 and image <> '' ) ORDER BY id desc LIMIT 6   [ RunTime:0.0001s ]
SQL: SELECT * FROM `xs_article` WHERE ( columnid = 49 ) ORDER BY id desc LIMIT 6   [ RunTime:0.0002s ]
SQL: SELECT `content` FROM `xs_column` WHERE ( id = 54 ) LIMIT 1   [ RunTime:0.0001s ]
INFO: [ view_parse ] --START--
INFO: [ template_filter ] --START--
INFO: Run Behavior\ContentReplaceBehavior [ RunTime:0.000063s ]
INFO: [ template_filter ] --END-- [ RunTime:0.000098s ]
INFO: Run Behavior\ParseTemplateBehavior [ RunTime:0.009183s ]
INFO: [ view_parse ] --END-- [ RunTime:0.009219s ]
INFO: [ view_filter ] --START--
INFO: Run Behavior\WriteHtmlCacheBehavior [ RunTime:0.000097s ]
INFO: [ view_filter ] --END-- [ RunTime:0.000121s ]
INFO: [ app_end ] --START--
INFO: Run Behavior\ShowPageTraceBehavior [ RunTime:0.000309s ]
INFO: [ app_end ] --END-- [ RunTime:0.000339s ]

[ 2017-11-28T22:25:06+08:00 ] 123.5.140.30 /default.php
INFO: [ app_init ] --START--
INFO: Run Behavior\BuildLiteBehavior [ RunTime:0.000011s ]
INFO: [ app_init ] --END-- [ RunTime:0.000244s ]
INFO: [ app_begin ] --START--
INFO: Run Behavior\ReadHtmlCacheBehavior [ RunTime:0.000295s ]
INFO: [ app_begin ] --END-- [ RunTime:0.000328s ]
SQL: SHOW COLUMNS FROM `xs_column` [ RunTime:0.0006s ]
SQL: SELECT * FROM `xs_column` WHERE ( column_leftid = 0 ) ORDER BY sort  [ RunTime:0.0001s ]
SQL: SELECT * FROM `xs_column` WHERE ( column_leftid = 54 )  [ RunTime:0.0001s ]
SQL: SELECT * FROM `xs_column` WHERE ( column_leftid = 48 )  [ RunTime:0.0001s ]
SQL: SELECT * FROM `xs_column` WHERE ( column_leftid = 58 )  [ RunTime:0.0001s ]
SQL: SELECT * FROM `xs_column` WHERE ( column_leftid = 49 )  [ RunTime:0.0001s ]
SQL: SELECT * FROM `xs_column` WHERE ( column_leftid = 53 )  [ RunTime:0.0001s ]
SQL: SHOW COLUMNS FROM `xs_banner` [ RunTime:0.0004s ]
SQL: SELECT * FROM `xs_banner` ORDER BY sort  [ RunTime:0.0001s ]
SQL: SHOW COLUMNS FROM `xs_article` [ RunTime:0.0004s ]
SQL: SELECT * FROM `xs_article` WHERE ( columnid = 48 and image <> '' ) ORDER BY id desc LIMIT 6   [ RunTime:0.0001s ]
SQL: SELECT * FROM `xs_article` WHERE ( columnid = 49 ) ORDER BY id desc LIMIT 6   [ RunTime:0.0002s ]
SQL: SELECT `content` FROM `xs_column` WHERE ( id = 54 ) LIMIT 1   [ RunTime:0.0001s ]
INFO: [ view_parse ] --START--
INFO: [ template_filter ] --START--
INFO: Run Behavior\ContentReplaceBehavior [ RunTime:0.000048s ]
INFO: [ template_filter ] --END-- [ RunTime:0.000081s ]
INFO: Run Behavior\ParseTemplateBehavior [ RunTime:0.008969s ]
INFO: [ view_parse ] --END-- [ RunTime:0.009000s ]
INFO: [ view_filter ] --START--
INFO: Run Behavior\WriteHtmlCacheBehavior [ RunTime:0.000093s ]
INFO: [ view_filter ] --END-- [ RunTime:0.000117s ]
INFO: [ app_end ] --START--
INFO: Run Behavior\ShowPageTraceBehavior [ RunTime:0.000332s ]
INFO: [ app_end ] --END-- [ RunTime:0.000361s ]

[ 2017-11-28T22:25:14+08:00 ] 123.151.77.70 /default.php
INFO: [ app_init ] --START--
INFO: Run Behavior\BuildLiteBehavior [ RunTime:0.000011s ]
INFO: [ app_init ] --END-- [ RunTime:0.000225s ]
INFO: [ app_begin ] --START--
INFO: Run Behavior\ReadHtmlCacheBehavior [ RunTime:0.000288s ]
INFO: [ app_begin ] --END-- [ RunTime:0.000322s ]
SQL: SHOW COLUMNS FROM `xs_column` [ RunTime:0.0005s ]
SQL: SELECT * FROM `xs_column` WHERE ( column_leftid = 0 ) ORDER BY sort  [ RunTime:0.0001s ]
SQL: SELECT * FROM `xs_column` WHERE ( column_leftid = 54 )  [ RunTime:0.0001s ]
SQL: SELECT * FROM `xs_column` WHERE ( column_leftid = 48 )  [ RunTime:0.0001s ]
SQL: SELECT * FROM `xs_column` WHERE ( column_leftid = 58 )  [ RunTime:0.0001s ]
SQL: SELECT * FROM `xs_column` WHERE ( column_leftid = 49 )  [ RunTime:0.0001s ]
SQL: SELECT * FROM `xs_column` WHERE ( column_leftid = 53 )  [ RunTime:0.0001s ]
SQL: SHOW COLUMNS FROM `xs_banner` [ RunTime:0.0003s ]
SQL: SELECT * FROM `xs_banner` ORDER BY sort  [ RunTime:0.0001s ]
SQL: SHOW COLUMNS FROM `xs_article` [ RunTime:0.0003s ]
SQL: SELECT * FROM `xs_article` WHERE ( columnid = 48 and image <> '' ) ORDER BY id desc LIMIT 6   [ RunTime:0.0001s ]
SQL: SELECT * FROM `xs_article` WHERE ( columnid = 49 ) ORDER BY id desc LIMIT 6   [ RunTime:0.0002s ]
SQL: SELECT `content` FROM `xs_column` WHERE ( id = 54 ) LIMIT 1   [ RunTime:0.0001s ]
INFO: [ view_parse ] --START--
INFO: [ template_filter ] --START--
INFO: Run Behavior\ContentReplaceBehavior [ RunTime:0.000073s ]
INFO: [ template_filter ] --END-- [ RunTime:0.000131s ]
INFO: Run Behavior\ParseTemplateBehavior [ RunTime:0.014679s ]
INFO: [ view_parse ] --END-- [ RunTime:0.014727s ]
INFO: [ view_filter ] --START--
INFO: Run Behavior\WriteHtmlCacheBehavior [ RunTime:0.000131s ]
INFO: [ view_filter ] --END-- [ RunTime:0.000173s ]
INFO: [ app_end ] --START--
INFO: Run Behavior\ShowPageTraceBehavior [ RunTime:0.000483s ]
INFO: [ app_end ] --END-- [ RunTime:0.000533s ]

[ 2017-11-28T22:25:15+08:00 ] 123.5.140.30 /default.php
INFO: [ app_init ] --START--
INFO: Run Behavior\BuildLiteBehavior [ RunTime:0.000012s ]
INFO: [ app_init ] --END-- [ RunTime:0.000238s ]
INFO: [ app_begin ] --START--
INFO: Run Behavior\ReadHtmlCacheBehavior [ RunTime:0.000286s ]
INFO: [ app_begin ] --END-- [ RunTime:0.000321s ]
SQL: SHOW COLUMNS FROM `xs_column` [ RunTime:0.0005s ]
SQL: SELECT * FROM `xs_column` WHERE ( column_leftid = 0 ) ORDER BY sort  [ RunTime:0.0001s ]
SQL: SELECT * FROM `xs_column` WHERE ( column_leftid = 54 )  [ RunTime:0.0001s ]
SQL: SELECT * FROM `xs_column` WHERE ( column_leftid = 48 )  [ RunTime:0.0001s ]
SQL: SELECT * FROM `xs_column` WHERE ( column_leftid = 58 )  [ RunTime:0.0001s ]
SQL: SELECT * FROM `xs_column` WHERE ( column_leftid = 49 )  [ RunTime:0.0001s ]
SQL: SELECT * FROM `xs_column` WHERE ( column_leftid = 53 )  [ RunTime:0.0001s ]
SQL: SHOW COLUMNS FROM `xs_banner` [ RunTime:0.0003s ]
SQL: SELECT * FROM `xs_banner` ORDER BY sort  [ RunTime:0.0001s ]
SQL: SHOW COLUMNS FROM `xs_article` [ RunTime:0.0004s ]
SQL: SELECT * FROM `xs_article` WHERE ( columnid = 48 and image <> '' ) ORDER BY id desc LIMIT 6   [ RunTime:0.0001s ]
SQL: SELECT * FROM `xs_article` WHERE ( columnid = 49 ) ORDER BY id desc LIMIT 6   [ RunTime:0.0002s ]
SQL: SELECT `content` FROM `xs_column` WHERE ( id = 54 ) LIMIT 1   [ RunTime:0.0001s ]
INFO: [ view_parse ] --START--
INFO: [ template_filter ] --START--
INFO: Run Behavior\ContentReplaceBehavior [ RunTime:0.000066s ]
INFO: [ template_filter ] --END-- [ RunTime:0.000107s ]
INFO: Run Behavior\ParseTemplateBehavior [ RunTime:0.009221s ]
INFO: [ view_parse ] --END-- [ RunTime:0.009253s ]
INFO: [ view_filter ] --START--
INFO: Run Behavior\WriteHtmlCacheBehavior [ RunTime:0.000097s ]
INFO: [ view_filter ] --END-- [ RunTime:0.000127s ]
INFO: [ app_end ] --START--
INFO: Run Behavior\ShowPageTraceBehavior [ RunTime:0.000322s ]
INFO: [ app_end ] --END-- [ RunTime:0.000350s ]

[ 2017-11-28T22:25:24+08:00 ] 123.151.77.70 /default.php/Home/List/view/id/51.html
INFO: [ app_init ] --START--
INFO: Run Behavior\BuildLiteBehavior [ RunTime:0.000011s ]
INFO: [ app_init ] --END-- [ RunTime:0.000225s ]
INFO: [ app_begin ] --START--
INFO: Run Behavior\ReadHtmlCacheBehavior [ RunTime:0.000287s ]
INFO: [ app_begin ] --END-- [ RunTime:0.000318s ]
SQL: SHOW COLUMNS FROM `xs_column` [ RunTime:0.0006s ]
SQL: SELECT * FROM `xs_column` WHERE ( column_leftid = 0 ) ORDER BY sort  [ RunTime:0.0001s ]
SQL: SELECT * FROM `xs_column` WHERE ( column_leftid = 54 )  [ RunTime:0.0001s ]
SQL: SELECT * FROM `xs_column` WHERE ( column_leftid = 48 )  [ RunTime:0.0001s ]
SQL: SELECT * FROM `xs_column` WHERE ( column_leftid = 58 )  [ RunTime:0.0001s ]
SQL: SELECT * FROM `xs_column` WHERE ( column_leftid = 49 )  [ RunTime:0.0001s ]
SQL: SELECT * FROM `xs_column` WHERE ( column_leftid = 53 )  [ RunTime:0.0001s ]
SQL: SHOW COLUMNS FROM `xs_article` [ RunTime:0.0004s ]
SQL: SELECT * FROM `xs_article` WHERE ( id = 51 ) LIMIT 1   [ RunTime:0.0003s ]
INFO: [ view_parse ] --START--
INFO: [ template_filter ] --START--
INFO: Run Behavior\ContentReplaceBehavior [ RunTime:0.000067s ]
INFO: [ template_filter ] --END-- [ RunTime:0.000111s ]
INFO: Run Behavior\ParseTemplateBehavior [ RunTime:0.007254s ]
INFO: [ view_parse ] --END-- [ RunTime:0.007291s ]
INFO: [ view_filter ] --START--
INFO: Run Behavior\WriteHtmlCacheBehavior [ RunTime:0.000114s ]
INFO: [ view_filter ] --END-- [ RunTime:0.000147s ]
INFO: [ app_end ] --START--
INFO: Run Behavior\ShowPageTraceBehavior [ RunTime:0.000348s ]
INFO: [ app_end ] --END-- [ RunTime:0.000378s ]

[ 2017-11-28T22:25:33+08:00 ] 120.204.17.46 /default.php/Home/List/view/id/51.html
INFO: [ app_init ] --START--
INFO: Run Behavior\BuildLiteBehavior [ RunTime:0.000010s ]
INFO: [ app_init ] --END-- [ RunTime:0.000246s ]
INFO: [ app_begin ] --START--
INFO: Run Behavior\ReadHtmlCacheBehavior [ RunTime:0.000287s ]
INFO: [ app_begin ] --END-- [ RunTime:0.000320s ]
SQL: SHOW COLUMNS FROM `xs_column` [ RunTime:0.0005s ]
SQL: SELECT * FROM `xs_column` WHERE ( column_leftid = 0 ) ORDER BY sort  [ RunTime:0.0001s ]
SQL: SELECT * FROM `xs_column` WHERE ( column_leftid = 54 )  [ RunTime:0.0001s ]
SQL: SELECT * FROM `xs_column` WHERE ( column_leftid = 48 )  [ RunTime:0.0001s ]
SQL: SELECT * FROM `xs_column` WHERE ( column_leftid = 58 )  [ RunTime:0.0001s ]
SQL: SELECT * FROM `xs_column` WHERE ( column_leftid = 49 )  [ RunTime:0.0001s ]
SQL: SELECT * FROM `xs_column` WHERE ( column_leftid = 53 )  [ RunTime:0.0001s ]
SQL: SHOW COLUMNS FROM `xs_article` [ RunTime:0.0004s ]
SQL: SELECT * FROM `xs_article` WHERE ( id = 51 ) LIMIT 1   [ RunTime:0.0001s ]
INFO: [ view_parse ] --START--
INFO: [ template_filter ] --START--
INFO: Run Behavior\ContentReplaceBehavior [ RunTime:0.000041s ]
INFO: [ template_filter ] --END-- [ RunTime:0.000073s ]
INFO: Run Behavior\ParseTemplateBehavior [ RunTime:0.006137s ]
INFO: [ view_parse ] --END-- [ RunTime:0.006168s ]
INFO: [ view_filter ] --START--
INFO: Run Behavior\WriteHtmlCacheBehavior [ RunTime:0.000089s ]
INFO: [ view_filter ] --END-- [ RunTime:0.000113s ]
INFO: [ app_end ] --START--
INFO: Run Behavior\ShowPageTraceBehavior [ RunTime:0.000309s ]
INFO: [ app_end ] --END-- [ RunTime:0.000345s ]

