[ 2017-12-16T01:13:17+08:00 ] 183.3.227.100 /default.php/Admin
INFO: [ app_init ] --START--
INFO: Run Behavior\BuildLiteBehavior [ RunTime:0.000013s ]
INFO: [ app_init ] --END-- [ RunTime:0.000244s ]
INFO: [ app_begin ] --START--
INFO: Run Behavior\ReadHtmlCacheBehavior [ RunTime:0.000321s ]
INFO: [ app_begin ] --END-- [ RunTime:0.000355s ]

[ 2017-12-16T01:13:17+08:00 ] 183.3.227.100 /default.php/Admin/Login/index.html
INFO: [ app_init ] --START--
INFO: Run Behavior\BuildLiteBehavior [ RunTime:0.000014s ]
INFO: [ app_init ] --END-- [ RunTime:0.000262s ]
INFO: [ app_begin ] --START--
INFO: Run Behavior\ReadHtmlCacheBehavior [ RunTime:0.000331s ]
INFO: [ app_begin ] --END-- [ RunTime:0.000373s ]
INFO: [ view_parse ] --START--
INFO: [ template_filter ] --START--
INFO: Run Behavior\ContentReplaceBehavior [ RunTime:0.000056s ]
INFO: [ template_filter ] --END-- [ RunTime:0.000101s ]
INFO: Run Behavior\ParseTemplateBehavior [ RunTime:0.004453s ]
INFO: [ view_parse ] --END-- [ RunTime:0.004487s ]
INFO: [ view_filter ] --START--
INFO: Run Behavior\WriteHtmlCacheBehavior [ RunTime:0.000097s ]
INFO: [ view_filter ] --END-- [ RunTime:0.000122s ]
INFO: [ app_end ] --START--
INFO: Run Behavior\ShowPageTraceBehavior [ RunTime:0.000339s ]
INFO: [ app_end ] --END-- [ RunTime:0.000371s ]

[ 2017-12-16T01:13:19+08:00 ] 183.3.227.100 /default.php/Admin/Login/index.html
INFO: [ app_init ] --START--
INFO: Run Behavior\BuildLiteBehavior [ RunTime:0.000014s ]
INFO: [ app_init ] --END-- [ RunTime:0.000253s ]
INFO: [ app_begin ] --START--
INFO: Run Behavior\ReadHtmlCacheBehavior [ RunTime:0.000443s ]
INFO: [ app_begin ] --END-- [ RunTime:0.000487s ]
SQL: SHOW COLUMNS FROM `xs_admin` [ RunTime:0.0007s ]
SQL: SELECT * FROM `xs_admin` WHERE `username` = 'dgw' AND `pwd` = 'e10adc3949ba59abbe56e057f20f883e' LIMIT 1   [ RunTime:0.0003s ]
SQL: UPDATE `xs_admin` SET `ip`='183.3.227.100',`login_time`='1513357999' WHERE `id` = 8 [ RunTime:0.0004s ]

[ 2017-12-16T01:13:19+08:00 ] 183.3.227.100 /default.php/Admin/Index/index.html
INFO: [ app_init ] --START--
INFO: Run Behavior\BuildLiteBehavior [ RunTime:0.000014s ]
INFO: [ app_init ] --END-- [ RunTime:0.000273s ]
INFO: [ app_begin ] --START--
INFO: Run Behavior\ReadHtmlCacheBehavior [ RunTime:0.000306s ]
INFO: [ app_begin ] --END-- [ RunTime:0.000340s ]
SQL: select version() as ver [ RunTime:0.0001s ]
INFO: [ view_parse ] --START--
INFO: [ template_filter ] --START--
INFO: Run Behavior\ContentReplaceBehavior [ RunTime:0.000071s ]
INFO: [ template_filter ] --END-- [ RunTime:0.000126s ]
SQL: SHOW COLUMNS FROM `xs_auth_rule` [ RunTime:0.0007s ]
SQL: SELECT `id`,`name`,`title`,`css` FROM `xs_auth_rule` WHERE ( pid=0 AND status=1 )  [ RunTime:0.0001s ]
SQL: SHOW COLUMNS FROM `xs_auth_group_access` [ RunTime:0.0003s ]
SQL: SELECT `uid`,`group_id`,`title`,`rules` FROM xs_auth_group_access a INNER JOIN xs_auth_group g on a.group_id=g.id  WHERE ( a.uid='8' and g.status='1' )  [ RunTime:0.0001s ]
SQL: SHOW COLUMNS FROM `xs_auth_rule` [ RunTime:0.0003s ]
SQL: SELECT `condition`,`name` FROM `xs_auth_rule` WHERE `id` IN ('170','171','172','173','176','178','180','181','184','187','189','190') AND `type` = 1  [ RunTime:0.0001s ]
SQL: SELECT * FROM `xs_auth_rule` WHERE `pid` = 170 AND `status` = 1  [ RunTime:0.0001s ]
SQL: SELECT * FROM `xs_auth_rule` WHERE `pid` = 172 AND `status` = 1  [ RunTime:0.0001s ]
SQL: SELECT * FROM `xs_auth_rule` WHERE `pid` = 180 AND `status` = 1  [ RunTime:0.0001s ]
INFO: Run Behavior\ParseTemplateBehavior [ RunTime:0.012139s ]
INFO: [ view_parse ] --END-- [ RunTime:0.012176s ]
INFO: [ view_filter ] --START--
INFO: Run Behavior\WriteHtmlCacheBehavior [ RunTime:0.000145s ]
INFO: [ view_filter ] --END-- [ RunTime:0.000171s ]
INFO: [ app_end ] --START--
INFO: Run Behavior\ShowPageTraceBehavior [ RunTime:0.000345s ]
INFO: [ app_end ] --END-- [ RunTime:0.000377s ]

[ 2017-12-16T01:13:23+08:00 ] 183.3.227.100 /default.php/Admin/School/index/s/173.html
INFO: [ app_init ] --START--
INFO: Run Behavior\BuildLiteBehavior [ RunTime:0.000014s ]
INFO: [ app_init ] --END-- [ RunTime:0.000283s ]
INFO: [ app_begin ] --START--
INFO: Run Behavior\ReadHtmlCacheBehavior [ RunTime:0.000342s ]
INFO: [ app_begin ] --END-- [ RunTime:0.000408s ]
SQL: SHOW COLUMNS FROM `xs_auth_group_access` [ RunTime:0.0005s ]
SQL: SELECT `uid`,`group_id`,`title`,`rules` FROM xs_auth_group_access a INNER JOIN xs_auth_group g on a.group_id=g.id  WHERE ( a.uid='8' and g.status='1' )  [ RunTime:0.0001s ]
SQL: SHOW COLUMNS FROM `xs_auth_rule` [ RunTime:0.0004s ]
SQL: SELECT `condition`,`name` FROM `xs_auth_rule` WHERE `id` IN ('170','171','172','173','176','178','180','181','184','187','189','190') AND `type` = 1  [ RunTime:0.0001s ]
SQL: SHOW COLUMNS FROM `fh_schools` [ RunTime:0.0006s ]
SQL: SELECT COUNT(*) AS tp_count FROM fh_schools s WHERE ( s.school_id not in (4,8,9,12) ) LIMIT 1   [ RunTime:0.0001s ]
SQL: SELECT * FROM fh_schools s WHERE ( s.school_id not in (4,8,9,12) ) ORDER BY school_id desc LIMIT 0,15   [ RunTime:0.0002s ]
SQL: select count(*) as count from (select student_id from fh_students_parent where school_id = 18 group by student_id) as t1 [ RunTime:0.0001s ]
SQL: SHOW COLUMNS FROM `fh_students` [ RunTime:0.0005s ]
SQL: SELECT COUNT(*) AS tp_count FROM `fh_students` WHERE ( school_id = 18 and is_paid <> 0 ) LIMIT 1   [ RunTime:0.0006s ]
SQL: SELECT COUNT(*) AS tp_count FROM `fh_students` WHERE ( school_id = 18 and paid_time > 1513353600 ) LIMIT 1   [ RunTime:0.0005s ]
SQL: select count(*) as count from (select student_id from fh_students_parent where school_id = 17 group by student_id) as t1 [ RunTime:0.0001s ]
SQL: SELECT COUNT(*) AS tp_count FROM `fh_students` WHERE ( school_id = 17 and is_paid <> 0 ) LIMIT 1   [ RunTime:0.0004s ]
SQL: SELECT COUNT(*) AS tp_count FROM `fh_students` WHERE ( school_id = 17 and paid_time > 1513353600 ) LIMIT 1   [ RunTime:0.0004s ]
SQL: select count(*) as count from (select student_id from fh_students_parent where school_id = 16 group by student_id) as t1 [ RunTime:0.0001s ]
SQL: SELECT COUNT(*) AS tp_count FROM `fh_students` WHERE ( school_id = 16 and is_paid <> 0 ) LIMIT 1   [ RunTime:0.0003s ]
SQL: SELECT COUNT(*) AS tp_count FROM `fh_students` WHERE ( school_id = 16 and paid_time > 1513353600 ) LIMIT 1   [ RunTime:0.0003s ]
SQL: select count(*) as count from (select student_id from fh_students_parent where school_id = 15 group by student_id) as t1 [ RunTime:0.0001s ]
SQL: SELECT COUNT(*) AS tp_count FROM `fh_students` WHERE ( school_id = 15 and is_paid <> 0 ) LIMIT 1   [ RunTime:0.0006s ]
SQL: SELECT COUNT(*) AS tp_count FROM `fh_students` WHERE ( school_id = 15 and paid_time > 1513353600 ) LIMIT 1   [ RunTime:0.0005s ]
SQL: select count(*) as count from (select student_id from fh_students_parent where school_id = 14 group by student_id) as t1 [ RunTime:0.0001s ]
SQL: SELECT COUNT(*) AS tp_count FROM `fh_students` WHERE ( school_id = 14 and is_paid <> 0 ) LIMIT 1   [ RunTime:0.0006s ]
SQL: SELECT COUNT(*) AS tp_count FROM `fh_students` WHERE ( school_id = 14 and paid_time > 1513353600 ) LIMIT 1   [ RunTime:0.0006s ]
SQL: select count(*) as count from (select student_id from fh_students_parent where school_id = 11 group by student_id) as t1 [ RunTime:0.0001s ]
SQL: SELECT COUNT(*) AS tp_count FROM `fh_students` WHERE ( school_id = 11 and is_paid <> 0 ) LIMIT 1   [ RunTime:0.0002s ]
SQL: SELECT COUNT(*) AS tp_count FROM `fh_students` WHERE ( school_id = 11 and paid_time > 1513353600 ) LIMIT 1   [ RunTime:0.0002s ]
SQL: select count(*) as count from (select student_id from fh_students_parent where school_id = 10 group by student_id) as t1 [ RunTime:0.0001s ]
SQL: SELECT COUNT(*) AS tp_count FROM `fh_students` WHERE ( school_id = 10 and is_paid <> 0 ) LIMIT 1   [ RunTime:0.0004s ]
SQL: SELECT COUNT(*) AS tp_count FROM `fh_students` WHERE ( school_id = 10 and paid_time > 1513353600 ) LIMIT 1   [ RunTime:0.0003s ]
SQL: select count(*) as count from (select student_id from fh_students_parent where school_id = 2 group by student_id) as t1 [ RunTime:0.0001s ]
SQL: SELECT COUNT(*) AS tp_count FROM `fh_students` WHERE ( school_id = 2 and is_paid <> 0 ) LIMIT 1   [ RunTime:0.0003s ]
SQL: SELECT COUNT(*) AS tp_count FROM `fh_students` WHERE ( school_id = 2 and paid_time > 1513353600 ) LIMIT 1   [ RunTime:0.0002s ]
SQL: select count(*) as count from (select student_id from fh_students_parent where school_id = 1 group by student_id) as t1 [ RunTime:0.0001s ]
SQL: SELECT COUNT(*) AS tp_count FROM `fh_students` WHERE ( school_id = 1 and is_paid <> 0 ) LIMIT 1   [ RunTime:0.0003s ]
SQL: SELECT COUNT(*) AS tp_count FROM `fh_students` WHERE ( school_id = 1 and paid_time > 1513353600 ) LIMIT 1   [ RunTime:0.0003s ]
INFO: [ view_parse ] --START--
INFO: [ template_filter ] --START--
INFO: Run Behavior\ContentReplaceBehavior [ RunTime:0.000159s ]
INFO: [ template_filter ] --END-- [ RunTime:0.000228s ]
SQL: SHOW COLUMNS FROM `xs_auth_rule` [ RunTime:0.0007s ]
SQL: SELECT `id`,`name`,`title`,`css` FROM `xs_auth_rule` WHERE ( pid=0 AND status=1 )  [ RunTime:0.0001s ]
SQL: SELECT * FROM `xs_auth_rule` WHERE `pid` = 170 AND `status` = 1  [ RunTime:0.0001s ]
SQL: SELECT * FROM `xs_auth_rule` WHERE `pid` = 172 AND `status` = 1  [ RunTime:0.0001s ]
SQL: SELECT * FROM `xs_auth_rule` WHERE `pid` = 180 AND `status` = 1  [ RunTime:0.0001s ]
NOTIC: [8] Undefined variable: value /data/wwwroot/www.qihangbus.com/Runtime/Cache/Admin/2fdb3649e99fa64257090a3b61a7465e.php 第 227 行.
SQL: SELECT * FROM `xs_auth_rule` WHERE `pid` = 173 AND `status` = 1  [ RunTime:0.0001s ]
INFO: Run Behavior\ParseTemplateBehavior [ RunTime:0.020801s ]
INFO: [ view_parse ] --END-- [ RunTime:0.020841s ]
INFO: [ view_filter ] --START--
INFO: Run Behavior\WriteHtmlCacheBehavior [ RunTime:0.000188s ]
INFO: [ view_filter ] --END-- [ RunTime:0.000242s ]
INFO: [ app_end ] --START--
INFO: Run Behavior\ShowPageTraceBehavior [ RunTime:0.000525s ]
INFO: [ app_end ] --END-- [ RunTime:0.000588s ]

[ 2017-12-16T01:13:27+08:00 ] 58.247.212.98 /default.php/Admin/Login/index.html
INFO: [ app_init ] --START--
INFO: Run Behavior\BuildLiteBehavior [ RunTime:0.000013s ]
INFO: [ app_init ] --END-- [ RunTime:0.000250s ]
INFO: [ app_begin ] --START--
INFO: Run Behavior\ReadHtmlCacheBehavior [ RunTime:0.000323s ]
INFO: [ app_begin ] --END-- [ RunTime:0.000358s ]
INFO: [ view_parse ] --START--
INFO: [ template_filter ] --START--
INFO: Run Behavior\ContentReplaceBehavior [ RunTime:0.000053s ]
INFO: [ template_filter ] --END-- [ RunTime:0.000103s ]
INFO: Run Behavior\ParseTemplateBehavior [ RunTime:0.004371s ]
INFO: [ view_parse ] --END-- [ RunTime:0.004404s ]
INFO: [ view_filter ] --START--
INFO: Run Behavior\WriteHtmlCacheBehavior [ RunTime:0.000113s ]
INFO: [ view_filter ] --END-- [ RunTime:0.000138s ]
INFO: [ app_end ] --START--
INFO: Run Behavior\ShowPageTraceBehavior [ RunTime:0.000326s ]
INFO: [ app_end ] --END-- [ RunTime:0.000355s ]

[ 2017-12-16T01:13:28+08:00 ] 120.204.17.69 /default.php/Admin/Index/index.html
INFO: [ app_init ] --START--
INFO: Run Behavior\BuildLiteBehavior [ RunTime:0.000013s ]
INFO: [ app_init ] --END-- [ RunTime:0.000258s ]
INFO: [ app_begin ] --START--
INFO: Run Behavior\ReadHtmlCacheBehavior [ RunTime:0.000302s ]
INFO: [ app_begin ] --END-- [ RunTime:0.000337s ]

[ 2017-12-16T01:13:29+08:00 ] 120.204.17.69 /default.php/Admin/Login/index.html
INFO: [ app_init ] --START--
INFO: Run Behavior\BuildLiteBehavior [ RunTime:0.000014s ]
INFO: [ app_init ] --END-- [ RunTime:0.000248s ]
INFO: [ app_begin ] --START--
INFO: Run Behavior\ReadHtmlCacheBehavior [ RunTime:0.000320s ]
INFO: [ app_begin ] --END-- [ RunTime:0.000356s ]
INFO: [ view_parse ] --START--
INFO: [ template_filter ] --START--
INFO: Run Behavior\ContentReplaceBehavior [ RunTime:0.000052s ]
INFO: [ template_filter ] --END-- [ RunTime:0.000100s ]
INFO: Run Behavior\ParseTemplateBehavior [ RunTime:0.004313s ]
INFO: [ view_parse ] --END-- [ RunTime:0.004344s ]
INFO: [ view_filter ] --START--
INFO: Run Behavior\WriteHtmlCacheBehavior [ RunTime:0.000099s ]
INFO: [ view_filter ] --END-- [ RunTime:0.000122s ]
INFO: [ app_end ] --START--
INFO: Run Behavior\ShowPageTraceBehavior [ RunTime:0.000328s ]
INFO: [ app_end ] --END-- [ RunTime:0.000357s ]

[ 2017-12-16T01:13:33+08:00 ] 120.204.17.67 /default.php/Admin/School/index/s/173.html
INFO: [ app_init ] --START--
INFO: Run Behavior\BuildLiteBehavior [ RunTime:0.000014s ]
INFO: [ app_init ] --END-- [ RunTime:0.000263s ]
INFO: [ app_begin ] --START--
INFO: Run Behavior\ReadHtmlCacheBehavior [ RunTime:0.000325s ]
INFO: [ app_begin ] --END-- [ RunTime:0.000362s ]

[ 2017-12-16T01:13:33+08:00 ] 120.204.17.67 /default.php/Admin/Login/index.html
INFO: [ app_init ] --START--
INFO: Run Behavior\BuildLiteBehavior [ RunTime:0.000029s ]
INFO: [ app_init ] --END-- [ RunTime:0.000263s ]
INFO: [ app_begin ] --START--
INFO: Run Behavior\ReadHtmlCacheBehavior [ RunTime:0.000345s ]
INFO: [ app_begin ] --END-- [ RunTime:0.000385s ]
INFO: [ view_parse ] --START--
INFO: [ template_filter ] --START--
INFO: Run Behavior\ContentReplaceBehavior [ RunTime:0.000057s ]
INFO: [ template_filter ] --END-- [ RunTime:0.000110s ]
INFO: Run Behavior\ParseTemplateBehavior [ RunTime:0.004479s ]
INFO: [ view_parse ] --END-- [ RunTime:0.004519s ]
INFO: [ view_filter ] --START--
INFO: Run Behavior\WriteHtmlCacheBehavior [ RunTime:0.000117s ]
INFO: [ view_filter ] --END-- [ RunTime:0.000147s ]
INFO: [ app_end ] --START--
INFO: Run Behavior\ShowPageTraceBehavior [ RunTime:0.000346s ]
INFO: [ app_end ] --END-- [ RunTime:0.000375s ]

[ 2017-12-16T10:31:40+08:00 ] 123.151.77.72 /default.php/Admin
INFO: [ app_init ] --START--
INFO: Run Behavior\BuildLiteBehavior [ RunTime:0.000012s ]
INFO: [ app_init ] --END-- [ RunTime:0.000268s ]
INFO: [ app_begin ] --START--
INFO: Run Behavior\ReadHtmlCacheBehavior [ RunTime:0.000299s ]
INFO: [ app_begin ] --END-- [ RunTime:0.000345s ]

[ 2017-12-16T10:31:40+08:00 ] 123.151.77.72 /default.php/Admin/Login/index.html
INFO: [ app_init ] --START--
INFO: Run Behavior\BuildLiteBehavior [ RunTime:0.000012s ]
INFO: [ app_init ] --END-- [ RunTime:0.000243s ]
INFO: [ app_begin ] --START--
INFO: Run Behavior\ReadHtmlCacheBehavior [ RunTime:0.000317s ]
INFO: [ app_begin ] --END-- [ RunTime:0.000351s ]
INFO: [ view_parse ] --START--
INFO: [ template_filter ] --START--
INFO: Run Behavior\ContentReplaceBehavior [ RunTime:0.000048s ]
INFO: [ template_filter ] --END-- [ RunTime:0.000089s ]
INFO: Run Behavior\ParseTemplateBehavior [ RunTime:0.004537s ]
INFO: [ view_parse ] --END-- [ RunTime:0.004568s ]
INFO: [ view_filter ] --START--
INFO: Run Behavior\WriteHtmlCacheBehavior [ RunTime:0.000094s ]
INFO: [ view_filter ] --END-- [ RunTime:0.000117s ]
INFO: [ app_end ] --START--
INFO: Run Behavior\ShowPageTraceBehavior [ RunTime:0.000316s ]
INFO: [ app_end ] --END-- [ RunTime:0.000344s ]

[ 2017-12-16T10:31:42+08:00 ] 123.151.77.72 /default.php/Admin/Login/index.html
INFO: [ app_init ] --START--
INFO: Run Behavior\BuildLiteBehavior [ RunTime:0.000014s ]
INFO: [ app_init ] --END-- [ RunTime:0.000252s ]
INFO: [ app_begin ] --START--
INFO: Run Behavior\ReadHtmlCacheBehavior [ RunTime:0.000290s ]
INFO: [ app_begin ] --END-- [ RunTime:0.000324s ]
SQL: SHOW COLUMNS FROM `xs_admin` [ RunTime:0.0006s ]
SQL: SELECT * FROM `xs_admin` WHERE `username` = 'dgw' AND `pwd` = 'e10adc3949ba59abbe56e057f20f883e' LIMIT 1   [ RunTime:0.0003s ]
SQL: UPDATE `xs_admin` SET `ip`='123.151.77.72',`login_time`='1513391502' WHERE `id` = 8 [ RunTime:0.0003s ]

[ 2017-12-16T10:31:43+08:00 ] 123.151.77.72 /default.php/Admin/Index/index.html
INFO: [ app_init ] --START--
INFO: Run Behavior\BuildLiteBehavior [ RunTime:0.000012s ]
INFO: [ app_init ] --END-- [ RunTime:0.000255s ]
INFO: [ app_begin ] --START--
INFO: Run Behavior\ReadHtmlCacheBehavior [ RunTime:0.000293s ]
INFO: [ app_begin ] --END-- [ RunTime:0.000326s ]
SQL: select version() as ver [ RunTime:0.0001s ]
INFO: [ view_parse ] --START--
INFO: [ template_filter ] --START--
INFO: Run Behavior\ContentReplaceBehavior [ RunTime:0.000063s ]
INFO: [ template_filter ] --END-- [ RunTime:0.000097s ]
SQL: SHOW COLUMNS FROM `xs_auth_rule` [ RunTime:0.0005s ]
SQL: SELECT `id`,`name`,`title`,`css` FROM `xs_auth_rule` WHERE ( pid=0 AND status=1 )  [ RunTime:0.0001s ]
SQL: SHOW COLUMNS FROM `xs_auth_group_access` [ RunTime:0.0003s ]
SQL: SELECT `uid`,`group_id`,`title`,`rules` FROM xs_auth_group_access a INNER JOIN xs_auth_group g on a.group_id=g.id  WHERE ( a.uid='8' and g.status='1' )  [ RunTime:0.0001s ]
SQL: SHOW COLUMNS FROM `xs_auth_rule` [ RunTime:0.0003s ]
SQL: SELECT `condition`,`name` FROM `xs_auth_rule` WHERE `id` IN ('170','171','172','173','176','178','180','181','184','187','189','190') AND `type` = 1  [ RunTime:0.0001s ]
SQL: SELECT * FROM `xs_auth_rule` WHERE `pid` = 170 AND `status` = 1  [ RunTime:0.0001s ]
SQL: SELECT * FROM `xs_auth_rule` WHERE `pid` = 172 AND `status` = 1  [ RunTime:0.0001s ]
SQL: SELECT * FROM `xs_auth_rule` WHERE `pid` = 180 AND `status` = 1  [ RunTime:0.0001s ]
INFO: Run Behavior\ParseTemplateBehavior [ RunTime:0.011502s ]
INFO: [ view_parse ] --END-- [ RunTime:0.011546s ]
INFO: [ view_filter ] --START--
INFO: Run Behavior\WriteHtmlCacheBehavior [ RunTime:0.000107s ]
INFO: [ view_filter ] --END-- [ RunTime:0.000133s ]
INFO: [ app_end ] --START--
INFO: Run Behavior\ShowPageTraceBehavior [ RunTime:0.000332s ]
INFO: [ app_end ] --END-- [ RunTime:0.000361s ]

[ 2017-12-16T10:31:47+08:00 ] 123.151.77.72 /default.php/Admin/School/index/s/173.html
INFO: [ app_init ] --START--
INFO: Run Behavior\BuildLiteBehavior [ RunTime:0.000012s ]
INFO: [ app_init ] --END-- [ RunTime:0.000236s ]
INFO: [ app_begin ] --START--
INFO: Run Behavior\ReadHtmlCacheBehavior [ RunTime:0.000313s ]
INFO: [ app_begin ] --END-- [ RunTime:0.000347s ]
SQL: SHOW COLUMNS FROM `xs_auth_group_access` [ RunTime:0.0005s ]
SQL: SELECT `uid`,`group_id`,`title`,`rules` FROM xs_auth_group_access a INNER JOIN xs_auth_group g on a.group_id=g.id  WHERE ( a.uid='8' and g.status='1' )  [ RunTime:0.0001s ]
SQL: SHOW COLUMNS FROM `xs_auth_rule` [ RunTime:0.0003s ]
SQL: SELECT `condition`,`name` FROM `xs_auth_rule` WHERE `id` IN ('170','171','172','173','176','178','180','181','184','187','189','190') AND `type` = 1  [ RunTime:0.0001s ]
SQL: SHOW COLUMNS FROM `fh_schools` [ RunTime:0.0006s ]
SQL: SELECT COUNT(*) AS tp_count FROM fh_schools s WHERE ( s.school_id not in (4,8,9,12) ) LIMIT 1   [ RunTime:0.0001s ]
SQL: SELECT * FROM fh_schools s WHERE ( s.school_id not in (4,8,9,12) ) ORDER BY school_id desc LIMIT 0,15   [ RunTime:0.0002s ]
SQL: select count(*) as count from (select student_id from fh_students_parent where school_id = 18 group by student_id) as t1 [ RunTime:0.0001s ]
SQL: SHOW COLUMNS FROM `fh_students` [ RunTime:0.0005s ]
SQL: SELECT COUNT(*) AS tp_count FROM `fh_students` WHERE ( school_id = 18 and is_paid <> 0 ) LIMIT 1   [ RunTime:0.0006s ]
SQL: SELECT COUNT(*) AS tp_count FROM `fh_students` WHERE ( school_id = 18 and paid_time > 1513353600 ) LIMIT 1   [ RunTime:0.0005s ]
SQL: select count(*) as count from (select student_id from fh_students_parent where school_id = 17 group by student_id) as t1 [ RunTime:0.0001s ]
SQL: SELECT COUNT(*) AS tp_count FROM `fh_students` WHERE ( school_id = 17 and is_paid <> 0 ) LIMIT 1   [ RunTime:0.0005s ]
SQL: SELECT COUNT(*) AS tp_count FROM `fh_students` WHERE ( school_id = 17 and paid_time > 1513353600 ) LIMIT 1   [ RunTime:0.0004s ]
SQL: select count(*) as count from (select student_id from fh_students_parent where school_id = 16 group by student_id) as t1 [ RunTime:0.0001s ]
SQL: SELECT COUNT(*) AS tp_count FROM `fh_students` WHERE ( school_id = 16 and is_paid <> 0 ) LIMIT 1   [ RunTime:0.0003s ]
SQL: SELECT COUNT(*) AS tp_count FROM `fh_students` WHERE ( school_id = 16 and paid_time > 1513353600 ) LIMIT 1   [ RunTime:0.0003s ]
SQL: select count(*) as count from (select student_id from fh_students_parent where school_id = 15 group by student_id) as t1 [ RunTime:0.0001s ]
SQL: SELECT COUNT(*) AS tp_count FROM `fh_students` WHERE ( school_id = 15 and is_paid <> 0 ) LIMIT 1   [ RunTime:0.0005s ]
SQL: SELECT COUNT(*) AS tp_count FROM `fh_students` WHERE ( school_id = 15 and paid_time > 1513353600 ) LIMIT 1   [ RunTime:0.0005s ]
SQL: select count(*) as count from (select student_id from fh_students_parent where school_id = 14 group by student_id) as t1 [ RunTime:0.0001s ]
SQL: SELECT COUNT(*) AS tp_count FROM `fh_students` WHERE ( school_id = 14 and is_paid <> 0 ) LIMIT 1   [ RunTime:0.0006s ]
SQL: SELECT COUNT(*) AS tp_count FROM `fh_students` WHERE ( school_id = 14 and paid_time > 1513353600 ) LIMIT 1   [ RunTime:0.0005s ]
SQL: select count(*) as count from (select student_id from fh_students_parent where school_id = 11 group by student_id) as t1 [ RunTime:0.0001s ]
SQL: SELECT COUNT(*) AS tp_count FROM `fh_students` WHERE ( school_id = 11 and is_paid <> 0 ) LIMIT 1   [ RunTime:0.0002s ]
SQL: SELECT COUNT(*) AS tp_count FROM `fh_students` WHERE ( school_id = 11 and paid_time > 1513353600 ) LIMIT 1   [ RunTime:0.0002s ]
SQL: select count(*) as count from (select student_id from fh_students_parent where school_id = 10 group by student_id) as t1 [ RunTime:0.0001s ]
SQL: SELECT COUNT(*) AS tp_count FROM `fh_students` WHERE ( school_id = 10 and is_paid <> 0 ) LIMIT 1   [ RunTime:0.0003s ]
SQL: SELECT COUNT(*) AS tp_count FROM `fh_students` WHERE ( school_id = 10 and paid_time > 1513353600 ) LIMIT 1   [ RunTime:0.0003s ]
SQL: select count(*) as count from (select student_id from fh_students_parent where school_id = 2 group by student_id) as t1 [ RunTime:0.0001s ]
SQL: SELECT COUNT(*) AS tp_count FROM `fh_students` WHERE ( school_id = 2 and is_paid <> 0 ) LIMIT 1   [ RunTime:0.0002s ]
SQL: SELECT COUNT(*) AS tp_count FROM `fh_students` WHERE ( school_id = 2 and paid_time > 1513353600 ) LIMIT 1   [ RunTime:0.0003s ]
SQL: select count(*) as count from (select student_id from fh_students_parent where school_id = 1 group by student_id) as t1 [ RunTime:0.0001s ]
SQL: SELECT COUNT(*) AS tp_count FROM `fh_students` WHERE ( school_id = 1 and is_paid <> 0 ) LIMIT 1   [ RunTime:0.0003s ]
SQL: SELECT COUNT(*) AS tp_count FROM `fh_students` WHERE ( school_id = 1 and paid_time > 1513353600 ) LIMIT 1   [ RunTime:0.0003s ]
INFO: [ view_parse ] --START--
INFO: [ template_filter ] --START--
INFO: Run Behavior\ContentReplaceBehavior [ RunTime:0.000121s ]
INFO: [ template_filter ] --END-- [ RunTime:0.000176s ]
SQL: SHOW COLUMNS FROM `xs_auth_rule` [ RunTime:0.0006s ]
SQL: SELECT `id`,`name`,`title`,`css` FROM `xs_auth_rule` WHERE ( pid=0 AND status=1 )  [ RunTime:0.0001s ]
SQL: SELECT * FROM `xs_auth_rule` WHERE `pid` = 170 AND `status` = 1  [ RunTime:0.0001s ]
SQL: SELECT * FROM `xs_auth_rule` WHERE `pid` = 172 AND `status` = 1  [ RunTime:0.0001s ]
SQL: SELECT * FROM `xs_auth_rule` WHERE `pid` = 180 AND `status` = 1  [ RunTime:0.0001s ]
NOTIC: [8] Undefined variable: value /data/wwwroot/www.qihangbus.com/Runtime/Cache/Admin/2fdb3649e99fa64257090a3b61a7465e.php 第 227 行.
SQL: SELECT * FROM `xs_auth_rule` WHERE `pid` = 173 AND `status` = 1  [ RunTime:0.0001s ]
INFO: Run Behavior\ParseTemplateBehavior [ RunTime:0.018681s ]
INFO: [ view_parse ] --END-- [ RunTime:0.018713s ]
INFO: [ view_filter ] --START--
INFO: Run Behavior\WriteHtmlCacheBehavior [ RunTime:0.000137s ]
INFO: [ view_filter ] --END-- [ RunTime:0.000165s ]
INFO: [ app_end ] --START--
INFO: Run Behavior\ShowPageTraceBehavior [ RunTime:0.000340s ]
INFO: [ app_end ] --END-- [ RunTime:0.000372s ]

[ 2017-12-16T12:02:35+08:00 ] 1.192.31.46 /default.php/admin
INFO: [ app_init ] --START--
INFO: Run Behavior\BuildLiteBehavior [ RunTime:0.000013s ]
INFO: [ app_init ] --END-- [ RunTime:0.000237s ]
INFO: [ app_begin ] --START--
INFO: Run Behavior\ReadHtmlCacheBehavior [ RunTime:0.000298s ]
INFO: [ app_begin ] --END-- [ RunTime:0.000340s ]

[ 2017-12-16T12:02:35+08:00 ] 1.192.31.46 /default.php/Admin/Login/index.html
INFO: [ app_init ] --START--
INFO: Run Behavior\BuildLiteBehavior [ RunTime:0.000012s ]
INFO: [ app_init ] --END-- [ RunTime:0.000233s ]
INFO: [ app_begin ] --START--
INFO: Run Behavior\ReadHtmlCacheBehavior [ RunTime:0.000311s ]
INFO: [ app_begin ] --END-- [ RunTime:0.000345s ]
INFO: [ view_parse ] --START--
INFO: [ template_filter ] --START--
INFO: Run Behavior\ContentReplaceBehavior [ RunTime:0.000046s ]
INFO: [ template_filter ] --END-- [ RunTime:0.000081s ]
INFO: Run Behavior\ParseTemplateBehavior [ RunTime:0.004138s ]
INFO: [ view_parse ] --END-- [ RunTime:0.004170s ]
INFO: [ view_filter ] --START--
INFO: Run Behavior\WriteHtmlCacheBehavior [ RunTime:0.000111s ]
INFO: [ view_filter ] --END-- [ RunTime:0.000137s ]
INFO: [ app_end ] --START--
INFO: Run Behavior\ShowPageTraceBehavior [ RunTime:0.000316s ]
INFO: [ app_end ] --END-- [ RunTime:0.000345s ]

[ 2017-12-16T12:02:39+08:00 ] 1.192.31.46 /default.php/Admin/Login/index.html
INFO: [ app_init ] --START--
INFO: Run Behavior\BuildLiteBehavior [ RunTime:0.000013s ]
INFO: [ app_init ] --END-- [ RunTime:0.000241s ]
INFO: [ app_begin ] --START--
INFO: Run Behavior\ReadHtmlCacheBehavior [ RunTime:0.000313s ]
INFO: [ app_begin ] --END-- [ RunTime:0.000347s ]
SQL: SHOW COLUMNS FROM `xs_admin` [ RunTime:0.0005s ]
SQL: SELECT * FROM `xs_admin` WHERE `username` = 'admin' AND `pwd` = 'b3481f4b01ba3e61da37890cadaa99a1' LIMIT 1   [ RunTime:0.0003s ]
SQL: UPDATE `xs_admin` SET `ip`='1.192.31.46',`login_time`='1513396959' WHERE `id` = 1 [ RunTime:0.0004s ]

[ 2017-12-16T12:02:39+08:00 ] 1.192.31.46 /default.php/Admin/Index/index.html
INFO: [ app_init ] --START--
INFO: Run Behavior\BuildLiteBehavior [ RunTime:0.000011s ]
INFO: [ app_init ] --END-- [ RunTime:0.000230s ]
INFO: [ app_begin ] --START--
INFO: Run Behavior\ReadHtmlCacheBehavior [ RunTime:0.000304s ]
INFO: [ app_begin ] --END-- [ RunTime:0.000338s ]
SQL: select version() as ver [ RunTime:0.0001s ]
INFO: [ view_parse ] --START--
INFO: [ template_filter ] --START--
INFO: Run Behavior\ContentReplaceBehavior [ RunTime:0.000065s ]
INFO: [ template_filter ] --END-- [ RunTime:0.000107s ]
SQL: SHOW COLUMNS FROM `xs_auth_rule` [ RunTime:0.0006s ]
SQL: SELECT `id`,`name`,`title`,`css` FROM `xs_auth_rule` WHERE ( pid=0 AND status=1 )  [ RunTime:0.0003s ]
SQL: SHOW COLUMNS FROM `xs_auth_group_access` [ RunTime:0.0003s ]
SQL: SELECT `uid`,`group_id`,`title`,`rules` FROM xs_auth_group_access a INNER JOIN xs_auth_group g on a.group_id=g.id  WHERE ( a.uid='1' and g.status='1' )  [ RunTime:0.0002s ]
SQL: SHOW COLUMNS FROM `xs_auth_rule` [ RunTime:0.0003s ]
SQL: SELECT `condition`,`name` FROM `xs_auth_rule` WHERE `id` IN ('94','143','153','154','155','123','124','125','160','161','7','9','13','14','156','157','8','12','158','159','148','149','150','151','152','162','166','163','165','164','167','168','169','170','171','175','191','172','173','174','176','177','178','179','180','181','182','183','184','185','186','187','188','189','190','1','21','23','22') AND `type` = 1  [ RunTime:0.0003s ]
SQL: SELECT * FROM `xs_auth_rule` WHERE `pid` = 94 AND `status` = 1  [ RunTime:0.0002s ]
SQL: SELECT * FROM `xs_auth_rule` WHERE `pid` = 7 AND `status` = 1  [ RunTime:0.0002s ]
SQL: SELECT * FROM `xs_auth_rule` WHERE `pid` = 148 AND `status` = 1  [ RunTime:0.0002s ]
SQL: SELECT * FROM `xs_auth_rule` WHERE `pid` = 162 AND `status` = 1  [ RunTime:0.0002s ]
SQL: SELECT * FROM `xs_auth_rule` WHERE `pid` = 170 AND `status` = 1  [ RunTime:0.0002s ]
SQL: SELECT * FROM `xs_auth_rule` WHERE `pid` = 172 AND `status` = 1  [ RunTime:0.0002s ]
SQL: SELECT * FROM `xs_auth_rule` WHERE `pid` = 180 AND `status` = 1  [ RunTime:0.0002s ]
SQL: SELECT * FROM `xs_auth_rule` WHERE `pid` = 1 AND `status` = 1  [ RunTime:0.0002s ]
INFO: Run Behavior\ParseTemplateBehavior [ RunTime:0.015981s ]
INFO: [ view_parse ] --END-- [ RunTime:0.016015s ]
INFO: [ view_filter ] --START--
INFO: Run Behavior\WriteHtmlCacheBehavior [ RunTime:0.000123s ]
INFO: [ view_filter ] --END-- [ RunTime:0.000149s ]
INFO: [ app_end ] --START--
INFO: Run Behavior\ShowPageTraceBehavior [ RunTime:0.000351s ]
INFO: [ app_end ] --END-- [ RunTime:0.000382s ]

[ 2017-12-16T12:02:42+08:00 ] 1.192.31.46 /default.php/Admin/School/index/s/173.html
INFO: [ app_init ] --START--
INFO: Run Behavior\BuildLiteBehavior [ RunTime:0.000010s ]
INFO: [ app_init ] --END-- [ RunTime:0.000256s ]
INFO: [ app_begin ] --START--
INFO: Run Behavior\ReadHtmlCacheBehavior [ RunTime:0.000297s ]
INFO: [ app_begin ] --END-- [ RunTime:0.000331s ]
SQL: SHOW COLUMNS FROM `xs_auth_group_access` [ RunTime:0.0005s ]
SQL: SELECT `uid`,`group_id`,`title`,`rules` FROM xs_auth_group_access a INNER JOIN xs_auth_group g on a.group_id=g.id  WHERE ( a.uid='1' and g.status='1' )  [ RunTime:0.0001s ]
SQL: SHOW COLUMNS FROM `xs_auth_rule` [ RunTime:0.0003s ]
SQL: SELECT `condition`,`name` FROM `xs_auth_rule` WHERE `id` IN ('94','143','153','154','155','123','124','125','160','161','7','9','13','14','156','157','8','12','158','159','148','149','150','151','152','162','166','163','165','164','167','168','169','170','171','175','191','172','173','174','176','177','178','179','180','181','182','183','184','185','186','187','188','189','190','1','21','23','22') AND `type` = 1  [ RunTime:0.0001s ]
SQL: SHOW COLUMNS FROM `fh_schools` [ RunTime:0.0005s ]
SQL: SELECT COUNT(*) AS tp_count FROM fh_schools s WHERE ( s.school_id not in (4,8,9,12) ) LIMIT 1   [ RunTime:0.0003s ]
SQL: SELECT * FROM fh_schools s WHERE ( s.school_id not in (4,8,9,12) ) ORDER BY school_id desc LIMIT 0,15   [ RunTime:0.0004s ]
SQL: select count(*) as count from (select student_id from fh_students_parent where school_id = 18 group by student_id) as t1 [ RunTime:0.0011s ]
SQL: SHOW COLUMNS FROM `fh_students` [ RunTime:0.0005s ]
SQL: SELECT COUNT(*) AS tp_count FROM `fh_students` WHERE ( school_id = 18 and is_paid <> 0 ) LIMIT 1   [ RunTime:0.0005s ]
SQL: SELECT COUNT(*) AS tp_count FROM `fh_students` WHERE ( school_id = 18 and paid_time > 1513353600 ) LIMIT 1   [ RunTime:0.0005s ]
SQL: select count(*) as count from (select student_id from fh_students_parent where school_id = 17 group by student_id) as t1 [ RunTime:0.0008s ]
SQL: SELECT COUNT(*) AS tp_count FROM `fh_students` WHERE ( school_id = 17 and is_paid <> 0 ) LIMIT 1   [ RunTime:0.0004s ]
SQL: SELECT COUNT(*) AS tp_count FROM `fh_students` WHERE ( school_id = 17 and paid_time > 1513353600 ) LIMIT 1   [ RunTime:0.0004s ]
SQL: select count(*) as count from (select student_id from fh_students_parent where school_id = 16 group by student_id) as t1 [ RunTime:0.0004s ]
SQL: SELECT COUNT(*) AS tp_count FROM `fh_students` WHERE ( school_id = 16 and is_paid <> 0 ) LIMIT 1   [ RunTime:0.0003s ]
SQL: SELECT COUNT(*) AS tp_count FROM `fh_students` WHERE ( school_id = 16 and paid_time > 1513353600 ) LIMIT 1   [ RunTime:0.0003s ]
SQL: select count(*) as count from (select student_id from fh_students_parent where school_id = 15 group by student_id) as t1 [ RunTime:0.0008s ]
SQL: SELECT COUNT(*) AS tp_count FROM `fh_students` WHERE ( school_id = 15 and is_paid <> 0 ) LIMIT 1   [ RunTime:0.0006s ]
SQL: SELECT COUNT(*) AS tp_count FROM `fh_students` WHERE ( school_id = 15 and paid_time > 1513353600 ) LIMIT 1   [ RunTime:0.0005s ]
SQL: select count(*) as count from (select student_id from fh_students_parent where school_id = 14 group by student_id) as t1 [ RunTime:0.0007s ]
SQL: SELECT COUNT(*) AS tp_count FROM `fh_students` WHERE ( school_id = 14 and is_paid <> 0 ) LIMIT 1   [ RunTime:0.0006s ]
SQL: SELECT COUNT(*) AS tp_count FROM `fh_students` WHERE ( school_id = 14 and paid_time > 1513353600 ) LIMIT 1   [ RunTime:0.0006s ]
SQL: select count(*) as count from (select student_id from fh_students_parent where school_id = 11 group by student_id) as t1 [ RunTime:0.0003s ]
SQL: SELECT COUNT(*) AS tp_count FROM `fh_students` WHERE ( school_id = 11 and is_paid <> 0 ) LIMIT 1   [ RunTime:0.0002s ]
SQL: SELECT COUNT(*) AS tp_count FROM `fh_students` WHERE ( school_id = 11 and paid_time > 1513353600 ) LIMIT 1   [ RunTime:0.0002s ]
SQL: select count(*) as count from (select student_id from fh_students_parent where school_id = 10 group by student_id) as t1 [ RunTime:0.0005s ]
SQL: SELECT COUNT(*) AS tp_count FROM `fh_students` WHERE ( school_id = 10 and is_paid <> 0 ) LIMIT 1   [ RunTime:0.0003s ]
SQL: SELECT COUNT(*) AS tp_count FROM `fh_students` WHERE ( school_id = 10 and paid_time > 1513353600 ) LIMIT 1   [ RunTime:0.0003s ]
SQL: select count(*) as count from (select student_id from fh_students_parent where school_id = 2 group by student_id) as t1 [ RunTime:0.0003s ]
SQL: SELECT COUNT(*) AS tp_count FROM `fh_students` WHERE ( school_id = 2 and is_paid <> 0 ) LIMIT 1   [ RunTime:0.0003s ]
SQL: SELECT COUNT(*) AS tp_count FROM `fh_students` WHERE ( school_id = 2 and paid_time > 1513353600 ) LIMIT 1   [ RunTime:0.0002s ]
SQL: select count(*) as count from (select student_id from fh_students_parent where school_id = 1 group by student_id) as t1 [ RunTime:0.0004s ]
SQL: SELECT COUNT(*) AS tp_count FROM `fh_students` WHERE ( school_id = 1 and is_paid <> 0 ) LIMIT 1   [ RunTime:0.0003s ]
SQL: SELECT COUNT(*) AS tp_count FROM `fh_students` WHERE ( school_id = 1 and paid_time > 1513353600 ) LIMIT 1   [ RunTime:0.0003s ]
INFO: [ view_parse ] --START--
INFO: [ template_filter ] --START--
INFO: Run Behavior\ContentReplaceBehavior [ RunTime:0.000156s ]
INFO: [ template_filter ] --END-- [ RunTime:0.000214s ]
SQL: SHOW COLUMNS FROM `xs_auth_rule` [ RunTime:0.0006s ]
SQL: SELECT `id`,`name`,`title`,`css` FROM `xs_auth_rule` WHERE ( pid=0 AND status=1 )  [ RunTime:0.0001s ]
SQL: SELECT * FROM `xs_auth_rule` WHERE `pid` = 94 AND `status` = 1  [ RunTime:0.0001s ]
SQL: SELECT * FROM `xs_auth_rule` WHERE `pid` = 7 AND `status` = 1  [ RunTime:0.0001s ]
SQL: SELECT * FROM `xs_auth_rule` WHERE `pid` = 148 AND `status` = 1  [ RunTime:0.0001s ]
SQL: SELECT * FROM `xs_auth_rule` WHERE `pid` = 162 AND `status` = 1  [ RunTime:0.0001s ]
SQL: SELECT * FROM `xs_auth_rule` WHERE `pid` = 170 AND `status` = 1  [ RunTime:0.0001s ]
SQL: SELECT * FROM `xs_auth_rule` WHERE `pid` = 172 AND `status` = 1  [ RunTime:0.0001s ]
SQL: SELECT * FROM `xs_auth_rule` WHERE `pid` = 180 AND `status` = 1  [ RunTime:0.0001s ]
SQL: SELECT * FROM `xs_auth_rule` WHERE `pid` = 1 AND `status` = 1  [ RunTime:0.0001s ]
NOTIC: [8] Undefined variable: value /data/wwwroot/www.qihangbus.com/Runtime/Cache/Admin/2fdb3649e99fa64257090a3b61a7465e.php 第 227 行.
SQL: SELECT * FROM `xs_auth_rule` WHERE `pid` = 173 AND `status` = 1  [ RunTime:0.0003s ]
INFO: Run Behavior\ParseTemplateBehavior [ RunTime:0.021612s ]
INFO: [ view_parse ] --END-- [ RunTime:0.021645s ]
INFO: [ view_filter ] --START--
INFO: Run Behavior\WriteHtmlCacheBehavior [ RunTime:0.000130s ]
INFO: [ view_filter ] --END-- [ RunTime:0.000157s ]
INFO: [ app_end ] --START--
INFO: Run Behavior\ShowPageTraceBehavior [ RunTime:0.000344s ]
INFO: [ app_end ] --END-- [ RunTime:0.000375s ]

[ 2017-12-16T12:03:37+08:00 ] 1.192.31.46 /default.php/Admin/School/edit/id/2.html
INFO: [ app_init ] --START--
INFO: Run Behavior\BuildLiteBehavior [ RunTime:0.000013s ]
INFO: [ app_init ] --END-- [ RunTime:0.000247s ]
INFO: [ app_begin ] --START--
INFO: Run Behavior\ReadHtmlCacheBehavior [ RunTime:0.000316s ]
INFO: [ app_begin ] --END-- [ RunTime:0.000351s ]
SQL: SHOW COLUMNS FROM `fh_schools` [ RunTime:0.0008s ]
SQL: SELECT * FROM `fh_schools` WHERE `school_id` = 2 LIMIT 1   [ RunTime:0.0003s ]
SQL: SHOW COLUMNS FROM `fh_region` [ RunTime:0.0003s ]
SQL: SELECT * FROM `fh_region` WHERE ( parent_id = 0 )  [ RunTime:0.0002s ]
SQL: SELECT * FROM `fh_region` WHERE ( parent_id = 1 )  [ RunTime:0.0002s ]
SQL: SELECT * FROM `fh_region` WHERE ( parent_id = 2 )  [ RunTime:0.0001s ]
INFO: [ view_parse ] --START--
INFO: [ template_filter ] --START--
INFO: Run Behavior\ContentReplaceBehavior [ RunTime:0.000142s ]
INFO: [ template_filter ] --END-- [ RunTime:0.000196s ]
SQL: SHOW COLUMNS FROM `xs_auth_rule` [ RunTime:0.0006s ]
SQL: SELECT `id`,`name`,`title`,`css` FROM `xs_auth_rule` WHERE ( pid=0 AND status=1 )  [ RunTime:0.0001s ]
SQL: SHOW COLUMNS FROM `xs_auth_group_access` [ RunTime:0.0003s ]
SQL: SELECT `uid`,`group_id`,`title`,`rules` FROM xs_auth_group_access a INNER JOIN xs_auth_group g on a.group_id=g.id  WHERE ( a.uid='1' and g.status='1' )  [ RunTime:0.0001s ]
SQL: SHOW COLUMNS FROM `xs_auth_rule` [ RunTime:0.0003s ]
SQL: SELECT `condition`,`name` FROM `xs_auth_rule` WHERE `id` IN ('94','143','153','154','155','123','124','125','160','161','7','9','13','14','156','157','8','12','158','159','148','149','150','151','152','162','166','163','165','164','167','168','169','170','171','175','191','172','173','174','176','177','178','179','180','181','182','183','184','185','186','187','188','189','190','1','21','23','22') AND `type` = 1  [ RunTime:0.0001s ]
SQL: SELECT * FROM `xs_auth_rule` WHERE `pid` = 94 AND `status` = 1  [ RunTime:0.0001s ]
SQL: SELECT * FROM `xs_auth_rule` WHERE `pid` = 7 AND `status` = 1  [ RunTime:0.0001s ]
SQL: SELECT * FROM `xs_auth_rule` WHERE `pid` = 148 AND `status` = 1  [ RunTime:0.0001s ]
SQL: SELECT * FROM `xs_auth_rule` WHERE `pid` = 162 AND `status` = 1  [ RunTime:0.0001s ]
SQL: SELECT * FROM `xs_auth_rule` WHERE `pid` = 170 AND `status` = 1  [ RunTime:0.0001s ]
SQL: SELECT * FROM `xs_auth_rule` WHERE `pid` = 172 AND `status` = 1  [ RunTime:0.0001s ]
SQL: SELECT * FROM `xs_auth_rule` WHERE `pid` = 180 AND `status` = 1  [ RunTime:0.0001s ]
SQL: SELECT * FROM `xs_auth_rule` WHERE `pid` = 1 AND `status` = 1  [ RunTime:0.0001s ]
SQL: SELECT * FROM `xs_auth_rule` WHERE `pid` = 173 AND `status` = 1  [ RunTime:0.0001s ]
INFO: Run Behavior\ParseTemplateBehavior [ RunTime:0.023176s ]
INFO: [ view_parse ] --END-- [ RunTime:0.023207s ]
INFO: [ view_filter ] --START--
INFO: Run Behavior\WriteHtmlCacheBehavior [ RunTime:0.000132s ]
INFO: [ view_filter ] --END-- [ RunTime:0.000159s ]
INFO: [ app_end ] --START--
INFO: Run Behavior\ShowPageTraceBehavior [ RunTime:0.000357s ]
INFO: [ app_end ] --END-- [ RunTime:0.000387s ]

[ 2017-12-16T16:48:09+08:00 ] 123.151.77.72 /default.php/Admin
INFO: [ app_init ] --START--
INFO: Run Behavior\BuildLiteBehavior [ RunTime:0.000011s ]
INFO: [ app_init ] --END-- [ RunTime:0.000226s ]
INFO: [ app_begin ] --START--
INFO: Run Behavior\ReadHtmlCacheBehavior [ RunTime:0.000301s ]
INFO: [ app_begin ] --END-- [ RunTime:0.000334s ]

[ 2017-12-16T16:48:09+08:00 ] 123.151.77.72 /default.php/Admin/Login/index.html
INFO: [ app_init ] --START--
INFO: Run Behavior\BuildLiteBehavior [ RunTime:0.000011s ]
INFO: [ app_init ] --END-- [ RunTime:0.000249s ]
INFO: [ app_begin ] --START--
INFO: Run Behavior\ReadHtmlCacheBehavior [ RunTime:0.000310s ]
INFO: [ app_begin ] --END-- [ RunTime:0.000345s ]
INFO: [ view_parse ] --START--
INFO: [ template_filter ] --START--
INFO: Run Behavior\ContentReplaceBehavior [ RunTime:0.000057s ]
INFO: [ template_filter ] --END-- [ RunTime:0.000095s ]
INFO: Run Behavior\ParseTemplateBehavior [ RunTime:0.004149s ]
INFO: [ view_parse ] --END-- [ RunTime:0.004179s ]
INFO: [ view_filter ] --START--
INFO: Run Behavior\WriteHtmlCacheBehavior [ RunTime:0.000092s ]
INFO: [ view_filter ] --END-- [ RunTime:0.000115s ]
INFO: [ app_end ] --START--
INFO: Run Behavior\ShowPageTraceBehavior [ RunTime:0.000317s ]
INFO: [ app_end ] --END-- [ RunTime:0.000345s ]

[ 2017-12-16T16:48:11+08:00 ] 123.151.77.72 /default.php/Admin/Login/index.html
INFO: [ app_init ] --START--
INFO: Run Behavior\BuildLiteBehavior [ RunTime:0.000011s ]
INFO: [ app_init ] --END-- [ RunTime:0.000237s ]
INFO: [ app_begin ] --START--
INFO: Run Behavior\ReadHtmlCacheBehavior [ RunTime:0.000294s ]
INFO: [ app_begin ] --END-- [ RunTime:0.000328s ]
SQL: SHOW COLUMNS FROM `xs_admin` [ RunTime:0.0006s ]
SQL: SELECT * FROM `xs_admin` WHERE `username` = 'dgw' AND `pwd` = 'e10adc3949ba59abbe56e057f20f883e' LIMIT 1   [ RunTime:0.0003s ]
SQL: UPDATE `xs_admin` SET `ip`='123.151.77.72',`login_time`='1513414091' WHERE `id` = 8 [ RunTime:0.0003s ]

[ 2017-12-16T16:48:12+08:00 ] 123.151.77.72 /default.php/Admin/Index/index.html
INFO: [ app_init ] --START--
INFO: Run Behavior\BuildLiteBehavior [ RunTime:0.000012s ]
INFO: [ app_init ] --END-- [ RunTime:0.000232s ]
INFO: [ app_begin ] --START--
INFO: Run Behavior\ReadHtmlCacheBehavior [ RunTime:0.000307s ]
INFO: [ app_begin ] --END-- [ RunTime:0.000341s ]
SQL: select version() as ver [ RunTime:0.0001s ]
INFO: [ view_parse ] --START--
INFO: [ template_filter ] --START--
INFO: Run Behavior\ContentReplaceBehavior [ RunTime:0.000064s ]
INFO: [ template_filter ] --END-- [ RunTime:0.000097s ]
SQL: SHOW COLUMNS FROM `xs_auth_rule` [ RunTime:0.0005s ]
SQL: SELECT `id`,`name`,`title`,`css` FROM `xs_auth_rule` WHERE ( pid=0 AND status=1 )  [ RunTime:0.0001s ]
SQL: SHOW COLUMNS FROM `xs_auth_group_access` [ RunTime:0.0003s ]
SQL: SELECT `uid`,`group_id`,`title`,`rules` FROM xs_auth_group_access a INNER JOIN xs_auth_group g on a.group_id=g.id  WHERE ( a.uid='8' and g.status='1' )  [ RunTime:0.0003s ]
SQL: SHOW COLUMNS FROM `xs_auth_rule` [ RunTime:0.0003s ]
SQL: SELECT `condition`,`name` FROM `xs_auth_rule` WHERE `id` IN ('170','171','172','173','176','178','180','181','184','187','189','190') AND `type` = 1  [ RunTime:0.0003s ]
SQL: SELECT * FROM `xs_auth_rule` WHERE `pid` = 170 AND `status` = 1  [ RunTime:0.0001s ]
SQL: SELECT * FROM `xs_auth_rule` WHERE `pid` = 172 AND `status` = 1  [ RunTime:0.0001s ]
SQL: SELECT * FROM `xs_auth_rule` WHERE `pid` = 180 AND `status` = 1  [ RunTime:0.0001s ]
INFO: Run Behavior\ParseTemplateBehavior [ RunTime:0.011933s ]
INFO: [ view_parse ] --END-- [ RunTime:0.011965s ]
INFO: [ view_filter ] --START--
INFO: Run Behavior\WriteHtmlCacheBehavior [ RunTime:0.000102s ]
INFO: [ view_filter ] --END-- [ RunTime:0.000126s ]
INFO: [ app_end ] --START--
INFO: Run Behavior\ShowPageTraceBehavior [ RunTime:0.000334s ]
INFO: [ app_end ] --END-- [ RunTime:0.000364s ]

[ 2017-12-16T16:48:15+08:00 ] 123.151.77.72 /default.php/Admin/School/index/s/173.html
INFO: [ app_init ] --START--
INFO: Run Behavior\BuildLiteBehavior [ RunTime:0.000013s ]
INFO: [ app_init ] --END-- [ RunTime:0.000257s ]
INFO: [ app_begin ] --START--
INFO: Run Behavior\ReadHtmlCacheBehavior [ RunTime:0.000305s ]
INFO: [ app_begin ] --END-- [ RunTime:0.000339s ]
SQL: SHOW COLUMNS FROM `xs_auth_group_access` [ RunTime:0.0005s ]
SQL: SELECT `uid`,`group_id`,`title`,`rules` FROM xs_auth_group_access a INNER JOIN xs_auth_group g on a.group_id=g.id  WHERE ( a.uid='8' and g.status='1' )  [ RunTime:0.0001s ]
SQL: SHOW COLUMNS FROM `xs_auth_rule` [ RunTime:0.0003s ]
SQL: SELECT `condition`,`name` FROM `xs_auth_rule` WHERE `id` IN ('170','171','172','173','176','178','180','181','184','187','189','190') AND `type` = 1  [ RunTime:0.0001s ]
SQL: SHOW COLUMNS FROM `fh_schools` [ RunTime:0.0006s ]
SQL: SELECT COUNT(*) AS tp_count FROM fh_schools s WHERE ( s.school_id not in (4,8,9,12) ) LIMIT 1   [ RunTime:0.0001s ]
SQL: SELECT * FROM fh_schools s WHERE ( s.school_id not in (4,8,9,12) ) ORDER BY school_id desc LIMIT 0,15   [ RunTime:0.0002s ]
SQL: select count(*) as count from (select student_id from fh_students_parent where school_id = 18 group by student_id) as t1 [ RunTime:0.0011s ]
SQL: SHOW COLUMNS FROM `fh_students` [ RunTime:0.0006s ]
SQL: SELECT COUNT(*) AS tp_count FROM `fh_students` WHERE ( school_id = 18 and is_paid <> 0 ) LIMIT 1   [ RunTime:0.0006s ]
SQL: SELECT COUNT(*) AS tp_count FROM `fh_students` WHERE ( school_id = 18 and paid_time > 1513353600 ) LIMIT 1   [ RunTime:0.0005s ]
SQL: select count(*) as count from (select student_id from fh_students_parent where school_id = 17 group by student_id) as t1 [ RunTime:0.0009s ]
SQL: SELECT COUNT(*) AS tp_count FROM `fh_students` WHERE ( school_id = 17 and is_paid <> 0 ) LIMIT 1   [ RunTime:0.0005s ]
SQL: SELECT COUNT(*) AS tp_count FROM `fh_students` WHERE ( school_id = 17 and paid_time > 1513353600 ) LIMIT 1   [ RunTime:0.0004s ]
SQL: select count(*) as count from (select student_id from fh_students_parent where school_id = 16 group by student_id) as t1 [ RunTime:0.0004s ]
SQL: SELECT COUNT(*) AS tp_count FROM `fh_students` WHERE ( school_id = 16 and is_paid <> 0 ) LIMIT 1   [ RunTime:0.0003s ]
SQL: SELECT COUNT(*) AS tp_count FROM `fh_students` WHERE ( school_id = 16 and paid_time > 1513353600 ) LIMIT 1   [ RunTime:0.0003s ]
SQL: select count(*) as count from (select student_id from fh_students_parent where school_id = 15 group by student_id) as t1 [ RunTime:0.0008s ]
SQL: SELECT COUNT(*) AS tp_count FROM `fh_students` WHERE ( school_id = 15 and is_paid <> 0 ) LIMIT 1   [ RunTime:0.0006s ]
SQL: SELECT COUNT(*) AS tp_count FROM `fh_students` WHERE ( school_id = 15 and paid_time > 1513353600 ) LIMIT 1   [ RunTime:0.0005s ]
SQL: select count(*) as count from (select student_id from fh_students_parent where school_id = 14 group by student_id) as t1 [ RunTime:0.0008s ]
SQL: SELECT COUNT(*) AS tp_count FROM `fh_students` WHERE ( school_id = 14 and is_paid <> 0 ) LIMIT 1   [ RunTime:0.0006s ]
SQL: SELECT COUNT(*) AS tp_count FROM `fh_students` WHERE ( school_id = 14 and paid_time > 1513353600 ) LIMIT 1   [ RunTime:0.0006s ]
SQL: select count(*) as count from (select student_id from fh_students_parent where school_id = 11 group by student_id) as t1 [ RunTime:0.0003s ]
SQL: SELECT COUNT(*) AS tp_count FROM `fh_students` WHERE ( school_id = 11 and is_paid <> 0 ) LIMIT 1   [ RunTime:0.0002s ]
SQL: SELECT COUNT(*) AS tp_count FROM `fh_students` WHERE ( school_id = 11 and paid_time > 1513353600 ) LIMIT 1   [ RunTime:0.0002s ]
SQL: select count(*) as count from (select student_id from fh_students_parent where school_id = 10 group by student_id) as t1 [ RunTime:0.0005s ]
SQL: SELECT COUNT(*) AS tp_count FROM `fh_students` WHERE ( school_id = 10 and is_paid <> 0 ) LIMIT 1   [ RunTime:0.0004s ]
SQL: SELECT COUNT(*) AS tp_count FROM `fh_students` WHERE ( school_id = 10 and paid_time > 1513353600 ) LIMIT 1   [ RunTime:0.0003s ]
SQL: select count(*) as count from (select student_id from fh_students_parent where school_id = 2 group by student_id) as t1 [ RunTime:0.0004s ]
SQL: SELECT COUNT(*) AS tp_count FROM `fh_students` WHERE ( school_id = 2 and is_paid <> 0 ) LIMIT 1   [ RunTime:0.0002s ]
SQL: SELECT COUNT(*) AS tp_count FROM `fh_students` WHERE ( school_id = 2 and paid_time > 1513353600 ) LIMIT 1   [ RunTime:0.0002s ]
SQL: select count(*) as count from (select student_id from fh_students_parent where school_id = 1 group by student_id) as t1 [ RunTime:0.0005s ]
SQL: SELECT COUNT(*) AS tp_count FROM `fh_students` WHERE ( school_id = 1 and is_paid <> 0 ) LIMIT 1   [ RunTime:0.0003s ]
SQL: SELECT COUNT(*) AS tp_count FROM `fh_students` WHERE ( school_id = 1 and paid_time > 1513353600 ) LIMIT 1   [ RunTime:0.0004s ]
INFO: [ view_parse ] --START--
INFO: [ template_filter ] --START--
INFO: Run Behavior\ContentReplaceBehavior [ RunTime:0.000120s ]
INFO: [ template_filter ] --END-- [ RunTime:0.000172s ]
SQL: SHOW COLUMNS FROM `xs_auth_rule` [ RunTime:0.0006s ]
SQL: SELECT `id`,`name`,`title`,`css` FROM `xs_auth_rule` WHERE ( pid=0 AND status=1 )  [ RunTime:0.0001s ]
SQL: SELECT * FROM `xs_auth_rule` WHERE `pid` = 170 AND `status` = 1  [ RunTime:0.0001s ]
SQL: SELECT * FROM `xs_auth_rule` WHERE `pid` = 172 AND `status` = 1  [ RunTime:0.0001s ]
SQL: SELECT * FROM `xs_auth_rule` WHERE `pid` = 180 AND `status` = 1  [ RunTime:0.0001s ]
NOTIC: [8] Undefined variable: value /data/wwwroot/www.qihangbus.com/Runtime/Cache/Admin/2fdb3649e99fa64257090a3b61a7465e.php 第 227 行.
SQL: SELECT * FROM `xs_auth_rule` WHERE `pid` = 173 AND `status` = 1  [ RunTime:0.0001s ]
INFO: Run Behavior\ParseTemplateBehavior [ RunTime:0.018266s ]
INFO: [ view_parse ] --END-- [ RunTime:0.018296s ]
INFO: [ view_filter ] --START--
INFO: Run Behavior\WriteHtmlCacheBehavior [ RunTime:0.000118s ]
INFO: [ view_filter ] --END-- [ RunTime:0.000143s ]
INFO: [ app_end ] --START--
INFO: Run Behavior\ShowPageTraceBehavior [ RunTime:0.000357s ]
INFO: [ app_end ] --END-- [ RunTime:0.000388s ]

[ 2017-12-16T17:39:52+08:00 ] 1.192.31.46 /default.php/Admin/Login/index.html
INFO: [ app_init ] --START--
INFO: Run Behavior\BuildLiteBehavior [ RunTime:0.000010s ]
INFO: [ app_init ] --END-- [ RunTime:0.000226s ]
INFO: [ app_begin ] --START--
INFO: Run Behavior\ReadHtmlCacheBehavior [ RunTime:0.000315s ]
INFO: [ app_begin ] --END-- [ RunTime:0.000349s ]
INFO: [ view_parse ] --START--
INFO: [ template_filter ] --START--
INFO: Run Behavior\ContentReplaceBehavior [ RunTime:0.000044s ]
INFO: [ template_filter ] --END-- [ RunTime:0.000079s ]
INFO: Run Behavior\ParseTemplateBehavior [ RunTime:0.004140s ]
INFO: [ view_parse ] --END-- [ RunTime:0.004171s ]
INFO: [ view_filter ] --START--
INFO: Run Behavior\WriteHtmlCacheBehavior [ RunTime:0.000089s ]
INFO: [ view_filter ] --END-- [ RunTime:0.000113s ]
INFO: [ app_end ] --START--
INFO: Run Behavior\ShowPageTraceBehavior [ RunTime:0.000305s ]
INFO: [ app_end ] --END-- [ RunTime:0.000332s ]

[ 2017-12-16T17:40:00+08:00 ] 1.192.31.46 /default.php/Admin/Login/index.html
INFO: [ app_init ] --START--
INFO: Run Behavior\BuildLiteBehavior [ RunTime:0.000010s ]
INFO: [ app_init ] --END-- [ RunTime:0.000240s ]
INFO: [ app_begin ] --START--
INFO: Run Behavior\ReadHtmlCacheBehavior [ RunTime:0.000284s ]
INFO: [ app_begin ] --END-- [ RunTime:0.000315s ]
SQL: SHOW COLUMNS FROM `xs_admin` [ RunTime:0.0005s ]
SQL: SELECT * FROM `xs_admin` WHERE `username` = 'yx' AND `pwd` = '93d9eb34b91572d45a3ec94350923d7d' LIMIT 1   [ RunTime:0.0003s ]
SQL: UPDATE `xs_admin` SET `ip`='1.192.31.46',`login_time`='1513417200' WHERE `id` = 11 [ RunTime:0.0003s ]

[ 2017-12-16T17:40:00+08:00 ] 1.192.31.46 /default.php/Admin/Index/index.html
INFO: [ app_init ] --START--
INFO: Run Behavior\BuildLiteBehavior [ RunTime:0.000010s ]
INFO: [ app_init ] --END-- [ RunTime:0.000224s ]
INFO: [ app_begin ] --START--
INFO: Run Behavior\ReadHtmlCacheBehavior [ RunTime:0.000291s ]
INFO: [ app_begin ] --END-- [ RunTime:0.000323s ]
SQL: select version() as ver [ RunTime:0.0001s ]
INFO: [ view_parse ] --START--
INFO: [ template_filter ] --START--
INFO: Run Behavior\ContentReplaceBehavior [ RunTime:0.000059s ]
INFO: [ template_filter ] --END-- [ RunTime:0.000090s ]
SQL: SHOW COLUMNS FROM `xs_auth_rule` [ RunTime:0.0005s ]
SQL: SELECT `id`,`name`,`title`,`css` FROM `xs_auth_rule` WHERE ( pid=0 AND status=1 )  [ RunTime:0.0001s ]
SQL: SHOW COLUMNS FROM `xs_auth_group_access` [ RunTime:0.0003s ]
SQL: SELECT `uid`,`group_id`,`title`,`rules` FROM xs_auth_group_access a INNER JOIN xs_auth_group g on a.group_id=g.id  WHERE ( a.uid='11' and g.status='1' )  [ RunTime:0.0003s ]
SQL: SHOW COLUMNS FROM `xs_auth_rule` [ RunTime:0.0003s ]
SQL: SELECT `condition`,`name` FROM `xs_auth_rule` WHERE `id` IN ('94','143','153','154','155','123','124','125','160','161','7','9','13','14','156','157','8','12','158','159','148','149','150','151','152','162','166','163','165','164','167','168','169','170','171','175','191','172','173','174','176','177','178','179','180','181','182','183','184','185','186','187','188','189','190','1','21','23','22') AND `type` = 1  [ RunTime:0.0001s ]
SQL: SELECT * FROM `xs_auth_rule` WHERE `pid` = 94 AND `status` = 1  [ RunTime:0.0001s ]
NOTIC: [8] Undefined index: s /data/wwwroot/www.qihangbus.com/Runtime/Cache/Admin/9df924d9a2d217daa77a359c5bee0c33.php 第 191 行.
NOTIC: [8] Undefined index: s /data/wwwroot/www.qihangbus.com/Runtime/Cache/Admin/9df924d9a2d217daa77a359c5bee0c33.php 第 191 行.
SQL: SELECT * FROM `xs_auth_rule` WHERE `pid` = 7 AND `status` = 1  [ RunTime:0.0001s ]
NOTIC: [8] Undefined index: s /data/wwwroot/www.qihangbus.com/Runtime/Cache/Admin/9df924d9a2d217daa77a359c5bee0c33.php 第 191 行.
NOTIC: [8] Undefined index: s /data/wwwroot/www.qihangbus.com/Runtime/Cache/Admin/9df924d9a2d217daa77a359c5bee0c33.php 第 191 行.
SQL: SELECT * FROM `xs_auth_rule` WHERE `pid` = 148 AND `status` = 1  [ RunTime:0.0001s ]
NOTIC: [8] Undefined index: s /data/wwwroot/www.qihangbus.com/Runtime/Cache/Admin/9df924d9a2d217daa77a359c5bee0c33.php 第 191 行.
SQL: SELECT * FROM `xs_auth_rule` WHERE `pid` = 162 AND `status` = 1  [ RunTime:0.0001s ]
NOTIC: [8] Undefined index: s /data/wwwroot/www.qihangbus.com/Runtime/Cache/Admin/9df924d9a2d217daa77a359c5bee0c33.php 第 191 行.
NOTIC: [8] Undefined index: s /data/wwwroot/www.qihangbus.com/Runtime/Cache/Admin/9df924d9a2d217daa77a359c5bee0c33.php 第 191 行.
NOTIC: [8] Undefined index: s /data/wwwroot/www.qihangbus.com/Runtime/Cache/Admin/9df924d9a2d217daa77a359c5bee0c33.php 第 191 行.
SQL: SELECT * FROM `xs_auth_rule` WHERE `pid` = 170 AND `status` = 1  [ RunTime:0.0001s ]
NOTIC: [8] Undefined index: s /data/wwwroot/www.qihangbus.com/Runtime/Cache/Admin/9df924d9a2d217daa77a359c5bee0c33.php 第 191 行.
NOTIC: [8] Undefined index: s /data/wwwroot/www.qihangbus.com/Runtime/Cache/Admin/9df924d9a2d217daa77a359c5bee0c33.php 第 191 行.
SQL: SELECT * FROM `xs_auth_rule` WHERE `pid` = 172 AND `status` = 1  [ RunTime:0.0001s ]
NOTIC: [8] Undefined index: s /data/wwwroot/www.qihangbus.com/Runtime/Cache/Admin/9df924d9a2d217daa77a359c5bee0c33.php 第 191 行.
NOTIC: [8] Undefined index: s /data/wwwroot/www.qihangbus.com/Runtime/Cache/Admin/9df924d9a2d217daa77a359c5bee0c33.php 第 191 行.
NOTIC: [8] Undefined index: s /data/wwwroot/www.qihangbus.com/Runtime/Cache/Admin/9df924d9a2d217daa77a359c5bee0c33.php 第 191 行.
SQL: SELECT * FROM `xs_auth_rule` WHERE `pid` = 180 AND `status` = 1  [ RunTime:0.0002s ]
NOTIC: [8] Undefined index: s /data/wwwroot/www.qihangbus.com/Runtime/Cache/Admin/9df924d9a2d217daa77a359c5bee0c33.php 第 191 行.
NOTIC: [8] Undefined index: s /data/wwwroot/www.qihangbus.com/Runtime/Cache/Admin/9df924d9a2d217daa77a359c5bee0c33.php 第 191 行.
NOTIC: [8] Undefined index: s /data/wwwroot/www.qihangbus.com/Runtime/Cache/Admin/9df924d9a2d217daa77a359c5bee0c33.php 第 191 行.
NOTIC: [8] Undefined index: s /data/wwwroot/www.qihangbus.com/Runtime/Cache/Admin/9df924d9a2d217daa77a359c5bee0c33.php 第 191 行.
INFO: Run Behavior\ParseTemplateBehavior [ RunTime:0.014004s ]
INFO: [ view_parse ] --END-- [ RunTime:0.014037s ]
INFO: [ view_filter ] --START--
INFO: Run Behavior\WriteHtmlCacheBehavior [ RunTime:0.000159s ]
INFO: [ view_filter ] --END-- [ RunTime:0.000185s ]
INFO: [ app_end ] --START--
INFO: Run Behavior\ShowPageTraceBehavior [ RunTime:0.000338s ]
INFO: [ app_end ] --END-- [ RunTime:0.000367s ]

[ 2017-12-16T17:40:08+08:00 ] 1.192.31.46 /default.php/Admin/School/index/s/173.html
INFO: [ app_init ] --START--
INFO: Run Behavior\BuildLiteBehavior [ RunTime:0.000011s ]
INFO: [ app_init ] --END-- [ RunTime:0.000244s ]
INFO: [ app_begin ] --START--
INFO: Run Behavior\ReadHtmlCacheBehavior [ RunTime:0.000294s ]
INFO: [ app_begin ] --END-- [ RunTime:0.000328s ]
SQL: SHOW COLUMNS FROM `xs_auth_group_access` [ RunTime:0.0005s ]
SQL: SELECT `uid`,`group_id`,`title`,`rules` FROM xs_auth_group_access a INNER JOIN xs_auth_group g on a.group_id=g.id  WHERE ( a.uid='11' and g.status='1' )  [ RunTime:0.0001s ]
SQL: SHOW COLUMNS FROM `xs_auth_rule` [ RunTime:0.0003s ]
SQL: SELECT `condition`,`name` FROM `xs_auth_rule` WHERE `id` IN ('94','143','153','154','155','123','124','125','160','161','7','9','13','14','156','157','8','12','158','159','148','149','150','151','152','162','166','163','165','164','167','168','169','170','171','175','191','172','173','174','176','177','178','179','180','181','182','183','184','185','186','187','188','189','190','1','21','23','22') AND `type` = 1  [ RunTime:0.0001s ]
SQL: SHOW COLUMNS FROM `fh_schools` [ RunTime:0.0006s ]
SQL: SELECT COUNT(*) AS tp_count FROM fh_schools s WHERE ( s.school_id not in (4,8,9,12) ) LIMIT 1   [ RunTime:0.0001s ]
SQL: SELECT * FROM fh_schools s WHERE ( s.school_id not in (4,8,9,12) ) ORDER BY school_id desc LIMIT 0,15   [ RunTime:0.0001s ]
SQL: select count(*) as count from (select student_id from fh_students_parent where school_id = 18 group by student_id) as t1 [ RunTime:0.0019s ]
SQL: SHOW COLUMNS FROM `fh_students` [ RunTime:0.0005s ]
SQL: SELECT COUNT(*) AS tp_count FROM `fh_students` WHERE ( school_id = 18 and is_paid <> 0 ) LIMIT 1   [ RunTime:0.0006s ]
SQL: SELECT COUNT(*) AS tp_count FROM `fh_students` WHERE ( school_id = 18 and paid_time > 1513353600 ) LIMIT 1   [ RunTime:0.0005s ]
SQL: select count(*) as count from (select student_id from fh_students_parent where school_id = 17 group by student_id) as t1 [ RunTime:0.0009s ]
SQL: SELECT COUNT(*) AS tp_count FROM `fh_students` WHERE ( school_id = 17 and is_paid <> 0 ) LIMIT 1   [ RunTime:0.0005s ]
SQL: SELECT COUNT(*) AS tp_count FROM `fh_students` WHERE ( school_id = 17 and paid_time > 1513353600 ) LIMIT 1   [ RunTime:0.0005s ]
SQL: select count(*) as count from (select student_id from fh_students_parent where school_id = 16 group by student_id) as t1 [ RunTime:0.0004s ]
SQL: SELECT COUNT(*) AS tp_count FROM `fh_students` WHERE ( school_id = 16 and is_paid <> 0 ) LIMIT 1   [ RunTime:0.0003s ]
SQL: SELECT COUNT(*) AS tp_count FROM `fh_students` WHERE ( school_id = 16 and paid_time > 1513353600 ) LIMIT 1   [ RunTime:0.0003s ]
SQL: select count(*) as count from (select student_id from fh_students_parent where school_id = 15 group by student_id) as t1 [ RunTime:0.0008s ]
SQL: SELECT COUNT(*) AS tp_count FROM `fh_students` WHERE ( school_id = 15 and is_paid <> 0 ) LIMIT 1   [ RunTime:0.0006s ]
SQL: SELECT COUNT(*) AS tp_count FROM `fh_students` WHERE ( school_id = 15 and paid_time > 1513353600 ) LIMIT 1   [ RunTime:0.0005s ]
SQL: select count(*) as count from (select student_id from fh_students_parent where school_id = 14 group by student_id) as t1 [ RunTime:0.0008s ]
SQL: SELECT COUNT(*) AS tp_count FROM `fh_students` WHERE ( school_id = 14 and is_paid <> 0 ) LIMIT 1   [ RunTime:0.0006s ]
SQL: SELECT COUNT(*) AS tp_count FROM `fh_students` WHERE ( school_id = 14 and paid_time > 1513353600 ) LIMIT 1   [ RunTime:0.0006s ]
SQL: select count(*) as count from (select student_id from fh_students_parent where school_id = 11 group by student_id) as t1 [ RunTime:0.0003s ]
SQL: SELECT COUNT(*) AS tp_count FROM `fh_students` WHERE ( school_id = 11 and is_paid <> 0 ) LIMIT 1   [ RunTime:0.0002s ]
SQL: SELECT COUNT(*) AS tp_count FROM `fh_students` WHERE ( school_id = 11 and paid_time > 1513353600 ) LIMIT 1   [ RunTime:0.0002s ]
SQL: select count(*) as count from (select student_id from fh_students_parent where school_id = 10 group by student_id) as t1 [ RunTime:0.0005s ]
SQL: SELECT COUNT(*) AS tp_count FROM `fh_students` WHERE ( school_id = 10 and is_paid <> 0 ) LIMIT 1   [ RunTime:0.0004s ]
SQL: SELECT COUNT(*) AS tp_count FROM `fh_students` WHERE ( school_id = 10 and paid_time > 1513353600 ) LIMIT 1   [ RunTime:0.0003s ]
SQL: select count(*) as count from (select student_id from fh_students_parent where school_id = 2 group by student_id) as t1 [ RunTime:0.0004s ]
SQL: SELECT COUNT(*) AS tp_count FROM `fh_students` WHERE ( school_id = 2 and is_paid <> 0 ) LIMIT 1   [ RunTime:0.0003s ]
SQL: SELECT COUNT(*) AS tp_count FROM `fh_students` WHERE ( school_id = 2 and paid_time > 1513353600 ) LIMIT 1   [ RunTime:0.0002s ]
SQL: select count(*) as count from (select student_id from fh_students_parent where school_id = 1 group by student_id) as t1 [ RunTime:0.0005s ]
SQL: SELECT COUNT(*) AS tp_count FROM `fh_students` WHERE ( school_id = 1 and is_paid <> 0 ) LIMIT 1   [ RunTime:0.0003s ]
SQL: SELECT COUNT(*) AS tp_count FROM `fh_students` WHERE ( school_id = 1 and paid_time > 1513353600 ) LIMIT 1   [ RunTime:0.0003s ]
INFO: [ view_parse ] --START--
INFO: [ template_filter ] --START--
INFO: Run Behavior\ContentReplaceBehavior [ RunTime:0.000116s ]
INFO: [ template_filter ] --END-- [ RunTime:0.000162s ]
SQL: SHOW COLUMNS FROM `xs_auth_rule` [ RunTime:0.0006s ]
SQL: SELECT `id`,`name`,`title`,`css` FROM `xs_auth_rule` WHERE ( pid=0 AND status=1 )  [ RunTime:0.0001s ]
SQL: SELECT * FROM `xs_auth_rule` WHERE `pid` = 94 AND `status` = 1  [ RunTime:0.0001s ]
SQL: SELECT * FROM `xs_auth_rule` WHERE `pid` = 7 AND `status` = 1  [ RunTime:0.0001s ]
SQL: SELECT * FROM `xs_auth_rule` WHERE `pid` = 148 AND `status` = 1  [ RunTime:0.0001s ]
SQL: SELECT * FROM `xs_auth_rule` WHERE `pid` = 162 AND `status` = 1  [ RunTime:0.0001s ]
SQL: SELECT * FROM `xs_auth_rule` WHERE `pid` = 170 AND `status` = 1  [ RunTime:0.0001s ]
SQL: SELECT * FROM `xs_auth_rule` WHERE `pid` = 172 AND `status` = 1  [ RunTime:0.0001s ]
SQL: SELECT * FROM `xs_auth_rule` WHERE `pid` = 180 AND `status` = 1  [ RunTime:0.0001s ]
NOTIC: [8] Undefined variable: value /data/wwwroot/www.qihangbus.com/Runtime/Cache/Admin/2fdb3649e99fa64257090a3b61a7465e.php 第 227 行.
SQL: SELECT * FROM `xs_auth_rule` WHERE `pid` = 173 AND `status` = 1  [ RunTime:0.0001s ]
INFO: Run Behavior\ParseTemplateBehavior [ RunTime:0.020613s ]
INFO: [ view_parse ] --END-- [ RunTime:0.020646s ]
INFO: [ view_filter ] --START--
INFO: Run Behavior\WriteHtmlCacheBehavior [ RunTime:0.000126s ]
INFO: [ view_filter ] --END-- [ RunTime:0.000162s ]
INFO: [ app_end ] --START--
INFO: Run Behavior\ShowPageTraceBehavior [ RunTime:0.000340s ]
INFO: [ app_end ] --END-- [ RunTime:0.000372s ]

[ 2017-12-16T17:40:17+08:00 ] 1.192.31.46 /default.php/Admin/School/edit/id/2.html
INFO: [ app_init ] --START--
INFO: Run Behavior\BuildLiteBehavior [ RunTime:0.000011s ]
INFO: [ app_init ] --END-- [ RunTime:0.000250s ]
INFO: [ app_begin ] --START--
INFO: Run Behavior\ReadHtmlCacheBehavior [ RunTime:0.000288s ]
INFO: [ app_begin ] --END-- [ RunTime:0.000321s ]
SQL: SHOW COLUMNS FROM `fh_schools` [ RunTime:0.0008s ]
SQL: SELECT * FROM `fh_schools` WHERE `school_id` = 2 LIMIT 1   [ RunTime:0.0001s ]
SQL: SHOW COLUMNS FROM `fh_region` [ RunTime:0.0003s ]
SQL: SELECT * FROM `fh_region` WHERE ( parent_id = 0 )  [ RunTime:0.0001s ]
SQL: SELECT * FROM `fh_region` WHERE ( parent_id = 1 )  [ RunTime:0.0001s ]
SQL: SELECT * FROM `fh_region` WHERE ( parent_id = 2 )  [ RunTime:0.0001s ]
INFO: [ view_parse ] --START--
INFO: [ template_filter ] --START--
INFO: Run Behavior\ContentReplaceBehavior [ RunTime:0.000116s ]
INFO: [ template_filter ] --END-- [ RunTime:0.000149s ]
SQL: SHOW COLUMNS FROM `xs_auth_rule` [ RunTime:0.0004s ]
SQL: SELECT `id`,`name`,`title`,`css` FROM `xs_auth_rule` WHERE ( pid=0 AND status=1 )  [ RunTime:0.0001s ]
SQL: SHOW COLUMNS FROM `xs_auth_group_access` [ RunTime:0.0003s ]
SQL: SELECT `uid`,`group_id`,`title`,`rules` FROM xs_auth_group_access a INNER JOIN xs_auth_group g on a.group_id=g.id  WHERE ( a.uid='11' and g.status='1' )  [ RunTime:0.0001s ]
SQL: SHOW COLUMNS FROM `xs_auth_rule` [ RunTime:0.0004s ]
SQL: SELECT `condition`,`name` FROM `xs_auth_rule` WHERE `id` IN ('94','143','153','154','155','123','124','125','160','161','7','9','13','14','156','157','8','12','158','159','148','149','150','151','152','162','166','163','165','164','167','168','169','170','171','175','191','172','173','174','176','177','178','179','180','181','182','183','184','185','186','187','188','189','190','1','21','23','22') AND `type` = 1  [ RunTime:0.0001s ]
SQL: SELECT * FROM `xs_auth_rule` WHERE `pid` = 94 AND `status` = 1  [ RunTime:0.0001s ]
SQL: SELECT * FROM `xs_auth_rule` WHERE `pid` = 7 AND `status` = 1  [ RunTime:0.0001s ]
SQL: SELECT * FROM `xs_auth_rule` WHERE `pid` = 148 AND `status` = 1  [ RunTime:0.0001s ]
SQL: SELECT * FROM `xs_auth_rule` WHERE `pid` = 162 AND `status` = 1  [ RunTime:0.0001s ]
SQL: SELECT * FROM `xs_auth_rule` WHERE `pid` = 170 AND `status` = 1  [ RunTime:0.0001s ]
SQL: SELECT * FROM `xs_auth_rule` WHERE `pid` = 172 AND `status` = 1  [ RunTime:0.0001s ]
SQL: SELECT * FROM `xs_auth_rule` WHERE `pid` = 180 AND `status` = 1  [ RunTime:0.0001s ]
SQL: SELECT * FROM `xs_auth_rule` WHERE `pid` = 173 AND `status` = 1  [ RunTime:0.0001s ]
INFO: Run Behavior\ParseTemplateBehavior [ RunTime:0.022258s ]
INFO: [ view_parse ] --END-- [ RunTime:0.022287s ]
INFO: [ view_filter ] --START--
INFO: Run Behavior\WriteHtmlCacheBehavior [ RunTime:0.000101s ]
INFO: [ view_filter ] --END-- [ RunTime:0.000126s ]
INFO: [ app_end ] --START--
INFO: Run Behavior\ShowPageTraceBehavior [ RunTime:0.000320s ]
INFO: [ app_end ] --END-- [ RunTime:0.000350s ]

[ 2017-12-16T17:41:18+08:00 ] 1.192.31.46 /default.php/Admin/School/edit/id/2.html
INFO: [ app_init ] --START--
INFO: Run Behavior\BuildLiteBehavior [ RunTime:0.000010s ]
INFO: [ app_init ] --END-- [ RunTime:0.000228s ]
INFO: [ app_begin ] --START--
INFO: Run Behavior\ReadHtmlCacheBehavior [ RunTime:0.000317s ]
INFO: [ app_begin ] --END-- [ RunTime:0.000350s ]
SQL: SHOW COLUMNS FROM `fh_agent` [ RunTime:0.0005s ]
SQL: SELECT `id` FROM `fh_agent` WHERE ( mobile = '15519911111' ) LIMIT 1   [ RunTime:0.0003s ]
SQL: SHOW COLUMNS FROM `fh_region` [ RunTime:0.0003s ]
SQL: SELECT `region_name` FROM `fh_region` WHERE `region_id` = 1 LIMIT 1   [ RunTime:0.0001s ]
SQL: SELECT `region_name` FROM `fh_region` WHERE `region_id` = 2 LIMIT 1   [ RunTime:0.0001s ]
SQL: SELECT `region_name` FROM `fh_region` WHERE `region_id` = 21 LIMIT 1   [ RunTime:0.0001s ]
SQL: SHOW COLUMNS FROM `fh_schools` [ RunTime:0.0006s ]
SQL: UPDATE `fh_schools` SET `school_name`='启航巴士幼儿园',`school_leader`='赵薇',`leader_mobile`='16611111111',`school_teacher`='赵薇',`teacher_mobile`='16611111111',`agent_mobile`='15519911111',`province_id`='1',`city_id`='2',`district_id`='21',`school_address`='商务内环与商务东三街交叉口',`school_num`='100',`meal_type`='2',`meal_market_price`='31.00',`class_max_num`='20',`semester_one_start`='1504195200',`semester_one`='1517328000',`semester_two_start`='1517587200',`semester_two`='1535385600',`book_reminder_first`='5',`book_reminder_second`='0',`borrow_first`='0',`borrow_second`='0',`school_desc`='',`charge_type`='1',`try_charge_time`='1513699200',`agent_id`='13',`province_name`='河南省',`city_name`='郑州市',`district_name`='郑东新区' WHERE ( school_id = 2 ) [ RunTime:0.0005s ]

[ 2017-12-16T17:41:19+08:00 ] 1.192.31.46 /default.php/Admin/School/index.html
INFO: [ app_init ] --START--
INFO: Run Behavior\BuildLiteBehavior [ RunTime:0.000011s ]
INFO: [ app_init ] --END-- [ RunTime:0.000226s ]
INFO: [ app_begin ] --START--
INFO: Run Behavior\ReadHtmlCacheBehavior [ RunTime:0.000300s ]
INFO: [ app_begin ] --END-- [ RunTime:0.000338s ]
SQL: SHOW COLUMNS FROM `xs_auth_group_access` [ RunTime:0.0005s ]
SQL: SELECT `uid`,`group_id`,`title`,`rules` FROM xs_auth_group_access a INNER JOIN xs_auth_group g on a.group_id=g.id  WHERE ( a.uid='11' and g.status='1' )  [ RunTime:0.0001s ]
SQL: SHOW COLUMNS FROM `xs_auth_rule` [ RunTime:0.0003s ]
SQL: SELECT `condition`,`name` FROM `xs_auth_rule` WHERE `id` IN ('94','143','153','154','155','123','124','125','160','161','7','9','13','14','156','157','8','12','158','159','148','149','150','151','152','162','166','163','165','164','167','168','169','170','171','175','191','172','173','174','176','177','178','179','180','181','182','183','184','185','186','187','188','189','190','1','21','23','22') AND `type` = 1  [ RunTime:0.0001s ]
SQL: SHOW COLUMNS FROM `fh_schools` [ RunTime:0.0005s ]
SQL: SELECT COUNT(*) AS tp_count FROM fh_schools s WHERE ( s.school_id not in (4,8,9,12) ) LIMIT 1   [ RunTime:0.0002s ]
SQL: SELECT * FROM fh_schools s WHERE ( s.school_id not in (4,8,9,12) ) ORDER BY school_id desc LIMIT 0,15   [ RunTime:0.0003s ]
SQL: select count(*) as count from (select student_id from fh_students_parent where school_id = 18 group by student_id) as t1 [ RunTime:0.0001s ]
SQL: SHOW COLUMNS FROM `fh_students` [ RunTime:0.0005s ]
SQL: SELECT COUNT(*) AS tp_count FROM `fh_students` WHERE ( school_id = 18 and is_paid <> 0 ) LIMIT 1   [ RunTime:0.0001s ]
SQL: SELECT COUNT(*) AS tp_count FROM `fh_students` WHERE ( school_id = 18 and paid_time > 1513353600 ) LIMIT 1   [ RunTime:0.0001s ]
SQL: select count(*) as count from (select student_id from fh_students_parent where school_id = 17 group by student_id) as t1 [ RunTime:0.0001s ]
SQL: SELECT COUNT(*) AS tp_count FROM `fh_students` WHERE ( school_id = 17 and is_paid <> 0 ) LIMIT 1   [ RunTime:0.0001s ]
SQL: SELECT COUNT(*) AS tp_count FROM `fh_students` WHERE ( school_id = 17 and paid_time > 1513353600 ) LIMIT 1   [ RunTime:0.0001s ]
SQL: select count(*) as count from (select student_id from fh_students_parent where school_id = 16 group by student_id) as t1 [ RunTime:0.0001s ]
SQL: SELECT COUNT(*) AS tp_count FROM `fh_students` WHERE ( school_id = 16 and is_paid <> 0 ) LIMIT 1   [ RunTime:0.0001s ]
SQL: SELECT COUNT(*) AS tp_count FROM `fh_students` WHERE ( school_id = 16 and paid_time > 1513353600 ) LIMIT 1   [ RunTime:0.0001s ]
SQL: select count(*) as count from (select student_id from fh_students_parent where school_id = 15 group by student_id) as t1 [ RunTime:0.0001s ]
SQL: SELECT COUNT(*) AS tp_count FROM `fh_students` WHERE ( school_id = 15 and is_paid <> 0 ) LIMIT 1   [ RunTime:0.0001s ]
SQL: SELECT COUNT(*) AS tp_count FROM `fh_students` WHERE ( school_id = 15 and paid_time > 1513353600 ) LIMIT 1   [ RunTime:0.0001s ]
SQL: select count(*) as count from (select student_id from fh_students_parent where school_id = 14 group by student_id) as t1 [ RunTime:0.0001s ]
SQL: SELECT COUNT(*) AS tp_count FROM `fh_students` WHERE ( school_id = 14 and is_paid <> 0 ) LIMIT 1   [ RunTime:0.0001s ]
SQL: SELECT COUNT(*) AS tp_count FROM `fh_students` WHERE ( school_id = 14 and paid_time > 1513353600 ) LIMIT 1   [ RunTime:0.0001s ]
SQL: select count(*) as count from (select student_id from fh_students_parent where school_id = 11 group by student_id) as t1 [ RunTime:0.0001s ]
SQL: SELECT COUNT(*) AS tp_count FROM `fh_students` WHERE ( school_id = 11 and is_paid <> 0 ) LIMIT 1   [ RunTime:0.0001s ]
SQL: SELECT COUNT(*) AS tp_count FROM `fh_students` WHERE ( school_id = 11 and paid_time > 1513353600 ) LIMIT 1   [ RunTime:0.0001s ]
SQL: select count(*) as count from (select student_id from fh_students_parent where school_id = 10 group by student_id) as t1 [ RunTime:0.0001s ]
SQL: SELECT COUNT(*) AS tp_count FROM `fh_students` WHERE ( school_id = 10 and is_paid <> 0 ) LIMIT 1   [ RunTime:0.0001s ]
SQL: SELECT COUNT(*) AS tp_count FROM `fh_students` WHERE ( school_id = 10 and paid_time > 1513353600 ) LIMIT 1   [ RunTime:0.0001s ]
SQL: select count(*) as count from (select student_id from fh_students_parent where school_id = 2 group by student_id) as t1 [ RunTime:0.0001s ]
SQL: SELECT COUNT(*) AS tp_count FROM `fh_students` WHERE ( school_id = 2 and is_paid <> 0 ) LIMIT 1   [ RunTime:0.0001s ]
SQL: SELECT COUNT(*) AS tp_count FROM `fh_students` WHERE ( school_id = 2 and paid_time > 1513353600 ) LIMIT 1   [ RunTime:0.0001s ]
SQL: select count(*) as count from (select student_id from fh_students_parent where school_id = 1 group by student_id) as t1 [ RunTime:0.0001s ]
SQL: SELECT COUNT(*) AS tp_count FROM `fh_students` WHERE ( school_id = 1 and is_paid <> 0 ) LIMIT 1   [ RunTime:0.0001s ]
SQL: SELECT COUNT(*) AS tp_count FROM `fh_students` WHERE ( school_id = 1 and paid_time > 1513353600 ) LIMIT 1   [ RunTime:0.0001s ]
INFO: [ view_parse ] --START--
INFO: [ template_filter ] --START--
INFO: Run Behavior\ContentReplaceBehavior [ RunTime:0.000107s ]
INFO: [ template_filter ] --END-- [ RunTime:0.000140s ]
SQL: SHOW COLUMNS FROM `xs_auth_rule` [ RunTime:0.0004s ]
SQL: SELECT `id`,`name`,`title`,`css` FROM `xs_auth_rule` WHERE ( pid=0 AND status=1 )  [ RunTime:0.0001s ]
SQL: SELECT * FROM `xs_auth_rule` WHERE `pid` = 94 AND `status` = 1  [ RunTime:0.0001s ]
SQL: SELECT * FROM `xs_auth_rule` WHERE `pid` = 7 AND `status` = 1  [ RunTime:0.0001s ]
SQL: SELECT * FROM `xs_auth_rule` WHERE `pid` = 148 AND `status` = 1  [ RunTime:0.0001s ]
SQL: SELECT * FROM `xs_auth_rule` WHERE `pid` = 162 AND `status` = 1  [ RunTime:0.0001s ]
SQL: SELECT * FROM `xs_auth_rule` WHERE `pid` = 170 AND `status` = 1  [ RunTime:0.0001s ]
SQL: SELECT * FROM `xs_auth_rule` WHERE `pid` = 172 AND `status` = 1  [ RunTime:0.0001s ]
SQL: SELECT * FROM `xs_auth_rule` WHERE `pid` = 180 AND `status` = 1  [ RunTime:0.0001s ]
NOTIC: [8] Undefined variable: value /data/wwwroot/www.qihangbus.com/Runtime/Cache/Admin/2fdb3649e99fa64257090a3b61a7465e.php 第 227 行.
SQL: SELECT * FROM `xs_auth_rule` WHERE `pid` = 173 AND `status` = 1  [ RunTime:0.0001s ]
INFO: Run Behavior\ParseTemplateBehavior [ RunTime:0.019723s ]
INFO: [ view_parse ] --END-- [ RunTime:0.019752s ]
INFO: [ view_filter ] --START--
INFO: Run Behavior\WriteHtmlCacheBehavior [ RunTime:0.000093s ]
INFO: [ view_filter ] --END-- [ RunTime:0.000119s ]
INFO: [ app_end ] --START--
INFO: Run Behavior\ShowPageTraceBehavior [ RunTime:0.000298s ]
INFO: [ app_end ] --END-- [ RunTime:0.000327s ]

[ 2017-12-16T18:05:03+08:00 ] 61.158.149.233 /default.php/Admin/Login/index.html
INFO: [ app_init ] --START--
INFO: Run Behavior\BuildLiteBehavior [ RunTime:0.000013s ]
INFO: [ app_init ] --END-- [ RunTime:0.000254s ]
INFO: [ app_begin ] --START--
INFO: Run Behavior\ReadHtmlCacheBehavior [ RunTime:0.000297s ]
INFO: [ app_begin ] --END-- [ RunTime:0.000331s ]
INFO: [ view_parse ] --START--
INFO: [ template_filter ] --START--
INFO: Run Behavior\ContentReplaceBehavior [ RunTime:0.000047s ]
INFO: [ template_filter ] --END-- [ RunTime:0.000081s ]
INFO: Run Behavior\ParseTemplateBehavior [ RunTime:0.004127s ]
INFO: [ view_parse ] --END-- [ RunTime:0.004157s ]
INFO: [ view_filter ] --START--
INFO: Run Behavior\WriteHtmlCacheBehavior [ RunTime:0.000091s ]
INFO: [ view_filter ] --END-- [ RunTime:0.000114s ]
INFO: [ app_end ] --START--
INFO: Run Behavior\ShowPageTraceBehavior [ RunTime:0.000310s ]
INFO: [ app_end ] --END-- [ RunTime:0.000335s ]

[ 2017-12-16T20:00:01+08:00 ] 118.190.78.211 /default.php/Admin/TimedTask/bookReminder
INFO: [ app_init ] --START--
INFO: Run Behavior\BuildLiteBehavior [ RunTime:0.000011s ]
INFO: [ app_init ] --END-- [ RunTime:0.000226s ]
INFO: [ app_begin ] --START--
INFO: Run Behavior\ReadHtmlCacheBehavior [ RunTime:0.000290s ]
INFO: [ app_begin ] --END-- [ RunTime:0.000324s ]
SQL: SHOW COLUMNS FROM `fh_schools` [ RunTime:0.0007s ]
SQL: SELECT `school_id`,`book_reminder_first`,`book_reminder_second` FROM `fh_schools`  [ RunTime:0.0002s ]
INFO: [ app_end ] --START--
INFO: Run Behavior\ShowPageTraceBehavior [ RunTime:0.000330s ]
INFO: [ app_end ] --END-- [ RunTime:0.000431s ]

[ 2017-12-16T21:02:50+08:00 ] 61.158.149.81 /default.php/Admin/Index/index.html?from=singlemessage&isappinstalled=0
INFO: [ app_init ] --START--
INFO: Run Behavior\BuildLiteBehavior [ RunTime:0.000011s ]
INFO: [ app_init ] --END-- [ RunTime:0.000240s ]
INFO: [ app_begin ] --START--
INFO: Run Behavior\ReadHtmlCacheBehavior [ RunTime:0.000302s ]
INFO: [ app_begin ] --END-- [ RunTime:0.000335s ]

[ 2017-12-16T21:02:50+08:00 ] 61.158.149.81 /default.php/Admin/Login/index.html
INFO: [ app_init ] --START--
INFO: Run Behavior\BuildLiteBehavior [ RunTime:0.000010s ]
INFO: [ app_init ] --END-- [ RunTime:0.000232s ]
INFO: [ app_begin ] --START--
INFO: Run Behavior\ReadHtmlCacheBehavior [ RunTime:0.000306s ]
INFO: [ app_begin ] --END-- [ RunTime:0.000339s ]
INFO: [ view_parse ] --START--
INFO: [ template_filter ] --START--
INFO: Run Behavior\ContentReplaceBehavior [ RunTime:0.000044s ]
INFO: [ template_filter ] --END-- [ RunTime:0.000079s ]
INFO: Run Behavior\ParseTemplateBehavior [ RunTime:0.004112s ]
INFO: [ view_parse ] --END-- [ RunTime:0.004143s ]
INFO: [ view_filter ] --START--
INFO: Run Behavior\WriteHtmlCacheBehavior [ RunTime:0.000089s ]
INFO: [ view_filter ] --END-- [ RunTime:0.000111s ]
INFO: [ app_end ] --START--
INFO: Run Behavior\ShowPageTraceBehavior [ RunTime:0.000310s ]
INFO: [ app_end ] --END-- [ RunTime:0.000338s ]

[ 2017-12-16T21:03:01+08:00 ] 61.158.149.81 /default.php/Admin/Login/index.html
INFO: [ app_init ] --START--
INFO: Run Behavior\BuildLiteBehavior [ RunTime:0.000012s ]
INFO: [ app_init ] --END-- [ RunTime:0.000239s ]
INFO: [ app_begin ] --START--
INFO: Run Behavior\ReadHtmlCacheBehavior [ RunTime:0.000320s ]
INFO: [ app_begin ] --END-- [ RunTime:0.000354s ]
SQL: SHOW COLUMNS FROM `xs_admin` [ RunTime:0.0006s ]
SQL: SELECT * FROM `xs_admin` WHERE `username` = '18538767777' AND `pwd` = 'e10adc3949ba59abbe56e057f20f883e' LIMIT 1   [ RunTime:0.0003s ]
SQL: UPDATE `xs_admin` SET `ip`='61.158.149.81',`login_time`='1513429381' WHERE `id` = 9 [ RunTime:0.0003s ]

[ 2017-12-16T21:03:01+08:00 ] 61.158.149.81 /default.php/Admin/Index/index.html
INFO: [ app_init ] --START--
INFO: Run Behavior\BuildLiteBehavior [ RunTime:0.000013s ]
INFO: [ app_init ] --END-- [ RunTime:0.000243s ]
INFO: [ app_begin ] --START--
INFO: Run Behavior\ReadHtmlCacheBehavior [ RunTime:0.000325s ]
INFO: [ app_begin ] --END-- [ RunTime:0.000359s ]
SQL: select version() as ver [ RunTime:0.0001s ]
INFO: [ view_parse ] --START--
INFO: [ template_filter ] --START--
INFO: Run Behavior\ContentReplaceBehavior [ RunTime:0.000066s ]
INFO: [ template_filter ] --END-- [ RunTime:0.000107s ]
SQL: SHOW COLUMNS FROM `xs_auth_rule` [ RunTime:0.0006s ]
SQL: SELECT `id`,`name`,`title`,`css` FROM `xs_auth_rule` WHERE ( pid=0 AND status=1 )  [ RunTime:0.0001s ]
SQL: SHOW COLUMNS FROM `xs_auth_group_access` [ RunTime:0.0003s ]
SQL: SELECT `uid`,`group_id`,`title`,`rules` FROM xs_auth_group_access a INNER JOIN xs_auth_group g on a.group_id=g.id  WHERE ( a.uid='9' and g.status='1' )  [ RunTime:0.0003s ]
SQL: SHOW COLUMNS FROM `xs_auth_rule` [ RunTime:0.0003s ]
SQL: SELECT `condition`,`name` FROM `xs_auth_rule` WHERE `id` IN ('172','173','176','178') AND `type` = 1  [ RunTime:0.0002s ]
SQL: SELECT * FROM `xs_auth_rule` WHERE `pid` = 172 AND `status` = 1  [ RunTime:0.0001s ]
NOTIC: [8] Undefined index: s /data/wwwroot/www.qihangbus.com/Runtime/Cache/Admin/9df924d9a2d217daa77a359c5bee0c33.php 第 191 行.
NOTIC: [8] Undefined index: s /data/wwwroot/www.qihangbus.com/Runtime/Cache/Admin/9df924d9a2d217daa77a359c5bee0c33.php 第 191 行.
NOTIC: [8] Undefined index: s /data/wwwroot/www.qihangbus.com/Runtime/Cache/Admin/9df924d9a2d217daa77a359c5bee0c33.php 第 191 行.
INFO: Run Behavior\ParseTemplateBehavior [ RunTime:0.011272s ]
INFO: [ view_parse ] --END-- [ RunTime:0.011303s ]
INFO: [ view_filter ] --START--
INFO: Run Behavior\WriteHtmlCacheBehavior [ RunTime:0.000101s ]
INFO: [ view_filter ] --END-- [ RunTime:0.000127s ]
INFO: [ app_end ] --START--
INFO: Run Behavior\ShowPageTraceBehavior [ RunTime:0.000319s ]
INFO: [ app_end ] --END-- [ RunTime:0.000348s ]

[ 2017-12-16T21:03:05+08:00 ] 61.158.149.81 /default.php/Admin/School/index/s/173.html
INFO: [ app_init ] --START--
INFO: Run Behavior\BuildLiteBehavior [ RunTime:0.000011s ]
INFO: [ app_init ] --END-- [ RunTime:0.000235s ]
INFO: [ app_begin ] --START--
INFO: Run Behavior\ReadHtmlCacheBehavior [ RunTime:0.000316s ]
INFO: [ app_begin ] --END-- [ RunTime:0.000349s ]
SQL: SHOW COLUMNS FROM `xs_auth_group_access` [ RunTime:0.0005s ]
SQL: SELECT `uid`,`group_id`,`title`,`rules` FROM xs_auth_group_access a INNER JOIN xs_auth_group g on a.group_id=g.id  WHERE ( a.uid='9' and g.status='1' )  [ RunTime:0.0001s ]
SQL: SHOW COLUMNS FROM `xs_auth_rule` [ RunTime:0.0003s ]
SQL: SELECT `condition`,`name` FROM `xs_auth_rule` WHERE `id` IN ('172','173','176','178') AND `type` = 1  [ RunTime:0.0001s ]
SQL: SHOW COLUMNS FROM `fh_schools` [ RunTime:0.0005s ]
SQL: SELECT COUNT(*) AS tp_count FROM fh_schools s WHERE ( s.school_id not in (4,8,9,12) ) LIMIT 1   [ RunTime:0.0001s ]
SQL: SELECT * FROM fh_schools s WHERE ( s.school_id not in (4,8,9,12) ) ORDER BY school_id desc LIMIT 0,15   [ RunTime:0.0002s ]
SQL: select count(*) as count from (select student_id from fh_students_parent where school_id = 18 group by student_id) as t1 [ RunTime:0.0011s ]
SQL: SHOW COLUMNS FROM `fh_students` [ RunTime:0.0005s ]
SQL: SELECT COUNT(*) AS tp_count FROM `fh_students` WHERE ( school_id = 18 and is_paid <> 0 ) LIMIT 1   [ RunTime:0.0005s ]
SQL: SELECT COUNT(*) AS tp_count FROM `fh_students` WHERE ( school_id = 18 and paid_time > 1513353600 ) LIMIT 1   [ RunTime:0.0005s ]
SQL: select count(*) as count from (select student_id from fh_students_parent where school_id = 17 group by student_id) as t1 [ RunTime:0.0008s ]
SQL: SELECT COUNT(*) AS tp_count FROM `fh_students` WHERE ( school_id = 17 and is_paid <> 0 ) LIMIT 1   [ RunTime:0.0004s ]
SQL: SELECT COUNT(*) AS tp_count FROM `fh_students` WHERE ( school_id = 17 and paid_time > 1513353600 ) LIMIT 1   [ RunTime:0.0004s ]
SQL: select count(*) as count from (select student_id from fh_students_parent where school_id = 16 group by student_id) as t1 [ RunTime:0.0004s ]
SQL: SELECT COUNT(*) AS tp_count FROM `fh_students` WHERE ( school_id = 16 and is_paid <> 0 ) LIMIT 1   [ RunTime:0.0003s ]
SQL: SELECT COUNT(*) AS tp_count FROM `fh_students` WHERE ( school_id = 16 and paid_time > 1513353600 ) LIMIT 1   [ RunTime:0.0003s ]
SQL: select count(*) as count from (select student_id from fh_students_parent where school_id = 15 group by student_id) as t1 [ RunTime:0.0008s ]
SQL: SELECT COUNT(*) AS tp_count FROM `fh_students` WHERE ( school_id = 15 and is_paid <> 0 ) LIMIT 1   [ RunTime:0.0005s ]
SQL: SELECT COUNT(*) AS tp_count FROM `fh_students` WHERE ( school_id = 15 and paid_time > 1513353600 ) LIMIT 1   [ RunTime:0.0006s ]
SQL: select count(*) as count from (select student_id from fh_students_parent where school_id = 14 group by student_id) as t1 [ RunTime:0.0008s ]
SQL: SELECT COUNT(*) AS tp_count FROM `fh_students` WHERE ( school_id = 14 and is_paid <> 0 ) LIMIT 1   [ RunTime:0.0006s ]
SQL: SELECT COUNT(*) AS tp_count FROM `fh_students` WHERE ( school_id = 14 and paid_time > 1513353600 ) LIMIT 1   [ RunTime:0.0006s ]
SQL: select count(*) as count from (select student_id from fh_students_parent where school_id = 11 group by student_id) as t1 [ RunTime:0.0002s ]
SQL: SELECT COUNT(*) AS tp_count FROM `fh_students` WHERE ( school_id = 11 and is_paid <> 0 ) LIMIT 1   [ RunTime:0.0002s ]
SQL: SELECT COUNT(*) AS tp_count FROM `fh_students` WHERE ( school_id = 11 and paid_time > 1513353600 ) LIMIT 1   [ RunTime:0.0002s ]
SQL: select count(*) as count from (select student_id from fh_students_parent where school_id = 10 group by student_id) as t1 [ RunTime:0.0005s ]
SQL: SELECT COUNT(*) AS tp_count FROM `fh_students` WHERE ( school_id = 10 and is_paid <> 0 ) LIMIT 1   [ RunTime:0.0003s ]
SQL: SELECT COUNT(*) AS tp_count FROM `fh_students` WHERE ( school_id = 10 and paid_time > 1513353600 ) LIMIT 1   [ RunTime:0.0003s ]
SQL: select count(*) as count from (select student_id from fh_students_parent where school_id = 2 group by student_id) as t1 [ RunTime:0.0004s ]
SQL: SELECT COUNT(*) AS tp_count FROM `fh_students` WHERE ( school_id = 2 and is_paid <> 0 ) LIMIT 1   [ RunTime:0.0002s ]
SQL: SELECT COUNT(*) AS tp_count FROM `fh_students` WHERE ( school_id = 2 and paid_time > 1513353600 ) LIMIT 1   [ RunTime:0.0002s ]
SQL: select count(*) as count from (select student_id from fh_students_parent where school_id = 1 group by student_id) as t1 [ RunTime:0.0005s ]
SQL: SELECT COUNT(*) AS tp_count FROM `fh_students` WHERE ( school_id = 1 and is_paid <> 0 ) LIMIT 1   [ RunTime:0.0003s ]
SQL: SELECT COUNT(*) AS tp_count FROM `fh_students` WHERE ( school_id = 1 and paid_time > 1513353600 ) LIMIT 1   [ RunTime:0.0003s ]
INFO: [ view_parse ] --START--
INFO: [ template_filter ] --START--
INFO: Run Behavior\ContentReplaceBehavior [ RunTime:0.000123s ]
INFO: [ template_filter ] --END-- [ RunTime:0.000179s ]
SQL: SHOW COLUMNS FROM `xs_auth_rule` [ RunTime:0.0008s ]
SQL: SELECT `id`,`name`,`title`,`css` FROM `xs_auth_rule` WHERE ( pid=0 AND status=1 )  [ RunTime:0.0001s ]
SQL: SELECT * FROM `xs_auth_rule` WHERE `pid` = 172 AND `status` = 1  [ RunTime:0.0001s ]
NOTIC: [8] Undefined variable: value /data/wwwroot/www.qihangbus.com/Runtime/Cache/Admin/2fdb3649e99fa64257090a3b61a7465e.php 第 227 行.
SQL: SELECT * FROM `xs_auth_rule` WHERE `pid` = 173 AND `status` = 1  [ RunTime:0.0001s ]
INFO: Run Behavior\ParseTemplateBehavior [ RunTime:0.018119s ]
INFO: [ view_parse ] --END-- [ RunTime:0.018151s ]
INFO: [ view_filter ] --START--
INFO: Run Behavior\WriteHtmlCacheBehavior [ RunTime:0.000128s ]
INFO: [ view_filter ] --END-- [ RunTime:0.000155s ]
INFO: [ app_end ] --START--
INFO: Run Behavior\ShowPageTraceBehavior [ RunTime:0.000399s ]
INFO: [ app_end ] --END-- [ RunTime:0.000433s ]

[ 2017-12-16T22:46:06+08:00 ] 61.151.207.252 /default.php/Admin
INFO: [ app_init ] --START--
INFO: Run Behavior\BuildLiteBehavior [ RunTime:0.000012s ]
INFO: [ app_init ] --END-- [ RunTime:0.000233s ]
INFO: [ app_begin ] --START--
INFO: Run Behavior\ReadHtmlCacheBehavior [ RunTime:0.000286s ]
INFO: [ app_begin ] --END-- [ RunTime:0.000334s ]
SQL: select version() as ver [ RunTime:0.0001s ]
INFO: [ view_parse ] --START--
INFO: [ template_filter ] --START--
INFO: Run Behavior\ContentReplaceBehavior [ RunTime:0.000067s ]
INFO: [ template_filter ] --END-- [ RunTime:0.000112s ]
SQL: SHOW COLUMNS FROM `xs_auth_rule` [ RunTime:0.0006s ]
SQL: SELECT `id`,`name`,`title`,`css` FROM `xs_auth_rule` WHERE ( pid=0 AND status=1 )  [ RunTime:0.0001s ]
SQL: SHOW COLUMNS FROM `xs_auth_group_access` [ RunTime:0.0003s ]
SQL: SELECT `uid`,`group_id`,`title`,`rules` FROM xs_auth_group_access a INNER JOIN xs_auth_group g on a.group_id=g.id  WHERE ( a.uid='8' and g.status='1' )  [ RunTime:0.0001s ]
SQL: SHOW COLUMNS FROM `xs_auth_rule` [ RunTime:0.0003s ]
SQL: SELECT `condition`,`name` FROM `xs_auth_rule` WHERE `id` IN ('170','171','172','173','176','178','180','181','184','187','189','190') AND `type` = 1  [ RunTime:0.0001s ]
SQL: SELECT * FROM `xs_auth_rule` WHERE `pid` = 170 AND `status` = 1  [ RunTime:0.0001s ]
SQL: SELECT * FROM `xs_auth_rule` WHERE `pid` = 172 AND `status` = 1  [ RunTime:0.0001s ]
SQL: SELECT * FROM `xs_auth_rule` WHERE `pid` = 180 AND `status` = 1  [ RunTime:0.0001s ]
INFO: Run Behavior\ParseTemplateBehavior [ RunTime:0.011743s ]
INFO: [ view_parse ] --END-- [ RunTime:0.011776s ]
INFO: [ view_filter ] --START--
INFO: Run Behavior\WriteHtmlCacheBehavior [ RunTime:0.000109s ]
INFO: [ view_filter ] --END-- [ RunTime:0.000135s ]
INFO: [ app_end ] --START--
INFO: Run Behavior\ShowPageTraceBehavior [ RunTime:0.000346s ]
INFO: [ app_end ] --END-- [ RunTime:0.000377s ]

[ 2017-12-16T22:46:11+08:00 ] 61.151.207.252 /default.php/Admin/School/index/s/173.html
INFO: [ app_init ] --START--
INFO: Run Behavior\BuildLiteBehavior [ RunTime:0.000011s ]
INFO: [ app_init ] --END-- [ RunTime:0.000268s ]
INFO: [ app_begin ] --START--
INFO: Run Behavior\ReadHtmlCacheBehavior [ RunTime:0.000300s ]
INFO: [ app_begin ] --END-- [ RunTime:0.000332s ]
SQL: SHOW COLUMNS FROM `xs_auth_group_access` [ RunTime:0.0005s ]
SQL: SELECT `uid`,`group_id`,`title`,`rules` FROM xs_auth_group_access a INNER JOIN xs_auth_group g on a.group_id=g.id  WHERE ( a.uid='8' and g.status='1' )  [ RunTime:0.0001s ]
SQL: SHOW COLUMNS FROM `xs_auth_rule` [ RunTime:0.0004s ]
SQL: SELECT `condition`,`name` FROM `xs_auth_rule` WHERE `id` IN ('170','171','172','173','176','178','180','181','184','187','189','190') AND `type` = 1  [ RunTime:0.0001s ]
SQL: SHOW COLUMNS FROM `fh_schools` [ RunTime:0.0006s ]
SQL: SELECT COUNT(*) AS tp_count FROM fh_schools s WHERE ( s.school_id not in (4,8,9,12) ) LIMIT 1   [ RunTime:0.0001s ]
SQL: SELECT * FROM fh_schools s WHERE ( s.school_id not in (4,8,9,12) ) ORDER BY school_id desc LIMIT 0,15   [ RunTime:0.0002s ]
SQL: select count(*) as count from (select student_id from fh_students_parent where school_id = 18 group by student_id) as t1 [ RunTime:0.0012s ]
SQL: SHOW COLUMNS FROM `fh_students` [ RunTime:0.0005s ]
SQL: SELECT COUNT(*) AS tp_count FROM `fh_students` WHERE ( school_id = 18 and is_paid <> 0 ) LIMIT 1   [ RunTime:0.0005s ]
SQL: SELECT COUNT(*) AS tp_count FROM `fh_students` WHERE ( school_id = 18 and paid_time > 1513353600 ) LIMIT 1   [ RunTime:0.0005s ]
SQL: select count(*) as count from (select student_id from fh_students_parent where school_id = 17 group by student_id) as t1 [ RunTime:0.0010s ]
SQL: SELECT COUNT(*) AS tp_count FROM `fh_students` WHERE ( school_id = 17 and is_paid <> 0 ) LIMIT 1   [ RunTime:0.0004s ]
SQL: SELECT COUNT(*) AS tp_count FROM `fh_students` WHERE ( school_id = 17 and paid_time > 1513353600 ) LIMIT 1   [ RunTime:0.0004s ]
SQL: select count(*) as count from (select student_id from fh_students_parent where school_id = 16 group by student_id) as t1 [ RunTime:0.0004s ]
SQL: SELECT COUNT(*) AS tp_count FROM `fh_students` WHERE ( school_id = 16 and is_paid <> 0 ) LIMIT 1   [ RunTime:0.0003s ]
SQL: SELECT COUNT(*) AS tp_count FROM `fh_students` WHERE ( school_id = 16 and paid_time > 1513353600 ) LIMIT 1   [ RunTime:0.0003s ]
SQL: select count(*) as count from (select student_id from fh_students_parent where school_id = 15 group by student_id) as t1 [ RunTime:0.0008s ]
SQL: SELECT COUNT(*) AS tp_count FROM `fh_students` WHERE ( school_id = 15 and is_paid <> 0 ) LIMIT 1   [ RunTime:0.0006s ]
SQL: SELECT COUNT(*) AS tp_count FROM `fh_students` WHERE ( school_id = 15 and paid_time > 1513353600 ) LIMIT 1   [ RunTime:0.0005s ]
SQL: select count(*) as count from (select student_id from fh_students_parent where school_id = 14 group by student_id) as t1 [ RunTime:0.0007s ]
SQL: SELECT COUNT(*) AS tp_count FROM `fh_students` WHERE ( school_id = 14 and is_paid <> 0 ) LIMIT 1   [ RunTime:0.0006s ]
SQL: SELECT COUNT(*) AS tp_count FROM `fh_students` WHERE ( school_id = 14 and paid_time > 1513353600 ) LIMIT 1   [ RunTime:0.0005s ]
SQL: select count(*) as count from (select student_id from fh_students_parent where school_id = 11 group by student_id) as t1 [ RunTime:0.0002s ]
SQL: SELECT COUNT(*) AS tp_count FROM `fh_students` WHERE ( school_id = 11 and is_paid <> 0 ) LIMIT 1   [ RunTime:0.0002s ]
SQL: SELECT COUNT(*) AS tp_count FROM `fh_students` WHERE ( school_id = 11 and paid_time > 1513353600 ) LIMIT 1   [ RunTime:0.0002s ]
SQL: select count(*) as count from (select student_id from fh_students_parent where school_id = 10 group by student_id) as t1 [ RunTime:0.0005s ]
SQL: SELECT COUNT(*) AS tp_count FROM `fh_students` WHERE ( school_id = 10 and is_paid <> 0 ) LIMIT 1   [ RunTime:0.0003s ]
SQL: SELECT COUNT(*) AS tp_count FROM `fh_students` WHERE ( school_id = 10 and paid_time > 1513353600 ) LIMIT 1   [ RunTime:0.0003s ]
SQL: select count(*) as count from (select student_id from fh_students_parent where school_id = 2 group by student_id) as t1 [ RunTime:0.0004s ]
SQL: SELECT COUNT(*) AS tp_count FROM `fh_students` WHERE ( school_id = 2 and is_paid <> 0 ) LIMIT 1   [ RunTime:0.0003s ]
SQL: SELECT COUNT(*) AS tp_count FROM `fh_students` WHERE ( school_id = 2 and paid_time > 1513353600 ) LIMIT 1   [ RunTime:0.0002s ]
SQL: select count(*) as count from (select student_id from fh_students_parent where school_id = 1 group by student_id) as t1 [ RunTime:0.0004s ]
SQL: SELECT COUNT(*) AS tp_count FROM `fh_students` WHERE ( school_id = 1 and is_paid <> 0 ) LIMIT 1   [ RunTime:0.0003s ]
SQL: SELECT COUNT(*) AS tp_count FROM `fh_students` WHERE ( school_id = 1 and paid_time > 1513353600 ) LIMIT 1   [ RunTime:0.0003s ]
INFO: [ view_parse ] --START--
INFO: [ template_filter ] --START--
INFO: Run Behavior\ContentReplaceBehavior [ RunTime:0.000119s ]
INFO: [ template_filter ] --END-- [ RunTime:0.000154s ]
SQL: SHOW COLUMNS FROM `xs_auth_rule` [ RunTime:0.0004s ]
SQL: SELECT `id`,`name`,`title`,`css` FROM `xs_auth_rule` WHERE ( pid=0 AND status=1 )  [ RunTime:0.0001s ]
SQL: SELECT * FROM `xs_auth_rule` WHERE `pid` = 170 AND `status` = 1  [ RunTime:0.0001s ]
SQL: SELECT * FROM `xs_auth_rule` WHERE `pid` = 172 AND `status` = 1  [ RunTime:0.0001s ]
SQL: SELECT * FROM `xs_auth_rule` WHERE `pid` = 180 AND `status` = 1  [ RunTime:0.0001s ]
NOTIC: [8] Undefined variable: value /data/wwwroot/www.qihangbus.com/Runtime/Cache/Admin/2fdb3649e99fa64257090a3b61a7465e.php 第 227 行.
SQL: SELECT * FROM `xs_auth_rule` WHERE `pid` = 173 AND `status` = 1  [ RunTime:0.0001s ]
INFO: Run Behavior\ParseTemplateBehavior [ RunTime:0.017479s ]
INFO: [ view_parse ] --END-- [ RunTime:0.017507s ]
INFO: [ view_filter ] --START--
INFO: Run Behavior\WriteHtmlCacheBehavior [ RunTime:0.000099s ]
INFO: [ view_filter ] --END-- [ RunTime:0.000124s ]
INFO: [ app_end ] --START--
INFO: Run Behavior\ShowPageTraceBehavior [ RunTime:0.000332s ]
INFO: [ app_end ] --END-- [ RunTime:0.000360s ]

[ 2017-12-16T22:46:14+08:00 ] 183.192.201.97 /default.php/Admin
INFO: [ app_init ] --START--
INFO: Run Behavior\BuildLiteBehavior [ RunTime:0.000010s ]
INFO: [ app_init ] --END-- [ RunTime:0.000239s ]
INFO: [ app_begin ] --START--
INFO: Run Behavior\ReadHtmlCacheBehavior [ RunTime:0.000303s ]
INFO: [ app_begin ] --END-- [ RunTime:0.000335s ]

[ 2017-12-16T22:46:15+08:00 ] 183.192.201.97 /default.php/Admin/Login/index.html
INFO: [ app_init ] --START--
INFO: Run Behavior\BuildLiteBehavior [ RunTime:0.000009s ]
INFO: [ app_init ] --END-- [ RunTime:0.000225s ]
INFO: [ app_begin ] --START--
INFO: Run Behavior\ReadHtmlCacheBehavior [ RunTime:0.000325s ]
INFO: [ app_begin ] --END-- [ RunTime:0.000358s ]
INFO: [ view_parse ] --START--
INFO: [ template_filter ] --START--
INFO: Run Behavior\ContentReplaceBehavior [ RunTime:0.000046s ]
INFO: [ template_filter ] --END-- [ RunTime:0.000079s ]
INFO: Run Behavior\ParseTemplateBehavior [ RunTime:0.004060s ]
INFO: [ view_parse ] --END-- [ RunTime:0.004091s ]
INFO: [ view_filter ] --START--
INFO: Run Behavior\WriteHtmlCacheBehavior [ RunTime:0.000096s ]
INFO: [ view_filter ] --END-- [ RunTime:0.000120s ]
INFO: [ app_end ] --START--
INFO: Run Behavior\ShowPageTraceBehavior [ RunTime:0.000308s ]
INFO: [ app_end ] --END-- [ RunTime:0.000335s ]

