[ 2017-12-06T21:25:26+08:00 ] 61.158.149.71 /default.php/Admin/Login/index.html
INFO: [ app_init ] --START--
INFO: Run Behavior\BuildLiteBehavior [ RunTime:0.000010s ]
INFO: [ app_init ] --END-- [ RunTime:0.000245s ]
INFO: [ app_begin ] --START--
INFO: Run Behavior\ReadHtmlCacheBehavior [ RunTime:0.000293s ]
INFO: [ app_begin ] --END-- [ RunTime:0.000326s ]
INFO: [ view_parse ] --START--
INFO: [ template_filter ] --START--
INFO: Run Behavior\ContentReplaceBehavior [ RunTime:0.000045s ]
INFO: [ template_filter ] --END-- [ RunTime:0.000079s ]
INFO: Run Behavior\ParseTemplateBehavior [ RunTime:0.004069s ]
INFO: [ view_parse ] --END-- [ RunTime:0.004109s ]
INFO: [ view_filter ] --START--
INFO: Run Behavior\WriteHtmlCacheBehavior [ RunTime:0.000109s ]
INFO: [ view_filter ] --END-- [ RunTime:0.000133s ]
INFO: [ app_end ] --START--
INFO: Run Behavior\ShowPageTraceBehavior [ RunTime:0.000301s ]
INFO: [ app_end ] --END-- [ RunTime:0.000328s ]

[ 2017-12-06T21:25:40+08:00 ] 61.158.149.71 /default.php/Admin/Login/index.html
INFO: [ app_init ] --START--
INFO: Run Behavior\BuildLiteBehavior [ RunTime:0.000011s ]
INFO: [ app_init ] --END-- [ RunTime:0.000250s ]
INFO: [ app_begin ] --START--
INFO: Run Behavior\ReadHtmlCacheBehavior [ RunTime:0.000297s ]
INFO: [ app_begin ] --END-- [ RunTime:0.000355s ]
SQL: SHOW COLUMNS FROM `xs_admin` [ RunTime:0.0006s ]
SQL: SELECT * FROM `xs_admin` WHERE `username` = 'cq' AND `pwd` = 'e10adc3949ba59abbe56e057f20f883e' LIMIT 1   [ RunTime:0.0003s ]
SQL: UPDATE `xs_admin` SET `ip`='61.158.149.71',`login_time`='1512566740' WHERE `id` = 5 [ RunTime:0.0003s ]

[ 2017-12-06T21:25:40+08:00 ] 61.158.149.71 /default.php/Admin/Index/index.html
INFO: [ app_init ] --START--
INFO: Run Behavior\BuildLiteBehavior [ RunTime:0.000010s ]
INFO: [ app_init ] --END-- [ RunTime:0.000252s ]
INFO: [ app_begin ] --START--
INFO: Run Behavior\ReadHtmlCacheBehavior [ RunTime:0.000297s ]
INFO: [ app_begin ] --END-- [ RunTime:0.000344s ]
SQL: select version() as ver [ RunTime:0.0001s ]
INFO: [ view_parse ] --START--
INFO: [ template_filter ] --START--
INFO: Run Behavior\ContentReplaceBehavior [ RunTime:0.000059s ]
INFO: [ template_filter ] --END-- [ RunTime:0.000092s ]
SQL: SHOW COLUMNS FROM `xs_auth_rule` [ RunTime:0.0005s ]
SQL: SELECT `id`,`name`,`title`,`css` FROM `xs_auth_rule` WHERE ( pid=0 AND status=1 )  [ RunTime:0.0001s ]
SQL: SHOW COLUMNS FROM `xs_auth_group_access` [ RunTime:0.0003s ]
SQL: SELECT `uid`,`group_id`,`title`,`rules` FROM xs_auth_group_access a INNER JOIN xs_auth_group g on a.group_id=g.id  WHERE ( a.uid='5' and g.status='1' )  [ RunTime:0.0001s ]
SQL: SHOW COLUMNS FROM `xs_auth_rule` [ RunTime:0.0003s ]
SQL: SELECT `condition`,`name` FROM `xs_auth_rule` WHERE `id` IN ('170','171','175','191','172','173','174','176','177','178','179','180','181','182','183','184','185','186','187','188','189','190') AND `type` = 1  [ RunTime:0.0001s ]
SQL: SELECT * FROM `xs_auth_rule` WHERE `pid` = 170 AND `status` = 1  [ RunTime:0.0001s ]
NOTIC: [8] Undefined index: s /data/wwwroot/www.qihangbus.com/Runtime/Cache/Admin/9df924d9a2d217daa77a359c5bee0c33.php 第 191 行.
NOTIC: [8] Undefined index: s /data/wwwroot/www.qihangbus.com/Runtime/Cache/Admin/9df924d9a2d217daa77a359c5bee0c33.php 第 191 行.
SQL: SELECT * FROM `xs_auth_rule` WHERE `pid` = 172 AND `status` = 1  [ RunTime:0.0002s ]
NOTIC: [8] Undefined index: s /data/wwwroot/www.qihangbus.com/Runtime/Cache/Admin/9df924d9a2d217daa77a359c5bee0c33.php 第 191 行.
NOTIC: [8] Undefined index: s /data/wwwroot/www.qihangbus.com/Runtime/Cache/Admin/9df924d9a2d217daa77a359c5bee0c33.php 第 191 行.
NOTIC: [8] Undefined index: s /data/wwwroot/www.qihangbus.com/Runtime/Cache/Admin/9df924d9a2d217daa77a359c5bee0c33.php 第 191 行.
SQL: SELECT * FROM `xs_auth_rule` WHERE `pid` = 180 AND `status` = 1  [ RunTime:0.0001s ]
NOTIC: [8] Undefined index: s /data/wwwroot/www.qihangbus.com/Runtime/Cache/Admin/9df924d9a2d217daa77a359c5bee0c33.php 第 191 行.
NOTIC: [8] Undefined index: s /data/wwwroot/www.qihangbus.com/Runtime/Cache/Admin/9df924d9a2d217daa77a359c5bee0c33.php 第 191 行.
NOTIC: [8] Undefined index: s /data/wwwroot/www.qihangbus.com/Runtime/Cache/Admin/9df924d9a2d217daa77a359c5bee0c33.php 第 191 行.
NOTIC: [8] Undefined index: s /data/wwwroot/www.qihangbus.com/Runtime/Cache/Admin/9df924d9a2d217daa77a359c5bee0c33.php 第 191 行.
INFO: Run Behavior\ParseTemplateBehavior [ RunTime:0.011879s ]
INFO: [ view_parse ] --END-- [ RunTime:0.011907s ]
INFO: [ view_filter ] --START--
INFO: Run Behavior\WriteHtmlCacheBehavior [ RunTime:0.000099s ]
INFO: [ view_filter ] --END-- [ RunTime:0.000124s ]
INFO: [ app_end ] --START--
INFO: Run Behavior\ShowPageTraceBehavior [ RunTime:0.000322s ]
INFO: [ app_end ] --END-- [ RunTime:0.000352s ]

[ 2017-12-06T21:25:43+08:00 ] 61.158.149.71 /default.php/Admin/School/index/s/173.html
INFO: [ app_init ] --START--
INFO: Run Behavior\BuildLiteBehavior [ RunTime:0.000011s ]
INFO: [ app_init ] --END-- [ RunTime:0.000226s ]
INFO: [ app_begin ] --START--
INFO: Run Behavior\ReadHtmlCacheBehavior [ RunTime:0.000312s ]
INFO: [ app_begin ] --END-- [ RunTime:0.000344s ]
SQL: SHOW COLUMNS FROM `xs_auth_group_access` [ RunTime:0.0005s ]
SQL: SELECT `uid`,`group_id`,`title`,`rules` FROM xs_auth_group_access a INNER JOIN xs_auth_group g on a.group_id=g.id  WHERE ( a.uid='5' and g.status='1' )  [ RunTime:0.0001s ]
SQL: SHOW COLUMNS FROM `xs_auth_rule` [ RunTime:0.0003s ]
SQL: SELECT `condition`,`name` FROM `xs_auth_rule` WHERE `id` IN ('170','171','175','191','172','173','174','176','177','178','179','180','181','182','183','184','185','186','187','188','189','190') AND `type` = 1  [ RunTime:0.0001s ]
SQL: SHOW COLUMNS FROM `fh_schools` [ RunTime:0.0006s ]
NOTIC: [8] Undefined variable: where /data/wwwroot/www.qihangbus.com/App/Admin/Controller/SchoolController.class.php 第 15 行.
SQL: SELECT COUNT(*) AS tp_count FROM fh_schools s LIMIT 1   [ RunTime:0.0001s ]
NOTIC: [8] Undefined variable: where /data/wwwroot/www.qihangbus.com/App/Admin/Controller/SchoolController.class.php 第 19 行.
SQL: SELECT * FROM fh_schools s ORDER BY school_id desc LIMIT 0,15   [ RunTime:0.0002s ]
SQL: select count(*) as count from (select student_id from fh_students_parent where school_id = 18 group by student_id) as t1 [ RunTime:0.0001s ]
SQL: SHOW COLUMNS FROM `fh_students` [ RunTime:0.0005s ]
SQL: SELECT COUNT(*) AS tp_count FROM `fh_students` WHERE ( school_id = 18 and is_paid <> 0 ) LIMIT 1   [ RunTime:0.0007s ]
SQL: SELECT COUNT(*) AS tp_count FROM `fh_students` WHERE ( school_id = 18 and paid_time > 1512489600 ) LIMIT 1   [ RunTime:0.0006s ]
SQL: select count(*) as count from (select student_id from fh_students_parent where school_id = 17 group by student_id) as t1 [ RunTime:0.0001s ]
SQL: SELECT COUNT(*) AS tp_count FROM `fh_students` WHERE ( school_id = 17 and is_paid <> 0 ) LIMIT 1   [ RunTime:0.0006s ]
SQL: SELECT COUNT(*) AS tp_count FROM `fh_students` WHERE ( school_id = 17 and paid_time > 1512489600 ) LIMIT 1   [ RunTime:0.0007s ]
SQL: select count(*) as count from (select student_id from fh_students_parent where school_id = 16 group by student_id) as t1 [ RunTime:0.0001s ]
SQL: SELECT COUNT(*) AS tp_count FROM `fh_students` WHERE ( school_id = 16 and is_paid <> 0 ) LIMIT 1   [ RunTime:0.0003s ]
SQL: SELECT COUNT(*) AS tp_count FROM `fh_students` WHERE ( school_id = 16 and paid_time > 1512489600 ) LIMIT 1   [ RunTime:0.0003s ]
SQL: select count(*) as count from (select student_id from fh_students_parent where school_id = 15 group by student_id) as t1 [ RunTime:0.0001s ]
SQL: SELECT COUNT(*) AS tp_count FROM `fh_students` WHERE ( school_id = 15 and is_paid <> 0 ) LIMIT 1   [ RunTime:0.0007s ]
SQL: SELECT COUNT(*) AS tp_count FROM `fh_students` WHERE ( school_id = 15 and paid_time > 1512489600 ) LIMIT 1   [ RunTime:0.0007s ]
SQL: select count(*) as count from (select student_id from fh_students_parent where school_id = 14 group by student_id) as t1 [ RunTime:0.0001s ]
SQL: SELECT COUNT(*) AS tp_count FROM `fh_students` WHERE ( school_id = 14 and is_paid <> 0 ) LIMIT 1   [ RunTime:0.0007s ]
SQL: SELECT COUNT(*) AS tp_count FROM `fh_students` WHERE ( school_id = 14 and paid_time > 1512489600 ) LIMIT 1   [ RunTime:0.0007s ]
SQL: select count(*) as count from (select student_id from fh_students_parent where school_id = 12 group by student_id) as t1 [ RunTime:0.0001s ]
SQL: SELECT COUNT(*) AS tp_count FROM `fh_students` WHERE ( school_id = 12 and is_paid <> 0 ) LIMIT 1   [ RunTime:0.0003s ]
SQL: SELECT COUNT(*) AS tp_count FROM `fh_students` WHERE ( school_id = 12 and paid_time > 1512489600 ) LIMIT 1   [ RunTime:0.0003s ]
SQL: select count(*) as count from (select student_id from fh_students_parent where school_id = 11 group by student_id) as t1 [ RunTime:0.0001s ]
SQL: SELECT COUNT(*) AS tp_count FROM `fh_students` WHERE ( school_id = 11 and is_paid <> 0 ) LIMIT 1   [ RunTime:0.0002s ]
SQL: SELECT COUNT(*) AS tp_count FROM `fh_students` WHERE ( school_id = 11 and paid_time > 1512489600 ) LIMIT 1   [ RunTime:0.0002s ]
SQL: select count(*) as count from (select student_id from fh_students_parent where school_id = 10 group by student_id) as t1 [ RunTime:0.0001s ]
SQL: SELECT COUNT(*) AS tp_count FROM `fh_students` WHERE ( school_id = 10 and is_paid <> 0 ) LIMIT 1   [ RunTime:0.0003s ]
SQL: SELECT COUNT(*) AS tp_count FROM `fh_students` WHERE ( school_id = 10 and paid_time > 1512489600 ) LIMIT 1   [ RunTime:0.0003s ]
SQL: select count(*) as count from (select student_id from fh_students_parent where school_id = 9 group by student_id) as t1 [ RunTime:0.0001s ]
SQL: SELECT COUNT(*) AS tp_count FROM `fh_students` WHERE ( school_id = 9 and is_paid <> 0 ) LIMIT 1   [ RunTime:0.0003s ]
SQL: SELECT COUNT(*) AS tp_count FROM `fh_students` WHERE ( school_id = 9 and paid_time > 1512489600 ) LIMIT 1   [ RunTime:0.0003s ]
SQL: select count(*) as count from (select student_id from fh_students_parent where school_id = 8 group by student_id) as t1 [ RunTime:0.0001s ]
SQL: SELECT COUNT(*) AS tp_count FROM `fh_students` WHERE ( school_id = 8 and is_paid <> 0 ) LIMIT 1   [ RunTime:0.0001s ]
SQL: SELECT COUNT(*) AS tp_count FROM `fh_students` WHERE ( school_id = 8 and paid_time > 1512489600 ) LIMIT 1   [ RunTime:0.0001s ]
SQL: select count(*) as count from (select student_id from fh_students_parent where school_id = 4 group by student_id) as t1 [ RunTime:0.0001s ]
SQL: SELECT COUNT(*) AS tp_count FROM `fh_students` WHERE ( school_id = 4 and paid_time > 1512489600 ) LIMIT 1   [ RunTime:0.0006s ]
SQL: select count(*) as count from (select student_id from fh_students_parent where school_id = 2 group by student_id) as t1 [ RunTime:0.0001s ]
SQL: SELECT COUNT(*) AS tp_count FROM `fh_students` WHERE ( school_id = 2 and is_paid <> 0 ) LIMIT 1   [ RunTime:0.0003s ]
SQL: SELECT COUNT(*) AS tp_count FROM `fh_students` WHERE ( school_id = 2 and paid_time > 1512489600 ) LIMIT 1   [ RunTime:0.0002s ]
SQL: select count(*) as count from (select student_id from fh_students_parent where school_id = 1 group by student_id) as t1 [ RunTime:0.0001s ]
SQL: SELECT COUNT(*) AS tp_count FROM `fh_students` WHERE ( school_id = 1 and is_paid <> 0 ) LIMIT 1   [ RunTime:0.0003s ]
SQL: SELECT COUNT(*) AS tp_count FROM `fh_students` WHERE ( school_id = 1 and paid_time > 1512489600 ) LIMIT 1   [ RunTime:0.0003s ]
INFO: [ view_parse ] --START--
INFO: [ template_filter ] --START--
INFO: Run Behavior\ContentReplaceBehavior [ RunTime:0.000112s ]
INFO: [ template_filter ] --END-- [ RunTime:0.000150s ]
SQL: SHOW COLUMNS FROM `xs_auth_rule` [ RunTime:0.0005s ]
SQL: SELECT `id`,`name`,`title`,`css` FROM `xs_auth_rule` WHERE ( pid=0 AND status=1 )  [ RunTime:0.0001s ]
SQL: SELECT * FROM `xs_auth_rule` WHERE `pid` = 170 AND `status` = 1  [ RunTime:0.0001s ]
SQL: SELECT * FROM `xs_auth_rule` WHERE `pid` = 172 AND `status` = 1  [ RunTime:0.0001s ]
SQL: SELECT * FROM `xs_auth_rule` WHERE `pid` = 180 AND `status` = 1  [ RunTime:0.0001s ]
NOTIC: [8] Undefined variable: value /data/wwwroot/www.qihangbus.com/Runtime/Cache/Admin/2fdb3649e99fa64257090a3b61a7465e.php 第 227 行.
SQL: SELECT * FROM `xs_auth_rule` WHERE `pid` = 173 AND `status` = 1  [ RunTime:0.0001s ]
INFO: Run Behavior\ParseTemplateBehavior [ RunTime:0.018496s ]
INFO: [ view_parse ] --END-- [ RunTime:0.018525s ]
INFO: [ view_filter ] --START--
INFO: Run Behavior\WriteHtmlCacheBehavior [ RunTime:0.000116s ]
INFO: [ view_filter ] --END-- [ RunTime:0.000142s ]
INFO: [ app_end ] --START--
INFO: Run Behavior\ShowPageTraceBehavior [ RunTime:0.000317s ]
INFO: [ app_end ] --END-- [ RunTime:0.000346s ]

